# JRE version: OpenJDK Runtime Environment (8.0_222-b10) (build 1.8.0_222-b10)
# Java VM: OpenJDK 64-Bit Server VM (25.222-b10 mixed mode linux-amd64 compressed oops)
Heap:
 PSYoungGen      total 1780736K, used 861754K [0x0000000719b00000, 0x0000000788580000, 0x00000007c0000000)
  eden space 1754624K, 48% used [0x0000000719b00000,0x000000074e023f10,0x0000000784c80000)
  from space 26112K, 17% used [0x0000000786c00000,0x000000078706a928,0x0000000788580000)
  to   space 29184K, 0% used [0x0000000784c80000,0x0000000784c80000,0x0000000786900000)
 ParOldGen       total 3441664K, used 2321301K [0x00000005cd000000, 0x000000069f100000, 0x0000000719b00000)
  object space 3441664K, 67% used [0x00000005cd000000,0x000000065aae54e0,0x000000069f100000)
 Metaspace       used 27495K, capacity 28769K, committed 28928K, reserved 1075200K
  class space    used 2738K, capacity 3038K, committed 3072K, reserved 1048576K
GC Heap History (198 events):
Event: 1.192 GC heap before
{Heap before GC invocations=1 (full 0):
 PSYoungGen      total 149504K, used 128512K [0x0000000719b00000, 0x0000000724180000, 0x00000007c0000000)
  eden space 128512K, 100% used [0x0000000719b00000,0x0000000721880000,0x0000000721880000)
  from space 20992K, 0% used [0x0000000722d00000,0x0000000722d00000,0x0000000724180000)
  to   space 20992K, 0% used [0x0000000721880000,0x0000000721880000,0x0000000722d00000)
 ParOldGen       total 341504K, used 0K [0x00000005cd000000, 0x00000005e1d80000, 0x0000000719b00000)
  object space 341504K, 0% used [0x00000005cd000000,0x00000005cd000000,0x00000005e1d80000)
 Metaspace       used 14964K, capacity 15238K, committed 15488K, reserved 1062912K
  class space    used 1498K, capacity 1583K, committed 1664K, reserved 1048576K
Event: 1.208 GC heap after
Heap after GC invocations=1 (full 0):
 PSYoungGen      total 149504K, used 9588K [0x0000000719b00000, 0x000000072bf00000, 0x00000007c0000000)
  eden space 128512K, 0% used [0x0000000719b00000,0x0000000719b00000,0x0000000721880000)
  from space 20992K, 45% used [0x0000000721880000,0x00000007221dd238,0x0000000722d00000)
  to   space 20992K, 0% used [0x000000072aa80000,0x000000072aa80000,0x000000072bf00000)
 ParOldGen       total 341504K, used 16K [0x00000005cd000000, 0x00000005e1d80000, 0x0000000719b00000)
  object space 341504K, 0% used [0x00000005cd000000,0x00000005cd004000,0x00000005e1d80000)
 Metaspace       used 14964K, capacity 15238K, committed 15488K, reserved 1062912K
  class space    used 1498K, capacity 1583K, committed 1664K, reserved 1048576K
}
Event: 2.129 GC heap before
{Heap before GC invocations=2 (full 0):
 PSYoungGen      total 149504K, used 138100K [0x0000000719b00000, 0x000000072bf00000, 0x00000007c0000000)
  eden space 128512K, 100% used [0x0000000719b00000,0x0000000721880000,0x0000000721880000)
  from space 20992K, 45% used [0x0000000721880000,0x00000007221dd238,0x0000000722d00000)
  to   space 20992K, 0% used [0x000000072aa80000,0x000000072aa80000,0x000000072bf00000)
 ParOldGen       total 341504K, used 16K [0x00000005cd000000, 0x00000005e1d80000, 0x0000000719b00000)
  object space 341504K, 0% used [0x00000005cd000000,0x00000005cd004000,0x00000005e1d80000)
 Metaspace       used 18045K, capacity 18340K, committed 18432K, reserved 1067008K
  class space    used 1697K, capacity 1784K, committed 1792K, reserved 1048576K
Event: 2.147 GC heap after
Heap after GC invocations=2 (full 0):
 PSYoungGen      total 278016K, used 12145K [0x0000000719b00000, 0x000000072bf00000, 0x00000007c0000000)
  eden space 257024K, 0% used [0x0000000719b00000,0x0000000719b00000,0x0000000729600000)
  from space 20992K, 57% used [0x000000072aa80000,0x000000072b65c760,0x000000072bf00000)
  to   space 20992K, 0% used [0x0000000729600000,0x0000000729600000,0x000000072aa80000)
 ParOldGen       total 341504K, used 32K [0x00000005cd000000, 0x00000005e1d80000, 0x0000000719b00000)
  object space 341504K, 0% used [0x00000005cd000000,0x00000005cd008000,0x00000005e1d80000)
 Metaspace       used 18045K, capacity 18340K, committed 18432K, reserved 1067008K
  class space    used 1697K, capacity 1784K, committed 1792K, reserved 1048576K
}
Event: 2.548 GC heap before
{Heap before GC invocations=3 (full 0):
 PSYoungGen      total 278016K, used 76803K [0x0000000719b00000, 0x000000072bf00000, 0x00000007c0000000)
  eden space 257024K, 25% used [0x0000000719b00000,0x000000071da24780,0x0000000729600000)
  from space 20992K, 57% used [0x000000072aa80000,0x000000072b65c760,0x000000072bf00000)
  to   space 20992K, 0% used [0x0000000729600000,0x0000000729600000,0x000000072aa80000)
 ParOldGen       total 341504K, used 32K [0x00000005cd000000, 0x00000005e1d80000, 0x0000000719b00000)
  object space 341504K, 0% used [0x00000005cd000000,0x00000005cd008000,0x00000005e1d80000)
 Metaspace       used 20843K, capacity 21182K, committed 21296K, reserved 1069056K
  class space    used 2019K, capacity 2117K, committed 2176K, reserved 1048576K
Event: 2.557 GC heap after
Heap after GC invocations=3 (full 0):
 PSYoungGen      total 278016K, used 10964K [0x0000000719b00000, 0x000000073ba00000, 0x00000007c0000000)
  eden space 257024K, 0% used [0x0000000719b00000,0x0000000719b00000,0x0000000729600000)
  from space 20992K, 52% used [0x0000000729600000,0x000000072a0b50d8,0x000000072aa80000)
  to   space 20992K, 0% used [0x000000073a580000,0x000000073a580000,0x000000073ba00000)
 ParOldGen       total 341504K, used 40K [0x00000005cd000000, 0x00000005e1d80000, 0x0000000719b00000)
  object space 341504K, 0% used [0x00000005cd000000,0x00000005cd00a000,0x00000005e1d80000)
 Metaspace       used 20843K, capacity 21182K, committed 21296K, reserved 1069056K
  class space    used 2019K, capacity 2117K, committed 2176K, reserved 1048576K
}
Event: 2.558 GC heap before
{Heap before GC invocations=4 (full 1):
 PSYoungGen      total 278016K, used 10964K [0x0000000719b00000, 0x000000073ba00000, 0x00000007c0000000)
  eden space 257024K, 0% used [0x0000000719b00000,0x0000000719b00000,0x0000000729600000)
  from space 20992K, 52% used [0x0000000729600000,0x000000072a0b50d8,0x000000072aa80000)
  to   space 20992K, 0% used [0x000000073a580000,0x000000073a580000,0x000000073ba00000)
 ParOldGen       total 341504K, used 40K [0x00000005cd000000, 0x00000005e1d80000, 0x0000000719b00000)
  object space 341504K, 0% used [0x00000005cd000000,0x00000005cd00a000,0x00000005e1d80000)
 Metaspace       used 20843K, capacity 21182K, committed 21296K, reserved 1069056K
  class space    used 2019K, capacity 2117K, committed 2176K, reserved 1048576K
Event: 2.604 GC heap after
Heap after GC invocations=4 (full 1):
 PSYoungGen      total 278016K, used 0K [0x0000000719b00000, 0x000000073ba00000, 0x00000007c0000000)
  eden space 257024K, 0% used [0x0000000719b00000,0x0000000719b00000,0x0000000729600000)
  from space 20992K, 0% used [0x0000000729600000,0x0000000729600000,0x000000072aa80000)
  to   space 20992K, 0% used [0x000000073a580000,0x000000073a580000,0x000000073ba00000)
 ParOldGen       total 204288K, used 10557K [0x00000005cd000000, 0x00000005d9780000, 0x0000000719b00000)
  object space 204288K, 5% used [0x00000005cd000000,0x00000005cda4f588,0x00000005d9780000)
 Metaspace       used 20843K, capacity 21182K, committed 21296K, reserved 1069056K
  class space    used 2019K, capacity 2117K, committed 2176K, reserved 1048576K
}
Event: 3.226 GC heap before
{Heap before GC invocations=5 (full 1):
 PSYoungGen      total 278016K, used 255990K [0x0000000719b00000, 0x000000073ba00000, 0x00000007c0000000)
  eden space 257024K, 99% used [0x0000000719b00000,0x00000007294fd818,0x0000000729600000)
  from space 20992K, 0% used [0x0000000729600000,0x0000000729600000,0x000000072aa80000)
  to   space 20992K, 0% used [0x000000073a580000,0x000000073a580000,0x000000073ba00000)
 ParOldGen       total 204288K, used 10557K [0x00000005cd000000, 0x00000005d9780000, 0x0000000719b00000)
  object space 204288K, 5% used [0x00000005cd000000,0x00000005cda4f588,0x00000005d9780000)
 Metaspace       used 25380K, capacity 25974K, committed 26240K, reserved 1073152K
  class space    used 2604K, capacity 2826K, committed 2944K, reserved 1048576K
Event: 3.244 GC heap after
Heap after GC invocations=5 (full 1):
 PSYoungGen      total 413184K, used 20982K [0x0000000719b00000, 0x000000073ba00000, 0x00000007c0000000)
  eden space 392192K, 0% used [0x0000000719b00000,0x0000000719b00000,0x0000000731a00000)
  from space 20992K, 99% used [0x000000073a580000,0x000000073b9fdb40,0x000000073ba00000)
  to   space 20992K, 0% used [0x0000000739100000,0x0000000739100000,0x000000073a580000)
 ParOldGen       total 204288K, used 86575K [0x00000005cd000000, 0x00000005d9780000, 0x0000000719b00000)
  object space 204288K, 42% used [0x00000005cd000000,0x00000005d248bca0,0x00000005d9780000)
 Metaspace       used 25380K, capacity 25974K, committed 26240K, reserved 1073152K
  class space    used 2604K, capacity 2826K, committed 2944K, reserved 1048576K
}
Event: 3.382 GC heap before
{Heap before GC invocations=6 (full 1):
 PSYoungGen      total 413184K, used 412269K [0x0000000719b00000, 0x000000073ba00000, 0x00000007c0000000)
  eden space 392192K, 99% used [0x0000000719b00000,0x000000073191dac0,0x0000000731a00000)
  from space 20992K, 99% used [0x000000073a580000,0x000000073b9fdb40,0x000000073ba00000)
  to   space 20992K, 0% used [0x0000000739100000,0x0000000739100000,0x000000073a580000)
 ParOldGen       total 204288K, used 86575K [0x00000005cd000000, 0x00000005d9780000, 0x0000000719b00000)
  object space 204288K, 42% used [0x00000005cd000000,0x00000005d248bca0,0x00000005d9780000)
 Metaspace       used 25524K, capacity 26162K, committed 26496K, reserved 1073152K
  class space    used 2614K, capacity 2836K, committed 2944K, reserved 1048576K
Event: 3.406 GC heap after
Heap after GC invocations=6 (full 1):
 PSYoungGen      total 535040K, used 20972K [0x0000000719b00000, 0x000000075ac80000, 0x00000007c0000000)
  eden space 514048K, 0% used [0x0000000719b00000,0x0000000719b00000,0x0000000739100000)
  from space 20992K, 99% used [0x0000000739100000,0x000000073a57b070,0x000000073a580000)
  to   space 192512K, 0% used [0x000000074f080000,0x000000074f080000,0x000000075ac80000)
 ParOldGen       total 275456K, used 274893K [0x00000005cd000000, 0x00000005ddd00000, 0x0000000719b00000)
  object space 275456K, 99% used [0x00000005cd000000,0x00000005ddc736c8,0x00000005ddd00000)
 Metaspace       used 25524K, capacity 26162K, committed 26496K, reserved 1073152K
  class space    used 2614K, capacity 2836K, committed 2944K, reserved 1048576K
}
Event: 3.406 GC heap before
{Heap before GC invocations=7 (full 2):
 PSYoungGen      total 535040K, used 20972K [0x0000000719b00000, 0x000000075ac80000, 0x00000007c0000000)
  eden space 514048K, 0% used [0x0000000719b00000,0x0000000719b00000,0x0000000739100000)
  from space 20992K, 99% used [0x0000000739100000,0x000000073a57b070,0x000000073a580000)
  to   space 192512K, 0% used [0x000000074f080000,0x000000074f080000,0x000000075ac80000)
 ParOldGen       total 275456K, used 274893K [0x00000005cd000000, 0x00000005ddd00000, 0x0000000719b00000)
  object space 275456K, 99% used [0x00000005cd000000,0x00000005ddc736c8,0x00000005ddd00000)
 Metaspace       used 25524K, capacity 26162K, committed 26496K, reserved 1073152K
  class space    used 2614K, capacity 2836K, committed 2944K, reserved 1048576K
Event: 3.553 GC heap after
Heap after GC invocations=7 (full 2):
 PSYoungGen      total 535040K, used 18341K [0x0000000719b00000, 0x000000075ac80000, 0x00000007c0000000)
  eden space 514048K, 0% used [0x0000000719b00000,0x0000000719b00000,0x0000000739100000)
  from space 20992K, 87% used [0x0000000739100000,0x000000073a2e94d8,0x000000073a580000)
  to   space 192512K, 0% used [0x000000074f080000,0x000000074f080000,0x000000075ac80000)
 ParOldGen       total 758784K, used 274260K [0x00000005cd000000, 0x00000005fb500000, 0x0000000719b00000)
  object space 758784K, 36% used [0x00000005cd000000,0x00000005ddbd52e8,0x00000005fb500000)
 Metaspace       used 25524K, capacity 26162K, committed 26496K, reserved 1073152K
  class space    used 2614K, capacity 2836K, committed 2944K, reserved 1048576K
}
Event: 3.712 GC heap before
{Heap before GC invocations=8 (full 2):
 PSYoungGen      total 535040K, used 529815K [0x0000000719b00000, 0x000000075ac80000, 0x00000007c0000000)
  eden space 514048K, 99% used [0x0000000719b00000,0x0000000738e7c8d8,0x0000000739100000)
  from space 20992K, 87% used [0x0000000739100000,0x000000073a2e94d8,0x000000073a580000)
  to   space 192512K, 0% used [0x000000074f080000,0x000000074f080000,0x000000075ac80000)
 ParOldGen       total 758784K, used 274260K [0x00000005cd000000, 0x00000005fb500000, 0x0000000719b00000)
  object space 758784K, 36% used [0x00000005cd000000,0x00000005ddbd52e8,0x00000005fb500000)
 Metaspace       used 25613K, capacity 26298K, committed 26496K, reserved 1073152K
  class space    used 2622K, capacity 2848K, committed 2944K, reserved 1048576K
Event: 3.737 GC heap after
Heap after GC invocations=8 (full 2):
 PSYoungGen      total 778240K, used 192500K [0x0000000719b00000, 0x0000000768a80000, 0x00000007c0000000)
  eden space 585728K, 0% used [0x0000000719b00000,0x0000000719b00000,0x000000073d700000)
  from space 192512K, 99% used [0x000000074f080000,0x000000075ac7d010,0x000000075ac80000)
  to   space 288256K, 0% used [0x000000073d700000,0x000000073d700000,0x000000074f080000)
 ParOldGen       total 758784K, used 355318K [0x00000005cd000000, 0x00000005fb500000, 0x0000000719b00000)
  object space 758784K, 46% used [0x00000005cd000000,0x00000005e2afdb20,0x00000005fb500000)
 Metaspace       used 25613K, capacity 26298K, committed 26496K, reserved 1073152K
  class space    used 2622K, capacity 2848K, committed 2944K, reserved 1048576K
}
Event: 3.855 GC heap before
{Heap before GC invocations=9 (full 2):
 PSYoungGen      total 778240K, used 776445K [0x0000000719b00000, 0x0000000768a80000, 0x00000007c0000000)
  eden space 585728K, 99% used [0x0000000719b00000,0x000000073d5424f0,0x000000073d700000)
  from space 192512K, 99% used [0x000000074f080000,0x000000075ac7d010,0x000000075ac80000)
  to   space 288256K, 0% used [0x000000073d700000,0x000000073d700000,0x000000074f080000)
 ParOldGen       total 758784K, used 355318K [0x00000005cd000000, 0x00000005fb500000, 0x0000000719b00000)
  object space 758784K, 46% used [0x00000005cd000000,0x00000005e2afdb20,0x00000005fb500000)
 Metaspace       used 25644K, capacity 26398K, committed 26496K, reserved 1073152K
  class space    used 2625K, capacity 2854K, committed 2944K, reserved 1048576K
Event: 3.893 GC heap after
Heap after GC invocations=9 (full 2):
 PSYoungGen      total 873984K, used 288225K [0x0000000719b00000, 0x0000000788380000, 0x00000007c0000000)
  eden space 585728K, 0% used [0x0000000719b00000,0x0000000719b00000,0x000000073d700000)
  from space 288256K, 99% used [0x000000073d700000,0x000000074f0787c0,0x000000074f080000)
  to   space 453632K, 0% used [0x000000076c880000,0x000000076c880000,0x0000000788380000)
 ParOldGen       total 758784K, used 549605K [0x00000005cd000000, 0x00000005fb500000, 0x0000000719b00000)
  object space 758784K, 72% used [0x00000005cd000000,0x00000005ee8b9720,0x00000005fb500000)
 Metaspace       used 25644K, capacity 26398K, committed 26496K, reserved 1073152K
  class space    used 2625K, capacity 2854K, committed 2944K, reserved 1048576K
}
Event: 3.893 GC heap before
{Heap before GC invocations=10 (full 3):
 PSYoungGen      total 873984K, used 288225K [0x0000000719b00000, 0x0000000788380000, 0x00000007c0000000)
  eden space 585728K, 0% used [0x0000000719b00000,0x0000000719b00000,0x000000073d700000)
  from space 288256K, 99% used [0x000000073d700000,0x000000074f0787c0,0x000000074f080000)
  to   space 453632K, 0% used [0x000000076c880000,0x000000076c880000,0x0000000788380000)
 ParOldGen       total 758784K, used 549605K [0x00000005cd000000, 0x00000005fb500000, 0x0000000719b00000)
  object space 758784K, 72% used [0x00000005cd000000,0x00000005ee8b9720,0x00000005fb500000)
 Metaspace       used 25644K, capacity 26398K, committed 26496K, reserved 1073152K
  class space    used 2625K, capacity 2854K, committed 2944K, reserved 1048576K
Event: 4.054 GC heap after
Heap after GC invocations=10 (full 3):
 PSYoungGen      total 873984K, used 79127K [0x0000000719b00000, 0x0000000788380000, 0x00000007c0000000)
  eden space 585728K, 0% used [0x0000000719b00000,0x0000000719b00000,0x000000073d700000)
  from space 288256K, 27% used [0x000000073d700000,0x0000000742445f08,0x000000074f080000)
  to   space 453632K, 0% used [0x000000076c880000,0x000000076c880000,0x0000000788380000)
 ParOldGen       total 1410560K, used 757789K [0x00000005cd000000, 0x0000000623180000, 0x0000000719b00000)
  object space 1410560K, 53% used [0x00000005cd000000,0x00000005fb407538,0x0000000623180000)
 Metaspace       used 25644K, capacity 26398K, committed 26496K, reserved 1073152K
  class space    used 2625K, capacity 2854K, committed 2944K, reserved 1048576K
}
Event: 4.176 GC heap before
{Heap before GC invocations=11 (full 3):
 PSYoungGen      total 873984K, used 664142K [0x0000000719b00000, 0x0000000788380000, 0x00000007c0000000)
  eden space 585728K, 99% used [0x0000000719b00000,0x000000073d64dcd8,0x000000073d700000)
  from space 288256K, 27% used [0x000000073d700000,0x0000000742445f08,0x000000074f080000)
  to   space 453632K, 0% used [0x000000076c880000,0x000000076c880000,0x0000000788380000)
 ParOldGen       total 1410560K, used 757789K [0x00000005cd000000, 0x0000000623180000, 0x0000000719b00000)
  object space 1410560K, 53% used [0x00000005cd000000,0x00000005fb407538,0x0000000623180000)
 Metaspace       used 25732K, capacity 26688K, committed 26752K, reserved 1073152K
  class space    used 2645K, capacity 2891K, committed 2944K, reserved 1048576K
Event: 4.208 GC heap after
Heap after GC invocations=11 (full 3):
 PSYoungGen      total 1265152K, used 371500K [0x0000000719b00000, 0x0000000789c80000, 0x00000007c0000000)
  eden space 811520K, 0% used [0x0000000719b00000,0x0000000719b00000,0x000000074b380000)
  from space 453632K, 81% used [0x000000076c880000,0x000000078334b3c0,0x0000000788380000)
  to   space 512512K, 0% used [0x000000074b380000,0x000000074b380000,0x000000076a800000)
 ParOldGen       total 1410560K, used 757877K [0x00000005cd000000, 0x0000000623180000, 0x0000000719b00000)
  object space 1410560K, 53% used [0x00000005cd000000,0x00000005fb41d538,0x0000000623180000)
 Metaspace       used 25732K, capacity 26688K, committed 26752K, reserved 1073152K
  class space    used 2645K, capacity 2891K, committed 2944K, reserved 1048576K
}
Event: 4.421 GC heap before
{Heap before GC invocations=12 (full 3):
 PSYoungGen      total 1265152K, used 1182062K [0x0000000719b00000, 0x0000000789c80000, 0x00000007c0000000)
  eden space 811520K, 99% used [0x0000000719b00000,0x000000074b290688,0x000000074b380000)
  from space 453632K, 81% used [0x000000076c880000,0x000000078334b3c0,0x0000000788380000)
  to   space 512512K, 0% used [0x000000074b380000,0x000000074b380000,0x000000076a800000)
 ParOldGen       total 1410560K, used 757877K [0x00000005cd000000, 0x0000000623180000, 0x0000000719b00000)
  object space 1410560K, 53% used [0x00000005cd000000,0x00000005fb41d538,0x0000000623180000)
 Metaspace       used 25958K, capacity 27104K, committed 27392K, reserved 1073152K
  class space    used 2678K, capacity 2949K, committed 3072K, reserved 1048576K
Event: 4.478 GC heap after
Heap after GC invocations=12 (full 3):
 PSYoungGen      total 1324032K, used 512487K [0x0000000719b00000, 0x00000007afa80000, 0x00000007c0000000)
  eden space 811520K, 0% used [0x0000000719b00000,0x0000000719b00000,0x000000074b380000)
  from space 512512K, 99% used [0x000000074b380000,0x000000076a7f9e20,0x000000076a800000)
  to   space 715264K, 0% used [0x0000000784000000,0x0000000784000000,0x00000007afa80000)
 ParOldGen       total 1410560K, used 1018506K [0x00000005cd000000, 0x0000000623180000, 0x0000000719b00000)
  object space 1410560K, 72% used [0x00000005cd000000,0x000000060b2a2bd0,0x0000000623180000)
 Metaspace       used 25958K, capacity 27104K, committed 27392K, reserved 1073152K
  class space    used 2678K, capacity 2949K, committed 3072K, reserved 1048576K
}
Event: 4.768 GC heap before
{Heap before GC invocations=13 (full 3):
 PSYoungGen      total 1324032K, used 1324007K [0x0000000719b00000, 0x00000007afa80000, 0x00000007c0000000)
  eden space 811520K, 100% used [0x0000000719b00000,0x000000074b380000,0x000000074b380000)
  from space 512512K, 99% used [0x000000074b380000,0x000000076a7f9e20,0x000000076a800000)
  to   space 715264K, 0% used [0x0000000784000000,0x0000000784000000,0x00000007afa80000)
 ParOldGen       total 1410560K, used 1018506K [0x00000005cd000000, 0x0000000623180000, 0x0000000719b00000)
  object space 1410560K, 72% used [0x00000005cd000000,0x000000060b2a2bd0,0x0000000623180000)
 Metaspace       used 26145K, capacity 27342K, committed 27648K, reserved 1073152K
  class space    used 2679K, capacity 2950K, committed 3072K, reserved 1048576K
Event: 4.862 GC heap after
Heap after GC invocations=13 (full 3):
 PSYoungGen      total 1548800K, used 715255K [0x0000000719b00000, 0x00000007c0000000, 0x00000007c0000000)
  eden space 833536K, 0% used [0x0000000719b00000,0x0000000719b00000,0x000000074c900000)
  from space 715264K, 99% used [0x0000000784000000,0x00000007afa7dec0,0x00000007afa80000)
  to   space 908288K, 0% used [0x000000074c900000,0x000000074c900000,0x0000000784000000)
 ParOldGen       total 1410560K, used 1207503K [0x00000005cd000000, 0x0000000623180000, 0x0000000719b00000)
  object space 1410560K, 85% used [0x00000005cd000000,0x0000000616b33f28,0x0000000623180000)
 Metaspace       used 26145K, capacity 27342K, committed 27648K, reserved 1073152K
  class space    used 2679K, capacity 2950K, committed 3072K, reserved 1048576K
}
Event: 4.862 GC heap before
{Heap before GC invocations=14 (full 4):
 PSYoungGen      total 1548800K, used 715255K [0x0000000719b00000, 0x00000007c0000000, 0x00000007c0000000)
  eden space 833536K, 0% used [0x0000000719b00000,0x0000000719b00000,0x000000074c900000)
  from space 715264K, 99% used [0x0000000784000000,0x00000007afa7dec0,0x00000007afa80000)
  to   space 908288K, 0% used [0x000000074c900000,0x000000074c900000,0x0000000784000000)
 ParOldGen       total 1410560K, used 1207503K [0x00000005cd000000, 0x0000000623180000, 0x0000000719b00000)
  object space 1410560K, 85% used [0x00000005cd000000,0x0000000616b33f28,0x0000000623180000)
 Metaspace       used 26145K, capacity 27342K, committed 27648K, reserved 1073152K
  class space    used 2679K, capacity 2950K, committed 3072K, reserved 1048576K
Event: 6.331 GC heap after
Heap after GC invocations=14 (full 4):
 PSYoungGen      total 1548800K, used 511163K [0x0000000719b00000, 0x00000007c0000000, 0x00000007c0000000)
  eden space 833536K, 0% used [0x0000000719b00000,0x0000000719b00000,0x000000074c900000)
  from space 715264K, 71% used [0x0000000784000000,0x00000007a332eff8,0x00000007afa80000)
  to   space 908288K, 0% used [0x000000074c900000,0x000000074c900000,0x0000000784000000)
 ParOldGen       total 2308096K, used 1409890K [0x00000005cd000000, 0x0000000659e00000, 0x0000000719b00000)
  object space 2308096K, 61% used [0x00000005cd000000,0x00000006230d8ac0,0x0000000659e00000)
 Metaspace       used 26145K, capacity 27342K, committed 27648K, reserved 1073152K
  class space    used 2679K, capacity 2950K, committed 3072K, reserved 1048576K
}
Event: 7.337 GC heap before
{Heap before GC invocations=15 (full 4):
 PSYoungGen      total 1548800K, used 1344699K [0x0000000719b00000, 0x00000007c0000000, 0x00000007c0000000)
  eden space 833536K, 100% used [0x0000000719b00000,0x000000074c900000,0x000000074c900000)
  from space 715264K, 71% used [0x0000000784000000,0x00000007a332eff8,0x00000007afa80000)
  to   space 908288K, 0% used [0x000000074c900000,0x000000074c900000,0x0000000784000000)
 ParOldGen       total 2308096K, used 1409890K [0x00000005cd000000, 0x0000000659e00000, 0x0000000719b00000)
  object space 2308096K, 61% used [0x00000005cd000000,0x00000006230d8ac0,0x0000000659e00000)
 Metaspace       used 26810K, capacity 27975K, committed 28160K, reserved 1075200K
  class space    used 2679K, capacity 2950K, committed 3072K, reserved 1048576K
Event: 7.431 GC heap after
Heap after GC invocations=15 (full 4):
 PSYoungGen      total 1741824K, used 682739K [0x0000000719b00000, 0x00000007c0000000, 0x00000007c0000000)
  eden space 833536K, 0% used [0x0000000719b00000,0x0000000719b00000,0x000000074c900000)
  from space 908288K, 75% used [0x000000074c900000,0x00000007763bcd40,0x0000000784000000)
  to   space 908288K, 0% used [0x0000000788900000,0x0000000788900000,0x00000007c0000000)
 ParOldGen       total 2308096K, used 1563518K [0x00000005cd000000, 0x0000000659e00000, 0x0000000719b00000)
  object space 2308096K, 67% used [0x00000005cd000000,0x000000062c6dfa28,0x0000000659e00000)
 Metaspace       used 26810K, capacity 27975K, committed 28160K, reserved 1075200K
  class space    used 2679K, capacity 2950K, committed 3072K, reserved 1048576K
}
Event: 9.207 GC heap before
{Heap before GC invocations=16 (full 4):
 PSYoungGen      total 1741824K, used 1516275K [0x0000000719b00000, 0x00000007c0000000, 0x00000007c0000000)
  eden space 833536K, 100% used [0x0000000719b00000,0x000000074c900000,0x000000074c900000)
  from space 908288K, 75% used [0x000000074c900000,0x00000007763bcd40,0x0000000784000000)
  to   space 908288K, 0% used [0x0000000788900000,0x0000000788900000,0x00000007c0000000)
 ParOldGen       total 2308096K, used 1563518K [0x00000005cd000000, 0x0000000659e00000, 0x0000000719b00000)
  object space 2308096K, 67% used [0x00000005cd000000,0x000000062c6dfa28,0x0000000659e00000)
 Metaspace       used 26815K, capacity 28039K, committed 28416K, reserved 1075200K
  class space    used 2680K, capacity 2950K, committed 3072K, reserved 1048576K
Event: 9.262 GC heap after
Heap after GC invocations=16 (full 4):
 PSYoungGen      total 1816576K, used 324611K [0x0000000719b00000, 0x00000007c0000000, 0x00000007c0000000)
  eden space 908288K, 0% used [0x0000000719b00000,0x0000000719b00000,0x0000000751200000)
  from space 908288K, 35% used [0x0000000788900000,0x000000079c600d60,0x00000007c0000000)
  to   space 908288K, 0% used [0x0000000751200000,0x0000000751200000,0x0000000788900000)
 ParOldGen       total 2308096K, used 1921798K [0x00000005cd000000, 0x0000000659e00000, 0x0000000719b00000)
  object space 2308096K, 83% used [0x00000005cd000000,0x00000006424c1998,0x0000000659e00000)
 Metaspace       used 26815K, capacity 28039K, committed 28416K, reserved 1075200K
  class space    used 2680K, capacity 2950K, committed 3072K, reserved 1048576K
}
Event: 11.786 GC heap before
{Heap before GC invocations=17 (full 4):
 PSYoungGen      total 1816576K, used 1232899K [0x0000000719b00000, 0x00000007c0000000, 0x00000007c0000000)
  eden space 908288K, 100% used [0x0000000719b00000,0x0000000751200000,0x0000000751200000)
  from space 908288K, 35% used [0x0000000788900000,0x000000079c600d60,0x00000007c0000000)
  to   space 908288K, 0% used [0x0000000751200000,0x0000000751200000,0x0000000788900000)
 ParOldGen       total 2308096K, used 1921798K [0x00000005cd000000, 0x0000000659e00000, 0x0000000719b00000)
  object space 2308096K, 83% used [0x00000005cd000000,0x00000006424c1998,0x0000000659e00000)
 Metaspace       used 26817K, capacity 28039K, committed 28416K, reserved 1075200K
  class space    used 2680K, capacity 2950K, committed 3072K, reserved 1048576K
Event: 11.854 GC heap after
Heap after GC invocations=17 (full 4):
 PSYoungGen      total 1816576K, used 776K [0x0000000719b00000, 0x00000007c0000000, 0x00000007c0000000)
  eden space 908288K, 0% used [0x0000000719b00000,0x0000000719b00000,0x0000000751200000)
  from space 908288K, 0% used [0x0000000751200000,0x00000007512c2010,0x0000000788900000)
  to   space 908288K, 0% used [0x0000000788900000,0x0000000788900000,0x00000007c0000000)
 ParOldGen       total 2308096K, used 2245892K [0x00000005cd000000, 0x0000000659e00000, 0x0000000719b00000)
  object space 2308096K, 97% used [0x00000005cd000000,0x00000006561413d8,0x0000000659e00000)
 Metaspace       used 26817K, capacity 28039K, committed 28416K, reserved 1075200K
  class space    used 2680K, capacity 2950K, committed 3072K, reserved 1048576K
}
Event: 11.854 GC heap before
{Heap before GC invocations=18 (full 5):
 PSYoungGen      total 1816576K, used 776K [0x0000000719b00000, 0x00000007c0000000, 0x00000007c0000000)
  eden space 908288K, 0% used [0x0000000719b00000,0x0000000719b00000,0x0000000751200000)
  from space 908288K, 0% used [0x0000000751200000,0x00000007512c2010,0x0000000788900000)
  to   space 908288K, 0% used [0x0000000788900000,0x0000000788900000,0x00000007c0000000)
 ParOldGen       total 2308096K, used 2245892K [0x00000005cd000000, 0x0000000659e00000, 0x0000000719b00000)
  object space 2308096K, 97% used [0x00000005cd000000,0x00000006561413d8,0x0000000659e00000)
 Metaspace       used 26817K, capacity 28039K, committed 28416K, reserved 1075200K
  class space    used 2680K, capacity 2950K, committed 3072K, reserved 1048576K
Event: 12.204 GC heap after
Heap after GC invocations=18 (full 5):
 PSYoungGen      total 1816576K, used 0K [0x0000000719b00000, 0x00000007c0000000, 0x00000007c0000000)
  eden space 908288K, 0% used [0x0000000719b00000,0x0000000719b00000,0x0000000751200000)
  from space 908288K, 0% used [0x0000000751200000,0x0000000751200000,0x0000000788900000)
  to   space 908288K, 0% used [0x0000000788900000,0x0000000788900000,0x00000007c0000000)
 ParOldGen       total 3441664K, used 2244680K [0x00000005cd000000, 0x000000069f100000, 0x0000000719b00000)
  object space 3441664K, 65% used [0x00000005cd000000,0x0000000656012148,0x000000069f100000)
 Metaspace       used 26817K, capacity 28039K, committed 28416K, reserved 1075200K
  class space    used 2680K, capacity 2950K, committed 3072K, reserved 1048576K
}
Event: 13.929 GC heap before
{Heap before GC invocations=19 (full 5):
 PSYoungGen      total 1816576K, used 908288K [0x0000000719b00000, 0x00000007c0000000, 0x00000007c0000000)
  eden space 908288K, 100% used [0x0000000719b00000,0x0000000751200000,0x0000000751200000)
  from space 908288K, 0% used [0x0000000751200000,0x0000000751200000,0x0000000788900000)
  to   space 908288K, 0% used [0x0000000788900000,0x0000000788900000,0x00000007c0000000)
 ParOldGen       total 3441664K, used 2244680K [0x00000005cd000000, 0x000000069f100000, 0x0000000719b00000)
  object space 3441664K, 65% used [0x00000005cd000000,0x0000000656012148,0x000000069f100000)
 Metaspace       used 26817K, capacity 28039K, committed 28416K, reserved 1075200K
  class space    used 2680K, capacity 2950K, committed 3072K, reserved 1048576K
Event: 13.934 GC heap after
Heap after GC invocations=19 (full 5):
 PSYoungGen      total 1816576K, used 648K [0x0000000719b00000, 0x00000007c0000000, 0x00000007c0000000)
  eden space 908288K, 0% used [0x0000000719b00000,0x0000000719b00000,0x0000000751200000)
  from space 908288K, 0% used [0x0000000788900000,0x00000007889a2010,0x00000007c0000000)
  to   space 908288K, 0% used [0x0000000751200000,0x0000000751200000,0x0000000788900000)
 ParOldGen       total 3441664K, used 2244680K [0x00000005cd000000, 0x000000069f100000, 0x0000000719b00000)
  object space 3441664K, 65% used [0x00000005cd000000,0x0000000656012148,0x000000069f100000)
 Metaspace       used 26817K, capacity 28039K, committed 28416K, reserved 1075200K
  class space    used 2680K, capacity 2950K, committed 3072K, reserved 1048576K
}
Event: 16.015 GC heap before
{Heap before GC invocations=20 (full 5):
 PSYoungGen      total 1816576K, used 908936K [0x0000000719b00000, 0x00000007c0000000, 0x00000007c0000000)
  eden space 908288K, 100% used [0x0000000719b00000,0x0000000751200000,0x0000000751200000)
  from space 908288K, 0% used [0x0000000788900000,0x00000007889a2010,0x00000007c0000000)
  to   space 908288K, 0% used [0x0000000751200000,0x0000000751200000,0x0000000788900000)
 ParOldGen       total 3441664K, used 2244680K [0x00000005cd000000, 0x000000069f100000, 0x0000000719b00000)
  object space 3441664K, 65% used [0x00000005cd000000,0x0000000656012148,0x000000069f100000)
 Metaspace       used 26820K, capacity 28039K, committed 28416K, reserved 1075200K
  class space    used 2681K, capacity 2950K, committed 3072K, reserved 1048576K
Event: 16.028 GC heap after
Heap after GC invocations=20 (full 5):
 PSYoungGen      total 922624K, used 13871K [0x0000000719b00000, 0x00000007bf400000, 0x00000007c0000000)
  eden space 908288K, 0% used [0x0000000719b00000,0x0000000719b00000,0x0000000751200000)
  from space 14336K, 96% used [0x0000000751200000,0x0000000751f8bdc0,0x0000000752000000)
  to   space 902144K, 0% used [0x0000000788300000,0x0000000788300000,0x00000007bf400000)
 ParOldGen       total 3441664K, used 2244784K [0x00000005cd000000, 0x000000069f100000, 0x0000000719b00000)
  object space 3441664K, 65% used [0x00000005cd000000,0x000000065602c148,0x000000069f100000)
 Metaspace       used 26820K, capacity 28039K, committed 28416K, reserved 1075200K
  class space    used 2681K, capacity 2950K, committed 3072K, reserved 1048576K
}
Event: 17.771 GC heap before
{Heap before GC invocations=21 (full 5):
 PSYoungGen      total 922624K, used 922159K [0x0000000719b00000, 0x00000007bf400000, 0x00000007c0000000)
  eden space 908288K, 100% used [0x0000000719b00000,0x0000000751200000,0x0000000751200000)
  from space 14336K, 96% used [0x0000000751200000,0x0000000751f8bdc0,0x0000000752000000)
  to   space 902144K, 0% used [0x0000000788300000,0x0000000788300000,0x00000007bf400000)
 ParOldGen       total 3441664K, used 2244784K [0x00000005cd000000, 0x000000069f100000, 0x0000000719b00000)
  object space 3441664K, 65% used [0x00000005cd000000,0x000000065602c148,0x000000069f100000)
 Metaspace       used 26820K, capacity 28039K, committed 28416K, reserved 1075200K
  class space    used 2681K, capacity 2950K, committed 3072K, reserved 1048576K
Event: 17.783 GC heap after
Heap after GC invocations=21 (full 5):
 PSYoungGen      total 1834496K, used 14039K [0x0000000719b00000, 0x00000007c0000000, 0x00000007c0000000)
  eden space 932352K, 0% used [0x0000000719b00000,0x0000000719b00000,0x0000000752980000)
  from space 902144K, 1% used [0x0000000788300000,0x00000007890b5dd0,0x00000007bf400000)
  to   space 878080K, 0% used [0x0000000752980000,0x0000000752980000,0x0000000788300000)
 ParOldGen       total 3441664K, used 2244784K [0x00000005cd000000, 0x000000069f100000, 0x0000000719b00000)
  object space 3441664K, 65% used [0x00000005cd000000,0x000000065602c148,0x000000069f100000)
 Metaspace       used 26820K, capacity 28039K, committed 28416K, reserved 1075200K
  class space    used 2681K, capacity 2950K, committed 3072K, reserved 1048576K
}
Event: 19.634 GC heap before
{Heap before GC invocations=22 (full 5):
 PSYoungGen      total 1834496K, used 946391K [0x0000000719b00000, 0x00000007c0000000, 0x00000007c0000000)
  eden space 932352K, 100% used [0x0000000719b00000,0x0000000752980000,0x0000000752980000)
  from space 902144K, 1% used [0x0000000788300000,0x00000007890b5dd0,0x00000007bf400000)
  to   space 878080K, 0% used [0x0000000752980000,0x0000000752980000,0x0000000788300000)
 ParOldGen       total 3441664K, used 2244784K [0x00000005cd000000, 0x000000069f100000, 0x0000000719b00000)
  object space 3441664K, 65% used [0x00000005cd000000,0x000000065602c148,0x000000069f100000)
 Metaspace       used 26820K, capacity 28039K, committed 28416K, reserved 1075200K
  class space    used 2681K, capacity 2950K, committed 3072K, reserved 1048576K
Event: 19.642 GC heap after
Heap after GC invocations=22 (full 5):
 PSYoungGen      total 946688K, used 14167K [0x0000000719b00000, 0x00000007bb180000, 0x00000007c0000000)
  eden space 932352K, 0% used [0x0000000719b00000,0x0000000719b00000,0x0000000752980000)
  from space 14336K, 98% used [0x0000000752980000,0x0000000753755dd0,0x0000000753780000)
  to   space 849920K, 0% used [0x0000000787380000,0x0000000787380000,0x00000007bb180000)
 ParOldGen       total 3441664K, used 2244784K [0x00000005cd000000, 0x000000069f100000, 0x0000000719b00000)
  object space 3441664K, 65% used [0x00000005cd000000,0x000000065602c148,0x000000069f100000)
 Metaspace       used 26820K, capacity 28039K, committed 28416K, reserved 1075200K
  class space    used 2681K, capacity 2950K, committed 3072K, reserved 1048576K
}
Event: 21.592 GC heap before
{Heap before GC invocations=23 (full 5):
 PSYoungGen      total 946688K, used 946519K [0x0000000719b00000, 0x00000007bb180000, 0x00000007c0000000)
  eden space 932352K, 100% used [0x0000000719b00000,0x0000000752980000,0x0000000752980000)
  from space 14336K, 98% used [0x0000000752980000,0x0000000753755dd0,0x0000000753780000)
  to   space 849920K, 0% used [0x0000000787380000,0x0000000787380000,0x00000007bb180000)
 ParOldGen       total 3441664K, used 2244784K [0x00000005cd000000, 0x000000069f100000, 0x0000000719b00000)
  object space 3441664K, 65% used [0x00000005cd000000,0x000000065602c148,0x000000069f100000)
 Metaspace       used 26820K, capacity 28039K, committed 28416K, reserved 1075200K
  class space    used 2681K, capacity 2950K, committed 3072K, reserved 1048576K
Event: 21.600 GC heap after
Heap after GC invocations=23 (full 5):
 PSYoungGen      total 1778176K, used 14135K [0x0000000719b00000, 0x00000007b8b00000, 0x00000007c0000000)
  eden space 967680K, 0% used [0x0000000719b00000,0x0000000719b00000,0x0000000754c00000)
  from space 810496K, 1% used [0x0000000787380000,0x000000078814ddd0,0x00000007b8b00000)
  to   space 818688K, 0% used [0x0000000754c00000,0x0000000754c00000,0x0000000786b80000)
 ParOldGen       total 3441664K, used 2244784K [0x00000005cd000000, 0x000000069f100000, 0x0000000719b00000)
  object space 3441664K, 65% used [0x00000005cd000000,0x000000065602c148,0x000000069f100000)
 Metaspace       used 26820K, capacity 28039K, committed 28416K, reserved 1075200K
  class space    used 2681K, capacity 2950K, committed 3072K, reserved 1048576K
}
Event: 23.402 GC heap before
{Heap before GC invocations=24 (full 5):
 PSYoungGen      total 1778176K, used 981815K [0x0000000719b00000, 0x00000007b8b00000, 0x00000007c0000000)
  eden space 967680K, 100% used [0x0000000719b00000,0x0000000754c00000,0x0000000754c00000)
  from space 810496K, 1% used [0x0000000787380000,0x000000078814ddd0,0x00000007b8b00000)
  to   space 818688K, 0% used [0x0000000754c00000,0x0000000754c00000,0x0000000786b80000)
 ParOldGen       total 3441664K, used 2244784K [0x00000005cd000000, 0x000000069f100000, 0x0000000719b00000)
  object space 3441664K, 65% used [0x00000005cd000000,0x000000065602c148,0x000000069f100000)
 Metaspace       used 26820K, capacity 28039K, committed 28416K, reserved 1075200K
  class space    used 2681K, capacity 2950K, committed 3072K, reserved 1048576K
Event: 23.408 GC heap after
Heap after GC invocations=24 (full 5):
 PSYoungGen      total 982016K, used 13903K [0x0000000719b00000, 0x00000007b6780000, 0x00000007c0000000)
  eden space 967680K, 0% used [0x0000000719b00000,0x0000000719b00000,0x0000000754c00000)
  from space 14336K, 96% used [0x0000000754c00000,0x0000000755993dc0,0x0000000755a00000)
  to   space 785920K, 0% used [0x0000000786800000,0x0000000786800000,0x00000007b6780000)
 ParOldGen       total 3441664K, used 2244784K [0x00000005cd000000, 0x000000069f100000, 0x0000000719b00000)
  object space 3441664K, 65% used [0x00000005cd000000,0x000000065602c148,0x000000069f100000)
 Metaspace       used 26820K, capacity 28039K, committed 28416K, reserved 1075200K
  class space    used 2681K, capacity 2950K, committed 3072K, reserved 1048576K
}
Event: 25.332 GC heap before
{Heap before GC invocations=25 (full 5):
 PSYoungGen      total 982016K, used 981583K [0x0000000719b00000, 0x00000007b6780000, 0x00000007c0000000)
  eden space 967680K, 100% used [0x0000000719b00000,0x0000000754c00000,0x0000000754c00000)
  from space 14336K, 96% used [0x0000000754c00000,0x0000000755993dc0,0x0000000755a00000)
  to   space 785920K, 0% used [0x0000000786800000,0x0000000786800000,0x00000007b6780000)
 ParOldGen       total 3441664K, used 2244784K [0x00000005cd000000, 0x000000069f100000, 0x0000000719b00000)
  object space 3441664K, 65% used [0x00000005cd000000,0x000000065602c148,0x000000069f100000)
 Metaspace       used 26820K, capacity 28039K, committed 28416K, reserved 1075200K
  class space    used 2681K, capacity 2950K, committed 3072K, reserved 1048576K
Event: 25.344 GC heap after
Heap after GC invocations=25 (full 5):
 PSYoungGen      total 1703936K, used 13871K [0x0000000719b00000, 0x00000007b1f00000, 0x00000007c0000000)
  eden space 992256K, 0% used [0x0000000719b00000,0x0000000719b00000,0x0000000756400000)
  from space 711680K, 1% used [0x0000000786800000,0x000000078758bdc0,0x00000007b1f00000)
  to   space 751104K, 0% used [0x0000000756400000,0x0000000756400000,0x0000000784180000)
 ParOldGen       total 3441664K, used 2244784K [0x00000005cd000000, 0x000000069f100000, 0x0000000719b00000)
  object space 3441664K, 65% used [0x00000005cd000000,0x000000065602c148,0x000000069f100000)
 Metaspace       used 26820K, capacity 28039K, committed 28416K, reserved 1075200K
  class space    used 2681K, capacity 2950K, committed 3072K, reserved 1048576K
}
Event: 27.432 GC heap before
{Heap before GC invocations=26 (full 5):
 PSYoungGen      total 1703936K, used 1006127K [0x0000000719b00000, 0x00000007b1f00000, 0x00000007c0000000)
  eden space 992256K, 100% used [0x0000000719b00000,0x0000000756400000,0x0000000756400000)
  from space 711680K, 1% used [0x0000000786800000,0x000000078758bdc0,0x00000007b1f00000)
  to   space 751104K, 0% used [0x0000000756400000,0x0000000756400000,0x0000000784180000)
 ParOldGen       total 3441664K, used 2244784K [0x00000005cd000000, 0x000000069f100000, 0x0000000719b00000)
  object space 3441664K, 65% used [0x00000005cd000000,0x000000065602c148,0x000000069f100000)
 Metaspace       used 26820K, capacity 28039K, committed 28416K, reserved 1075200K
  class space    used 2681K, capacity 2950K, committed 3072K, reserved 1048576K
Event: 27.444 GC heap after
Heap after GC invocations=26 (full 5):
 PSYoungGen      total 1006592K, used 14167K [0x0000000719b00000, 0x00000007aef00000, 0x00000007c0000000)
  eden space 992256K, 0% used [0x0000000719b00000,0x0000000719b00000,0x0000000756400000)
  from space 14336K, 98% used [0x0000000756400000,0x00000007571d5dd0,0x0000000757200000)
  to   space 715776K, 0% used [0x0000000783400000,0x0000000783400000,0x00000007aef00000)
 ParOldGen       total 3441664K, used 2244784K [0x00000005cd000000, 0x000000069f100000, 0x0000000719b00000)
  object space 3441664K, 65% used [0x00000005cd000000,0x000000065602c148,0x000000069f100000)
 Metaspace       used 26820K, capacity 28039K, committed 28416K, reserved 1075200K
  class space    used 2681K, capacity 2950K, committed 3072K, reserved 1048576K
}
Event: 29.292 GC heap before
{Heap before GC invocations=27 (full 5):
 PSYoungGen      total 1006592K, used 1006423K [0x0000000719b00000, 0x00000007aef00000, 0x00000007c0000000)
  eden space 992256K, 100% used [0x0000000719b00000,0x0000000756400000,0x0000000756400000)
  from space 14336K, 98% used [0x0000000756400000,0x00000007571d5dd0,0x0000000757200000)
  to   space 715776K, 0% used [0x0000000783400000,0x0000000783400000,0x00000007aef00000)
 ParOldGen       total 3441664K, used 2244784K [0x00000005cd000000, 0x000000069f100000, 0x0000000719b00000)
  object space 3441664K, 65% used [0x00000005cd000000,0x000000065602c148,0x000000069f100000)
 Metaspace       used 26820K, capacity 28039K, committed 28416K, reserved 1075200K
  class space    used 2681K, capacity 2950K, committed 3072K, reserved 1048576K
Event: 29.309 GC heap after
Heap after GC invocations=27 (full 5):
 PSYoungGen      total 1650688K, used 14007K [0x0000000719b00000, 0x00000007aa580000, 0x00000007c0000000)
  eden space 1010176K, 0% used [0x0000000719b00000,0x0000000719b00000,0x0000000757580000)
  from space 640512K, 2% used [0x0000000783400000,0x00000007841addd0,0x00000007aa580000)
  to   space 679936K, 0% used [0x0000000757580000,0x0000000757580000,0x0000000780d80000)
 ParOldGen       total 3441664K, used 2244784K [0x00000005cd000000, 0x000000069f100000, 0x0000000719b00000)
  object space 3441664K, 65% used [0x00000005cd000000,0x000000065602c148,0x000000069f100000)
 Metaspace       used 26820K, capacity 28039K, committed 28416K, reserved 1075200K
  class space    used 2681K, capacity 2950K, committed 3072K, reserved 1048576K
}
Event: 31.188 GC heap before
{Heap before GC invocations=28 (full 5):
 PSYoungGen      total 1650688K, used 1024183K [0x0000000719b00000, 0x00000007aa580000, 0x00000007c0000000)
  eden space 1010176K, 100% used [0x0000000719b00000,0x0000000757580000,0x0000000757580000)
  from space 640512K, 2% used [0x0000000783400000,0x00000007841addd0,0x00000007aa580000)
  to   space 679936K, 0% used [0x0000000757580000,0x0000000757580000,0x0000000780d80000)
 ParOldGen       total 3441664K, used 2244784K [0x00000005cd000000, 0x000000069f100000, 0x0000000719b00000)
  object space 3441664K, 65% used [0x00000005cd000000,0x000000065602c148,0x000000069f100000)
 Metaspace       used 26820K, capacity 28039K, committed 28416K, reserved 1075200K
  class space    used 2681K, capacity 2950K, committed 3072K, reserved 1048576K
Event: 31.204 GC heap after
Heap after GC invocations=28 (full 5):
 PSYoungGen      total 1024512K, used 14071K [0x0000000719b00000, 0x00000007a6e00000, 0x00000007c0000000)
  eden space 1010176K, 0% used [0x0000000719b00000,0x0000000719b00000,0x0000000757580000)
  from space 14336K, 98% used [0x0000000757580000,0x000000075833ddd0,0x0000000758380000)
  to   space 644096K, 0% used [0x000000077f900000,0x000000077f900000,0x00000007a6e00000)
 ParOldGen       total 3441664K, used 2244784K [0x00000005cd000000, 0x000000069f100000, 0x0000000719b00000)
  object space 3441664K, 65% used [0x00000005cd000000,0x000000065602c148,0x000000069f100000)
 Metaspace       used 26820K, capacity 28039K, committed 28416K, reserved 1075200K
  class space    used 2681K, capacity 2950K, committed 3072K, reserved 1048576K
}
Event: 32.829 GC heap before
{Heap before GC invocations=29 (full 5):
 PSYoungGen      total 1024512K, used 1024247K [0x0000000719b00000, 0x00000007a6e00000, 0x00000007c0000000)
  eden space 1010176K, 100% used [0x0000000719b00000,0x0000000757580000,0x0000000757580000)
  from space 14336K, 98% used [0x0000000757580000,0x000000075833ddd0,0x0000000758380000)
  to   space 644096K, 0% used [0x000000077f900000,0x000000077f900000,0x00000007a6e00000)
 ParOldGen       total 3441664K, used 2244784K [0x00000005cd000000, 0x000000069f100000, 0x0000000719b00000)
  object space 3441664K, 65% used [0x00000005cd000000,0x000000065602c148,0x000000069f100000)
 Metaspace       used 27316K, capacity 28577K, committed 28672K, reserved 1075200K
  class space    used 2722K, capacity 3021K, committed 3072K, reserved 1048576K
Event: 32.857 GC heap after
Heap after GC invocations=29 (full 5):
 PSYoungGen      total 1589248K, used 48060K [0x0000000719b00000, 0x00000007a1f00000, 0x00000007c0000000)
  eden space 1026048K, 0% used [0x0000000719b00000,0x0000000719b00000,0x0000000758500000)
  from space 563200K, 8% used [0x000000077f900000,0x00000007827ef028,0x00000007a1f00000)
  to   space 603136K, 0% used [0x0000000758500000,0x0000000758500000,0x000000077d200000)
 ParOldGen       total 3441664K, used 2244792K [0x00000005cd000000, 0x000000069f100000, 0x0000000719b00000)
  object space 3441664K, 65% used [0x00000005cd000000,0x000000065602e148,0x000000069f100000)
 Metaspace       used 27316K, capacity 28577K, committed 28672K, reserved 1075200K
  class space    used 2722K, capacity 3021K, committed 3072K, reserved 1048576K
}
Event: 33.252 GC heap before
{Heap before GC invocations=30 (full 5):
 PSYoungGen      total 1589248K, used 1074108K [0x0000000719b00000, 0x00000007a1f00000, 0x00000007c0000000)
  eden space 1026048K, 100% used [0x0000000719b00000,0x0000000758500000,0x0000000758500000)
  from space 563200K, 8% used [0x000000077f900000,0x00000007827ef028,0x00000007a1f00000)
  to   space 603136K, 0% used [0x0000000758500000,0x0000000758500000,0x000000077d200000)
 ParOldGen       total 3441664K, used 2244792K [0x00000005cd000000, 0x000000069f100000, 0x0000000719b00000)
  object space 3441664K, 65% used [0x00000005cd000000,0x000000065602e148,0x000000069f100000)
 Metaspace       used 27321K, capacity 28577K, committed 28672K, reserved 1075200K
  class space    used 2722K, capacity 3021K, committed 3072K, reserved 1048576K
Event: 33.274 GC heap after
Heap after GC invocations=30 (full 5):
 PSYoungGen      total 1074176K, used 47820K [0x0000000719b00000, 0x000000079e800000, 0x00000007c0000000)
  eden space 1026048K, 0% used [0x0000000719b00000,0x0000000719b00000,0x0000000758500000)
  from space 48128K, 99% used [0x0000000758500000,0x000000075b3b3038,0x000000075b400000)
  to   space 564736K, 0% used [0x000000077c080000,0x000000077c080000,0x000000079e800000)
 ParOldGen       total 3441664K, used 2244792K [0x00000005cd000000, 0x000000069f100000, 0x0000000719b00000)
  object space 3441664K, 65% used [0x00000005cd000000,0x000000065602e148,0x000000069f100000)
 Metaspace       used 27321K, capacity 28577K, committed 28672K, reserved 1075200K
  class space    used 2722K, capacity 3021K, committed 3072K, reserved 1048576K
}
Event: 33.617 GC heap before
{Heap before GC invocations=31 (full 5):
 PSYoungGen      total 1074176K, used 1073868K [0x0000000719b00000, 0x000000079e800000, 0x00000007c0000000)
  eden space 1026048K, 100% used [0x0000000719b00000,0x0000000758500000,0x0000000758500000)
  from space 48128K, 99% used [0x0000000758500000,0x000000075b3b3038,0x000000075b400000)
  to   space 564736K, 0% used [0x000000077c080000,0x000000077c080000,0x000000079e800000)
 ParOldGen       total 3441664K, used 2244792K [0x00000005cd000000, 0x000000069f100000, 0x0000000719b00000)
  object space 3441664K, 65% used [0x00000005cd000000,0x000000065602e148,0x000000069f100000)
 Metaspace       used 27326K, capacity 28577K, committed 28672K, reserved 1075200K
  class space    used 2722K, capacity 3021K, committed 3072K, reserved 1048576K
Event: 33.638 GC heap after
Heap after GC invocations=31 (full 5):
 PSYoungGen      total 1548800K, used 47900K [0x0000000719b00000, 0x000000079a600000, 0x00000007c0000000)
  eden space 1051648K, 0% used [0x0000000719b00000,0x0000000719b00000,0x0000000759e00000)
  from space 497152K, 9% used [0x000000077c080000,0x000000077ef47028,0x000000079a600000)
  to   space 528384K, 0% used [0x0000000759e00000,0x0000000759e00000,0x000000077a200000)
 ParOldGen       total 3441664K, used 2244800K [0x00000005cd000000, 0x000000069f100000, 0x0000000719b00000)
  object space 3441664K, 65% used [0x00000005cd000000,0x0000000656030148,0x000000069f100000)
 Metaspace       used 27326K, capacity 28577K, committed 28672K, reserved 1075200K
  class space    used 2722K, capacity 3021K, committed 3072K, reserved 1048576K
}
Event: 34.032 GC heap before
{Heap before GC invocations=32 (full 5):
 PSYoungGen      total 1548800K, used 1099548K [0x0000000719b00000, 0x000000079a600000, 0x00000007c0000000)
  eden space 1051648K, 100% used [0x0000000719b00000,0x0000000759e00000,0x0000000759e00000)
  from space 497152K, 9% used [0x000000077c080000,0x000000077ef47028,0x000000079a600000)
  to   space 528384K, 0% used [0x0000000759e00000,0x0000000759e00000,0x000000077a200000)
 ParOldGen       total 3441664K, used 2244800K [0x00000005cd000000, 0x000000069f100000, 0x0000000719b00000)
  object space 3441664K, 65% used [0x00000005cd000000,0x0000000656030148,0x000000069f100000)
 Metaspace       used 27327K, capacity 28577K, committed 28672K, reserved 1075200K
  class space    used 2722K, capacity 3021K, committed 3072K, reserved 1048576K
Event: 34.049 GC heap after
Heap after GC invocations=32 (full 5):
 PSYoungGen      total 1099264K, used 47413K [0x0000000719b00000, 0x0000000797e80000, 0x00000007c0000000)
  eden space 1051648K, 0% used [0x0000000719b00000,0x0000000719b00000,0x0000000759e00000)
  from space 47616K, 99% used [0x0000000759e00000,0x000000075cc4d5a8,0x000000075cc80000)
  to   space 494080K, 0% used [0x0000000779c00000,0x0000000779c00000,0x0000000797e80000)
 ParOldGen       total 3441664K, used 2244800K [0x00000005cd000000, 0x000000069f100000, 0x0000000719b00000)
  object space 3441664K, 65% used [0x00000005cd000000,0x0000000656030148,0x000000069f100000)
 Metaspace       used 27327K, capacity 28577K, committed 28672K, reserved 1075200K
  class space    used 2722K, capacity 3021K, committed 3072K, reserved 1048576K
}
Event: 34.419 GC heap before
{Heap before GC invocations=33 (full 5):
 PSYoungGen      total 1099264K, used 1099061K [0x0000000719b00000, 0x0000000797e80000, 0x00000007c0000000)
  eden space 1051648K, 100% used [0x0000000719b00000,0x0000000759e00000,0x0000000759e00000)
  from space 47616K, 99% used [0x0000000759e00000,0x000000075cc4d5a8,0x000000075cc80000)
  to   space 494080K, 0% used [0x0000000779c00000,0x0000000779c00000,0x0000000797e80000)
 ParOldGen       total 3441664K, used 2244800K [0x00000005cd000000, 0x000000069f100000, 0x0000000719b00000)
  object space 3441664K, 65% used [0x00000005cd000000,0x0000000656030148,0x000000069f100000)
 Metaspace       used 27328K, capacity 28577K, committed 28672K, reserved 1075200K
  class space    used 2722K, capacity 3021K, committed 3072K, reserved 1048576K
Event: 34.438 GC heap after
Heap after GC invocations=33 (full 5):
 PSYoungGen      total 1517568K, used 44938K [0x0000000719b00000, 0x0000000794400000, 0x00000007c0000000)
  eden space 1083392K, 0% used [0x0000000719b00000,0x0000000719b00000,0x000000075bd00000)
  from space 434176K, 10% used [0x0000000779c00000,0x000000077c7e2968,0x0000000794400000)
  to   space 462336K, 0% used [0x000000075bd00000,0x000000075bd00000,0x0000000778080000)
 ParOldGen       total 3441664K, used 2244808K [0x00000005cd000000, 0x000000069f100000, 0x0000000719b00000)
  object space 3441664K, 65% used [0x00000005cd000000,0x0000000656032148,0x000000069f100000)
 Metaspace       used 27328K, capacity 28577K, committed 28672K, reserved 1075200K
  class space    used 2722K, capacity 3021K, committed 3072K, reserved 1048576K
}
Event: 34.800 GC heap before
{Heap before GC invocations=34 (full 5):
 PSYoungGen      total 1517568K, used 1128330K [0x0000000719b00000, 0x0000000794400000, 0x00000007c0000000)
  eden space 1083392K, 100% used [0x0000000719b00000,0x000000075bd00000,0x000000075bd00000)
  from space 434176K, 10% used [0x0000000779c00000,0x000000077c7e2968,0x0000000794400000)
  to   space 462336K, 0% used [0x000000075bd00000,0x000000075bd00000,0x0000000778080000)
 ParOldGen       total 3441664K, used 2244808K [0x00000005cd000000, 0x000000069f100000, 0x0000000719b00000)
  object space 3441664K, 65% used [0x00000005cd000000,0x0000000656032148,0x000000069f100000)
 Metaspace       used 27332K, capacity 28641K, committed 28928K, reserved 1075200K
  class space    used 2722K, capacity 3021K, committed 3072K, reserved 1048576K
Event: 34.827 GC heap after
Heap after GC invocations=34 (full 5):
 PSYoungGen      total 1545728K, used 47868K [0x0000000719b00000, 0x0000000793300000, 0x00000007c0000000)
  eden space 1083392K, 0% used [0x0000000719b00000,0x0000000719b00000,0x000000075bd00000)
  from space 462336K, 10% used [0x000000075bd00000,0x000000075ebbf028,0x0000000778080000)
  to   space 431616K, 0% used [0x0000000778d80000,0x0000000778d80000,0x0000000793300000)
 ParOldGen       total 3441664K, used 2244816K [0x00000005cd000000, 0x000000069f100000, 0x0000000719b00000)
  object space 3441664K, 65% used [0x00000005cd000000,0x0000000656034148,0x000000069f100000)
 Metaspace       used 27332K, capacity 28641K, committed 28928K, reserved 1075200K
  class space    used 2722K, capacity 3021K, committed 3072K, reserved 1048576K
}
Event: 35.213 GC heap before
{Heap before GC invocations=35 (full 5):
 PSYoungGen      total 1545728K, used 1131260K [0x0000000719b00000, 0x0000000793300000, 0x00000007c0000000)
  eden space 1083392K, 100% used [0x0000000719b00000,0x000000075bd00000,0x000000075bd00000)
  from space 462336K, 10% used [0x000000075bd00000,0x000000075ebbf028,0x0000000778080000)
  to   space 431616K, 0% used [0x0000000778d80000,0x0000000778d80000,0x0000000793300000)
 ParOldGen       total 3441664K, used 2244816K [0x00000005cd000000, 0x000000069f100000, 0x0000000719b00000)
  object space 3441664K, 65% used [0x00000005cd000000,0x0000000656034148,0x000000069f100000)
 Metaspace       used 27337K, capacity 28641K, committed 28928K, reserved 1075200K
  class space    used 2722K, capacity 3021K, committed 3072K, reserved 1048576K
Event: 35.229 GC heap after
Heap after GC invocations=35 (full 5):
 PSYoungGen      total 1503744K, used 31186K [0x0000000719b00000, 0x000000078ff00000, 0x00000007c0000000)
  eden space 1125376K, 0% used [0x0000000719b00000,0x0000000719b00000,0x000000075e600000)
  from space 378368K, 8% used [0x0000000778d80000,0x000000077abf4b98,0x000000078ff00000)
  to   space 406016K, 0% used [0x000000075e600000,0x000000075e600000,0x0000000777280000)
 ParOldGen       total 3441664K, used 2258354K [0x00000005cd000000, 0x000000069f100000, 0x0000000719b00000)
  object space 3441664K, 65% used [0x00000005cd000000,0x0000000656d6cad0,0x000000069f100000)
 Metaspace       used 27337K, capacity 28641K, committed 28928K, reserved 1075200K
  class space    used 2722K, capacity 3021K, committed 3072K, reserved 1048576K
}
Event: 35.636 GC heap before
{Heap before GC invocations=36 (full 5):
 PSYoungGen      total 1503744K, used 1156562K [0x0000000719b00000, 0x000000078ff00000, 0x00000007c0000000)
  eden space 1125376K, 100% used [0x0000000719b00000,0x000000075e600000,0x000000075e600000)
  from space 378368K, 8% used [0x0000000778d80000,0x000000077abf4b98,0x000000078ff00000)
  to   space 406016K, 0% used [0x000000075e600000,0x000000075e600000,0x0000000777280000)
 ParOldGen       total 3441664K, used 2258354K [0x00000005cd000000, 0x000000069f100000, 0x0000000719b00000)
  object space 3441664K, 65% used [0x00000005cd000000,0x0000000656d6cad0,0x000000069f100000)
 Metaspace       used 27344K, capacity 28641K, committed 28928K, reserved 1075200K
  class space    used 2722K, capacity 3021K, committed 3072K, reserved 1048576K
Event: 35.657 GC heap after
Heap after GC invocations=36 (full 5):
 PSYoungGen      total 1531392K, used 34444K [0x0000000719b00000, 0x000000078fc80000, 0x00000007c0000000)
  eden space 1125376K, 0% used [0x0000000719b00000,0x0000000719b00000,0x000000075e600000)
  from space 406016K, 8% used [0x000000075e600000,0x00000007607a3268,0x0000000777280000)
  to   space 380928K, 0% used [0x0000000778880000,0x0000000778880000,0x000000078fc80000)
 ParOldGen       total 3441664K, used 2258458K [0x00000005cd000000, 0x000000069f100000, 0x0000000719b00000)
  object space 3441664K, 65% used [0x00000005cd000000,0x0000000656d86ad0,0x000000069f100000)
 Metaspace       used 27344K, capacity 28641K, committed 28928K, reserved 1075200K
  class space    used 2722K, capacity 3021K, committed 3072K, reserved 1048576K
}
Event: 36.080 GC heap before
{Heap before GC invocations=37 (full 5):
 PSYoungGen      total 1531392K, used 1159820K [0x0000000719b00000, 0x000000078fc80000, 0x00000007c0000000)
  eden space 1125376K, 100% used [0x0000000719b00000,0x000000075e600000,0x000000075e600000)
  from space 406016K, 8% used [0x000000075e600000,0x00000007607a3268,0x0000000777280000)
  to   space 380928K, 0% used [0x0000000778880000,0x0000000778880000,0x000000078fc80000)
 ParOldGen       total 3441664K, used 2258458K [0x00000005cd000000, 0x000000069f100000, 0x0000000719b00000)
  object space 3441664K, 65% used [0x00000005cd000000,0x0000000656d86ad0,0x000000069f100000)
 Metaspace       used 27348K, capacity 28641K, committed 28928K, reserved 1075200K
  class space    used 2722K, capacity 3021K, committed 3072K, reserved 1048576K
Event: 36.091 GC heap after
Heap after GC invocations=37 (full 5):
 PSYoungGen      total 1495552K, used 31466K [0x0000000719b00000, 0x000000078c980000, 0x00000007c0000000)
  eden space 1166848K, 0% used [0x0000000719b00000,0x0000000719b00000,0x0000000760e80000)
  from space 328704K, 9% used [0x0000000778880000,0x000000077a73abb8,0x000000078c980000)
  to   space 357888K, 0% used [0x0000000760e80000,0x0000000760e80000,0x0000000776c00000)
 ParOldGen       total 3441664K, used 2258522K [0x00000005cd000000, 0x000000069f100000, 0x0000000719b00000)
  object space 3441664K, 65% used [0x00000005cd000000,0x0000000656d96ad0,0x000000069f100000)
 Metaspace       used 27348K, capacity 28641K, committed 28928K, reserved 1075200K
  class space    used 2722K, capacity 3021K, committed 3072K, reserved 1048576K
}
Event: 36.526 GC heap before
{Heap before GC invocations=38 (full 5):
 PSYoungGen      total 1495552K, used 1198314K [0x0000000719b00000, 0x000000078c980000, 0x00000007c0000000)
  eden space 1166848K, 100% used [0x0000000719b00000,0x0000000760e80000,0x0000000760e80000)
  from space 328704K, 9% used [0x0000000778880000,0x000000077a73abb8,0x000000078c980000)
  to   space 357888K, 0% used [0x0000000760e80000,0x0000000760e80000,0x0000000776c00000)
 ParOldGen       total 3441664K, used 2258522K [0x00000005cd000000, 0x000000069f100000, 0x0000000719b00000)
  object space 3441664K, 65% used [0x00000005cd000000,0x0000000656d96ad0,0x000000069f100000)
 Metaspace       used 27363K, capacity 28641K, committed 28928K, reserved 1075200K
  class space    used 2722K, capacity 3021K, committed 3072K, reserved 1048576K
Event: 36.535 GC heap after
Heap after GC invocations=38 (full 5):
 PSYoungGen      total 1524736K, used 31450K [0x0000000719b00000, 0x000000078be80000, 0x00000007c0000000)
  eden space 1166848K, 0% used [0x0000000719b00000,0x0000000719b00000,0x0000000760e80000)
  from space 357888K, 8% used [0x0000000760e80000,0x0000000762d36ba8,0x0000000776c00000)
  to   space 335872K, 0% used [0x0000000777680000,0x0000000777680000,0x000000078be80000)
 ParOldGen       total 3441664K, used 2258586K [0x00000005cd000000, 0x000000069f100000, 0x0000000719b00000)
  object space 3441664K, 65% used [0x00000005cd000000,0x0000000656da6ad0,0x000000069f100000)
 Metaspace       used 27363K, capacity 28641K, committed 28928K, reserved 1075200K
  class space    used 2722K, capacity 3021K, committed 3072K, reserved 1048576K
}
Event: 36.965 GC heap before
{Heap before GC invocations=39 (full 5):
 PSYoungGen      total 1524736K, used 1198298K [0x0000000719b00000, 0x000000078be80000, 0x00000007c0000000)
  eden space 1166848K, 100% used [0x0000000719b00000,0x0000000760e80000,0x0000000760e80000)
  from space 357888K, 8% used [0x0000000760e80000,0x0000000762d36ba8,0x0000000776c00000)
  to   space 335872K, 0% used [0x0000000777680000,0x0000000777680000,0x000000078be80000)
 ParOldGen       total 3441664K, used 2258586K [0x00000005cd000000, 0x000000069f100000, 0x0000000719b00000)
  object space 3441664K, 65% used [0x00000005cd000000,0x0000000656da6ad0,0x000000069f100000)
 Metaspace       used 27363K, capacity 28641K, committed 28928K, reserved 1075200K
  class space    used 2722K, capacity 3021K, committed 3072K, reserved 1048576K
Event: 36.992 GC heap after
Heap after GC invocations=39 (full 5):
 PSYoungGen      total 1504768K, used 34444K [0x0000000719b00000, 0x0000000789a80000, 0x00000007c0000000)
  eden space 1205760K, 0% used [0x0000000719b00000,0x0000000719b00000,0x0000000763480000)
  from space 299008K, 11% used [0x0000000777680000,0x0000000779823268,0x0000000789a80000)
  to   space 314368K, 0% used [0x0000000763480000,0x0000000763480000,0x0000000776780000)
 ParOldGen       total 3441664K, used 2258666K [0x00000005cd000000, 0x000000069f100000, 0x0000000719b00000)
  object space 3441664K, 65% used [0x00000005cd000000,0x0000000656dbaad0,0x000000069f100000)
 Metaspace       used 27363K, capacity 28641K, committed 28928K, reserved 1075200K
  class space    used 2722K, capacity 3021K, committed 3072K, reserved 1048576K
}
Event: 37.958 GC heap before
{Heap before GC invocations=40 (full 5):
 PSYoungGen      total 1504768K, used 1240204K [0x0000000719b00000, 0x0000000789a80000, 0x00000007c0000000)
  eden space 1205760K, 100% used [0x0000000719b00000,0x0000000763480000,0x0000000763480000)
  from space 299008K, 11% used [0x0000000777680000,0x0000000779823268,0x0000000789a80000)
  to   space 314368K, 0% used [0x0000000763480000,0x0000000763480000,0x0000000776780000)
 ParOldGen       total 3441664K, used 2258666K [0x00000005cd000000, 0x000000069f100000, 0x0000000719b00000)
  object space 3441664K, 65% used [0x00000005cd000000,0x0000000656dbaad0,0x000000069f100000)
 Metaspace       used 27363K, capacity 28641K, committed 28928K, reserved 1075200K
  class space    used 2722K, capacity 3021K, committed 3072K, reserved 1048576K
Event: 37.978 GC heap after
Heap after GC invocations=40 (full 5):
 PSYoungGen      total 1520128K, used 31912K [0x0000000719b00000, 0x0000000789700000, 0x00000007c0000000)
  eden space 1205760K, 0% used [0x0000000719b00000,0x0000000719b00000,0x0000000763480000)
  from space 314368K, 10% used [0x0000000763480000,0x00000007653aa268,0x0000000776780000)
  to   space 294400K, 0% used [0x0000000777780000,0x0000000777780000,0x0000000789700000)
 ParOldGen       total 3441664K, used 2258738K [0x00000005cd000000, 0x000000069f100000, 0x0000000719b00000)
  object space 3441664K, 65% used [0x00000005cd000000,0x0000000656dccad0,0x000000069f100000)
 Metaspace       used 27363K, capacity 28641K, committed 28928K, reserved 1075200K
  class space    used 2722K, capacity 3021K, committed 3072K, reserved 1048576K
}
Event: 38.370 GC heap before
{Heap before GC invocations=41 (full 5):
 PSYoungGen      total 1520128K, used 1237672K [0x0000000719b00000, 0x0000000789700000, 0x00000007c0000000)
  eden space 1205760K, 100% used [0x0000000719b00000,0x0000000763480000,0x0000000763480000)
  from space 314368K, 10% used [0x0000000763480000,0x00000007653aa268,0x0000000776780000)
  to   space 294400K, 0% used [0x0000000777780000,0x0000000777780000,0x0000000789700000)
 ParOldGen       total 3441664K, used 2258738K [0x00000005cd000000, 0x000000069f100000, 0x0000000719b00000)
  object space 3441664K, 65% used [0x00000005cd000000,0x0000000656dccad0,0x000000069f100000)
 Metaspace       used 27363K, capacity 28641K, committed 28928K, reserved 1075200K
  class space    used 2722K, capacity 3021K, committed 3072K, reserved 1048576K
Event: 38.386 GC heap after
Heap after GC invocations=41 (full 5):
 PSYoungGen      total 1498624K, used 31450K [0x0000000719b00000, 0x0000000787280000, 0x00000007c0000000)
  eden space 1241600K, 0% used [0x0000000719b00000,0x0000000719b00000,0x0000000765780000)
  from space 257024K, 12% used [0x0000000777780000,0x0000000779636ba8,0x0000000787280000)
  to   space 275968K, 0% used [0x0000000765780000,0x0000000765780000,0x0000000776500000)
 ParOldGen       total 3441664K, used 2258834K [0x00000005cd000000, 0x000000069f100000, 0x0000000719b00000)
  object space 3441664K, 65% used [0x00000005cd000000,0x0000000656de4ad0,0x000000069f100000)
 Metaspace       used 27363K, capacity 28641K, committed 28928K, reserved 1075200K
  class space    used 2722K, capacity 3021K, committed 3072K, reserved 1048576K
}
Event: 38.793 GC heap before
{Heap before GC invocations=42 (full 5):
 PSYoungGen      total 1498624K, used 1273050K [0x0000000719b00000, 0x0000000787280000, 0x00000007c0000000)
  eden space 1241600K, 100% used [0x0000000719b00000,0x0000000765780000,0x0000000765780000)
  from space 257024K, 12% used [0x0000000777780000,0x0000000779636ba8,0x0000000787280000)
  to   space 275968K, 0% used [0x0000000765780000,0x0000000765780000,0x0000000776500000)
 ParOldGen       total 3441664K, used 2258834K [0x00000005cd000000, 0x000000069f100000, 0x0000000719b00000)
  object space 3441664K, 65% used [0x00000005cd000000,0x0000000656de4ad0,0x000000069f100000)
 Metaspace       used 27363K, capacity 28641K, committed 28928K, reserved 1075200K
  class space    used 2722K, capacity 3021K, committed 3072K, reserved 1048576K
Event: 38.804 GC heap after
Heap after GC invocations=42 (full 5):
 PSYoungGen      total 1517568K, used 33702K [0x0000000719b00000, 0x0000000787280000, 0x00000007c0000000)
  eden space 1241600K, 0% used [0x0000000719b00000,0x0000000719b00000,0x0000000765780000)
  from space 275968K, 12% used [0x0000000765780000,0x00000007678699a8,0x0000000776500000)
  to   space 258048K, 0% used [0x0000000777680000,0x0000000777680000,0x0000000787280000)
 ParOldGen       total 3441664K, used 2258890K [0x00000005cd000000, 0x000000069f100000, 0x0000000719b00000)
  object space 3441664K, 65% used [0x00000005cd000000,0x0000000656df2ad0,0x000000069f100000)
 Metaspace       used 27363K, capacity 28641K, committed 28928K, reserved 1075200K
  class space    used 2722K, capacity 3021K, committed 3072K, reserved 1048576K
}
Event: 39.192 GC heap before
{Heap before GC invocations=43 (full 5):
 PSYoungGen      total 1517568K, used 1275302K [0x0000000719b00000, 0x0000000787280000, 0x00000007c0000000)
  eden space 1241600K, 100% used [0x0000000719b00000,0x0000000765780000,0x0000000765780000)
  from space 275968K, 12% used [0x0000000765780000,0x00000007678699a8,0x0000000776500000)
  to   space 258048K, 0% used [0x0000000777680000,0x0000000777680000,0x0000000787280000)
 ParOldGen       total 3441664K, used 2258890K [0x00000005cd000000, 0x000000069f100000, 0x0000000719b00000)
  object space 3441664K, 65% used [0x00000005cd000000,0x0000000656df2ad0,0x000000069f100000)
 Metaspace       used 27363K, capacity 28641K, committed 28928K, reserved 1075200K
  class space    used 2722K, capacity 3021K, committed 3072K, reserved 1048576K
Event: 39.205 GC heap after
Heap after GC invocations=43 (full 5):
 PSYoungGen      total 1495552K, used 31482K [0x0000000719b00000, 0x0000000784f00000, 0x00000007c0000000)
  eden space 1273856K, 0% used [0x0000000719b00000,0x0000000719b00000,0x0000000767700000)
  from space 221696K, 14% used [0x0000000777680000,0x000000077953eba8,0x0000000784f00000)
  to   space 241664K, 0% used [0x0000000767700000,0x0000000767700000,0x0000000776300000)
 ParOldGen       total 3441664K, used 2258954K [0x00000005cd000000, 0x000000069f100000, 0x0000000719b00000)
  object space 3441664K, 65% used [0x00000005cd000000,0x0000000656e02ad0,0x000000069f100000)
 Metaspace       used 27363K, capacity 28641K, committed 28928K, reserved 1075200K
  class space    used 2722K, capacity 3021K, committed 3072K, reserved 1048576K
}
Event: 39.601 GC heap before
{Heap before GC invocations=44 (full 5):
 PSYoungGen      total 1495552K, used 1305338K [0x0000000719b00000, 0x0000000784f00000, 0x00000007c0000000)
  eden space 1273856K, 100% used [0x0000000719b00000,0x0000000767700000,0x0000000767700000)
  from space 221696K, 14% used [0x0000000777680000,0x000000077953eba8,0x0000000784f00000)
  to   space 241664K, 0% used [0x0000000767700000,0x0000000767700000,0x0000000776300000)
 ParOldGen       total 3441664K, used 2258954K [0x00000005cd000000, 0x000000069f100000, 0x0000000719b00000)
  object space 3441664K, 65% used [0x00000005cd000000,0x0000000656e02ad0,0x000000069f100000)
 Metaspace       used 27363K, capacity 28641K, committed 28928K, reserved 1075200K
  class space    used 2722K, capacity 3021K, committed 3072K, reserved 1048576K
Event: 39.612 GC heap after
Heap after GC invocations=44 (full 5):
 PSYoungGen      total 1515520K, used 4322K [0x0000000719b00000, 0x0000000785a80000, 0x00000007c0000000)
  eden space 1273856K, 0% used [0x0000000719b00000,0x0000000719b00000,0x0000000767700000)
  from space 241664K, 1% used [0x0000000767700000,0x0000000767b38918,0x0000000776300000)
  to   space 230912K, 0% used [0x0000000777900000,0x0000000777900000,0x0000000785a80000)
 ParOldGen       total 3441664K, used 2288882K [0x00000005cd000000, 0x000000069f100000, 0x0000000719b00000)
  object space 3441664K, 66% used [0x00000005cd000000,0x0000000658b3cba0,0x000000069f100000)
 Metaspace       used 27363K, capacity 28641K, committed 28928K, reserved 1075200K
  class space    used 2722K, capacity 3021K, committed 3072K, reserved 1048576K
}
Event: 40.020 GC heap before
{Heap before GC invocations=45 (full 5):
 PSYoungGen      total 1515520K, used 1278178K [0x0000000719b00000, 0x0000000785a80000, 0x00000007c0000000)
  eden space 1273856K, 100% used [0x0000000719b00000,0x0000000767700000,0x0000000767700000)
  from space 241664K, 1% used [0x0000000767700000,0x0000000767b38918,0x0000000776300000)
  to   space 230912K, 0% used [0x0000000777900000,0x0000000777900000,0x0000000785a80000)
 ParOldGen       total 3441664K, used 2288882K [0x00000005cd000000, 0x000000069f100000, 0x0000000719b00000)
  object space 3441664K, 66% used [0x00000005cd000000,0x0000000658b3cba0,0x000000069f100000)
 Metaspace       used 27363K, capacity 28641K, committed 28928K, reserved 1075200K
  class space    used 2722K, capacity 3021K, committed 3072K, reserved 1048576K
Event: 40.026 GC heap after
Heap after GC invocations=45 (full 5):
 PSYoungGen      total 1506304K, used 3812K [0x0000000719b00000, 0x0000000784080000, 0x00000007c0000000)
  eden space 1302016K, 0% used [0x0000000719b00000,0x0000000719b00000,0x0000000769280000)
  from space 204288K, 1% used [0x0000000777900000,0x0000000777cb9068,0x0000000784080000)
  to   space 220160K, 0% used [0x0000000769280000,0x0000000769280000,0x0000000776980000)
 ParOldGen       total 3441664K, used 2288946K [0x00000005cd000000, 0x000000069f100000, 0x0000000719b00000)
  object space 3441664K, 66% used [0x00000005cd000000,0x0000000658b4cba0,0x000000069f100000)
 Metaspace       used 27363K, capacity 28641K, committed 28928K, reserved 1075200K
  class space    used 2722K, capacity 3021K, committed 3072K, reserved 1048576K
}
Event: 40.433 GC heap before
{Heap before GC invocations=46 (full 5):
 PSYoungGen      total 1506304K, used 1305828K [0x0000000719b00000, 0x0000000784080000, 0x00000007c0000000)
  eden space 1302016K, 100% used [0x0000000719b00000,0x0000000769280000,0x0000000769280000)
  from space 204288K, 1% used [0x0000000777900000,0x0000000777cb9068,0x0000000784080000)
  to   space 220160K, 0% used [0x0000000769280000,0x0000000769280000,0x0000000776980000)
 ParOldGen       total 3441664K, used 2288946K [0x00000005cd000000, 0x000000069f100000, 0x0000000719b00000)
  object space 3441664K, 66% used [0x00000005cd000000,0x0000000658b4cba0,0x000000069f100000)
 Metaspace       used 27363K, capacity 28641K, committed 28928K, reserved 1075200K
  class space    used 2722K, capacity 3021K, committed 3072K, reserved 1048576K
Event: 40.447 GC heap after
Heap after GC invocations=46 (full 5):
 PSYoungGen      total 1522176K, used 4682K [0x0000000719b00000, 0x0000000784600000, 0x00000007c0000000)
  eden space 1302016K, 0% used [0x0000000719b00000,0x0000000719b00000,0x0000000769280000)
  from space 220160K, 2% used [0x0000000769280000,0x0000000769712928,0x0000000776980000)
  to   space 208896K, 0% used [0x0000000777a00000,0x0000000777a00000,0x0000000784600000)
 ParOldGen       total 3441664K, used 2288986K [0x00000005cd000000, 0x000000069f100000, 0x0000000719b00000)
  object space 3441664K, 66% used [0x00000005cd000000,0x0000000658b56ba0,0x000000069f100000)
 Metaspace       used 27363K, capacity 28641K, committed 28928K, reserved 1075200K
  class space    used 2722K, capacity 3021K, committed 3072K, reserved 1048576K
}
Event: 40.856 GC heap before
{Heap before GC invocations=47 (full 5):
 PSYoungGen      total 1522176K, used 1306698K [0x0000000719b00000, 0x0000000784600000, 0x00000007c0000000)
  eden space 1302016K, 100% used [0x0000000719b00000,0x0000000769280000,0x0000000769280000)
  from space 220160K, 2% used [0x0000000769280000,0x0000000769712928,0x0000000776980000)
  to   space 208896K, 0% used [0x0000000777a00000,0x0000000777a00000,0x0000000784600000)
 ParOldGen       total 3441664K, used 2288986K [0x00000005cd000000, 0x000000069f100000, 0x0000000719b00000)
  object space 3441664K, 66% used [0x00000005cd000000,0x0000000658b56ba0,0x000000069f100000)
 Metaspace       used 27364K, capacity 28641K, committed 28928K, reserved 1075200K
  class space    used 2722K, capacity 3021K, committed 3072K, reserved 1048576K
Event: 40.865 GC heap after
Heap after GC invocations=47 (full 5):
 PSYoungGen      total 1512448K, used 1688K [0x0000000719b00000, 0x0000000782f00000, 0x00000007c0000000)
  eden space 1327104K, 0% used [0x0000000719b00000,0x0000000719b00000,0x000000076ab00000)
  from space 185344K, 0% used [0x0000000777a00000,0x0000000777ba6268,0x0000000782f00000)
  to   space 198656K, 0% used [0x000000076ab00000,0x000000076ab00000,0x0000000776d00000)
 ParOldGen       total 3441664K, used 2289018K [0x00000005cd000000, 0x000000069f100000, 0x0000000719b00000)
  object space 3441664K, 66% used [0x00000005cd000000,0x0000000658b5eba0,0x000000069f100000)
 Metaspace       used 27364K, capacity 28641K, committed 28928K, reserved 1075200K
  class space    used 2722K, capacity 3021K, committed 3072K, reserved 1048576K
}
Event: 41.312 GC heap before
{Heap before GC invocations=48 (full 5):
 PSYoungGen      total 1512448K, used 1328792K [0x0000000719b00000, 0x0000000782f00000, 0x00000007c0000000)
  eden space 1327104K, 100% used [0x0000000719b00000,0x000000076ab00000,0x000000076ab00000)
  from space 185344K, 0% used [0x0000000777a00000,0x0000000777ba6268,0x0000000782f00000)
  to   space 198656K, 0% used [0x000000076ab00000,0x000000076ab00000,0x0000000776d00000)
 ParOldGen       total 3441664K, used 2289018K [0x00000005cd000000, 0x000000069f100000, 0x0000000719b00000)
  object space 3441664K, 66% used [0x00000005cd000000,0x0000000658b5eba0,0x000000069f100000)
 Metaspace       used 27364K, capacity 28641K, committed 28928K, reserved 1075200K
  class space    used 2722K, capacity 3021K, committed 3072K, reserved 1048576K
Event: 41.318 GC heap after
Heap after GC invocations=48 (full 5):
 PSYoungGen      total 1525760K, used 4682K [0x0000000719b00000, 0x0000000782f80000, 0x00000007c0000000)
  eden space 1327104K, 0% used [0x0000000719b00000,0x0000000719b00000,0x000000076ab00000)
  from space 198656K, 2% used [0x000000076ab00000,0x000000076af92928,0x0000000776d00000)
  to   space 187392K, 0% used [0x0000000777880000,0x0000000777880000,0x0000000782f80000)
 ParOldGen       total 3441664K, used 2289074K [0x00000005cd000000, 0x000000069f100000, 0x0000000719b00000)
  object space 3441664K, 66% used [0x00000005cd000000,0x0000000658b6cba0,0x000000069f100000)
 Metaspace       used 27364K, capacity 28641K, committed 28928K, reserved 1075200K
  class space    used 2722K, capacity 3021K, committed 3072K, reserved 1048576K
}
Event: 42.349 GC heap before
{Heap before GC invocations=49 (full 5):
 PSYoungGen      total 1525760K, used 1331786K [0x0000000719b00000, 0x0000000782f80000, 0x00000007c0000000)
  eden space 1327104K, 100% used [0x0000000719b00000,0x000000076ab00000,0x000000076ab00000)
  from space 198656K, 2% used [0x000000076ab00000,0x000000076af92928,0x0000000776d00000)
  to   space 187392K, 0% used [0x0000000777880000,0x0000000777880000,0x0000000782f80000)
 ParOldGen       total 3441664K, used 2289074K [0x00000005cd000000, 0x000000069f100000, 0x0000000719b00000)
  object space 3441664K, 66% used [0x00000005cd000000,0x0000000658b6cba0,0x000000069f100000)
 Metaspace       used 27364K, capacity 28641K, committed 28928K, reserved 1075200K
  class space    used 2722K, capacity 3021K, committed 3072K, reserved 1048576K
Event: 42.362 GC heap after
Heap after GC invocations=49 (full 5):
 PSYoungGen      total 1510912K, used 4618K [0x0000000719b00000, 0x0000000781880000, 0x00000007c0000000)
  eden space 1347072K, 0% used [0x0000000719b00000,0x0000000719b00000,0x000000076be80000)
  from space 163840K, 2% used [0x0000000777880000,0x0000000777d02928,0x0000000781880000)
  to   space 177152K, 0% used [0x000000076be80000,0x000000076be80000,0x0000000776b80000)
 ParOldGen       total 3441664K, used 2289098K [0x00000005cd000000, 0x000000069f100000, 0x0000000719b00000)
  object space 3441664K, 66% used [0x00000005cd000000,0x0000000658b72ba0,0x000000069f100000)
 Metaspace       used 27364K, capacity 28641K, committed 28928K, reserved 1075200K
  class space    used 2722K, capacity 3021K, committed 3072K, reserved 1048576K
}
Event: 42.767 GC heap before
{Heap before GC invocations=50 (full 5):
 PSYoungGen      total 1510912K, used 1351690K [0x0000000719b00000, 0x0000000781880000, 0x00000007c0000000)
  eden space 1347072K, 100% used [0x0000000719b00000,0x000000076be80000,0x000000076be80000)
  from space 163840K, 2% used [0x0000000777880000,0x0000000777d02928,0x0000000781880000)
  to   space 177152K, 0% used [0x000000076be80000,0x000000076be80000,0x0000000776b80000)
 ParOldGen       total 3441664K, used 2289098K [0x00000005cd000000, 0x000000069f100000, 0x0000000719b00000)
  object space 3441664K, 66% used [0x00000005cd000000,0x0000000658b72ba0,0x000000069f100000)
 Metaspace       used 27364K, capacity 28641K, committed 28928K, reserved 1075200K
  class space    used 2722K, capacity 3021K, committed 3072K, reserved 1048576K
Event: 42.775 GC heap after
Heap after GC invocations=50 (full 5):
 PSYoungGen      total 1524224K, used 776K [0x0000000719b00000, 0x0000000781880000, 0x00000007c0000000)
  eden space 1347072K, 0% used [0x0000000719b00000,0x0000000719b00000,0x000000076be80000)
  from space 177152K, 0% used [0x000000076be80000,0x000000076bf42010,0x0000000776b80000)
  to   space 166912K, 0% used [0x0000000777580000,0x0000000777580000,0x0000000781880000)
 ParOldGen       total 3441664K, used 2289122K [0x00000005cd000000, 0x000000069f100000, 0x0000000719b00000)
  object space 3441664K, 66% used [0x00000005cd000000,0x0000000658b78ba0,0x000000069f100000)
 Metaspace       used 27364K, capacity 28641K, committed 28928K, reserved 1075200K
  class space    used 2722K, capacity 3021K, committed 3072K, reserved 1048576K
}
Event: 43.169 GC heap before
{Heap before GC invocations=51 (full 5):
 PSYoungGen      total 1524224K, used 1347848K [0x0000000719b00000, 0x0000000781880000, 0x00000007c0000000)
  eden space 1347072K, 100% used [0x0000000719b00000,0x000000076be80000,0x000000076be80000)
  from space 177152K, 0% used [0x000000076be80000,0x000000076bf42010,0x0000000776b80000)
  to   space 166912K, 0% used [0x0000000777580000,0x0000000777580000,0x0000000781880000)
 ParOldGen       total 3441664K, used 2289122K [0x00000005cd000000, 0x000000069f100000, 0x0000000719b00000)
  object space 3441664K, 66% used [0x00000005cd000000,0x0000000658b78ba0,0x000000069f100000)
 Metaspace       used 27364K, capacity 28641K, committed 28928K, reserved 1075200K
  class space    used 2722K, capacity 3021K, committed 3072K, reserved 1048576K
Event: 43.180 GC heap after
Heap after GC invocations=51 (full 5):
 PSYoungGen      total 1515008K, used 4291K [0x0000000719b00000, 0x0000000780580000, 0x00000007c0000000)
  eden space 1367552K, 0% used [0x0000000719b00000,0x0000000719b00000,0x000000076d280000)
  from space 147456K, 2% used [0x0000000777580000,0x00000007779b0ea8,0x0000000780580000)
  to   space 157184K, 0% used [0x000000076d280000,0x000000076d280000,0x0000000776c00000)
 ParOldGen       total 3441664K, used 2289146K [0x00000005cd000000, 0x000000069f100000, 0x0000000719b00000)
  object space 3441664K, 66% used [0x00000005cd000000,0x0000000658b7eba0,0x000000069f100000)
 Metaspace       used 27364K, capacity 28641K, committed 28928K, reserved 1075200K
  class space    used 2722K, capacity 3021K, committed 3072K, reserved 1048576K
}
Event: 43.588 GC heap before
{Heap before GC invocations=52 (full 5):
 PSYoungGen      total 1515008K, used 1371843K [0x0000000719b00000, 0x0000000780580000, 0x00000007c0000000)
  eden space 1367552K, 100% used [0x0000000719b00000,0x000000076d280000,0x000000076d280000)
  from space 147456K, 2% used [0x0000000777580000,0x00000007779b0ea8,0x0000000780580000)
  to   space 157184K, 0% used [0x000000076d280000,0x000000076d280000,0x0000000776c00000)
 ParOldGen       total 3441664K, used 2289146K [0x00000005cd000000, 0x000000069f100000, 0x0000000719b00000)
  object space 3441664K, 66% used [0x00000005cd000000,0x0000000658b7eba0,0x000000069f100000)
 Metaspace       used 27364K, capacity 28641K, committed 28928K, reserved 1075200K
  class space    used 2722K, capacity 3021K, committed 3072K, reserved 1048576K
Event: 43.596 GC heap after
Heap after GC invocations=52 (full 5):
 PSYoungGen      total 1524736K, used 1752K [0x0000000719b00000, 0x0000000780700000, 0x00000007c0000000)
  eden space 1367552K, 0% used [0x0000000719b00000,0x0000000719b00000,0x000000076d280000)
  from space 157184K, 1% used [0x000000076d280000,0x000000076d436268,0x0000000776c00000)
  to   space 147456K, 0% used [0x0000000777700000,0x0000000777700000,0x0000000780700000)
 ParOldGen       total 3441664K, used 2289210K [0x00000005cd000000, 0x000000069f100000, 0x0000000719b00000)
  object space 3441664K, 66% used [0x00000005cd000000,0x0000000658b8eba0,0x000000069f100000)
 Metaspace       used 27364K, capacity 28641K, committed 28928K, reserved 1075200K
  class space    used 2722K, capacity 3021K, committed 3072K, reserved 1048576K
}
Event: 43.993 GC heap before
{Heap before GC invocations=53 (full 5):
 PSYoungGen      total 1524736K, used 1369304K [0x0000000719b00000, 0x0000000780700000, 0x00000007c0000000)
  eden space 1367552K, 100% used [0x0000000719b00000,0x000000076d280000,0x000000076d280000)
  from space 157184K, 1% used [0x000000076d280000,0x000000076d436268,0x0000000776c00000)
  to   space 147456K, 0% used [0x0000000777700000,0x0000000777700000,0x0000000780700000)
 ParOldGen       total 3441664K, used 2289210K [0x00000005cd000000, 0x000000069f100000, 0x0000000719b00000)
  object space 3441664K, 66% used [0x00000005cd000000,0x0000000658b8eba0,0x000000069f100000)
 Metaspace       used 27364K, capacity 28641K, committed 28928K, reserved 1075200K
  class space    used 2722K, capacity 3021K, committed 3072K, reserved 1048576K
Event: 44.002 GC heap after
Heap after GC invocations=53 (full 5):
 PSYoungGen      total 1516544K, used 4650K [0x0000000719b00000, 0x000000077f480000, 0x00000007c0000000)
  eden space 1388032K, 0% used [0x0000000719b00000,0x0000000719b00000,0x000000076e680000)
  from space 128512K, 3% used [0x0000000777700000,0x0000000777b8a928,0x000000077f480000)
  to   space 138240K, 0% used [0x000000076e680000,0x000000076e680000,0x0000000776d80000)
 ParOldGen       total 3441664K, used 2289226K [0x00000005cd000000, 0x000000069f100000, 0x0000000719b00000)
  object space 3441664K, 66% used [0x00000005cd000000,0x0000000658b92ba0,0x000000069f100000)
 Metaspace       used 27364K, capacity 28641K, committed 28928K, reserved 1075200K
  class space    used 2722K, capacity 3021K, committed 3072K, reserved 1048576K
}
Event: 44.408 GC heap before
{Heap before GC invocations=54 (full 5):
 PSYoungGen      total 1516544K, used 1392682K [0x0000000719b00000, 0x000000077f480000, 0x00000007c0000000)
  eden space 1388032K, 100% used [0x0000000719b00000,0x000000076e680000,0x000000076e680000)
  from space 128512K, 3% used [0x0000000777700000,0x0000000777b8a928,0x000000077f480000)
  to   space 138240K, 0% used [0x000000076e680000,0x000000076e680000,0x0000000776d80000)
 ParOldGen       total 3441664K, used 2289226K [0x00000005cd000000, 0x000000069f100000, 0x0000000719b00000)
  object space 3441664K, 66% used [0x00000005cd000000,0x0000000658b92ba0,0x000000069f100000)
 Metaspace       used 27364K, capacity 28641K, committed 28928K, reserved 1075200K
  class space    used 2722K, capacity 3021K, committed 3072K, reserved 1048576K
Event: 44.413 GC heap after
Heap after GC invocations=54 (full 5):
 PSYoungGen      total 1526272K, used 4195K [0x0000000719b00000, 0x000000077f480000, 0x00000007c0000000)
  eden space 1388032K, 0% used [0x0000000719b00000,0x0000000719b00000,0x000000076e680000)
  from space 138240K, 3% used [0x000000076e680000,0x000000076ea98ea8,0x0000000776d80000)
  to   space 129024K, 0% used [0x0000000777680000,0x0000000777680000,0x000000077f480000)
 ParOldGen       total 3441664K, used 2289290K [0x00000005cd000000, 0x000000069f100000, 0x0000000719b00000)
  object space 3441664K, 66% used [0x00000005cd000000,0x0000000658ba2ba0,0x000000069f100000)
 Metaspace       used 27364K, capacity 28641K, committed 28928K, reserved 1075200K
  class space    used 2722K, capacity 3021K, committed 3072K, reserved 1048576K
}
Event: 44.812 GC heap before
{Heap before GC invocations=55 (full 5):
 PSYoungGen      total 1526272K, used 1392227K [0x0000000719b00000, 0x000000077f480000, 0x00000007c0000000)
  eden space 1388032K, 100% used [0x0000000719b00000,0x000000076e680000,0x000000076e680000)
  from space 138240K, 3% used [0x000000076e680000,0x000000076ea98ea8,0x0000000776d80000)
  to   space 129024K, 0% used [0x0000000777680000,0x0000000777680000,0x000000077f480000)
 ParOldGen       total 3441664K, used 2289290K [0x00000005cd000000, 0x000000069f100000, 0x0000000719b00000)
  object space 3441664K, 66% used [0x00000005cd000000,0x0000000658ba2ba0,0x000000069f100000)
 Metaspace       used 27364K, capacity 28641K, committed 28928K, reserved 1075200K
  class space    used 2722K, capacity 3021K, committed 3072K, reserved 1048576K
Event: 44.823 GC heap after
Heap after GC invocations=55 (full 5):
 PSYoungGen      total 1521152K, used 4682K [0x0000000719b00000, 0x000000077e580000, 0x00000007c0000000)
  eden space 1407488K, 0% used [0x0000000719b00000,0x0000000719b00000,0x000000076f980000)
  from space 113664K, 4% used [0x0000000777680000,0x0000000777b12928,0x000000077e580000)
  to   space 120832K, 0% used [0x000000076f980000,0x000000076f980000,0x0000000776f80000)
 ParOldGen       total 3441664K, used 2289354K [0x00000005cd000000, 0x000000069f100000, 0x0000000719b00000)
  object space 3441664K, 66% used [0x00000005cd000000,0x0000000658bb2ba0,0x000000069f100000)
 Metaspace       used 27364K, capacity 28641K, committed 28928K, reserved 1075200K
  class space    used 2722K, capacity 3021K, committed 3072K, reserved 1048576K
}
Event: 45.236 GC heap before
{Heap before GC invocations=56 (full 5):
 PSYoungGen      total 1521152K, used 1412170K [0x0000000719b00000, 0x000000077e580000, 0x00000007c0000000)
  eden space 1407488K, 100% used [0x0000000719b00000,0x000000076f980000,0x000000076f980000)
  from space 113664K, 4% used [0x0000000777680000,0x0000000777b12928,0x000000077e580000)
  to   space 120832K, 0% used [0x000000076f980000,0x000000076f980000,0x0000000776f80000)
 ParOldGen       total 3441664K, used 2289354K [0x00000005cd000000, 0x000000069f100000, 0x0000000719b00000)
  object space 3441664K, 66% used [0x00000005cd000000,0x0000000658bb2ba0,0x000000069f100000)
 Metaspace       used 27364K, capacity 28641K, committed 28928K, reserved 1075200K
  class space    used 2722K, capacity 3021K, committed 3072K, reserved 1048576K
Event: 45.242 GC heap after
Heap after GC invocations=56 (full 5):
 PSYoungGen      total 1528320K, used 1752K [0x0000000719b00000, 0x000000077e900000, 0x00000007c0000000)
  eden space 1407488K, 0% used [0x0000000719b00000,0x0000000719b00000,0x000000076f980000)
  from space 120832K, 1% used [0x000000076f980000,0x000000076fb36268,0x0000000776f80000)
  to   space 113152K, 0% used [0x0000000777a80000,0x0000000777a80000,0x000000077e900000)
 ParOldGen       total 3441664K, used 2289410K [0x00000005cd000000, 0x000000069f100000, 0x0000000719b00000)
  object space 3441664K, 66% used [0x00000005cd000000,0x0000000658bc0ba0,0x000000069f100000)
 Metaspace       used 27364K, capacity 28641K, committed 28928K, reserved 1075200K
  class space    used 2722K, capacity 3021K, committed 3072K, reserved 1048576K
}
Event: 45.655 GC heap before
{Heap before GC invocations=57 (full 5):
 PSYoungGen      total 1528320K, used 1409240K [0x0000000719b00000, 0x000000077e900000, 0x00000007c0000000)
  eden space 1407488K, 100% used [0x0000000719b00000,0x000000076f980000,0x000000076f980000)
  from space 120832K, 1% used [0x000000076f980000,0x000000076fb36268,0x0000000776f80000)
  to   space 113152K, 0% used [0x0000000777a80000,0x0000000777a80000,0x000000077e900000)
 ParOldGen       total 3441664K, used 2289410K [0x00000005cd000000, 0x000000069f100000, 0x0000000719b00000)
  object space 3441664K, 66% used [0x00000005cd000000,0x0000000658bc0ba0,0x000000069f100000)
 Metaspace       used 27364K, capacity 28641K, committed 28928K, reserved 1075200K
  class space    used 2722K, capacity 3021K, committed 3072K, reserved 1048576K
Event: 45.661 GC heap after
Heap after GC invocations=57 (full 5):
 PSYoungGen      total 1521152K, used 1624K [0x0000000719b00000, 0x000000077d900000, 0x00000007c0000000)
  eden space 1424384K, 0% used [0x0000000719b00000,0x0000000719b00000,0x0000000770a00000)
  from space 96768K, 1% used [0x0000000777a80000,0x0000000777c16268,0x000000077d900000)
  to   space 105984K, 0% used [0x0000000770a00000,0x0000000770a00000,0x0000000777180000)
 ParOldGen       total 3441664K, used 2289450K [0x00000005cd000000, 0x000000069f100000, 0x0000000719b00000)
  object space 3441664K, 66% used [0x00000005cd000000,0x0000000658bcaba0,0x000000069f100000)
 Metaspace       used 27364K, capacity 28641K, committed 28928K, reserved 1075200K
  class space    used 2722K, capacity 3021K, committed 3072K, reserved 1048576K
}
Event: 46.085 GC heap before
{Heap before GC invocations=58 (full 5):
 PSYoungGen      total 1521152K, used 1426008K [0x0000000719b00000, 0x000000077d900000, 0x00000007c0000000)
  eden space 1424384K, 100% used [0x0000000719b00000,0x0000000770a00000,0x0000000770a00000)
  from space 96768K, 1% used [0x0000000777a80000,0x0000000777c16268,0x000000077d900000)
  to   space 105984K, 0% used [0x0000000770a00000,0x0000000770a00000,0x0000000777180000)
 ParOldGen       total 3441664K, used 2289450K [0x00000005cd000000, 0x000000069f100000, 0x0000000719b00000)
  object space 3441664K, 66% used [0x00000005cd000000,0x0000000658bcaba0,0x000000069f100000)
 Metaspace       used 27364K, capacity 28641K, committed 28928K, reserved 1075200K
  class space    used 2722K, capacity 3021K, committed 3072K, reserved 1048576K
Event: 46.091 GC heap after
Heap after GC invocations=58 (full 5):
 PSYoungGen      total 1530368K, used 2729K [0x0000000719b00000, 0x000000077db80000, 0x00000007c0000000)
  eden space 1424384K, 0% used [0x0000000719b00000,0x0000000719b00000,0x0000000770a00000)
  from space 105984K, 2% used [0x0000000770a00000,0x0000000770caa580,0x0000000777180000)
  to   space 98816K, 0% used [0x0000000777b00000,0x0000000777b00000,0x000000077db80000)
 ParOldGen       total 3441664K, used 2289506K [0x00000005cd000000, 0x000000069f100000, 0x0000000719b00000)
  object space 3441664K, 66% used [0x00000005cd000000,0x0000000658bd8ba0,0x000000069f100000)
 Metaspace       used 27364K, capacity 28641K, committed 28928K, reserved 1075200K
  class space    used 2722K, capacity 3021K, committed 3072K, reserved 1048576K
}
Event: 46.606 GC heap before
{Heap before GC invocations=59 (full 5):
 PSYoungGen      total 1530368K, used 1427113K [0x0000000719b00000, 0x000000077db80000, 0x00000007c0000000)
  eden space 1424384K, 100% used [0x0000000719b00000,0x0000000770a00000,0x0000000770a00000)
  from space 105984K, 2% used [0x0000000770a00000,0x0000000770caa580,0x0000000777180000)
  to   space 98816K, 0% used [0x0000000777b00000,0x0000000777b00000,0x000000077db80000)
 ParOldGen       total 3441664K, used 2289506K [0x00000005cd000000, 0x000000069f100000, 0x0000000719b00000)
  object space 3441664K, 66% used [0x00000005cd000000,0x0000000658bd8ba0,0x000000069f100000)
 Metaspace       used 27364K, capacity 28641K, committed 28928K, reserved 1075200K
  class space    used 2722K, capacity 3021K, committed 3072K, reserved 1048576K
Event: 46.618 GC heap after
Heap after GC invocations=59 (full 5):
 PSYoungGen      total 1527808K, used 8588K [0x0000000719b00000, 0x000000077ce00000, 0x00000007c0000000)
  eden space 1442816K, 0% used [0x0000000719b00000,0x0000000719b00000,0x0000000771c00000)
  from space 84992K, 10% used [0x0000000777b00000,0x0000000778363300,0x000000077ce00000)
  to   space 91136K, 0% used [0x0000000771c00000,0x0000000771c00000,0x0000000777500000)
 ParOldGen       total 3441664K, used 2289546K [0x00000005cd000000, 0x000000069f100000, 0x0000000719b00000)
  object space 3441664K, 66% used [0x00000005cd000000,0x0000000658be2ba0,0x000000069f100000)
 Metaspace       used 27364K, capacity 28641K, committed 28928K, reserved 1075200K
  class space    used 2722K, capacity 3021K, committed 3072K, reserved 1048576K
}
Event: 47.128 GC heap before
{Heap before GC invocations=60 (full 5):
 PSYoungGen      total 1527808K, used 1451404K [0x0000000719b00000, 0x000000077ce00000, 0x00000007c0000000)
  eden space 1442816K, 100% used [0x0000000719b00000,0x0000000771c00000,0x0000000771c00000)
  from space 84992K, 10% used [0x0000000777b00000,0x0000000778363300,0x000000077ce00000)
  to   space 91136K, 0% used [0x0000000771c00000,0x0000000771c00000,0x0000000777500000)
 ParOldGen       total 3441664K, used 2289546K [0x00000005cd000000, 0x000000069f100000, 0x0000000719b00000)
  object space 3441664K, 66% used [0x00000005cd000000,0x0000000658be2ba0,0x000000069f100000)
 Metaspace       used 27364K, capacity 28641K, committed 28928K, reserved 1075200K
  class space    used 2722K, capacity 3021K, committed 3072K, reserved 1048576K
Event: 47.134 GC heap after
Heap after GC invocations=60 (full 5):
 PSYoungGen      total 1533952K, used 4386K [0x0000000719b00000, 0x000000077d200000, 0x00000007c0000000)
  eden space 1442816K, 0% used [0x0000000719b00000,0x0000000719b00000,0x0000000771c00000)
  from space 91136K, 4% used [0x0000000771c00000,0x0000000772048918,0x0000000777500000)
  to   space 84480K, 0% used [0x0000000777f80000,0x0000000777f80000,0x000000077d200000)
 ParOldGen       total 3441664K, used 2289594K [0x00000005cd000000, 0x000000069f100000, 0x0000000719b00000)
  object space 3441664K, 66% used [0x00000005cd000000,0x0000000658beeba0,0x000000069f100000)
 Metaspace       used 27364K, capacity 28641K, committed 28928K, reserved 1075200K
  class space    used 2722K, capacity 3021K, committed 3072K, reserved 1048576K
}
Event: 47.967 GC heap before
{Heap before GC invocations=61 (full 5):
 PSYoungGen      total 1533952K, used 1447202K [0x0000000719b00000, 0x000000077d200000, 0x00000007c0000000)
  eden space 1442816K, 100% used [0x0000000719b00000,0x0000000771c00000,0x0000000771c00000)
  from space 91136K, 4% used [0x0000000771c00000,0x0000000772048918,0x0000000777500000)
  to   space 84480K, 0% used [0x0000000777f80000,0x0000000777f80000,0x000000077d200000)
 ParOldGen       total 3441664K, used 2289594K [0x00000005cd000000, 0x000000069f100000, 0x0000000719b00000)
  object space 3441664K, 66% used [0x00000005cd000000,0x0000000658beeba0,0x000000069f100000)
 Metaspace       used 27378K, capacity 28641K, committed 28928K, reserved 1075200K
  class space    used 2722K, capacity 3021K, committed 3072K, reserved 1048576K
Event: 47.975 GC heap after
Heap after GC invocations=61 (full 5):
 PSYoungGen      total 1531392K, used 1656K [0x0000000719b00000, 0x000000077c680000, 0x00000007c0000000)
  eden space 1458688K, 0% used [0x0000000719b00000,0x0000000719b00000,0x0000000772b80000)
  from space 72704K, 2% used [0x0000000777f80000,0x000000077811e268,0x000000077c680000)
  to   space 79360K, 0% used [0x0000000772b80000,0x0000000772b80000,0x0000000777900000)
 ParOldGen       total 3441664K, used 2289618K [0x00000005cd000000, 0x000000069f100000, 0x0000000719b00000)
  object space 3441664K, 66% used [0x00000005cd000000,0x0000000658bf4ba0,0x000000069f100000)
 Metaspace       used 27378K, capacity 28641K, committed 28928K, reserved 1075200K
  class space    used 2722K, capacity 3021K, committed 3072K, reserved 1048576K
}
Event: 48.402 GC heap before
{Heap before GC invocations=62 (full 5):
 PSYoungGen      total 1531392K, used 1460344K [0x0000000719b00000, 0x000000077c680000, 0x00000007c0000000)
  eden space 1458688K, 100% used [0x0000000719b00000,0x0000000772b80000,0x0000000772b80000)
  from space 72704K, 2% used [0x0000000777f80000,0x000000077811e268,0x000000077c680000)
  to   space 79360K, 0% used [0x0000000772b80000,0x0000000772b80000,0x0000000777900000)
 ParOldGen       total 3441664K, used 2289618K [0x00000005cd000000, 0x000000069f100000, 0x0000000719b00000)
  object space 3441664K, 66% used [0x00000005cd000000,0x0000000658bf4ba0,0x000000069f100000)
 Metaspace       used 27378K, capacity 28641K, committed 28928K, reserved 1075200K
  class space    used 2722K, capacity 3021K, committed 3072K, reserved 1048576K
Event: 48.409 GC heap after
Heap after GC invocations=62 (full 5):
 PSYoungGen      total 1538048K, used 1752K [0x0000000719b00000, 0x000000077cb80000, 0x00000007c0000000)
  eden space 1458688K, 0% used [0x0000000719b00000,0x0000000719b00000,0x0000000772b80000)
  from space 79360K, 2% used [0x0000000772b80000,0x0000000772d36268,0x0000000777900000)
  to   space 73728K, 0% used [0x0000000778380000,0x0000000778380000,0x000000077cb80000)
 ParOldGen       total 3441664K, used 2289706K [0x00000005cd000000, 0x000000069f100000, 0x0000000719b00000)
  object space 3441664K, 66% used [0x00000005cd000000,0x0000000658c0aba0,0x000000069f100000)
 Metaspace       used 27378K, capacity 28641K, committed 28928K, reserved 1075200K
  class space    used 2722K, capacity 3021K, committed 3072K, reserved 1048576K
}
Event: 48.824 GC heap before
{Heap before GC invocations=63 (full 5):
 PSYoungGen      total 1538048K, used 1460440K [0x0000000719b00000, 0x000000077cb80000, 0x00000007c0000000)
  eden space 1458688K, 100% used [0x0000000719b00000,0x0000000772b80000,0x0000000772b80000)
  from space 79360K, 2% used [0x0000000772b80000,0x0000000772d36268,0x0000000777900000)
  to   space 73728K, 0% used [0x0000000778380000,0x0000000778380000,0x000000077cb80000)
 ParOldGen       total 3441664K, used 2289706K [0x00000005cd000000, 0x000000069f100000, 0x0000000719b00000)
  object space 3441664K, 66% used [0x00000005cd000000,0x0000000658c0aba0,0x000000069f100000)
 Metaspace       used 27378K, capacity 28641K, committed 28928K, reserved 1075200K
  class space    used 2722K, capacity 3021K, committed 3072K, reserved 1048576K
Event: 48.830 GC heap after
Heap after GC invocations=63 (full 5):
 PSYoungGen      total 1537536K, used 2601K [0x0000000719b00000, 0x000000077c100000, 0x00000007c0000000)
  eden space 1474560K, 0% used [0x0000000719b00000,0x0000000719b00000,0x0000000773b00000)
  from space 62976K, 4% used [0x0000000778380000,0x000000077860a588,0x000000077c100000)
  to   space 68608K, 0% used [0x0000000773b00000,0x0000000773b00000,0x0000000777e00000)
 ParOldGen       total 3441664K, used 2289754K [0x00000005cd000000, 0x000000069f100000, 0x0000000719b00000)
  object space 3441664K, 66% used [0x00000005cd000000,0x0000000658c16ba0,0x000000069f100000)
 Metaspace       used 27378K, capacity 28641K, committed 28928K, reserved 1075200K
  class space    used 2722K, capacity 3021K, committed 3072K, reserved 1048576K
}
Event: 49.259 GC heap before
{Heap before GC invocations=64 (full 5):
 PSYoungGen      total 1537536K, used 1477161K [0x0000000719b00000, 0x000000077c100000, 0x00000007c0000000)
  eden space 1474560K, 100% used [0x0000000719b00000,0x0000000773b00000,0x0000000773b00000)
  from space 62976K, 4% used [0x0000000778380000,0x000000077860a588,0x000000077c100000)
  to   space 68608K, 0% used [0x0000000773b00000,0x0000000773b00000,0x0000000777e00000)
 ParOldGen       total 3441664K, used 2289754K [0x00000005cd000000, 0x000000069f100000, 0x0000000719b00000)
  object space 3441664K, 66% used [0x00000005cd000000,0x0000000658c16ba0,0x000000069f100000)
 Metaspace       used 27378K, capacity 28641K, committed 28928K, reserved 1075200K
  class space    used 2722K, capacity 3021K, committed 3072K, reserved 1048576K
Event: 49.269 GC heap after
Heap after GC invocations=64 (full 5):
 PSYoungGen      total 1543168K, used 4650K [0x0000000719b00000, 0x000000077c900000, 0x00000007c0000000)
  eden space 1474560K, 0% used [0x0000000719b00000,0x0000000719b00000,0x0000000773b00000)
  from space 68608K, 6% used [0x0000000773b00000,0x0000000773f8a928,0x0000000777e00000)
  to   space 63488K, 0% used [0x0000000778b00000,0x0000000778b00000,0x000000077c900000)
 ParOldGen       total 3441664K, used 2289794K [0x00000005cd000000, 0x000000069f100000, 0x0000000719b00000)
  object space 3441664K, 66% used [0x00000005cd000000,0x0000000658c20ba0,0x000000069f100000)
 Metaspace       used 27378K, capacity 28641K, committed 28928K, reserved 1075200K
  class space    used 2722K, capacity 3021K, committed 3072K, reserved 1048576K
}
Event: 49.717 GC heap before
{Heap before GC invocations=65 (full 5):
 PSYoungGen      total 1543168K, used 1479210K [0x0000000719b00000, 0x000000077c900000, 0x00000007c0000000)
  eden space 1474560K, 100% used [0x0000000719b00000,0x0000000773b00000,0x0000000773b00000)
  from space 68608K, 6% used [0x0000000773b00000,0x0000000773f8a928,0x0000000777e00000)
  to   space 63488K, 0% used [0x0000000778b00000,0x0000000778b00000,0x000000077c900000)
 ParOldGen       total 3441664K, used 2289794K [0x00000005cd000000, 0x000000069f100000, 0x0000000719b00000)
  object space 3441664K, 66% used [0x00000005cd000000,0x0000000658c20ba0,0x000000069f100000)
 Metaspace       used 27378K, capacity 28641K, committed 28928K, reserved 1075200K
  class space    used 2722K, capacity 3021K, committed 3072K, reserved 1048576K
Event: 49.723 GC heap after
Heap after GC invocations=65 (full 5):
 PSYoungGen      total 1548288K, used 1752K [0x0000000719b00000, 0x000000077c100000, 0x00000007c0000000)
  eden space 1492992K, 0% used [0x0000000719b00000,0x0000000719b00000,0x0000000774d00000)
  from space 55296K, 3% used [0x0000000778b00000,0x0000000778cb6268,0x000000077c100000)
  to   space 59392K, 0% used [0x0000000774d00000,0x0000000774d00000,0x0000000778700000)
 ParOldGen       total 3441664K, used 2289834K [0x00000005cd000000, 0x000000069f100000, 0x0000000719b00000)
  object space 3441664K, 66% used [0x00000005cd000000,0x0000000658c2aba0,0x000000069f100000)
 Metaspace       used 27378K, capacity 28641K, committed 28928K, reserved 1075200K
  class space    used 2722K, capacity 3021K, committed 3072K, reserved 1048576K
}
Event: 50.172 GC heap before
{Heap before GC invocations=66 (full 5):
 PSYoungGen      total 1548288K, used 1494744K [0x0000000719b00000, 0x000000077c100000, 0x00000007c0000000)
  eden space 1492992K, 100% used [0x0000000719b00000,0x0000000774d00000,0x0000000774d00000)
  from space 55296K, 3% used [0x0000000778b00000,0x0000000778cb6268,0x000000077c100000)
  to   space 59392K, 0% used [0x0000000774d00000,0x0000000774d00000,0x0000000778700000)
 ParOldGen       total 3441664K, used 2289834K [0x00000005cd000000, 0x000000069f100000, 0x0000000719b00000)
  object space 3441664K, 66% used [0x00000005cd000000,0x0000000658c2aba0,0x000000069f100000)
 Metaspace       used 27378K, capacity 28641K, committed 28928K, reserved 1075200K
  class space    used 2722K, capacity 3021K, committed 3072K, reserved 1048576K
Event: 50.177 GC heap after
Heap after GC invocations=66 (full 5):
 PSYoungGen      total 1552384K, used 1752K [0x0000000719b00000, 0x000000077c980000, 0x00000007c0000000)
  eden space 1492992K, 0% used [0x0000000719b00000,0x0000000719b00000,0x0000000774d00000)
  from space 59392K, 2% used [0x0000000774d00000,0x0000000774eb6268,0x0000000778700000)
  to   space 55296K, 0% used [0x0000000779380000,0x0000000779380000,0x000000077c980000)
 ParOldGen       total 3441664K, used 2289898K [0x00000005cd000000, 0x000000069f100000, 0x0000000719b00000)
  object space 3441664K, 66% used [0x00000005cd000000,0x0000000658c3aba0,0x000000069f100000)
 Metaspace       used 27378K, capacity 28641K, committed 28928K, reserved 1075200K
  class space    used 2722K, capacity 3021K, committed 3072K, reserved 1048576K
}
Event: 52.415 GC heap before
{Heap before GC invocations=67 (full 5):
 PSYoungGen      total 1552384K, used 1494744K [0x0000000719b00000, 0x000000077c980000, 0x00000007c0000000)
  eden space 1492992K, 100% used [0x0000000719b00000,0x0000000774d00000,0x0000000774d00000)
  from space 59392K, 2% used [0x0000000774d00000,0x0000000774eb6268,0x0000000778700000)
  to   space 55296K, 0% used [0x0000000779380000,0x0000000779380000,0x000000077c980000)
 ParOldGen       total 3441664K, used 2289898K [0x00000005cd000000, 0x000000069f100000, 0x0000000719b00000)
  object space 3441664K, 66% used [0x00000005cd000000,0x0000000658c3aba0,0x000000069f100000)
 Metaspace       used 27417K, capacity 28705K, committed 28928K, reserved 1075200K
  class space    used 2723K, capacity 3021K, committed 3072K, reserved 1048576K
Event: 52.421 GC heap after
Heap after GC invocations=67 (full 5):
 PSYoungGen      total 1551872K, used 480K [0x0000000719b00000, 0x000000077bf80000, 0x00000007c0000000)
  eden space 1506816K, 0% used [0x0000000719b00000,0x0000000719b00000,0x0000000775a80000)
  from space 45056K, 1% used [0x0000000779380000,0x00000007793f8000,0x000000077bf80000)
  to   space 51712K, 0% used [0x0000000775a80000,0x0000000775a80000,0x0000000778d00000)
 ParOldGen       total 3441664K, used 2289922K [0x00000005cd000000, 0x000000069f100000, 0x0000000719b00000)
  object space 3441664K, 66% used [0x00000005cd000000,0x0000000658c40ba0,0x000000069f100000)
 Metaspace       used 27417K, capacity 28705K, committed 28928K, reserved 1075200K
  class space    used 2723K, capacity 3021K, committed 3072K, reserved 1048576K
}
Event: 55.105 GC heap before
{Heap before GC invocations=68 (full 5):
 PSYoungGen      total 1551872K, used 1507296K [0x0000000719b00000, 0x000000077bf80000, 0x00000007c0000000)
  eden space 1506816K, 100% used [0x0000000719b00000,0x0000000775a80000,0x0000000775a80000)
  from space 45056K, 1% used [0x0000000779380000,0x00000007793f8000,0x000000077bf80000)
  to   space 51712K, 0% used [0x0000000775a80000,0x0000000775a80000,0x0000000778d00000)
 ParOldGen       total 3441664K, used 2289922K [0x00000005cd000000, 0x000000069f100000, 0x0000000719b00000)
  object space 3441664K, 66% used [0x00000005cd000000,0x0000000658c40ba0,0x000000069f100000)
 Metaspace       used 27417K, capacity 28705K, committed 28928K, reserved 1075200K
  class space    used 2723K, capacity 3021K, committed 3072K, reserved 1048576K
Event: 55.110 GC heap after
Heap after GC invocations=68 (full 5):
 PSYoungGen      total 1558528K, used 544K [0x0000000719b00000, 0x000000077c480000, 0x00000007c0000000)
  eden space 1506816K, 0% used [0x0000000719b00000,0x0000000719b00000,0x0000000775a80000)
  from space 51712K, 1% used [0x0000000775a80000,0x0000000775b08000,0x0000000778d00000)
  to   space 48640K, 0% used [0x0000000779500000,0x0000000779500000,0x000000077c480000)
 ParOldGen       total 3441664K, used 2289970K [0x00000005cd000000, 0x000000069f100000, 0x0000000719b00000)
  object space 3441664K, 66% used [0x00000005cd000000,0x0000000658c4cba0,0x000000069f100000)
 Metaspace       used 27417K, capacity 28705K, committed 28928K, reserved 1075200K
  class space    used 2723K, capacity 3021K, committed 3072K, reserved 1048576K
}
Event: 57.922 GC heap before
{Heap before GC invocations=69 (full 5):
 PSYoungGen      total 1558528K, used 1507360K [0x0000000719b00000, 0x000000077c480000, 0x00000007c0000000)
  eden space 1506816K, 100% used [0x0000000719b00000,0x0000000775a80000,0x0000000775a80000)
  from space 51712K, 1% used [0x0000000775a80000,0x0000000775b08000,0x0000000778d00000)
  to   space 48640K, 0% used [0x0000000779500000,0x0000000779500000,0x000000077c480000)
 ParOldGen       total 3441664K, used 2289970K [0x00000005cd000000, 0x000000069f100000, 0x0000000719b00000)
  object space 3441664K, 66% used [0x00000005cd000000,0x0000000658c4cba0,0x000000069f100000)
 Metaspace       used 27417K, capacity 28705K, committed 28928K, reserved 1075200K
  class space    used 2723K, capacity 3021K, committed 3072K, reserved 1048576K
Event: 57.928 GC heap after
Heap after GC invocations=69 (full 5):
 PSYoungGen      total 1555456K, used 448K [0x0000000719b00000, 0x000000077bb80000, 0x00000007c0000000)
  eden space 1516032K, 0% used [0x0000000719b00000,0x0000000719b00000,0x0000000776380000)
  from space 39424K, 1% used [0x0000000779500000,0x0000000779570000,0x000000077bb80000)
  to   space 45056K, 0% used [0x0000000776380000,0x0000000776380000,0x0000000778f80000)
 ParOldGen       total 3441664K, used 2290034K [0x00000005cd000000, 0x000000069f100000, 0x0000000719b00000)
  object space 3441664K, 66% used [0x00000005cd000000,0x0000000658c5cba0,0x000000069f100000)
 Metaspace       used 27417K, capacity 28705K, committed 28928K, reserved 1075200K
  class space    used 2723K, capacity 3021K, committed 3072K, reserved 1048576K
}
Event: 61.287 GC heap before
{Heap before GC invocations=70 (full 5):
 PSYoungGen      total 1555456K, used 1516480K [0x0000000719b00000, 0x000000077bb80000, 0x00000007c0000000)
  eden space 1516032K, 100% used [0x0000000719b00000,0x0000000776380000,0x0000000776380000)
  from space 39424K, 1% used [0x0000000779500000,0x0000000779570000,0x000000077bb80000)
  to   space 45056K, 0% used [0x0000000776380000,0x0000000776380000,0x0000000778f80000)
 ParOldGen       total 3441664K, used 2290034K [0x00000005cd000000, 0x000000069f100000, 0x0000000719b00000)
  object space 3441664K, 66% used [0x00000005cd000000,0x0000000658c5cba0,0x000000069f100000)
 Metaspace       used 27417K, capacity 28705K, committed 28928K, reserved 1075200K
  class space    used 2723K, capacity 3021K, committed 3072K, reserved 1048576K
Event: 61.294 GC heap after
Heap after GC invocations=70 (full 5):
 PSYoungGen      total 1561088K, used 416K [0x0000000719b00000, 0x000000077bd00000, 0x00000007c0000000)
  eden space 1516032K, 0% used [0x0000000719b00000,0x0000000719b00000,0x0000000776380000)
  from space 45056K, 0% used [0x0000000776380000,0x00000007763e8000,0x0000000778f80000)
  to   space 41984K, 0% used [0x0000000779400000,0x0000000779400000,0x000000077bd00000)
 ParOldGen       total 3441664K, used 2290090K [0x00000005cd000000, 0x000000069f100000, 0x0000000719b00000)
  object space 3441664K, 66% used [0x00000005cd000000,0x0000000658c6aba0,0x000000069f100000)
 Metaspace       used 27417K, capacity 28705K, committed 28928K, reserved 1075200K
  class space    used 2723K, capacity 3021K, committed 3072K, reserved 1048576K
}
Event: 63.934 GC heap before
{Heap before GC invocations=71 (full 5):
 PSYoungGen      total 1561088K, used 1516448K [0x0000000719b00000, 0x000000077bd00000, 0x00000007c0000000)
  eden space 1516032K, 100% used [0x0000000719b00000,0x0000000776380000,0x0000000776380000)
  from space 45056K, 0% used [0x0000000776380000,0x00000007763e8000,0x0000000778f80000)
  to   space 41984K, 0% used [0x0000000779400000,0x0000000779400000,0x000000077bd00000)
 ParOldGen       total 3441664K, used 2290090K [0x00000005cd000000, 0x000000069f100000, 0x0000000719b00000)
  object space 3441664K, 66% used [0x00000005cd000000,0x0000000658c6aba0,0x000000069f100000)
 Metaspace       used 27429K, capacity 28747K, committed 28928K, reserved 1075200K
  class space    used 2727K, capacity 3028K, committed 3072K, reserved 1048576K
Event: 63.950 GC heap after
Heap after GC invocations=71 (full 5):
 PSYoungGen      total 1560576K, used 744K [0x0000000719b00000, 0x000000077b800000, 0x00000007c0000000)
  eden space 1523712K, 0% used [0x0000000719b00000,0x0000000719b00000,0x0000000776b00000)
  from space 36864K, 2% used [0x0000000779400000,0x00000007794ba010,0x000000077b800000)
  to   space 39424K, 0% used [0x0000000776b00000,0x0000000776b00000,0x0000000779180000)
 ParOldGen       total 3441664K, used 2290170K [0x00000005cd000000, 0x000000069f100000, 0x0000000719b00000)
  object space 3441664K, 66% used [0x00000005cd000000,0x0000000658c7eba0,0x000000069f100000)
 Metaspace       used 27429K, capacity 28747K, committed 28928K, reserved 1075200K
  class space    used 2727K, capacity 3028K, committed 3072K, reserved 1048576K
}
Event: 66.848 GC heap before
{Heap before GC invocations=72 (full 5):
 PSYoungGen      total 1560576K, used 1524456K [0x0000000719b00000, 0x000000077b800000, 0x00000007c0000000)
  eden space 1523712K, 100% used [0x0000000719b00000,0x0000000776b00000,0x0000000776b00000)
  from space 36864K, 2% used [0x0000000779400000,0x00000007794ba010,0x000000077b800000)
  to   space 39424K, 0% used [0x0000000776b00000,0x0000000776b00000,0x0000000779180000)
 ParOldGen       total 3441664K, used 2290170K [0x00000005cd000000, 0x000000069f100000, 0x0000000719b00000)
  object space 3441664K, 66% used [0x00000005cd000000,0x0000000658c7eba0,0x000000069f100000)
 Metaspace       used 27431K, capacity 28747K, committed 28928K, reserved 1075200K
  class space    used 2727K, capacity 3028K, committed 3072K, reserved 1048576K
Event: 66.853 GC heap after
Heap after GC invocations=72 (full 5):
 PSYoungGen      total 1563136K, used 512K [0x0000000719b00000, 0x000000077b880000, 0x00000007c0000000)
  eden space 1523712K, 0% used [0x0000000719b00000,0x0000000719b00000,0x0000000776b00000)
  from space 39424K, 1% used [0x0000000776b00000,0x0000000776b80000,0x0000000779180000)
  to   space 36352K, 0% used [0x0000000779500000,0x0000000779500000,0x000000077b880000)
 ParOldGen       total 3441664K, used 2290194K [0x00000005cd000000, 0x000000069f100000, 0x0000000719b00000)
  object space 3441664K, 66% used [0x00000005cd000000,0x0000000658c84ba0,0x000000069f100000)
 Metaspace       used 27431K, capacity 28747K, committed 28928K, reserved 1075200K
  class space    used 2727K, capacity 3028K, committed 3072K, reserved 1048576K
}
Event: 69.724 GC heap before
{Heap before GC invocations=73 (full 5):
 PSYoungGen      total 1563136K, used 1524224K [0x0000000719b00000, 0x000000077b880000, 0x00000007c0000000)
  eden space 1523712K, 100% used [0x0000000719b00000,0x0000000776b00000,0x0000000776b00000)
  from space 39424K, 1% used [0x0000000776b00000,0x0000000776b80000,0x0000000779180000)
  to   space 36352K, 0% used [0x0000000779500000,0x0000000779500000,0x000000077b880000)
 ParOldGen       total 3441664K, used 2290194K [0x00000005cd000000, 0x000000069f100000, 0x0000000719b00000)
  object space 3441664K, 66% used [0x00000005cd000000,0x0000000658c84ba0,0x000000069f100000)
 Metaspace       used 27431K, capacity 28747K, committed 28928K, reserved 1075200K
  class space    used 2727K, capacity 3028K, committed 3072K, reserved 1048576K
Event: 69.730 GC heap after
Heap after GC invocations=73 (full 5):
 PSYoungGen      total 1559552K, used 544K [0x0000000719b00000, 0x000000077b280000, 0x00000007c0000000)
  eden space 1529344K, 0% used [0x0000000719b00000,0x0000000719b00000,0x0000000777080000)
  from space 30208K, 1% used [0x0000000779500000,0x0000000779588000,0x000000077b280000)
  to   space 33792K, 0% used [0x0000000777080000,0x0000000777080000,0x0000000779180000)
 ParOldGen       total 3441664K, used 2290226K [0x00000005cd000000, 0x000000069f100000, 0x0000000719b00000)
  object space 3441664K, 66% used [0x00000005cd000000,0x0000000658c8cba0,0x000000069f100000)
 Metaspace       used 27431K, capacity 28747K, committed 28928K, reserved 1075200K
  class space    used 2727K, capacity 3028K, committed 3072K, reserved 1048576K
}
Event: 72.785 GC heap before
{Heap before GC invocations=74 (full 5):
 PSYoungGen      total 1559552K, used 1529888K [0x0000000719b00000, 0x000000077b280000, 0x00000007c0000000)
  eden space 1529344K, 100% used [0x0000000719b00000,0x0000000777080000,0x0000000777080000)
  from space 30208K, 1% used [0x0000000779500000,0x0000000779588000,0x000000077b280000)
  to   space 33792K, 0% used [0x0000000777080000,0x0000000777080000,0x0000000779180000)
 ParOldGen       total 3441664K, used 2290226K [0x00000005cd000000, 0x000000069f100000, 0x0000000719b00000)
  object space 3441664K, 66% used [0x00000005cd000000,0x0000000658c8cba0,0x000000069f100000)
 Metaspace       used 27431K, capacity 28747K, committed 28928K, reserved 1075200K
  class space    used 2727K, capacity 3028K, committed 3072K, reserved 1048576K
Event: 72.793 GC heap after
Heap after GC invocations=74 (full 5):
 PSYoungGen      total 1563136K, used 576K [0x0000000719b00000, 0x000000077b280000, 0x00000007c0000000)
  eden space 1529344K, 0% used [0x0000000719b00000,0x0000000719b00000,0x0000000777080000)
  from space 33792K, 1% used [0x0000000777080000,0x0000000777110000,0x0000000779180000)
  to   space 31232K, 0% used [0x0000000779400000,0x0000000779400000,0x000000077b280000)
 ParOldGen       total 3441664K, used 2290250K [0x00000005cd000000, 0x000000069f100000, 0x0000000719b00000)
  object space 3441664K, 66% used [0x00000005cd000000,0x0000000658c92ba0,0x000000069f100000)
 Metaspace       used 27431K, capacity 28747K, committed 28928K, reserved 1075200K
  class space    used 2727K, capacity 3028K, committed 3072K, reserved 1048576K
}
Event: 75.489 GC heap before
{Heap before GC invocations=75 (full 5):
 PSYoungGen      total 1563136K, used 1529920K [0x0000000719b00000, 0x000000077b280000, 0x00000007c0000000)
  eden space 1529344K, 100% used [0x0000000719b00000,0x0000000777080000,0x0000000777080000)
  from space 33792K, 1% used [0x0000000777080000,0x0000000777110000,0x0000000779180000)
  to   space 31232K, 0% used [0x0000000779400000,0x0000000779400000,0x000000077b280000)
 ParOldGen       total 3441664K, used 2290250K [0x00000005cd000000, 0x000000069f100000, 0x0000000719b00000)
  object space 3441664K, 66% used [0x00000005cd000000,0x0000000658c92ba0,0x000000069f100000)
 Metaspace       used 27431K, capacity 28747K, committed 28928K, reserved 1075200K
  class space    used 2727K, capacity 3028K, committed 3072K, reserved 1048576K
Event: 75.495 GC heap after
Heap after GC invocations=75 (full 5):
 PSYoungGen      total 1560576K, used 512K [0x0000000719b00000, 0x000000077ae00000, 0x00000007c0000000)
  eden space 1533952K, 0% used [0x0000000719b00000,0x0000000719b00000,0x0000000777500000)
  from space 26624K, 1% used [0x0000000779400000,0x0000000779480000,0x000000077ae00000)
  to   space 29184K, 0% used [0x0000000777500000,0x0000000777500000,0x0000000779180000)
 ParOldGen       total 3441664K, used 2290330K [0x00000005cd000000, 0x000000069f100000, 0x0000000719b00000)
  object space 3441664K, 66% used [0x00000005cd000000,0x0000000658ca6ba0,0x000000069f100000)
 Metaspace       used 27431K, capacity 28747K, committed 28928K, reserved 1075200K
  class space    used 2727K, capacity 3028K, committed 3072K, reserved 1048576K
}
Event: 78.393 GC heap before
{Heap before GC invocations=76 (full 5):
 PSYoungGen      total 1560576K, used 1534464K [0x0000000719b00000, 0x000000077ae00000, 0x00000007c0000000)
  eden space 1533952K, 100% used [0x0000000719b00000,0x0000000777500000,0x0000000777500000)
  from space 26624K, 1% used [0x0000000779400000,0x0000000779480000,0x000000077ae00000)
  to   space 29184K, 0% used [0x0000000777500000,0x0000000777500000,0x0000000779180000)
 ParOldGen       total 3441664K, used 2290330K [0x00000005cd000000, 0x000000069f100000, 0x0000000719b00000)
  object space 3441664K, 66% used [0x00000005cd000000,0x0000000658ca6ba0,0x000000069f100000)
 Metaspace       used 27431K, capacity 28747K, committed 28928K, reserved 1075200K
  class space    used 2727K, capacity 3028K, committed 3072K, reserved 1048576K
Event: 78.401 GC heap after
Heap after GC invocations=76 (full 5):
 PSYoungGen      total 1563136K, used 512K [0x0000000719b00000, 0x000000077ae00000, 0x00000007c0000000)
  eden space 1533952K, 0% used [0x0000000719b00000,0x0000000719b00000,0x0000000777500000)
  from space 29184K, 1% used [0x0000000777500000,0x0000000777580000,0x0000000779180000)
  to   space 27136K, 0% used [0x0000000779380000,0x0000000779380000,0x000000077ae00000)
 ParOldGen       total 3441664K, used 2290394K [0x00000005cd000000, 0x000000069f100000, 0x0000000719b00000)
  object space 3441664K, 66% used [0x00000005cd000000,0x0000000658cb6ba0,0x000000069f100000)
 Metaspace       used 27431K, capacity 28747K, committed 28928K, reserved 1075200K
  class space    used 2727K, capacity 3028K, committed 3072K, reserved 1048576K
}
Event: 81.950 GC heap before
{Heap before GC invocations=77 (full 5):
 PSYoungGen      total 1563136K, used 1534464K [0x0000000719b00000, 0x000000077ae00000, 0x00000007c0000000)
  eden space 1533952K, 100% used [0x0000000719b00000,0x0000000777500000,0x0000000777500000)
  from space 29184K, 1% used [0x0000000777500000,0x0000000777580000,0x0000000779180000)
  to   space 27136K, 0% used [0x0000000779380000,0x0000000779380000,0x000000077ae00000)
 ParOldGen       total 3441664K, used 2290394K [0x00000005cd000000, 0x000000069f100000, 0x0000000719b00000)
  object space 3441664K, 66% used [0x00000005cd000000,0x0000000658cb6ba0,0x000000069f100000)
 Metaspace       used 27431K, capacity 28747K, committed 28928K, reserved 1075200K
  class space    used 2727K, capacity 3028K, committed 3072K, reserved 1048576K
Event: 81.957 GC heap after
Heap after GC invocations=77 (full 5):
 PSYoungGen      total 1561088K, used 480K [0x0000000719b00000, 0x000000077aa00000, 0x00000007c0000000)
  eden space 1538048K, 0% used [0x0000000719b00000,0x0000000719b00000,0x0000000777900000)
  from space 23040K, 2% used [0x0000000779380000,0x00000007793f8000,0x000000077aa00000)
  to   space 25088K, 0% used [0x0000000777900000,0x0000000777900000,0x0000000779180000)
 ParOldGen       total 3441664K, used 2290426K [0x00000005cd000000, 0x000000069f100000, 0x0000000719b00000)
  object space 3441664K, 66% used [0x00000005cd000000,0x0000000658cbeba0,0x000000069f100000)
 Metaspace       used 27431K, capacity 28747K, committed 28928K, reserved 1075200K
  class space    used 2727K, capacity 3028K, committed 3072K, reserved 1048576K
}
Event: 84.685 GC heap before
{Heap before GC invocations=78 (full 5):
 PSYoungGen      total 1561088K, used 1538528K [0x0000000719b00000, 0x000000077aa00000, 0x00000007c0000000)
  eden space 1538048K, 100% used [0x0000000719b00000,0x0000000777900000,0x0000000777900000)
  from space 23040K, 2% used [0x0000000779380000,0x00000007793f8000,0x000000077aa00000)
  to   space 25088K, 0% used [0x0000000777900000,0x0000000777900000,0x0000000779180000)
 ParOldGen       total 3441664K, used 2290426K [0x00000005cd000000, 0x000000069f100000, 0x0000000719b00000)
  object space 3441664K, 66% used [0x00000005cd000000,0x0000000658cbeba0,0x000000069f100000)
 Metaspace       used 27431K, capacity 28747K, committed 28928K, reserved 1075200K
  class space    used 2727K, capacity 3028K, committed 3072K, reserved 1048576K
Event: 84.692 GC heap after
Heap after GC invocations=78 (full 5):
 PSYoungGen      total 1563136K, used 544K [0x0000000719b00000, 0x000000077aa80000, 0x00000007c0000000)
  eden space 1538048K, 0% used [0x0000000719b00000,0x0000000719b00000,0x0000000777900000)
  from space 25088K, 2% used [0x0000000777900000,0x0000000777988000,0x0000000779180000)
  to   space 23552K, 0% used [0x0000000779380000,0x0000000779380000,0x000000077aa80000)
 ParOldGen       total 3441664K, used 2290482K [0x00000005cd000000, 0x000000069f100000, 0x0000000719b00000)
  object space 3441664K, 66% used [0x00000005cd000000,0x0000000658cccba0,0x000000069f100000)
 Metaspace       used 27431K, capacity 28747K, committed 28928K, reserved 1075200K
  class space    used 2727K, capacity 3028K, committed 3072K, reserved 1048576K
}
Event: 87.348 GC heap before
{Heap before GC invocations=79 (full 5):
 PSYoungGen      total 1563136K, used 1538592K [0x0000000719b00000, 0x000000077aa80000, 0x00000007c0000000)
  eden space 1538048K, 100% used [0x0000000719b00000,0x0000000777900000,0x0000000777900000)
  from space 25088K, 2% used [0x0000000777900000,0x0000000777988000,0x0000000779180000)
  to   space 23552K, 0% used [0x0000000779380000,0x0000000779380000,0x000000077aa80000)
 ParOldGen       total 3441664K, used 2290482K [0x00000005cd000000, 0x000000069f100000, 0x0000000719b00000)
  object space 3441664K, 66% used [0x00000005cd000000,0x0000000658cccba0,0x000000069f100000)
 Metaspace       used 27431K, capacity 28747K, committed 28928K, reserved 1075200K
  class space    used 2727K, capacity 3028K, committed 3072K, reserved 1048576K
Event: 87.355 GC heap after
Heap after GC invocations=79 (full 5):
 PSYoungGen      total 1561088K, used 512K [0x0000000719b00000, 0x000000077a680000, 0x00000007c0000000)
  eden space 1541632K, 0% used [0x0000000719b00000,0x0000000719b00000,0x0000000777c80000)
  from space 19456K, 2% used [0x0000000779380000,0x0000000779400000,0x000000077a680000)
  to   space 21504K, 0% used [0x0000000777c80000,0x0000000777c80000,0x0000000779180000)
 ParOldGen       total 3441664K, used 2290546K [0x00000005cd000000, 0x000000069f100000, 0x0000000719b00000)
  object space 3441664K, 66% used [0x00000005cd000000,0x0000000658cdcba0,0x000000069f100000)
 Metaspace       used 27431K, capacity 28747K, committed 28928K, reserved 1075200K
  class space    used 2727K, capacity 3028K, committed 3072K, reserved 1048576K
}
Event: 90.038 GC heap before
{Heap before GC invocations=80 (full 5):
 PSYoungGen      total 1561088K, used 1542144K [0x0000000719b00000, 0x000000077a680000, 0x00000007c0000000)
  eden space 1541632K, 100% used [0x0000000719b00000,0x0000000777c80000,0x0000000777c80000)
  from space 19456K, 2% used [0x0000000779380000,0x0000000779400000,0x000000077a680000)
  to   space 21504K, 0% used [0x0000000777c80000,0x0000000777c80000,0x0000000779180000)
 ParOldGen       total 3441664K, used 2290546K [0x00000005cd000000, 0x000000069f100000, 0x0000000719b00000)
  object space 3441664K, 66% used [0x00000005cd000000,0x0000000658cdcba0,0x000000069f100000)
 Metaspace       used 27431K, capacity 28747K, committed 28928K, reserved 1075200K
  class space    used 2727K, capacity 3028K, committed 3072K, reserved 1048576K
Event: 90.046 GC heap after
Heap after GC invocations=80 (full 5):
 PSYoungGen      total 1563136K, used 576K [0x0000000719b00000, 0x000000077a700000, 0x00000007c0000000)
  eden space 1541632K, 0% used [0x0000000719b00000,0x0000000719b00000,0x0000000777c80000)
  from space 21504K, 2% used [0x0000000777c80000,0x0000000777d10000,0x0000000779180000)
  to   space 19968K, 0% used [0x0000000779380000,0x0000000779380000,0x000000077a700000)
 ParOldGen       total 3441664K, used 2290578K [0x00000005cd000000, 0x000000069f100000, 0x0000000719b00000)
  object space 3441664K, 66% used [0x00000005cd000000,0x0000000658ce4ba0,0x000000069f100000)
 Metaspace       used 27431K, capacity 28747K, committed 28928K, reserved 1075200K
  class space    used 2727K, capacity 3028K, committed 3072K, reserved 1048576K
}
Event: 92.552 GC heap before
{Heap before GC invocations=81 (full 5):
 PSYoungGen      total 1563136K, used 1542208K [0x0000000719b00000, 0x000000077a700000, 0x00000007c0000000)
  eden space 1541632K, 100% used [0x0000000719b00000,0x0000000777c80000,0x0000000777c80000)
  from space 21504K, 2% used [0x0000000777c80000,0x0000000777d10000,0x0000000779180000)
  to   space 19968K, 0% used [0x0000000779380000,0x0000000779380000,0x000000077a700000)
 ParOldGen       total 3441664K, used 2290578K [0x00000005cd000000, 0x000000069f100000, 0x0000000719b00000)
  object space 3441664K, 66% used [0x00000005cd000000,0x0000000658ce4ba0,0x000000069f100000)
 Metaspace       used 27448K, capacity 28747K, committed 28928K, reserved 1075200K
  class space    used 2727K, capacity 3028K, committed 3072K, reserved 1048576K
Event: 92.567 GC heap after
Heap after GC invocations=81 (full 5):
 PSYoungGen      total 1561088K, used 17732K [0x0000000719b00000, 0x000000077b080000, 0x00000007c0000000)
  eden space 1541120K, 0% used [0x0000000719b00000,0x0000000719b00000,0x0000000777c00000)
  from space 19968K, 88% used [0x0000000779380000,0x000000077a4d1238,0x000000077a700000)
  to   space 24064K, 0% used [0x0000000777c00000,0x0000000777c00000,0x0000000779380000)
 ParOldGen       total 3441664K, used 2307042K [0x00000005cd000000, 0x000000069f100000, 0x0000000719b00000)
  object space 3441664K, 67% used [0x00000005cd000000,0x0000000659cf8bc0,0x000000069f100000)
 Metaspace       used 27448K, capacity 28747K, committed 28928K, reserved 1075200K
  class space    used 2727K, capacity 3028K, committed 3072K, reserved 1048576K
}
Event: 93.109 GC heap before
{Heap before GC invocations=82 (full 5):
 PSYoungGen      total 1561088K, used 1558852K [0x0000000719b00000, 0x000000077b080000, 0x00000007c0000000)
  eden space 1541120K, 100% used [0x0000000719b00000,0x0000000777c00000,0x0000000777c00000)
  from space 19968K, 88% used [0x0000000779380000,0x000000077a4d1238,0x000000077a700000)
  to   space 24064K, 0% used [0x0000000777c00000,0x0000000777c00000,0x0000000779380000)
 ParOldGen       total 3441664K, used 2307042K [0x00000005cd000000, 0x000000069f100000, 0x0000000719b00000)
  object space 3441664K, 67% used [0x00000005cd000000,0x0000000659cf8bc0,0x000000069f100000)
 Metaspace       used 27448K, capacity 28747K, committed 28928K, reserved 1075200K
  class space    used 2727K, capacity 3028K, committed 3072K, reserved 1048576K
Event: 93.123 GC heap after
Heap after GC invocations=82 (full 5):
 PSYoungGen      total 1565184K, used 17796K [0x0000000719b00000, 0x000000077bc80000, 0x00000007c0000000)
  eden space 1541120K, 0% used [0x0000000719b00000,0x0000000719b00000,0x0000000777c00000)
  from space 24064K, 73% used [0x0000000777c00000,0x0000000778d61238,0x0000000779380000)
  to   space 27136K, 0% used [0x000000077a200000,0x000000077a200000,0x000000077bc80000)
 ParOldGen       total 3441664K, used 2307082K [0x00000005cd000000, 0x000000069f100000, 0x0000000719b00000)
  object space 3441664K, 67% used [0x00000005cd000000,0x0000000659d02bc0,0x000000069f100000)
 Metaspace       used 27448K, capacity 28747K, committed 28928K, reserved 1075200K
  class space    used 2727K, capacity 3028K, committed 3072K, reserved 1048576K
}
Event: 93.653 GC heap before
{Heap before GC invocations=83 (full 5):
 PSYoungGen      total 1565184K, used 1558916K [0x0000000719b00000, 0x000000077bc80000, 0x00000007c0000000)
  eden space 1541120K, 100% used [0x0000000719b00000,0x0000000777c00000,0x0000000777c00000)
  from space 24064K, 73% used [0x0000000777c00000,0x0000000778d61238,0x0000000779380000)
  to   space 27136K, 0% used [0x000000077a200000,0x000000077a200000,0x000000077bc80000)
 ParOldGen       total 3441664K, used 2307082K [0x00000005cd000000, 0x000000069f100000, 0x0000000719b00000)
  object space 3441664K, 67% used [0x00000005cd000000,0x0000000659d02bc0,0x000000069f100000)
 Metaspace       used 27448K, capacity 28747K, committed 28928K, reserved 1075200K
  class space    used 2727K, capacity 3028K, committed 3072K, reserved 1048576K
Event: 93.665 GC heap after
Heap after GC invocations=83 (full 5):
 PSYoungGen      total 1577472K, used 17700K [0x0000000719b00000, 0x000000077c580000, 0x00000007c0000000)
  eden space 1550336K, 0% used [0x0000000719b00000,0x0000000719b00000,0x0000000778500000)
  from space 27136K, 65% used [0x000000077a200000,0x000000077b349238,0x000000077bc80000)
  to   space 29696K, 0% used [0x0000000778500000,0x0000000778500000,0x000000077a200000)
 ParOldGen       total 3441664K, used 2307114K [0x00000005cd000000, 0x000000069f100000, 0x0000000719b00000)
  object space 3441664K, 67% used [0x00000005cd000000,0x0000000659d0abc0,0x000000069f100000)
 Metaspace       used 27448K, capacity 28747K, committed 28928K, reserved 1075200K
  class space    used 2727K, capacity 3028K, committed 3072K, reserved 1048576K
}
Event: 94.200 GC heap before
{Heap before GC invocations=84 (full 5):
 PSYoungGen      total 1577472K, used 1568036K [0x0000000719b00000, 0x000000077c580000, 0x00000007c0000000)
  eden space 1550336K, 100% used [0x0000000719b00000,0x0000000778500000,0x0000000778500000)
  from space 27136K, 65% used [0x000000077a200000,0x000000077b349238,0x000000077bc80000)
  to   space 29696K, 0% used [0x0000000778500000,0x0000000778500000,0x000000077a200000)
 ParOldGen       total 3441664K, used 2307114K [0x00000005cd000000, 0x000000069f100000, 0x0000000719b00000)
  object space 3441664K, 67% used [0x00000005cd000000,0x0000000659d0abc0,0x000000069f100000)
 Metaspace       used 27448K, capacity 28747K, committed 28928K, reserved 1075200K
  class space    used 2727K, capacity 3028K, committed 3072K, reserved 1048576K
Event: 94.216 GC heap after
Heap after GC invocations=84 (full 5):
 PSYoungGen      total 1580032K, used 17732K [0x0000000719b00000, 0x000000077d700000, 0x00000007c0000000)
  eden space 1550336K, 0% used [0x0000000719b00000,0x0000000719b00000,0x0000000778500000)
  from space 29696K, 59% used [0x0000000778500000,0x0000000779651238,0x000000077a200000)
  to   space 31744K, 0% used [0x000000077b800000,0x000000077b800000,0x000000077d700000)
 ParOldGen       total 3441664K, used 2307162K [0x00000005cd000000, 0x000000069f100000, 0x0000000719b00000)
  object space 3441664K, 67% used [0x00000005cd000000,0x0000000659d16bc0,0x000000069f100000)
 Metaspace       used 27448K, capacity 28747K, committed 28928K, reserved 1075200K
  class space    used 2727K, capacity 3028K, committed 3072K, reserved 1048576K
}
Event: 94.744 GC heap before
{Heap before GC invocations=85 (full 5):
 PSYoungGen      total 1580032K, used 1568068K [0x0000000719b00000, 0x000000077d700000, 0x00000007c0000000)
  eden space 1550336K, 100% used [0x0000000719b00000,0x0000000778500000,0x0000000778500000)
  from space 29696K, 59% used [0x0000000778500000,0x0000000779651238,0x000000077a200000)
  to   space 31744K, 0% used [0x000000077b800000,0x000000077b800000,0x000000077d700000)
 ParOldGen       total 3441664K, used 2307162K [0x00000005cd000000, 0x000000069f100000, 0x0000000719b00000)
  object space 3441664K, 67% used [0x00000005cd000000,0x0000000659d16bc0,0x000000069f100000)
 Metaspace       used 27448K, capacity 28747K, committed 28928K, reserved 1075200K
  class space    used 2727K, capacity 3028K, committed 3072K, reserved 1048576K
Event: 94.755 GC heap after
Heap after GC invocations=85 (full 5):
 PSYoungGen      total 1601024K, used 17836K [0x0000000719b00000, 0x000000077db80000, 0x00000007c0000000)
  eden space 1569280K, 0% used [0x0000000719b00000,0x0000000719b00000,0x0000000779780000)
  from space 31744K, 56% used [0x000000077b800000,0x000000077c96b248,0x000000077d700000)
  to   space 33280K, 0% used [0x0000000779780000,0x0000000779780000,0x000000077b800000)
 ParOldGen       total 3441664K, used 2307226K [0x00000005cd000000, 0x000000069f100000, 0x0000000719b00000)
  object space 3441664K, 67% used [0x00000005cd000000,0x0000000659d26bc0,0x000000069f100000)
 Metaspace       used 27448K, capacity 28747K, committed 28928K, reserved 1075200K
  class space    used 2727K, capacity 3028K, committed 3072K, reserved 1048576K
}
Event: 95.351 GC heap before
{Heap before GC invocations=86 (full 5):
 PSYoungGen      total 1601024K, used 1587116K [0x0000000719b00000, 0x000000077db80000, 0x00000007c0000000)
  eden space 1569280K, 100% used [0x0000000719b00000,0x0000000779780000,0x0000000779780000)
  from space 31744K, 56% used [0x000000077b800000,0x000000077c96b248,0x000000077d700000)
  to   space 33280K, 0% used [0x0000000779780000,0x0000000779780000,0x000000077b800000)
 ParOldGen       total 3441664K, used 2307226K [0x00000005cd000000, 0x000000069f100000, 0x0000000719b00000)
  object space 3441664K, 67% used [0x00000005cd000000,0x0000000659d26bc0,0x000000069f100000)
 Metaspace       used 27448K, capacity 28747K, committed 28928K, reserved 1075200K
  class space    used 2727K, capacity 3028K, committed 3072K, reserved 1048576K
Event: 95.356 GC heap after
Heap after GC invocations=86 (full 5):
 PSYoungGen      total 1602560K, used 17572K [0x0000000719b00000, 0x000000077ec80000, 0x00000007c0000000)
  eden space 1569280K, 0% used [0x0000000719b00000,0x0000000719b00000,0x0000000779780000)
  from space 33280K, 52% used [0x0000000779780000,0x000000077a8a9238,0x000000077b800000)
  to   space 33792K, 0% used [0x000000077cb80000,0x000000077cb80000,0x000000077ec80000)
 ParOldGen       total 3441664K, used 2307282K [0x00000005cd000000, 0x000000069f100000, 0x0000000719b00000)
  object space 3441664K, 67% used [0x00000005cd000000,0x0000000659d34bc0,0x000000069f100000)
 Metaspace       used 27448K, capacity 28747K, committed 28928K, reserved 1075200K
  class space    used 2727K, capacity 3028K, committed 3072K, reserved 1048576K
}
Event: 96.030 GC heap before
{Heap before GC invocations=87 (full 5):
 PSYoungGen      total 1602560K, used 1586852K [0x0000000719b00000, 0x000000077ec80000, 0x00000007c0000000)
  eden space 1569280K, 100% used [0x0000000719b00000,0x0000000779780000,0x0000000779780000)
  from space 33280K, 52% used [0x0000000779780000,0x000000077a8a9238,0x000000077b800000)
  to   space 33792K, 0% used [0x000000077cb80000,0x000000077cb80000,0x000000077ec80000)
 ParOldGen       total 3441664K, used 2307282K [0x00000005cd000000, 0x000000069f100000, 0x0000000719b00000)
  object space 3441664K, 67% used [0x00000005cd000000,0x0000000659d34bc0,0x000000069f100000)
 Metaspace       used 27448K, capacity 28747K, committed 28928K, reserved 1075200K
  class space    used 2727K, capacity 3028K, committed 3072K, reserved 1048576K
Event: 96.040 GC heap after
Heap after GC invocations=87 (full 5):
 PSYoungGen      total 1622528K, used 14610K [0x0000000719b00000, 0x000000077ec00000, 0x00000007c0000000)
  eden space 1589248K, 0% used [0x0000000719b00000,0x0000000719b00000,0x000000077ab00000)
  from space 33280K, 43% used [0x000000077cb80000,0x000000077d9c4b78,0x000000077ec00000)
  to   space 33280K, 0% used [0x000000077ab00000,0x000000077ab00000,0x000000077cb80000)
 ParOldGen       total 3441664K, used 2307338K [0x00000005cd000000, 0x000000069f100000, 0x0000000719b00000)
  object space 3441664K, 67% used [0x00000005cd000000,0x0000000659d42bc0,0x000000069f100000)
 Metaspace       used 27448K, capacity 28747K, committed 28928K, reserved 1075200K
  class space    used 2727K, capacity 3028K, committed 3072K, reserved 1048576K
}
Event: 96.678 GC heap before
{Heap before GC invocations=88 (full 5):
 PSYoungGen      total 1622528K, used 1603858K [0x0000000719b00000, 0x000000077ec00000, 0x00000007c0000000)
  eden space 1589248K, 100% used [0x0000000719b00000,0x000000077ab00000,0x000000077ab00000)
  from space 33280K, 43% used [0x000000077cb80000,0x000000077d9c4b78,0x000000077ec00000)
  to   space 33280K, 0% used [0x000000077ab00000,0x000000077ab00000,0x000000077cb80000)
 ParOldGen       total 3441664K, used 2307338K [0x00000005cd000000, 0x000000069f100000, 0x0000000719b00000)
  object space 3441664K, 67% used [0x00000005cd000000,0x0000000659d42bc0,0x000000069f100000)
 Metaspace       used 27448K, capacity 28747K, committed 28928K, reserved 1075200K
  class space    used 2727K, capacity 3028K, committed 3072K, reserved 1048576K
Event: 96.713 GC heap after
Heap after GC invocations=88 (full 5):
 PSYoungGen      total 1622528K, used 14802K [0x0000000719b00000, 0x0000000780900000, 0x00000007c0000000)
  eden space 1589248K, 0% used [0x0000000719b00000,0x0000000719b00000,0x000000077ab00000)
  from space 33280K, 44% used [0x000000077ab00000,0x000000077b974b78,0x000000077cb80000)
  to   space 32768K, 0% used [0x000000077e900000,0x000000077e900000,0x0000000780900000)
 ParOldGen       total 3441664K, used 2307370K [0x00000005cd000000, 0x000000069f100000, 0x0000000719b00000)
  object space 3441664K, 67% used [0x00000005cd000000,0x0000000659d4abc0,0x000000069f100000)
 Metaspace       used 27448K, capacity 28747K, committed 28928K, reserved 1075200K
  class space    used 2727K, capacity 3028K, committed 3072K, reserved 1048576K
}
Event: 97.185 GC heap before
{Heap before GC invocations=89 (full 5):
 PSYoungGen      total 1622528K, used 1604050K [0x0000000719b00000, 0x0000000780900000, 0x00000007c0000000)
  eden space 1589248K, 100% used [0x0000000719b00000,0x000000077ab00000,0x000000077ab00000)
  from space 33280K, 44% used [0x000000077ab00000,0x000000077b974b78,0x000000077cb80000)
  to   space 32768K, 0% used [0x000000077e900000,0x000000077e900000,0x0000000780900000)
 ParOldGen       total 3441664K, used 2307370K [0x00000005cd000000, 0x000000069f100000, 0x0000000719b00000)
  object space 3441664K, 67% used [0x00000005cd000000,0x0000000659d4abc0,0x000000069f100000)
 Metaspace       used 27448K, capacity 28747K, committed 28928K, reserved 1075200K
  class space    used 2727K, capacity 3028K, committed 3072K, reserved 1048576K
Event: 97.198 GC heap after
Heap after GC invocations=89 (full 5):
 PSYoungGen      total 1652736K, used 14770K [0x0000000719b00000, 0x0000000780880000, 0x00000007c0000000)
  eden space 1620480K, 0% used [0x0000000719b00000,0x0000000719b00000,0x000000077c980000)
  from space 32256K, 45% used [0x000000077e900000,0x000000077f76cb78,0x0000000780880000)
  to   space 32256K, 0% used [0x000000077c980000,0x000000077c980000,0x000000077e900000)
 ParOldGen       total 3441664K, used 2307434K [0x00000005cd000000, 0x000000069f100000, 0x0000000719b00000)
  object space 3441664K, 67% used [0x00000005cd000000,0x0000000659d5abc0,0x000000069f100000)
 Metaspace       used 27448K, capacity 28747K, committed 28928K, reserved 1075200K
  class space    used 2727K, capacity 3028K, committed 3072K, reserved 1048576K
}
Event: 97.731 GC heap before
{Heap before GC invocations=90 (full 5):
 PSYoungGen      total 1652736K, used 1635250K [0x0000000719b00000, 0x0000000780880000, 0x00000007c0000000)
  eden space 1620480K, 100% used [0x0000000719b00000,0x000000077c980000,0x000000077c980000)
  from space 32256K, 45% used [0x000000077e900000,0x000000077f76cb78,0x0000000780880000)
  to   space 32256K, 0% used [0x000000077c980000,0x000000077c980000,0x000000077e900000)
 ParOldGen       total 3441664K, used 2307434K [0x00000005cd000000, 0x000000069f100000, 0x0000000719b00000)
  object space 3441664K, 67% used [0x00000005cd000000,0x0000000659d5abc0,0x000000069f100000)
 Metaspace       used 27448K, capacity 28747K, committed 28928K, reserved 1075200K
  class space    used 2727K, capacity 3028K, committed 3072K, reserved 1048576K
Event: 97.738 GC heap after
Heap after GC invocations=90 (full 5):
 PSYoungGen      total 1652736K, used 14810K [0x0000000719b00000, 0x0000000782380000, 0x00000007c0000000)
  eden space 1620480K, 0% used [0x0000000719b00000,0x0000000719b00000,0x000000077c980000)
  from space 32256K, 45% used [0x000000077c980000,0x000000077d7f6b88,0x000000077e900000)
  to   space 31744K, 0% used [0x0000000780480000,0x0000000780480000,0x0000000782380000)
 ParOldGen       total 3441664K, used 2307490K [0x00000005cd000000, 0x000000069f100000, 0x0000000719b00000)
  object space 3441664K, 67% used [0x00000005cd000000,0x0000000659d68bc0,0x000000069f100000)
 Metaspace       used 27448K, capacity 28747K, committed 28928K, reserved 1075200K
  class space    used 2727K, capacity 3028K, committed 3072K, reserved 1048576K
}
Event: 98.222 GC heap before
{Heap before GC invocations=91 (full 5):
 PSYoungGen      total 1652736K, used 1635290K [0x0000000719b00000, 0x0000000782380000, 0x00000007c0000000)
  eden space 1620480K, 100% used [0x0000000719b00000,0x000000077c980000,0x000000077c980000)
  from space 32256K, 45% used [0x000000077c980000,0x000000077d7f6b88,0x000000077e900000)
  to   space 31744K, 0% used [0x0000000780480000,0x0000000780480000,0x0000000782380000)
 ParOldGen       total 3441664K, used 2307490K [0x00000005cd000000, 0x000000069f100000, 0x0000000719b00000)
  object space 3441664K, 67% used [0x00000005cd000000,0x0000000659d68bc0,0x000000069f100000)
 Metaspace       used 27448K, capacity 28747K, committed 28928K, reserved 1075200K
  class space    used 2727K, capacity 3028K, committed 3072K, reserved 1048576K
Event: 98.233 GC heap after
Heap after GC invocations=91 (full 5):
 PSYoungGen      total 1677824K, used 14802K [0x0000000719b00000, 0x0000000782100000, 0x00000007c0000000)
  eden space 1648640K, 0% used [0x0000000719b00000,0x0000000719b00000,0x000000077e500000)
  from space 29184K, 50% used [0x0000000780480000,0x00000007812f4b78,0x0000000782100000)
  to   space 30720K, 0% used [0x000000077e500000,0x000000077e500000,0x0000000780300000)
 ParOldGen       total 3441664K, used 2307530K [0x00000005cd000000, 0x000000069f100000, 0x0000000719b00000)
  object space 3441664K, 67% used [0x00000005cd000000,0x0000000659d72bc0,0x000000069f100000)
 Metaspace       used 27448K, capacity 28747K, committed 28928K, reserved 1075200K
  class space    used 2727K, capacity 3028K, committed 3072K, reserved 1048576K
}
Event: 98.739 GC heap before
{Heap before GC invocations=92 (full 5):
 PSYoungGen      total 1677824K, used 1663442K [0x0000000719b00000, 0x0000000782100000, 0x00000007c0000000)
  eden space 1648640K, 100% used [0x0000000719b00000,0x000000077e500000,0x000000077e500000)
  from space 29184K, 50% used [0x0000000780480000,0x00000007812f4b78,0x0000000782100000)
  to   space 30720K, 0% used [0x000000077e500000,0x000000077e500000,0x0000000780300000)
 ParOldGen       total 3441664K, used 2307530K [0x00000005cd000000, 0x000000069f100000, 0x0000000719b00000)
  object space 3441664K, 67% used [0x00000005cd000000,0x0000000659d72bc0,0x000000069f100000)
 Metaspace       used 27448K, capacity 28747K, committed 28928K, reserved 1075200K
  class space    used 2727K, capacity 3028K, committed 3072K, reserved 1048576K
Event: 98.746 GC heap after
Heap after GC invocations=92 (full 5):
 PSYoungGen      total 1679360K, used 17700K [0x0000000719b00000, 0x0000000783b80000, 0x00000007c0000000)
  eden space 1648640K, 0% used [0x0000000719b00000,0x0000000719b00000,0x000000077e500000)
  from space 30720K, 57% used [0x000000077e500000,0x000000077f649238,0x0000000780300000)
  to   space 31232K, 0% used [0x0000000781d00000,0x0000000781d00000,0x0000000783b80000)
 ParOldGen       total 3441664K, used 2307602K [0x00000005cd000000, 0x000000069f100000, 0x0000000719b00000)
  object space 3441664K, 67% used [0x00000005cd000000,0x0000000659d84bc0,0x000000069f100000)
 Metaspace       used 27448K, capacity 28747K, committed 28928K, reserved 1075200K
  class space    used 2727K, capacity 3028K, committed 3072K, reserved 1048576K
}
Event: 99.229 GC heap before
{Heap before GC invocations=93 (full 5):
 PSYoungGen      total 1679360K, used 1666340K [0x0000000719b00000, 0x0000000783b80000, 0x00000007c0000000)
  eden space 1648640K, 100% used [0x0000000719b00000,0x000000077e500000,0x000000077e500000)
  from space 30720K, 57% used [0x000000077e500000,0x000000077f649238,0x0000000780300000)
  to   space 31232K, 0% used [0x0000000781d00000,0x0000000781d00000,0x0000000783b80000)
 ParOldGen       total 3441664K, used 2307602K [0x00000005cd000000, 0x000000069f100000, 0x0000000719b00000)
  object space 3441664K, 67% used [0x00000005cd000000,0x0000000659d84bc0,0x000000069f100000)
 Metaspace       used 27448K, capacity 28747K, committed 28928K, reserved 1075200K
  class space    used 2727K, capacity 3028K, committed 3072K, reserved 1048576K
Event: 99.247 GC heap after
Heap after GC invocations=93 (full 5):
 PSYoungGen      total 1705984K, used 17740K [0x0000000719b00000, 0x0000000784080000, 0x00000007c0000000)
  eden space 1674752K, 0% used [0x0000000719b00000,0x0000000719b00000,0x000000077fe80000)
  from space 31232K, 56% used [0x0000000781d00000,0x0000000782e53248,0x0000000783b80000)
  to   space 31232K, 0% used [0x000000077fe80000,0x000000077fe80000,0x0000000781d00000)
 ParOldGen       total 3441664K, used 2307666K [0x00000005cd000000, 0x000000069f100000, 0x0000000719b00000)
  object space 3441664K, 67% used [0x00000005cd000000,0x0000000659d94bc0,0x000000069f100000)
 Metaspace       used 27448K, capacity 28747K, committed 28928K, reserved 1075200K
  class space    used 2727K, capacity 3028K, committed 3072K, reserved 1048576K
}
Event: 99.741 GC heap before
{Heap before GC invocations=94 (full 5):
 PSYoungGen      total 1705984K, used 1692492K [0x0000000719b00000, 0x0000000784080000, 0x00000007c0000000)
  eden space 1674752K, 100% used [0x0000000719b00000,0x000000077fe80000,0x000000077fe80000)
  from space 31232K, 56% used [0x0000000781d00000,0x0000000782e53248,0x0000000783b80000)
  to   space 31232K, 0% used [0x000000077fe80000,0x000000077fe80000,0x0000000781d00000)
 ParOldGen       total 3441664K, used 2307666K [0x00000005cd000000, 0x000000069f100000, 0x0000000719b00000)
  object space 3441664K, 67% used [0x00000005cd000000,0x0000000659d94bc0,0x000000069f100000)
 Metaspace       used 27448K, capacity 28747K, committed 28928K, reserved 1075200K
  class space    used 2727K, capacity 3028K, committed 3072K, reserved 1048576K
Event: 99.750 GC heap after
Heap after GC invocations=94 (full 5):
 PSYoungGen      total 1705984K, used 14642K [0x0000000719b00000, 0x0000000785680000, 0x00000007c0000000)
  eden space 1674752K, 0% used [0x0000000719b00000,0x0000000719b00000,0x000000077fe80000)
  from space 31232K, 46% used [0x000000077fe80000,0x0000000780cccb78,0x0000000781d00000)
  to   space 30208K, 0% used [0x0000000783900000,0x0000000783900000,0x0000000785680000)
 ParOldGen       total 3441664K, used 2307754K [0x00000005cd000000, 0x000000069f100000, 0x0000000719b00000)
  object space 3441664K, 67% used [0x00000005cd000000,0x0000000659daabc0,0x000000069f100000)
 Metaspace       used 27448K, capacity 28747K, committed 28928K, reserved 1075200K
  class space    used 2727K, capacity 3028K, committed 3072K, reserved 1048576K
}
Event: 100.235 GC heap before
{Heap before GC invocations=95 (full 5):
 PSYoungGen      total 1705984K, used 1689394K [0x0000000719b00000, 0x0000000785680000, 0x00000007c0000000)
  eden space 1674752K, 100% used [0x0000000719b00000,0x000000077fe80000,0x000000077fe80000)
  from space 31232K, 46% used [0x000000077fe80000,0x0000000780cccb78,0x0000000781d00000)
  to   space 30208K, 0% used [0x0000000783900000,0x0000000783900000,0x0000000785680000)
 ParOldGen       total 3441664K, used 2307754K [0x00000005cd000000, 0x000000069f100000, 0x0000000719b00000)
  object space 3441664K, 67% used [0x00000005cd000000,0x0000000659daabc0,0x000000069f100000)
 Metaspace       used 27448K, capacity 28747K, committed 28928K, reserved 1075200K
  class space    used 2727K, capacity 3028K, committed 3072K, reserved 1048576K
Event: 100.251 GC heap after
Heap after GC invocations=95 (full 5):
 PSYoungGen      total 1734656K, used 17700K [0x0000000719b00000, 0x0000000785980000, 0x00000007c0000000)
  eden space 1704448K, 0% used [0x0000000719b00000,0x0000000719b00000,0x0000000781b80000)
  from space 30208K, 58% used [0x0000000783900000,0x0000000784a49238,0x0000000785680000)
  to   space 30208K, 0% used [0x0000000781b80000,0x0000000781b80000,0x0000000783900000)
 ParOldGen       total 3441664K, used 2307818K [0x00000005cd000000, 0x000000069f100000, 0x0000000719b00000)
  object space 3441664K, 67% used [0x00000005cd000000,0x0000000659dbabc0,0x000000069f100000)
 Metaspace       used 27448K, capacity 28747K, committed 28928K, reserved 1075200K
  class space    used 2727K, capacity 3028K, committed 3072K, reserved 1048576K
}
Event: 100.765 GC heap before
{Heap before GC invocations=96 (full 5):
 PSYoungGen      total 1734656K, used 1722148K [0x0000000719b00000, 0x0000000785980000, 0x00000007c0000000)
  eden space 1704448K, 100% used [0x0000000719b00000,0x0000000781b80000,0x0000000781b80000)
  from space 30208K, 58% used [0x0000000783900000,0x0000000784a49238,0x0000000785680000)
  to   space 30208K, 0% used [0x0000000781b80000,0x0000000781b80000,0x0000000783900000)
 ParOldGen       total 3441664K, used 2307818K [0x00000005cd000000, 0x000000069f100000, 0x0000000719b00000)
  object space 3441664K, 67% used [0x00000005cd000000,0x0000000659dbabc0,0x000000069f100000)
 Metaspace       used 27448K, capacity 28747K, committed 28928K, reserved 1075200K
  class space    used 2727K, capacity 3028K, committed 3072K, reserved 1048576K
Event: 100.777 GC heap after
Heap after GC invocations=96 (full 5):
 PSYoungGen      total 1734656K, used 4482K [0x0000000719b00000, 0x0000000787680000, 0x00000007c0000000)
  eden space 1704448K, 0% used [0x0000000719b00000,0x0000000719b00000,0x0000000781b80000)
  from space 30208K, 14% used [0x0000000781b80000,0x0000000781fe0918,0x0000000783900000)
  to   space 30208K, 0% used [0x0000000785900000,0x0000000785900000,0x0000000787680000)
 ParOldGen       total 3441664K, used 2321189K [0x00000005cd000000, 0x000000069f100000, 0x0000000719b00000)
  object space 3441664K, 67% used [0x00000005cd000000,0x000000065aac94e0,0x000000069f100000)
 Metaspace       used 27448K, capacity 28747K, committed 28928K, reserved 1075200K
  class space    used 2727K, capacity 3028K, committed 3072K, reserved 1048576K
}
Event: 101.281 GC heap before
{Heap before GC invocations=97 (full 5):
 PSYoungGen      total 1734656K, used 1708930K [0x0000000719b00000, 0x0000000787680000, 0x00000007c0000000)
  eden space 1704448K, 100% used [0x0000000719b00000,0x0000000781b80000,0x0000000781b80000)
  from space 30208K, 14% used [0x0000000781b80000,0x0000000781fe0918,0x0000000783900000)
  to   space 30208K, 0% used [0x0000000785900000,0x0000000785900000,0x0000000787680000)
 ParOldGen       total 3441664K, used 2321189K [0x00000005cd000000, 0x000000069f100000, 0x0000000719b00000)
  object space 3441664K, 67% used [0x00000005cd000000,0x000000065aac94e0,0x000000069f100000)
 Metaspace       used 27448K, capacity 28747K, committed 28928K, reserved 1075200K
  class space    used 2727K, capacity 3028K, committed 3072K, reserved 1048576K
Event: 101.285 GC heap after
Heap after GC invocations=97 (full 5):
 PSYoungGen      total 1758208K, used 1264K [0x0000000719b00000, 0x0000000787200000, 0x00000007c0000000)
  eden space 1732608K, 0% used [0x0000000719b00000,0x0000000719b00000,0x0000000783700000)
  from space 25600K, 4% used [0x0000000785900000,0x0000000785a3c258,0x0000000787200000)
  to   space 30208K, 0% used [0x0000000783700000,0x0000000783700000,0x0000000785480000)
 ParOldGen       total 3441664K, used 2321229K [0x00000005cd000000, 0x000000069f100000, 0x0000000719b00000)
  object space 3441664K, 67% used [0x00000005cd000000,0x000000065aad34e0,0x000000069f100000)
 Metaspace       used 27448K, capacity 28747K, committed 28928K, reserved 1075200K
  class space    used 2727K, capacity 3028K, committed 3072K, reserved 1048576K
}
Event: 101.853 GC heap before
{Heap before GC invocations=98 (full 5):
 PSYoungGen      total 1758208K, used 1733872K [0x0000000719b00000, 0x0000000787200000, 0x00000007c0000000)
  eden space 1732608K, 100% used [0x0000000719b00000,0x0000000783700000,0x0000000783700000)
  from space 25600K, 4% used [0x0000000785900000,0x0000000785a3c258,0x0000000787200000)
  to   space 30208K, 0% used [0x0000000783700000,0x0000000783700000,0x0000000785480000)
 ParOldGen       total 3441664K, used 2321229K [0x00000005cd000000, 0x000000069f100000, 0x0000000719b00000)
  object space 3441664K, 67% used [0x00000005cd000000,0x000000065aad34e0,0x000000069f100000)
 Metaspace       used 27448K, capacity 28747K, committed 28928K, reserved 1075200K
  class space    used 2727K, capacity 3028K, committed 3072K, reserved 1048576K
Event: 101.857 GC heap after
Heap after GC invocations=98 (full 5):
 PSYoungGen      total 1762816K, used 1528K [0x0000000719b00000, 0x0000000788980000, 0x00000007c0000000)
  eden space 1732608K, 0% used [0x0000000719b00000,0x0000000719b00000,0x0000000783700000)
  from space 30208K, 5% used [0x0000000783700000,0x000000078387e268,0x0000000785480000)
  to   space 30208K, 0% used [0x0000000786c00000,0x0000000786c00000,0x0000000788980000)
 ParOldGen       total 3441664K, used 2321269K [0x00000005cd000000, 0x000000069f100000, 0x0000000719b00000)
  object space 3441664K, 67% used [0x00000005cd000000,0x000000065aadd4e0,0x000000069f100000)
 Metaspace       used 27448K, capacity 28747K, committed 28928K, reserved 1075200K
  class space    used 2727K, capacity 3028K, committed 3072K, reserved 1048576K
}
Event: 102.384 GC heap before
{Heap before GC invocations=99 (full 5):
 PSYoungGen      total 1762816K, used 1734136K [0x0000000719b00000, 0x0000000788980000, 0x00000007c0000000)
  eden space 1732608K, 100% used [0x0000000719b00000,0x0000000783700000,0x0000000783700000)
  from space 30208K, 5% used [0x0000000783700000,0x000000078387e268,0x0000000785480000)
  to   space 30208K, 0% used [0x0000000786c00000,0x0000000786c00000,0x0000000788980000)
 ParOldGen       total 3441664K, used 2321269K [0x00000005cd000000, 0x000000069f100000, 0x0000000719b00000)
  object space 3441664K, 67% used [0x00000005cd000000,0x000000065aadd4e0,0x000000069f100000)
 Metaspace       used 27448K, capacity 28747K, committed 28928K, reserved 1075200K
  class space    used 2727K, capacity 3028K, committed 3072K, reserved 1048576K
Event: 102.390 GC heap after
Heap after GC invocations=99 (full 5):
 PSYoungGen      total 1780736K, used 4522K [0x0000000719b00000, 0x0000000788580000, 0x00000007c0000000)
  eden space 1754624K, 0% used [0x0000000719b00000,0x0000000719b00000,0x0000000784c80000)
  from space 26112K, 17% used [0x0000000786c00000,0x000000078706a928,0x0000000788580000)
  to   space 29184K, 0% used [0x0000000784c80000,0x0000000784c80000,0x0000000786900000)
 ParOldGen       total 3441664K, used 2321301K [0x00000005cd000000, 0x000000069f100000, 0x0000000719b00000)
  object space 3441664K, 67% used [0x00000005cd000000,0x000000065aae54e0,0x000000069f100000)
 Metaspace       used 27448K, capacity 28747K, committed 28928K, reserved 1075200K
  class space    used 2727K, capacity 3028K, committed 3072K, reserved 1048576K
}

