# JRE version: OpenJDK Runtime Environment (8.0_222-b10) (build 1.8.0_222-b10)
# Java VM: OpenJDK 64-Bit Server VM (25.222-b10 mixed mode linux-amd64 compressed oops)
Heap:
 PSYoungGen      total 2712064K, used 1884364K [0x0000000719b00000, 0x00000007c0000000, 0x00000007c0000000)
  eden space 2700800K, 69% used [0x0000000719b00000,0x000000078c628eb8,0x00000007be880000)
  from space 11264K, 45% used [0x00000007be880000,0x00000007bed8a260,0x00000007bf380000)
  to   space 11264K, 0% used [0x00000007bf500000,0x00000007bf500000,0x00000007c0000000)
 ParOldGen       total 4860416K, used 4387473K [0x00000005cd000000, 0x00000006f5a80000, 0x0000000719b00000)
  object space 4860416K, 90% used [0x00000005cd000000,0x00000006d8ca44d0,0x00000006f5a80000)
 Metaspace       used 28349K, capacity 30314K, committed 32384K, reserved 1077248K
  class space    used 3036K, capacity 3543K, committed 3968K, reserved 1048576K
GC Heap History (250 events):
Event: 498.656 GC heap before
{Heap before GC invocations=601 (full 8):
 PSYoungGen      total 2717696K, used 2713256K [0x0000000719b00000, 0x00000007c0000000, 0x00000007c0000000)
  eden space 2710528K, 100% used [0x0000000719b00000,0x00000007bf200000,0x00000007bf200000)
  from space 7168K, 38% used [0x00000007bf900000,0x00000007bfbaa010,0x00000007c0000000)
  to   space 7168K, 0% used [0x00000007bf200000,0x00000007bf200000,0x00000007bf900000)
 ParOldGen       total 4860416K, used 4296594K [0x00000005cd000000, 0x00000006f5a80000, 0x0000000719b00000)
  object space 4860416K, 88% used [0x00000005cd000000,0x00000006d33e4958,0x00000006f5a80000)
 Metaspace       used 28311K, capacity 30294K, committed 32384K, reserved 1077248K
  class space    used 3028K, capacity 3535K, committed 3968K, reserved 1048576K
Event: 498.662 GC heap after
Heap after GC invocations=601 (full 8):
 PSYoungGen      total 2717696K, used 2496K [0x0000000719b00000, 0x00000007c0000000, 0x00000007c0000000)
  eden space 2710528K, 0% used [0x0000000719b00000,0x0000000719b00000,0x00000007bf200000)
  from space 7168K, 34% used [0x00000007bf200000,0x00000007bf470040,0x00000007bf900000)
  to   space 7168K, 0% used [0x00000007bf900000,0x00000007bf900000,0x00000007c0000000)
 ParOldGen       total 4860416K, used 4297674K [0x00000005cd000000, 0x00000006f5a80000, 0x0000000719b00000)
  object space 4860416K, 88% used [0x00000005cd000000,0x00000006d34f2958,0x00000006f5a80000)
 Metaspace       used 28311K, capacity 30294K, committed 32384K, reserved 1077248K
  class space    used 3028K, capacity 3535K, committed 3968K, reserved 1048576K
}
Event: 499.147 GC heap before
{Heap before GC invocations=602 (full 8):
 PSYoungGen      total 2717696K, used 2713024K [0x0000000719b00000, 0x00000007c0000000, 0x00000007c0000000)
  eden space 2710528K, 100% used [0x0000000719b00000,0x00000007bf200000,0x00000007bf200000)
  from space 7168K, 34% used [0x00000007bf200000,0x00000007bf470040,0x00000007bf900000)
  to   space 7168K, 0% used [0x00000007bf900000,0x00000007bf900000,0x00000007c0000000)
 ParOldGen       total 4860416K, used 4297674K [0x00000005cd000000, 0x00000006f5a80000, 0x0000000719b00000)
  object space 4860416K, 88% used [0x00000005cd000000,0x00000006d34f2958,0x00000006f5a80000)
 Metaspace       used 28311K, capacity 30294K, committed 32384K, reserved 1077248K
  class space    used 3028K, capacity 3535K, committed 3968K, reserved 1048576K
Event: 499.165 GC heap after
Heap after GC invocations=602 (full 8):
 PSYoungGen      total 2714624K, used 7162K [0x0000000719b00000, 0x00000007c0000000, 0x00000007c0000000)
  eden space 2707456K, 0% used [0x0000000719b00000,0x0000000719b00000,0x00000007bef00000)
  from space 7168K, 99% used [0x00000007bf900000,0x00000007bfffebe0,0x00000007c0000000)
  to   space 8704K, 0% used [0x00000007bef00000,0x00000007bef00000,0x00000007bf780000)
 ParOldGen       total 4860416K, used 4299907K [0x00000005cd000000, 0x00000006f5a80000, 0x0000000719b00000)
  object space 4860416K, 88% used [0x00000005cd000000,0x00000006d3720df8,0x00000006f5a80000)
 Metaspace       used 28311K, capacity 30294K, committed 32384K, reserved 1077248K
  class space    used 3028K, capacity 3535K, committed 3968K, reserved 1048576K
}
Event: 499.741 GC heap before
{Heap before GC invocations=603 (full 8):
 PSYoungGen      total 2714624K, used 2714618K [0x0000000719b00000, 0x00000007c0000000, 0x00000007c0000000)
  eden space 2707456K, 100% used [0x0000000719b00000,0x00000007bef00000,0x00000007bef00000)
  from space 7168K, 99% used [0x00000007bf900000,0x00000007bfffebe0,0x00000007c0000000)
  to   space 8704K, 0% used [0x00000007bef00000,0x00000007bef00000,0x00000007bf780000)
 ParOldGen       total 4860416K, used 4299907K [0x00000005cd000000, 0x00000006f5a80000, 0x0000000719b00000)
  object space 4860416K, 88% used [0x00000005cd000000,0x00000006d3720df8,0x00000006f5a80000)
 Metaspace       used 28311K, capacity 30294K, committed 32384K, reserved 1077248K
  class space    used 3028K, capacity 3535K, committed 3968K, reserved 1048576K
Event: 499.759 GC heap after
Heap after GC invocations=603 (full 8):
 PSYoungGen      total 2714112K, used 6218K [0x0000000719b00000, 0x00000007c0000000, 0x00000007c0000000)
  eden space 2707456K, 0% used [0x0000000719b00000,0x0000000719b00000,0x00000007bef00000)
  from space 6656K, 93% used [0x00000007bef00000,0x00000007bf512bc0,0x00000007bf580000)
  to   space 9216K, 0% used [0x00000007bf700000,0x00000007bf700000,0x00000007c0000000)
 ParOldGen       total 4860416K, used 4300891K [0x00000005cd000000, 0x00000006f5a80000, 0x0000000719b00000)
  object space 4860416K, 88% used [0x00000005cd000000,0x00000006d3816df8,0x00000006f5a80000)
 Metaspace       used 28311K, capacity 30294K, committed 32384K, reserved 1077248K
  class space    used 3028K, capacity 3535K, committed 3968K, reserved 1048576K
}
Event: 500.263 GC heap before
{Heap before GC invocations=604 (full 8):
 PSYoungGen      total 2714112K, used 2713674K [0x0000000719b00000, 0x00000007c0000000, 0x00000007c0000000)
  eden space 2707456K, 100% used [0x0000000719b00000,0x00000007bef00000,0x00000007bef00000)
  from space 6656K, 93% used [0x00000007bef00000,0x00000007bf512bc0,0x00000007bf580000)
  to   space 9216K, 0% used [0x00000007bf700000,0x00000007bf700000,0x00000007c0000000)
 ParOldGen       total 4860416K, used 4300891K [0x00000005cd000000, 0x00000006f5a80000, 0x0000000719b00000)
  object space 4860416K, 88% used [0x00000005cd000000,0x00000006d3816df8,0x00000006f5a80000)
 Metaspace       used 28311K, capacity 30294K, committed 32384K, reserved 1077248K
  class space    used 3028K, capacity 3535K, committed 3968K, reserved 1048576K
Event: 500.279 GC heap after
Heap after GC invocations=604 (full 8):
 PSYoungGen      total 2715648K, used 6250K [0x0000000719b00000, 0x00000007c0000000, 0x00000007c0000000)
  eden space 2706432K, 0% used [0x0000000719b00000,0x0000000719b00000,0x00000007bee00000)
  from space 9216K, 67% used [0x00000007bf700000,0x00000007bfd1abc0,0x00000007c0000000)
  to   space 9216K, 0% used [0x00000007bee00000,0x00000007bee00000,0x00000007bf700000)
 ParOldGen       total 4860416K, used 4300891K [0x00000005cd000000, 0x00000006f5a80000, 0x0000000719b00000)
  object space 4860416K, 88% used [0x00000005cd000000,0x00000006d3816df8,0x00000006f5a80000)
 Metaspace       used 28311K, capacity 30294K, committed 32384K, reserved 1077248K
  class space    used 3028K, capacity 3535K, committed 3968K, reserved 1048576K
}
Event: 500.822 GC heap before
{Heap before GC invocations=605 (full 8):
 PSYoungGen      total 2715648K, used 2712682K [0x0000000719b00000, 0x00000007c0000000, 0x00000007c0000000)
  eden space 2706432K, 100% used [0x0000000719b00000,0x00000007bee00000,0x00000007bee00000)
  from space 9216K, 67% used [0x00000007bf700000,0x00000007bfd1abc0,0x00000007c0000000)
  to   space 9216K, 0% used [0x00000007bee00000,0x00000007bee00000,0x00000007bf700000)
 ParOldGen       total 4860416K, used 4300891K [0x00000005cd000000, 0x00000006f5a80000, 0x0000000719b00000)
  object space 4860416K, 88% used [0x00000005cd000000,0x00000006d3816df8,0x00000006f5a80000)
 Metaspace       used 28311K, capacity 30294K, committed 32384K, reserved 1077248K
  class space    used 3028K, capacity 3535K, committed 3968K, reserved 1048576K
Event: 500.839 GC heap after
Heap after GC invocations=605 (full 8):
 PSYoungGen      total 2715648K, used 6154K [0x0000000719b00000, 0x00000007c0000000, 0x00000007c0000000)
  eden space 2706432K, 0% used [0x0000000719b00000,0x0000000719b00000,0x00000007bee00000)
  from space 9216K, 66% used [0x00000007bee00000,0x00000007bf402bc0,0x00000007bf700000)
  to   space 9216K, 0% used [0x00000007bf700000,0x00000007bf700000,0x00000007c0000000)
 ParOldGen       total 4860416K, used 4300955K [0x00000005cd000000, 0x00000006f5a80000, 0x0000000719b00000)
  object space 4860416K, 88% used [0x00000005cd000000,0x00000006d3826df8,0x00000006f5a80000)
 Metaspace       used 28311K, capacity 30294K, committed 32384K, reserved 1077248K
  class space    used 3028K, capacity 3535K, committed 3968K, reserved 1048576K
}
Event: 501.505 GC heap before
{Heap before GC invocations=606 (full 8):
 PSYoungGen      total 2715648K, used 2712586K [0x0000000719b00000, 0x00000007c0000000, 0x00000007c0000000)
  eden space 2706432K, 100% used [0x0000000719b00000,0x00000007bee00000,0x00000007bee00000)
  from space 9216K, 66% used [0x00000007bee00000,0x00000007bf402bc0,0x00000007bf700000)
  to   space 9216K, 0% used [0x00000007bf700000,0x00000007bf700000,0x00000007c0000000)
 ParOldGen       total 4860416K, used 4300955K [0x00000005cd000000, 0x00000006f5a80000, 0x0000000719b00000)
  object space 4860416K, 88% used [0x00000005cd000000,0x00000006d3826df8,0x00000006f5a80000)
 Metaspace       used 28311K, capacity 30294K, committed 32384K, reserved 1077248K
  class space    used 3028K, capacity 3535K, committed 3968K, reserved 1048576K
Event: 501.538 GC heap after
Heap after GC invocations=606 (full 8):
 PSYoungGen      total 2713600K, used 8980K [0x0000000719b00000, 0x00000007c0000000, 0x00000007c0000000)
  eden space 2704384K, 0% used [0x0000000719b00000,0x0000000719b00000,0x00000007bec00000)
  from space 9216K, 97% used [0x00000007bf700000,0x00000007bffc52a0,0x00000007c0000000)
  to   space 10240K, 0% used [0x00000007bec00000,0x00000007bec00000,0x00000007bf600000)
 ParOldGen       total 4860416K, used 4304925K [0x00000005cd000000, 0x00000006f5a80000, 0x0000000719b00000)
  object space 4860416K, 88% used [0x00000005cd000000,0x00000006d3c07738,0x00000006f5a80000)
 Metaspace       used 28311K, capacity 30294K, committed 32384K, reserved 1077248K
  class space    used 3028K, capacity 3535K, committed 3968K, reserved 1048576K
}
Event: 502.100 GC heap before
{Heap before GC invocations=607 (full 8):
 PSYoungGen      total 2713600K, used 2713364K [0x0000000719b00000, 0x00000007c0000000, 0x00000007c0000000)
  eden space 2704384K, 100% used [0x0000000719b00000,0x00000007bec00000,0x00000007bec00000)
  from space 9216K, 97% used [0x00000007bf700000,0x00000007bffc52a0,0x00000007c0000000)
  to   space 10240K, 0% used [0x00000007bec00000,0x00000007bec00000,0x00000007bf600000)
 ParOldGen       total 4860416K, used 4304925K [0x00000005cd000000, 0x00000006f5a80000, 0x0000000719b00000)
  object space 4860416K, 88% used [0x00000005cd000000,0x00000006d3c07738,0x00000006f5a80000)
 Metaspace       used 28311K, capacity 30294K, committed 32384K, reserved 1077248K
  class space    used 3028K, capacity 3535K, committed 3968K, reserved 1048576K
Event: 502.128 GC heap after
Heap after GC invocations=607 (full 8):
 PSYoungGen      total 2714624K, used 9789K [0x0000000719b00000, 0x00000007c0000000, 0x00000007c0000000)
  eden space 2704384K, 0% used [0x0000000719b00000,0x0000000719b00000,0x00000007bec00000)
  from space 10240K, 95% used [0x00000007bec00000,0x00000007bf58f4e0,0x00000007bf600000)
  to   space 10240K, 0% used [0x00000007bf600000,0x00000007bf600000,0x00000007c0000000)
 ParOldGen       total 4860416K, used 4309840K [0x00000005cd000000, 0x00000006f5a80000, 0x0000000719b00000)
  object space 4860416K, 88% used [0x00000005cd000000,0x00000006d40d42c8,0x00000006f5a80000)
 Metaspace       used 28311K, capacity 30294K, committed 32384K, reserved 1077248K
  class space    used 3028K, capacity 3535K, committed 3968K, reserved 1048576K
}
Event: 502.715 GC heap before
{Heap before GC invocations=608 (full 8):
 PSYoungGen      total 2714624K, used 2714173K [0x0000000719b00000, 0x00000007c0000000, 0x00000007c0000000)
  eden space 2704384K, 100% used [0x0000000719b00000,0x00000007bec00000,0x00000007bec00000)
  from space 10240K, 95% used [0x00000007bec00000,0x00000007bf58f4e0,0x00000007bf600000)
  to   space 10240K, 0% used [0x00000007bf600000,0x00000007bf600000,0x00000007c0000000)
 ParOldGen       total 4860416K, used 4309840K [0x00000005cd000000, 0x00000006f5a80000, 0x0000000719b00000)
  object space 4860416K, 88% used [0x00000005cd000000,0x00000006d40d42c8,0x00000006f5a80000)
 Metaspace       used 28311K, capacity 30294K, committed 32384K, reserved 1077248K
  class space    used 3028K, capacity 3535K, committed 3968K, reserved 1048576K
Event: 502.728 GC heap after
Heap after GC invocations=608 (full 8):
 PSYoungGen      total 2709504K, used 10085K [0x0000000719b00000, 0x00000007c0000000, 0x00000007c0000000)
  eden space 2699264K, 0% used [0x0000000719b00000,0x0000000719b00000,0x00000007be700000)
  from space 10240K, 98% used [0x00000007bf600000,0x00000007bffd94f0,0x00000007c0000000)
  to   space 12800K, 0% used [0x00000007be700000,0x00000007be700000,0x00000007bf380000)
 ParOldGen       total 4860416K, used 4309928K [0x00000005cd000000, 0x00000006f5a80000, 0x0000000719b00000)
  object space 4860416K, 88% used [0x00000005cd000000,0x00000006d40ea2c8,0x00000006f5a80000)
 Metaspace       used 28311K, capacity 30294K, committed 32384K, reserved 1077248K
  class space    used 3028K, capacity 3535K, committed 3968K, reserved 1048576K
}
Event: 503.320 GC heap before
{Heap before GC invocations=609 (full 8):
 PSYoungGen      total 2709504K, used 2709349K [0x0000000719b00000, 0x00000007c0000000, 0x00000007c0000000)
  eden space 2699264K, 100% used [0x0000000719b00000,0x00000007be700000,0x00000007be700000)
  from space 10240K, 98% used [0x00000007bf600000,0x00000007bffd94f0,0x00000007c0000000)
  to   space 12800K, 0% used [0x00000007be700000,0x00000007be700000,0x00000007bf380000)
 ParOldGen       total 4860416K, used 4309928K [0x00000005cd000000, 0x00000006f5a80000, 0x0000000719b00000)
  object space 4860416K, 88% used [0x00000005cd000000,0x00000006d40ea2c8,0x00000006f5a80000)
 Metaspace       used 28311K, capacity 30294K, committed 32384K, reserved 1077248K
  class space    used 3028K, capacity 3535K, committed 3968K, reserved 1048576K
Event: 503.342 GC heap after
Heap after GC invocations=609 (full 8):
 PSYoungGen      total 2709504K, used 10085K [0x0000000719b00000, 0x00000007c0000000, 0x00000007c0000000)
  eden space 2699264K, 0% used [0x0000000719b00000,0x0000000719b00000,0x00000007be700000)
  from space 10240K, 98% used [0x00000007be700000,0x00000007bf0d94f0,0x00000007bf100000)
  to   space 13312K, 0% used [0x00000007bf300000,0x00000007bf300000,0x00000007c0000000)
 ParOldGen       total 4860416K, used 4309984K [0x00000005cd000000, 0x00000006f5a80000, 0x0000000719b00000)
  object space 4860416K, 88% used [0x00000005cd000000,0x00000006d40f82c8,0x00000006f5a80000)
 Metaspace       used 28311K, capacity 30294K, committed 32384K, reserved 1077248K
  class space    used 3028K, capacity 3535K, committed 3968K, reserved 1048576K
}
Event: 503.953 GC heap before
{Heap before GC invocations=610 (full 8):
 PSYoungGen      total 2709504K, used 2709349K [0x0000000719b00000, 0x00000007c0000000, 0x00000007c0000000)
  eden space 2699264K, 100% used [0x0000000719b00000,0x00000007be700000,0x00000007be700000)
  from space 10240K, 98% used [0x00000007be700000,0x00000007bf0d94f0,0x00000007bf100000)
  to   space 13312K, 0% used [0x00000007bf300000,0x00000007bf300000,0x00000007c0000000)
 ParOldGen       total 4860416K, used 4309984K [0x00000005cd000000, 0x00000006f5a80000, 0x0000000719b00000)
  object space 4860416K, 88% used [0x00000005cd000000,0x00000006d40f82c8,0x00000006f5a80000)
 Metaspace       used 28311K, capacity 30294K, committed 32384K, reserved 1077248K
  class space    used 3028K, capacity 3535K, committed 3968K, reserved 1048576K
Event: 503.972 GC heap after
Heap after GC invocations=610 (full 8):
 PSYoungGen      total 2710528K, used 9853K [0x0000000719b00000, 0x00000007c0000000, 0x00000007c0000000)
  eden space 2697216K, 0% used [0x0000000719b00000,0x0000000719b00000,0x00000007be500000)
  from space 13312K, 74% used [0x00000007bf300000,0x00000007bfc9f4e0,0x00000007c0000000)
  to   space 13824K, 0% used [0x00000007be500000,0x00000007be500000,0x00000007bf280000)
 ParOldGen       total 4860416K, used 4310048K [0x00000005cd000000, 0x00000006f5a80000, 0x0000000719b00000)
  object space 4860416K, 88% used [0x00000005cd000000,0x00000006d41082c8,0x00000006f5a80000)
 Metaspace       used 28311K, capacity 30294K, committed 32384K, reserved 1077248K
  class space    used 3028K, capacity 3535K, committed 3968K, reserved 1048576K
}
Event: 504.602 GC heap before
{Heap before GC invocations=611 (full 8):
 PSYoungGen      total 2710528K, used 2707069K [0x0000000719b00000, 0x00000007c0000000, 0x00000007c0000000)
  eden space 2697216K, 100% used [0x0000000719b00000,0x00000007be500000,0x00000007be500000)
  from space 13312K, 74% used [0x00000007bf300000,0x00000007bfc9f4e0,0x00000007c0000000)
  to   space 13824K, 0% used [0x00000007be500000,0x00000007be500000,0x00000007bf280000)
 ParOldGen       total 4860416K, used 4310048K [0x00000005cd000000, 0x00000006f5a80000, 0x0000000719b00000)
  object space 4860416K, 88% used [0x00000005cd000000,0x00000006d41082c8,0x00000006f5a80000)
 Metaspace       used 28311K, capacity 30294K, committed 32384K, reserved 1077248K
  class space    used 3028K, capacity 3535K, committed 3968K, reserved 1048576K
Event: 504.626 GC heap after
Heap after GC invocations=611 (full 8):
 PSYoungGen      total 2706944K, used 9717K [0x0000000719b00000, 0x00000007c0000000, 0x00000007c0000000)
  eden space 2697216K, 0% used [0x0000000719b00000,0x0000000719b00000,0x00000007be500000)
  from space 9728K, 99% used [0x00000007be500000,0x00000007bee7d4d0,0x00000007bee80000)
  to   space 14336K, 0% used [0x00000007bf200000,0x00000007bf200000,0x00000007c0000000)
 ParOldGen       total 4860416K, used 4310088K [0x00000005cd000000, 0x00000006f5a80000, 0x0000000719b00000)
  object space 4860416K, 88% used [0x00000005cd000000,0x00000006d41122c8,0x00000006f5a80000)
 Metaspace       used 28311K, capacity 30294K, committed 32384K, reserved 1077248K
  class space    used 3028K, capacity 3535K, committed 3968K, reserved 1048576K
}
Event: 505.264 GC heap before
{Heap before GC invocations=612 (full 8):
 PSYoungGen      total 2706944K, used 2706933K [0x0000000719b00000, 0x00000007c0000000, 0x00000007c0000000)
  eden space 2697216K, 100% used [0x0000000719b00000,0x00000007be500000,0x00000007be500000)
  from space 9728K, 99% used [0x00000007be500000,0x00000007bee7d4d0,0x00000007bee80000)
  to   space 14336K, 0% used [0x00000007bf200000,0x00000007bf200000,0x00000007c0000000)
 ParOldGen       total 4860416K, used 4310088K [0x00000005cd000000, 0x00000006f5a80000, 0x0000000719b00000)
  object space 4860416K, 88% used [0x00000005cd000000,0x00000006d41122c8,0x00000006f5a80000)
 Metaspace       used 28311K, capacity 30294K, committed 32384K, reserved 1077248K
  class space    used 3028K, capacity 3535K, committed 3968K, reserved 1048576K
Event: 505.271 GC heap after
Heap after GC invocations=612 (full 8):
 PSYoungGen      total 2709504K, used 9925K [0x0000000719b00000, 0x00000007c0000000, 0x00000007c0000000)
  eden space 2695168K, 0% used [0x0000000719b00000,0x0000000719b00000,0x00000007be300000)
  from space 14336K, 69% used [0x00000007bf200000,0x00000007bfbb14f0,0x00000007c0000000)
  to   space 14848K, 0% used [0x00000007be300000,0x00000007be300000,0x00000007bf180000)
 ParOldGen       total 4860416K, used 4310128K [0x00000005cd000000, 0x00000006f5a80000, 0x0000000719b00000)
  object space 4860416K, 88% used [0x00000005cd000000,0x00000006d411c2c8,0x00000006f5a80000)
 Metaspace       used 28311K, capacity 30294K, committed 32384K, reserved 1077248K
  class space    used 3028K, capacity 3535K, committed 3968K, reserved 1048576K
}
Event: 505.935 GC heap before
{Heap before GC invocations=613 (full 8):
 PSYoungGen      total 2709504K, used 2705093K [0x0000000719b00000, 0x00000007c0000000, 0x00000007c0000000)
  eden space 2695168K, 100% used [0x0000000719b00000,0x00000007be300000,0x00000007be300000)
  from space 14336K, 69% used [0x00000007bf200000,0x00000007bfbb14f0,0x00000007c0000000)
  to   space 14848K, 0% used [0x00000007be300000,0x00000007be300000,0x00000007bf180000)
 ParOldGen       total 4860416K, used 4310128K [0x00000005cd000000, 0x00000006f5a80000, 0x0000000719b00000)
  object space 4860416K, 88% used [0x00000005cd000000,0x00000006d411c2c8,0x00000006f5a80000)
 Metaspace       used 28311K, capacity 30294K, committed 32384K, reserved 1077248K
  class space    used 3028K, capacity 3535K, committed 3968K, reserved 1048576K
Event: 505.944 GC heap after
Heap after GC invocations=613 (full 8):
 PSYoungGen      total 2710016K, used 9621K [0x0000000719b00000, 0x00000007c0000000, 0x00000007c0000000)
  eden space 2695168K, 0% used [0x0000000719b00000,0x0000000719b00000,0x00000007be300000)
  from space 14848K, 64% used [0x00000007be300000,0x00000007bec654d0,0x00000007bf180000)
  to   space 14848K, 0% used [0x00000007bf180000,0x00000007bf180000,0x00000007c0000000)
 ParOldGen       total 4860416K, used 4310160K [0x00000005cd000000, 0x00000006f5a80000, 0x0000000719b00000)
  object space 4860416K, 88% used [0x00000005cd000000,0x00000006d41242c8,0x00000006f5a80000)
 Metaspace       used 28311K, capacity 30294K, committed 32384K, reserved 1077248K
  class space    used 3028K, capacity 3535K, committed 3968K, reserved 1048576K
}
Event: 506.636 GC heap before
{Heap before GC invocations=614 (full 8):
 PSYoungGen      total 2710016K, used 2704789K [0x0000000719b00000, 0x00000007c0000000, 0x00000007c0000000)
  eden space 2695168K, 100% used [0x0000000719b00000,0x00000007be300000,0x00000007be300000)
  from space 14848K, 64% used [0x00000007be300000,0x00000007bec654d0,0x00000007bf180000)
  to   space 14848K, 0% used [0x00000007bf180000,0x00000007bf180000,0x00000007c0000000)
 ParOldGen       total 4860416K, used 4310160K [0x00000005cd000000, 0x00000006f5a80000, 0x0000000719b00000)
  object space 4860416K, 88% used [0x00000005cd000000,0x00000006d41242c8,0x00000006f5a80000)
 Metaspace       used 28311K, capacity 30294K, committed 32384K, reserved 1077248K
  class space    used 3028K, capacity 3535K, committed 3968K, reserved 1048576K
Event: 506.649 GC heap after
Heap after GC invocations=614 (full 8):
 PSYoungGen      total 2710016K, used 9789K [0x0000000719b00000, 0x00000007c0000000, 0x00000007c0000000)
  eden space 2695168K, 0% used [0x0000000719b00000,0x0000000719b00000,0x00000007be300000)
  from space 14848K, 65% used [0x00000007bf180000,0x00000007bfb0f4e0,0x00000007c0000000)
  to   space 14848K, 0% used [0x00000007be300000,0x00000007be300000,0x00000007bf180000)
 ParOldGen       total 4860416K, used 4310216K [0x00000005cd000000, 0x00000006f5a80000, 0x0000000719b00000)
  object space 4860416K, 88% used [0x00000005cd000000,0x00000006d41322c8,0x00000006f5a80000)
 Metaspace       used 28311K, capacity 30294K, committed 32384K, reserved 1077248K
  class space    used 3028K, capacity 3535K, committed 3968K, reserved 1048576K
}
Event: 507.450 GC heap before
{Heap before GC invocations=615 (full 8):
 PSYoungGen      total 2710016K, used 2704957K [0x0000000719b00000, 0x00000007c0000000, 0x00000007c0000000)
  eden space 2695168K, 100% used [0x0000000719b00000,0x00000007be300000,0x00000007be300000)
  from space 14848K, 65% used [0x00000007bf180000,0x00000007bfb0f4e0,0x00000007c0000000)
  to   space 14848K, 0% used [0x00000007be300000,0x00000007be300000,0x00000007bf180000)
 ParOldGen       total 4860416K, used 4310216K [0x00000005cd000000, 0x00000006f5a80000, 0x0000000719b00000)
  object space 4860416K, 88% used [0x00000005cd000000,0x00000006d41322c8,0x00000006f5a80000)
 Metaspace       used 28311K, capacity 30294K, committed 32384K, reserved 1077248K
  class space    used 3028K, capacity 3535K, committed 3968K, reserved 1048576K
Event: 507.467 GC heap after
Heap after GC invocations=615 (full 8):
 PSYoungGen      total 2710016K, used 10021K [0x0000000719b00000, 0x00000007c0000000, 0x00000007c0000000)
  eden space 2695168K, 0% used [0x0000000719b00000,0x0000000719b00000,0x00000007be300000)
  from space 14848K, 67% used [0x00000007be300000,0x00000007becc94f0,0x00000007bf180000)
  to   space 14848K, 0% used [0x00000007bf180000,0x00000007bf180000,0x00000007c0000000)
 ParOldGen       total 4860416K, used 4310288K [0x00000005cd000000, 0x00000006f5a80000, 0x0000000719b00000)
  object space 4860416K, 88% used [0x00000005cd000000,0x00000006d41442c8,0x00000006f5a80000)
 Metaspace       used 28311K, capacity 30294K, committed 32384K, reserved 1077248K
  class space    used 3028K, capacity 3535K, committed 3968K, reserved 1048576K
}
Event: 508.145 GC heap before
{Heap before GC invocations=616 (full 8):
 PSYoungGen      total 2710016K, used 2705189K [0x0000000719b00000, 0x00000007c0000000, 0x00000007c0000000)
  eden space 2695168K, 100% used [0x0000000719b00000,0x00000007be300000,0x00000007be300000)
  from space 14848K, 67% used [0x00000007be300000,0x00000007becc94f0,0x00000007bf180000)
  to   space 14848K, 0% used [0x00000007bf180000,0x00000007bf180000,0x00000007c0000000)
 ParOldGen       total 4860416K, used 4310288K [0x00000005cd000000, 0x00000006f5a80000, 0x0000000719b00000)
  object space 4860416K, 88% used [0x00000005cd000000,0x00000006d41442c8,0x00000006f5a80000)
 Metaspace       used 28311K, capacity 30294K, committed 32384K, reserved 1077248K
  class space    used 3028K, capacity 3535K, committed 3968K, reserved 1048576K
Event: 508.160 GC heap after
Heap after GC invocations=616 (full 8):
 PSYoungGen      total 2710016K, used 9653K [0x0000000719b00000, 0x00000007c0000000, 0x00000007c0000000)
  eden space 2695168K, 0% used [0x0000000719b00000,0x0000000719b00000,0x00000007be300000)
  from space 14848K, 65% used [0x00000007bf180000,0x00000007bfaed4d0,0x00000007c0000000)
  to   space 14848K, 0% used [0x00000007be300000,0x00000007be300000,0x00000007bf180000)
 ParOldGen       total 4860416K, used 4310352K [0x00000005cd000000, 0x00000006f5a80000, 0x0000000719b00000)
  object space 4860416K, 88% used [0x00000005cd000000,0x00000006d41542c8,0x00000006f5a80000)
 Metaspace       used 28311K, capacity 30294K, committed 32384K, reserved 1077248K
  class space    used 3028K, capacity 3535K, committed 3968K, reserved 1048576K
}
Event: 508.861 GC heap before
{Heap before GC invocations=617 (full 8):
 PSYoungGen      total 2710016K, used 2704821K [0x0000000719b00000, 0x00000007c0000000, 0x00000007c0000000)
  eden space 2695168K, 100% used [0x0000000719b00000,0x00000007be300000,0x00000007be300000)
  from space 14848K, 65% used [0x00000007bf180000,0x00000007bfaed4d0,0x00000007c0000000)
  to   space 14848K, 0% used [0x00000007be300000,0x00000007be300000,0x00000007bf180000)
 ParOldGen       total 4860416K, used 4310352K [0x00000005cd000000, 0x00000006f5a80000, 0x0000000719b00000)
  object space 4860416K, 88% used [0x00000005cd000000,0x00000006d41542c8,0x00000006f5a80000)
 Metaspace       used 28311K, capacity 30294K, committed 32384K, reserved 1077248K
  class space    used 3028K, capacity 3535K, committed 3968K, reserved 1048576K
Event: 508.877 GC heap after
Heap after GC invocations=617 (full 8):
 PSYoungGen      total 2703360K, used 7908K [0x0000000719b00000, 0x00000007bff00000, 0x00000007c0000000)
  eden space 2695168K, 0% used [0x0000000719b00000,0x0000000719b00000,0x00000007be300000)
  from space 8192K, 96% used [0x00000007be300000,0x00000007beab9050,0x00000007beb00000)
  to   space 14336K, 0% used [0x00000007bf100000,0x00000007bf100000,0x00000007bff00000)
 ParOldGen       total 4860416K, used 4312529K [0x00000005cd000000, 0x00000006f5a80000, 0x0000000719b00000)
  object space 4860416K, 88% used [0x00000005cd000000,0x00000006d4374768,0x00000006f5a80000)
 Metaspace       used 28311K, capacity 30294K, committed 32384K, reserved 1077248K
  class space    used 3028K, capacity 3535K, committed 3968K, reserved 1048576K
}
Event: 509.557 GC heap before
{Heap before GC invocations=618 (full 8):
 PSYoungGen      total 2703360K, used 2703076K [0x0000000719b00000, 0x00000007bff00000, 0x00000007c0000000)
  eden space 2695168K, 100% used [0x0000000719b00000,0x00000007be300000,0x00000007be300000)
  from space 8192K, 96% used [0x00000007be300000,0x00000007beab9050,0x00000007beb00000)
  to   space 14336K, 0% used [0x00000007bf100000,0x00000007bf100000,0x00000007bff00000)
 ParOldGen       total 4860416K, used 4312529K [0x00000005cd000000, 0x00000006f5a80000, 0x0000000719b00000)
  object space 4860416K, 88% used [0x00000005cd000000,0x00000006d4374768,0x00000006f5a80000)
 Metaspace       used 28311K, capacity 30294K, committed 32384K, reserved 1077248K
  class space    used 3028K, capacity 3535K, committed 3968K, reserved 1048576K
Event: 509.575 GC heap after
Heap after GC invocations=618 (full 8):
 PSYoungGen      total 2710016K, used 8172K [0x0000000719b00000, 0x00000007c0000000, 0x00000007c0000000)
  eden space 2695680K, 0% used [0x0000000719b00000,0x0000000719b00000,0x00000007be380000)
  from space 14336K, 57% used [0x00000007bf100000,0x00000007bf8fb060,0x00000007bff00000)
  to   space 13824K, 0% used [0x00000007be380000,0x00000007be380000,0x00000007bf100000)
 ParOldGen       total 4860416K, used 4312569K [0x00000005cd000000, 0x00000006f5a80000, 0x0000000719b00000)
  object space 4860416K, 88% used [0x00000005cd000000,0x00000006d437e768,0x00000006f5a80000)
 Metaspace       used 28311K, capacity 30294K, committed 32384K, reserved 1077248K
  class space    used 3028K, capacity 3535K, committed 3968K, reserved 1048576K
}
Event: 510.220 GC heap before
{Heap before GC invocations=619 (full 8):
 PSYoungGen      total 2710016K, used 2703852K [0x0000000719b00000, 0x00000007c0000000, 0x00000007c0000000)
  eden space 2695680K, 100% used [0x0000000719b00000,0x00000007be380000,0x00000007be380000)
  from space 14336K, 57% used [0x00000007bf100000,0x00000007bf8fb060,0x00000007bff00000)
  to   space 13824K, 0% used [0x00000007be380000,0x00000007be380000,0x00000007bf100000)
 ParOldGen       total 4860416K, used 4312569K [0x00000005cd000000, 0x00000006f5a80000, 0x0000000719b00000)
  object space 4860416K, 88% used [0x00000005cd000000,0x00000006d437e768,0x00000006f5a80000)
 Metaspace       used 28311K, capacity 30294K, committed 32384K, reserved 1077248K
  class space    used 3028K, capacity 3535K, committed 3968K, reserved 1048576K
Event: 510.238 GC heap after
Heap after GC invocations=619 (full 8):
 PSYoungGen      total 2709504K, used 7740K [0x0000000719b00000, 0x00000007bfe80000, 0x00000007c0000000)
  eden space 2695680K, 0% used [0x0000000719b00000,0x0000000719b00000,0x00000007be380000)
  from space 13824K, 55% used [0x00000007be380000,0x00000007beb0f040,0x00000007bf100000)
  to   space 13312K, 0% used [0x00000007bf180000,0x00000007bf180000,0x00000007bfe80000)
 ParOldGen       total 4860416K, used 4312641K [0x00000005cd000000, 0x00000006f5a80000, 0x0000000719b00000)
  object space 4860416K, 88% used [0x00000005cd000000,0x00000006d4390768,0x00000006f5a80000)
 Metaspace       used 28311K, capacity 30294K, committed 32384K, reserved 1077248K
  class space    used 3028K, capacity 3535K, committed 3968K, reserved 1048576K
}
Event: 510.955 GC heap before
{Heap before GC invocations=620 (full 8):
 PSYoungGen      total 2709504K, used 2703420K [0x0000000719b00000, 0x00000007bfe80000, 0x00000007c0000000)
  eden space 2695680K, 100% used [0x0000000719b00000,0x00000007be380000,0x00000007be380000)
  from space 13824K, 55% used [0x00000007be380000,0x00000007beb0f040,0x00000007bf100000)
  to   space 13312K, 0% used [0x00000007bf180000,0x00000007bf180000,0x00000007bfe80000)
 ParOldGen       total 4860416K, used 4312641K [0x00000005cd000000, 0x00000006f5a80000, 0x0000000719b00000)
  object space 4860416K, 88% used [0x00000005cd000000,0x00000006d4390768,0x00000006f5a80000)
 Metaspace       used 28311K, capacity 30294K, committed 32384K, reserved 1077248K
  class space    used 3028K, capacity 3535K, committed 3968K, reserved 1048576K
Event: 510.967 GC heap after
Heap after GC invocations=620 (full 8):
 PSYoungGen      total 2710528K, used 7476K [0x0000000719b00000, 0x00000007bfe80000, 0x00000007c0000000)
  eden space 2697216K, 0% used [0x0000000719b00000,0x0000000719b00000,0x00000007be500000)
  from space 13312K, 56% used [0x00000007bf180000,0x00000007bf8cd030,0x00000007bfe80000)
  to   space 12800K, 0% used [0x00000007be500000,0x00000007be500000,0x00000007bf180000)
 ParOldGen       total 4860416K, used 4312697K [0x00000005cd000000, 0x00000006f5a80000, 0x0000000719b00000)
  object space 4860416K, 88% used [0x00000005cd000000,0x00000006d439e768,0x00000006f5a80000)
 Metaspace       used 28311K, capacity 30294K, committed 32384K, reserved 1077248K
  class space    used 3028K, capacity 3535K, committed 3968K, reserved 1048576K
}
Event: 511.759 GC heap before
{Heap before GC invocations=621 (full 8):
 PSYoungGen      total 2710528K, used 2704692K [0x0000000719b00000, 0x00000007bfe80000, 0x00000007c0000000)
  eden space 2697216K, 100% used [0x0000000719b00000,0x00000007be500000,0x00000007be500000)
  from space 13312K, 56% used [0x00000007bf180000,0x00000007bf8cd030,0x00000007bfe80000)
  to   space 12800K, 0% used [0x00000007be500000,0x00000007be500000,0x00000007bf180000)
 ParOldGen       total 4860416K, used 4312697K [0x00000005cd000000, 0x00000006f5a80000, 0x0000000719b00000)
  object space 4860416K, 88% used [0x00000005cd000000,0x00000006d439e768,0x00000006f5a80000)
 Metaspace       used 28311K, capacity 30294K, committed 32384K, reserved 1077248K
  class space    used 3028K, capacity 3535K, committed 3968K, reserved 1048576K
Event: 511.775 GC heap after
Heap after GC invocations=621 (full 8):
 PSYoungGen      total 2710016K, used 3025K [0x0000000719b00000, 0x00000007c0000000, 0x00000007c0000000)
  eden space 2697216K, 0% used [0x0000000719b00000,0x0000000719b00000,0x00000007be500000)
  from space 12800K, 23% used [0x00000007be500000,0x00000007be7f44c0,0x00000007bf180000)
  to   space 13312K, 0% used [0x00000007bf300000,0x00000007bf300000,0x00000007c0000000)
 ParOldGen       total 4860416K, used 4317732K [0x00000005cd000000, 0x00000006f5a80000, 0x0000000719b00000)
  object space 4860416K, 88% used [0x00000005cd000000,0x00000006d48892f8,0x00000006f5a80000)
 Metaspace       used 28311K, capacity 30294K, committed 32384K, reserved 1077248K
  class space    used 3028K, capacity 3535K, committed 3968K, reserved 1048576K
}
Event: 512.538 GC heap before
{Heap before GC invocations=622 (full 8):
 PSYoungGen      total 2710016K, used 2700241K [0x0000000719b00000, 0x00000007c0000000, 0x00000007c0000000)
  eden space 2697216K, 100% used [0x0000000719b00000,0x00000007be500000,0x00000007be500000)
  from space 12800K, 23% used [0x00000007be500000,0x00000007be7f44c0,0x00000007bf180000)
  to   space 13312K, 0% used [0x00000007bf300000,0x00000007bf300000,0x00000007c0000000)
 ParOldGen       total 4860416K, used 4317732K [0x00000005cd000000, 0x00000006f5a80000, 0x0000000719b00000)
  object space 4860416K, 88% used [0x00000005cd000000,0x00000006d48892f8,0x00000006f5a80000)
 Metaspace       used 28311K, capacity 30294K, committed 32384K, reserved 1077248K
  class space    used 3028K, capacity 3535K, committed 3968K, reserved 1048576K
Event: 512.559 GC heap after
Heap after GC invocations=622 (full 8):
 PSYoungGen      total 2708480K, used 12906K [0x0000000719b00000, 0x00000007c0000000, 0x00000007c0000000)
  eden space 2695168K, 0% used [0x0000000719b00000,0x0000000719b00000,0x00000007be300000)
  from space 13312K, 96% used [0x00000007bf300000,0x00000007bff9a930,0x00000007c0000000)
  to   space 14848K, 0% used [0x00000007be300000,0x00000007be300000,0x00000007bf180000)
 ParOldGen       total 4860416K, used 4337261K [0x00000005cd000000, 0x00000006f5a80000, 0x0000000719b00000)
  object space 4860416K, 89% used [0x00000005cd000000,0x00000006d5b9b7b8,0x00000006f5a80000)
 Metaspace       used 28311K, capacity 30294K, committed 32384K, reserved 1077248K
  class space    used 3028K, capacity 3535K, committed 3968K, reserved 1048576K
}
Event: 512.988 GC heap before
{Heap before GC invocations=623 (full 8):
 PSYoungGen      total 2708480K, used 2708074K [0x0000000719b00000, 0x00000007c0000000, 0x00000007c0000000)
  eden space 2695168K, 100% used [0x0000000719b00000,0x00000007be300000,0x00000007be300000)
  from space 13312K, 96% used [0x00000007bf300000,0x00000007bff9a930,0x00000007c0000000)
  to   space 14848K, 0% used [0x00000007be300000,0x00000007be300000,0x00000007bf180000)
 ParOldGen       total 4860416K, used 4337261K [0x00000005cd000000, 0x00000006f5a80000, 0x0000000719b00000)
  object space 4860416K, 89% used [0x00000005cd000000,0x00000006d5b9b7b8,0x00000006f5a80000)
 Metaspace       used 28311K, capacity 30294K, committed 32384K, reserved 1077248K
  class space    used 3028K, capacity 3535K, committed 3968K, reserved 1048576K
Event: 513.008 GC heap after
Heap after GC invocations=623 (full 8):
 PSYoungGen      total 2710016K, used 14841K [0x0000000719b00000, 0x00000007c0000000, 0x00000007c0000000)
  eden space 2695168K, 0% used [0x0000000719b00000,0x0000000719b00000,0x00000007be300000)
  from space 14848K, 99% used [0x00000007be300000,0x00000007bf17e4a0,0x00000007bf180000)
  to   space 14848K, 0% used [0x00000007bf180000,0x00000007bf180000,0x00000007c0000000)
 ParOldGen       total 4860416K, used 4337349K [0x00000005cd000000, 0x00000006f5a80000, 0x0000000719b00000)
  object space 4860416K, 89% used [0x00000005cd000000,0x00000006d5bb17b8,0x00000006f5a80000)
 Metaspace       used 28311K, capacity 30294K, committed 32384K, reserved 1077248K
  class space    used 3028K, capacity 3535K, committed 3968K, reserved 1048576K
}
Event: 513.437 GC heap before
{Heap before GC invocations=624 (full 8):
 PSYoungGen      total 2710016K, used 2710009K [0x0000000719b00000, 0x00000007c0000000, 0x00000007c0000000)
  eden space 2695168K, 100% used [0x0000000719b00000,0x00000007be300000,0x00000007be300000)
  from space 14848K, 99% used [0x00000007be300000,0x00000007bf17e4a0,0x00000007bf180000)
  to   space 14848K, 0% used [0x00000007bf180000,0x00000007bf180000,0x00000007c0000000)
 ParOldGen       total 4860416K, used 4337349K [0x00000005cd000000, 0x00000006f5a80000, 0x0000000719b00000)
  object space 4860416K, 89% used [0x00000005cd000000,0x00000006d5bb17b8,0x00000006f5a80000)
 Metaspace       used 28311K, capacity 30294K, committed 32384K, reserved 1077248K
  class space    used 3028K, capacity 3535K, committed 3968K, reserved 1048576K
Event: 513.444 GC heap after
Heap after GC invocations=624 (full 8):
 PSYoungGen      total 2702848K, used 14833K [0x0000000719b00000, 0x00000007c0000000, 0x00000007c0000000)
  eden space 2688000K, 0% used [0x0000000719b00000,0x0000000719b00000,0x00000007bdc00000)
  from space 14848K, 99% used [0x00000007bf180000,0x00000007bfffc408,0x00000007c0000000)
  to   space 18432K, 0% used [0x00000007bdc00000,0x00000007bdc00000,0x00000007bee00000)
 ParOldGen       total 4860416K, used 4337981K [0x00000005cd000000, 0x00000006f5a80000, 0x0000000719b00000)
  object space 4860416K, 89% used [0x00000005cd000000,0x00000006d5c4f7b8,0x00000006f5a80000)
 Metaspace       used 28311K, capacity 30294K, committed 32384K, reserved 1077248K
  class space    used 3028K, capacity 3535K, committed 3968K, reserved 1048576K
}
Event: 513.870 GC heap before
{Heap before GC invocations=625 (full 8):
 PSYoungGen      total 2702848K, used 2702833K [0x0000000719b00000, 0x00000007c0000000, 0x00000007c0000000)
  eden space 2688000K, 100% used [0x0000000719b00000,0x00000007bdc00000,0x00000007bdc00000)
  from space 14848K, 99% used [0x00000007bf180000,0x00000007bfffc408,0x00000007c0000000)
  to   space 18432K, 0% used [0x00000007bdc00000,0x00000007bdc00000,0x00000007bee00000)
 ParOldGen       total 4860416K, used 4337981K [0x00000005cd000000, 0x00000006f5a80000, 0x0000000719b00000)
  object space 4860416K, 89% used [0x00000005cd000000,0x00000006d5c4f7b8,0x00000006f5a80000)
 Metaspace       used 28311K, capacity 30294K, committed 32384K, reserved 1077248K
  class space    used 3028K, capacity 3535K, committed 3968K, reserved 1048576K
Event: 513.879 GC heap after
Heap after GC invocations=625 (full 8):
 PSYoungGen      total 2702848K, used 14752K [0x0000000719b00000, 0x00000007c0000000, 0x00000007c0000000)
  eden space 2688000K, 0% used [0x0000000719b00000,0x0000000719b00000,0x00000007bdc00000)
  from space 14848K, 99% used [0x00000007bdc00000,0x00000007bea683e8,0x00000007bea80000)
  to   space 19456K, 0% used [0x00000007bed00000,0x00000007bed00000,0x00000007c0000000)
 ParOldGen       total 4860416K, used 4338077K [0x00000005cd000000, 0x00000006f5a80000, 0x0000000719b00000)
  object space 4860416K, 89% used [0x00000005cd000000,0x00000006d5c677b8,0x00000006f5a80000)
 Metaspace       used 28311K, capacity 30294K, committed 32384K, reserved 1077248K
  class space    used 3028K, capacity 3535K, committed 3968K, reserved 1048576K
}
Event: 514.301 GC heap before
{Heap before GC invocations=626 (full 8):
 PSYoungGen      total 2702848K, used 2702752K [0x0000000719b00000, 0x00000007c0000000, 0x00000007c0000000)
  eden space 2688000K, 100% used [0x0000000719b00000,0x00000007bdc00000,0x00000007bdc00000)
  from space 14848K, 99% used [0x00000007bdc00000,0x00000007bea683e8,0x00000007bea80000)
  to   space 19456K, 0% used [0x00000007bed00000,0x00000007bed00000,0x00000007c0000000)
 ParOldGen       total 4860416K, used 4338077K [0x00000005cd000000, 0x00000006f5a80000, 0x0000000719b00000)
  object space 4860416K, 89% used [0x00000005cd000000,0x00000006d5c677b8,0x00000006f5a80000)
 Metaspace       used 28311K, capacity 30294K, committed 32384K, reserved 1077248K
  class space    used 3028K, capacity 3535K, committed 3968K, reserved 1048576K
Event: 514.309 GC heap after
Heap after GC invocations=626 (full 8):
 PSYoungGen      total 2703360K, used 14784K [0x0000000719b00000, 0x00000007c0000000, 0x00000007c0000000)
  eden space 2683904K, 0% used [0x0000000719b00000,0x0000000719b00000,0x00000007bd800000)
  from space 19456K, 75% used [0x00000007bed00000,0x00000007bfb703e8,0x00000007c0000000)
  to   space 20480K, 0% used [0x00000007bd800000,0x00000007bd800000,0x00000007bec00000)
 ParOldGen       total 4860416K, used 4338077K [0x00000005cd000000, 0x00000006f5a80000, 0x0000000719b00000)
  object space 4860416K, 89% used [0x00000005cd000000,0x00000006d5c677b8,0x00000006f5a80000)
 Metaspace       used 28311K, capacity 30294K, committed 32384K, reserved 1077248K
  class space    used 3028K, capacity 3535K, committed 3968K, reserved 1048576K
}
Event: 514.747 GC heap before
{Heap before GC invocations=627 (full 8):
 PSYoungGen      total 2703360K, used 2698688K [0x0000000719b00000, 0x00000007c0000000, 0x00000007c0000000)
  eden space 2683904K, 100% used [0x0000000719b00000,0x00000007bd800000,0x00000007bd800000)
  from space 19456K, 75% used [0x00000007bed00000,0x00000007bfb703e8,0x00000007c0000000)
  to   space 20480K, 0% used [0x00000007bd800000,0x00000007bd800000,0x00000007bec00000)
 ParOldGen       total 4860416K, used 4338077K [0x00000005cd000000, 0x00000006f5a80000, 0x0000000719b00000)
  object space 4860416K, 89% used [0x00000005cd000000,0x00000006d5c677b8,0x00000006f5a80000)
 Metaspace       used 28311K, capacity 30294K, committed 32384K, reserved 1077248K
  class space    used 3028K, capacity 3535K, committed 3968K, reserved 1048576K
Event: 514.757 GC heap after
Heap after GC invocations=627 (full 8):
 PSYoungGen      total 2701824K, used 17866K [0x0000000719b00000, 0x00000007c0000000, 0x00000007c0000000)
  eden space 2683904K, 0% used [0x0000000719b00000,0x0000000719b00000,0x00000007bd800000)
  from space 17920K, 99% used [0x00000007bd800000,0x00000007be972b90,0x00000007be980000)
  to   space 22016K, 0% used [0x00000007bea80000,0x00000007bea80000,0x00000007c0000000)
 ParOldGen       total 4860416K, used 4338077K [0x00000005cd000000, 0x00000006f5a80000, 0x0000000719b00000)
  object space 4860416K, 89% used [0x00000005cd000000,0x00000006d5c677b8,0x00000006f5a80000)
 Metaspace       used 28311K, capacity 30294K, committed 32384K, reserved 1077248K
  class space    used 3028K, capacity 3535K, committed 3968K, reserved 1048576K
}
Event: 515.181 GC heap before
{Heap before GC invocations=628 (full 8):
 PSYoungGen      total 2701824K, used 2701770K [0x0000000719b00000, 0x00000007c0000000, 0x00000007c0000000)
  eden space 2683904K, 100% used [0x0000000719b00000,0x00000007bd800000,0x00000007bd800000)
  from space 17920K, 99% used [0x00000007bd800000,0x00000007be972b90,0x00000007be980000)
  to   space 22016K, 0% used [0x00000007bea80000,0x00000007bea80000,0x00000007c0000000)
 ParOldGen       total 4860416K, used 4338077K [0x00000005cd000000, 0x00000006f5a80000, 0x0000000719b00000)
  object space 4860416K, 89% used [0x00000005cd000000,0x00000006d5c677b8,0x00000006f5a80000)
 Metaspace       used 28311K, capacity 30294K, committed 32384K, reserved 1077248K
  class space    used 3028K, capacity 3535K, committed 3968K, reserved 1048576K
Event: 515.188 GC heap after
Heap after GC invocations=628 (full 8):
 PSYoungGen      total 2701824K, used 15217K [0x0000000719b00000, 0x00000007c0000000, 0x00000007c0000000)
  eden space 2679808K, 0% used [0x0000000719b00000,0x0000000719b00000,0x00000007bd400000)
  from space 22016K, 69% used [0x00000007bea80000,0x00000007bf95c408,0x00000007c0000000)
  to   space 22528K, 0% used [0x00000007bd400000,0x00000007bd400000,0x00000007bea00000)
 ParOldGen       total 4860416K, used 4338149K [0x00000005cd000000, 0x00000006f5a80000, 0x0000000719b00000)
  object space 4860416K, 89% used [0x00000005cd000000,0x00000006d5c797b8,0x00000006f5a80000)
 Metaspace       used 28311K, capacity 30294K, committed 32384K, reserved 1077248K
  class space    used 3028K, capacity 3535K, committed 3968K, reserved 1048576K
}
Event: 515.604 GC heap before
{Heap before GC invocations=629 (full 8):
 PSYoungGen      total 2701824K, used 2695025K [0x0000000719b00000, 0x00000007c0000000, 0x00000007c0000000)
  eden space 2679808K, 100% used [0x0000000719b00000,0x00000007bd400000,0x00000007bd400000)
  from space 22016K, 69% used [0x00000007bea80000,0x00000007bf95c408,0x00000007c0000000)
  to   space 22528K, 0% used [0x00000007bd400000,0x00000007bd400000,0x00000007bea00000)
 ParOldGen       total 4860416K, used 4338149K [0x00000005cd000000, 0x00000006f5a80000, 0x0000000719b00000)
  object space 4860416K, 89% used [0x00000005cd000000,0x00000006d5c797b8,0x00000006f5a80000)
 Metaspace       used 28311K, capacity 30294K, committed 32384K, reserved 1077248K
  class space    used 3028K, capacity 3535K, committed 3968K, reserved 1048576K
Event: 515.617 GC heap after
Heap after GC invocations=629 (full 8):
 PSYoungGen      total 2702336K, used 14952K [0x0000000719b00000, 0x00000007c0000000, 0x00000007c0000000)
  eden space 2679808K, 0% used [0x0000000719b00000,0x0000000719b00000,0x00000007bd400000)
  from space 22528K, 66% used [0x00000007bd400000,0x00000007be29a3f8,0x00000007bea00000)
  to   space 22528K, 0% used [0x00000007bea00000,0x00000007bea00000,0x00000007c0000000)
 ParOldGen       total 4860416K, used 4338197K [0x00000005cd000000, 0x00000006f5a80000, 0x0000000719b00000)
  object space 4860416K, 89% used [0x00000005cd000000,0x00000006d5c857b8,0x00000006f5a80000)
 Metaspace       used 28311K, capacity 30294K, committed 32384K, reserved 1077248K
  class space    used 3028K, capacity 3535K, committed 3968K, reserved 1048576K
}
Event: 516.047 GC heap before
{Heap before GC invocations=630 (full 8):
 PSYoungGen      total 2702336K, used 2694760K [0x0000000719b00000, 0x00000007c0000000, 0x00000007c0000000)
  eden space 2679808K, 100% used [0x0000000719b00000,0x00000007bd400000,0x00000007bd400000)
  from space 22528K, 66% used [0x00000007bd400000,0x00000007be29a3f8,0x00000007bea00000)
  to   space 22528K, 0% used [0x00000007bea00000,0x00000007bea00000,0x00000007c0000000)
 ParOldGen       total 4860416K, used 4338197K [0x00000005cd000000, 0x00000006f5a80000, 0x0000000719b00000)
  object space 4860416K, 89% used [0x00000005cd000000,0x00000006d5c857b8,0x00000006f5a80000)
 Metaspace       used 28311K, capacity 30294K, committed 32384K, reserved 1077248K
  class space    used 3028K, capacity 3535K, committed 3968K, reserved 1048576K
Event: 516.056 GC heap after
Heap after GC invocations=630 (full 8):
 PSYoungGen      total 2699264K, used 17914K [0x0000000719b00000, 0x00000007c0000000, 0x00000007c0000000)
  eden space 2676736K, 0% used [0x0000000719b00000,0x0000000719b00000,0x00000007bd100000)
  from space 22528K, 79% used [0x00000007bea00000,0x00000007bfb7eab8,0x00000007c0000000)
  to   space 24064K, 0% used [0x00000007bd100000,0x00000007bd100000,0x00000007be880000)
 ParOldGen       total 4860416K, used 4338261K [0x00000005cd000000, 0x00000006f5a80000, 0x0000000719b00000)
  object space 4860416K, 89% used [0x00000005cd000000,0x00000006d5c957b8,0x00000006f5a80000)
 Metaspace       used 28311K, capacity 30294K, committed 32384K, reserved 1077248K
  class space    used 3028K, capacity 3535K, committed 3968K, reserved 1048576K
}
Event: 516.482 GC heap before
{Heap before GC invocations=631 (full 8):
 PSYoungGen      total 2699264K, used 2694650K [0x0000000719b00000, 0x00000007c0000000, 0x00000007c0000000)
  eden space 2676736K, 100% used [0x0000000719b00000,0x00000007bd100000,0x00000007bd100000)
  from space 22528K, 79% used [0x00000007bea00000,0x00000007bfb7eab8,0x00000007c0000000)
  to   space 24064K, 0% used [0x00000007bd100000,0x00000007bd100000,0x00000007be880000)
 ParOldGen       total 4860416K, used 4338261K [0x00000005cd000000, 0x00000006f5a80000, 0x0000000719b00000)
  object space 4860416K, 89% used [0x00000005cd000000,0x00000006d5c957b8,0x00000006f5a80000)
 Metaspace       used 28311K, capacity 30294K, committed 32384K, reserved 1077248K
  class space    used 3028K, capacity 3535K, committed 3968K, reserved 1048576K
Event: 516.491 GC heap after
Heap after GC invocations=631 (full 8):
 PSYoungGen      total 2700800K, used 14920K [0x0000000719b00000, 0x00000007c0000000, 0x00000007c0000000)
  eden space 2676736K, 0% used [0x0000000719b00000,0x0000000719b00000,0x00000007bd100000)
  from space 24064K, 62% used [0x00000007bd100000,0x00000007bdf923f8,0x00000007be880000)
  to   space 23552K, 0% used [0x00000007be900000,0x00000007be900000,0x00000007c0000000)
 ParOldGen       total 4860416K, used 4338349K [0x00000005cd000000, 0x00000006f5a80000, 0x0000000719b00000)
  object space 4860416K, 89% used [0x00000005cd000000,0x00000006d5cab7b8,0x00000006f5a80000)
 Metaspace       used 28311K, capacity 30294K, committed 32384K, reserved 1077248K
  class space    used 3028K, capacity 3535K, committed 3968K, reserved 1048576K
}
Event: 517.019 GC heap before
{Heap before GC invocations=632 (full 8):
 PSYoungGen      total 2700800K, used 2691656K [0x0000000719b00000, 0x00000007c0000000, 0x00000007c0000000)
  eden space 2676736K, 100% used [0x0000000719b00000,0x00000007bd100000,0x00000007bd100000)
  from space 24064K, 62% used [0x00000007bd100000,0x00000007bdf923f8,0x00000007be880000)
  to   space 23552K, 0% used [0x00000007be900000,0x00000007be900000,0x00000007c0000000)
 ParOldGen       total 4860416K, used 4338349K [0x00000005cd000000, 0x00000006f5a80000, 0x0000000719b00000)
  object space 4860416K, 89% used [0x00000005cd000000,0x00000006d5cab7b8,0x00000006f5a80000)
 Metaspace       used 28311K, capacity 30294K, committed 32384K, reserved 1077248K
  class space    used 3028K, capacity 3535K, committed 3968K, reserved 1048576K
Event: 517.030 GC heap after
Heap after GC invocations=632 (full 8):
 PSYoungGen      total 2700288K, used 17450K [0x0000000719b00000, 0x00000007c0000000, 0x00000007c0000000)
  eden space 2676736K, 0% used [0x0000000719b00000,0x0000000719b00000,0x00000007bd100000)
  from space 23552K, 74% used [0x00000007be900000,0x00000007bfa0aa98,0x00000007c0000000)
  to   space 24064K, 0% used [0x00000007bd100000,0x00000007bd100000,0x00000007be880000)
 ParOldGen       total 4860416K, used 4338421K [0x00000005cd000000, 0x00000006f5a80000, 0x0000000719b00000)
  object space 4860416K, 89% used [0x00000005cd000000,0x00000006d5cbd7b8,0x00000006f5a80000)
 Metaspace       used 28311K, capacity 30294K, committed 32384K, reserved 1077248K
  class space    used 3028K, capacity 3535K, committed 3968K, reserved 1048576K
}
Event: 517.540 GC heap before
{Heap before GC invocations=633 (full 8):
 PSYoungGen      total 2700288K, used 2694186K [0x0000000719b00000, 0x00000007c0000000, 0x00000007c0000000)
  eden space 2676736K, 100% used [0x0000000719b00000,0x00000007bd100000,0x00000007bd100000)
  from space 23552K, 74% used [0x00000007be900000,0x00000007bfa0aa98,0x00000007c0000000)
  to   space 24064K, 0% used [0x00000007bd100000,0x00000007bd100000,0x00000007be880000)
 ParOldGen       total 4860416K, used 4338421K [0x00000005cd000000, 0x00000006f5a80000, 0x0000000719b00000)
  object space 4860416K, 89% used [0x00000005cd000000,0x00000006d5cbd7b8,0x00000006f5a80000)
 Metaspace       used 28311K, capacity 30294K, committed 32384K, reserved 1077248K
  class space    used 3028K, capacity 3535K, committed 3968K, reserved 1048576K
Event: 517.552 GC heap after
Heap after GC invocations=633 (full 8):
 PSYoungGen      total 2700800K, used 14785K [0x0000000719b00000, 0x00000007bff80000, 0x00000007c0000000)
  eden space 2676736K, 0% used [0x0000000719b00000,0x0000000719b00000,0x00000007bd100000)
  from space 24064K, 61% used [0x00000007bd100000,0x00000007bdf704c0,0x00000007be880000)
  to   space 23552K, 0% used [0x00000007be880000,0x00000007be880000,0x00000007bff80000)
 ParOldGen       total 4860416K, used 4338493K [0x00000005cd000000, 0x00000006f5a80000, 0x0000000719b00000)
  object space 4860416K, 89% used [0x00000005cd000000,0x00000006d5ccf7b8,0x00000006f5a80000)
 Metaspace       used 28311K, capacity 30294K, committed 32384K, reserved 1077248K
  class space    used 3028K, capacity 3535K, committed 3968K, reserved 1048576K
}
Event: 518.091 GC heap before
{Heap before GC invocations=634 (full 8):
 PSYoungGen      total 2700800K, used 2691521K [0x0000000719b00000, 0x00000007bff80000, 0x00000007c0000000)
  eden space 2676736K, 100% used [0x0000000719b00000,0x00000007bd100000,0x00000007bd100000)
  from space 24064K, 61% used [0x00000007bd100000,0x00000007bdf704c0,0x00000007be880000)
  to   space 23552K, 0% used [0x00000007be880000,0x00000007be880000,0x00000007bff80000)
 ParOldGen       total 4860416K, used 4338493K [0x00000005cd000000, 0x00000006f5a80000, 0x0000000719b00000)
  object space 4860416K, 89% used [0x00000005cd000000,0x00000006d5ccf7b8,0x00000006f5a80000)
 Metaspace       used 28311K, capacity 30294K, committed 32384K, reserved 1077248K
  class space    used 3028K, capacity 3535K, committed 3968K, reserved 1048576K
Event: 518.114 GC heap after
Heap after GC invocations=634 (full 8):
 PSYoungGen      total 2700288K, used 17514K [0x0000000719b00000, 0x00000007c0000000, 0x00000007c0000000)
  eden space 2676736K, 0% used [0x0000000719b00000,0x0000000719b00000,0x00000007bd100000)
  from space 23552K, 74% used [0x00000007be880000,0x00000007bf99aa98,0x00000007bff80000)
  to   space 24064K, 0% used [0x00000007bd100000,0x00000007bd100000,0x00000007be880000)
 ParOldGen       total 4860416K, used 4338573K [0x00000005cd000000, 0x00000006f5a80000, 0x0000000719b00000)
  object space 4860416K, 89% used [0x00000005cd000000,0x00000006d5ce37b8,0x00000006f5a80000)
 Metaspace       used 28311K, capacity 30294K, committed 32384K, reserved 1077248K
  class space    used 3028K, capacity 3535K, committed 3968K, reserved 1048576K
}
Event: 518.562 GC heap before
{Heap before GC invocations=635 (full 8):
 PSYoungGen      total 2700288K, used 2694250K [0x0000000719b00000, 0x00000007c0000000, 0x00000007c0000000)
  eden space 2676736K, 100% used [0x0000000719b00000,0x00000007bd100000,0x00000007bd100000)
  from space 23552K, 74% used [0x00000007be880000,0x00000007bf99aa98,0x00000007bff80000)
  to   space 24064K, 0% used [0x00000007bd100000,0x00000007bd100000,0x00000007be880000)
 ParOldGen       total 4860416K, used 4338573K [0x00000005cd000000, 0x00000006f5a80000, 0x0000000719b00000)
  object space 4860416K, 89% used [0x00000005cd000000,0x00000006d5ce37b8,0x00000006f5a80000)
 Metaspace       used 28311K, capacity 30294K, committed 32384K, reserved 1077248K
  class space    used 3028K, capacity 3535K, committed 3968K, reserved 1048576K
Event: 518.569 GC heap after
Heap after GC invocations=635 (full 8):
 PSYoungGen      total 2694656K, used 17882K [0x0000000719b00000, 0x00000007c0000000, 0x00000007c0000000)
  eden space 2676736K, 0% used [0x0000000719b00000,0x0000000719b00000,0x00000007bd100000)
  from space 17920K, 99% used [0x00000007bd100000,0x00000007be276ab8,0x00000007be280000)
  to   space 24576K, 0% used [0x00000007be800000,0x00000007be800000,0x00000007c0000000)
 ParOldGen       total 4860416K, used 4338637K [0x00000005cd000000, 0x00000006f5a80000, 0x0000000719b00000)
  object space 4860416K, 89% used [0x00000005cd000000,0x00000006d5cf37b8,0x00000006f5a80000)
 Metaspace       used 28311K, capacity 30294K, committed 32384K, reserved 1077248K
  class space    used 3028K, capacity 3535K, committed 3968K, reserved 1048576K
}
Event: 518.983 GC heap before
{Heap before GC invocations=636 (full 8):
 PSYoungGen      total 2694656K, used 2694618K [0x0000000719b00000, 0x00000007c0000000, 0x00000007c0000000)
  eden space 2676736K, 100% used [0x0000000719b00000,0x00000007bd100000,0x00000007bd100000)
  from space 17920K, 99% used [0x00000007bd100000,0x00000007be276ab8,0x00000007be280000)
  to   space 24576K, 0% used [0x00000007be800000,0x00000007be800000,0x00000007c0000000)
 ParOldGen       total 4860416K, used 4338637K [0x00000005cd000000, 0x00000006f5a80000, 0x0000000719b00000)
  object space 4860416K, 89% used [0x00000005cd000000,0x00000006d5cf37b8,0x00000006f5a80000)
 Metaspace       used 28311K, capacity 30294K, committed 32384K, reserved 1077248K
  class space    used 3028K, capacity 3535K, committed 3968K, reserved 1048576K
Event: 518.995 GC heap after
Heap after GC invocations=636 (full 8):
 PSYoungGen      total 2699264K, used 18082K [0x0000000719b00000, 0x00000007c0000000, 0x00000007c0000000)
  eden space 2674688K, 0% used [0x0000000719b00000,0x0000000719b00000,0x00000007bcf00000)
  from space 24576K, 73% used [0x00000007be800000,0x00000007bf9a8ac8,0x00000007c0000000)
  to   space 25088K, 0% used [0x00000007bcf00000,0x00000007bcf00000,0x00000007be780000)
 ParOldGen       total 4860416K, used 4338709K [0x00000005cd000000, 0x00000006f5a80000, 0x0000000719b00000)
  object space 4860416K, 89% used [0x00000005cd000000,0x00000006d5d057b8,0x00000006f5a80000)
 Metaspace       used 28311K, capacity 30294K, committed 32384K, reserved 1077248K
  class space    used 3028K, capacity 3535K, committed 3968K, reserved 1048576K
}
Event: 519.424 GC heap before
{Heap before GC invocations=637 (full 8):
 PSYoungGen      total 2699264K, used 2692770K [0x0000000719b00000, 0x00000007c0000000, 0x00000007c0000000)
  eden space 2674688K, 100% used [0x0000000719b00000,0x00000007bcf00000,0x00000007bcf00000)
  from space 24576K, 73% used [0x00000007be800000,0x00000007bf9a8ac8,0x00000007c0000000)
  to   space 25088K, 0% used [0x00000007bcf00000,0x00000007bcf00000,0x00000007be780000)
 ParOldGen       total 4860416K, used 4338709K [0x00000005cd000000, 0x00000006f5a80000, 0x0000000719b00000)
  object space 4860416K, 89% used [0x00000005cd000000,0x00000006d5d057b8,0x00000006f5a80000)
 Metaspace       used 28311K, capacity 30294K, committed 32384K, reserved 1077248K
  class space    used 3028K, capacity 3535K, committed 3968K, reserved 1048576K
Event: 519.435 GC heap after
Heap after GC invocations=637 (full 8):
 PSYoungGen      total 2677248K, used 2422K [0x0000000719b00000, 0x00000007c0000000, 0x00000007c0000000)
  eden space 2674688K, 0% used [0x0000000719b00000,0x0000000719b00000,0x00000007bcf00000)
  from space 2560K, 94% used [0x00000007bcf00000,0x00000007bd15dab8,0x00000007bd180000)
  to   space 26112K, 0% used [0x00000007be680000,0x00000007be680000,0x00000007c0000000)
 ParOldGen       total 4860416K, used 4350920K [0x00000005cd000000, 0x00000006f5a80000, 0x0000000719b00000)
  object space 4860416K, 89% used [0x00000005cd000000,0x00000006d68f20d8,0x00000006f5a80000)
 Metaspace       used 28311K, capacity 30294K, committed 32384K, reserved 1077248K
  class space    used 3028K, capacity 3535K, committed 3968K, reserved 1048576K
}
Event: 519.870 GC heap before
{Heap before GC invocations=638 (full 8):
 PSYoungGen      total 2677248K, used 2677110K [0x0000000719b00000, 0x00000007c0000000, 0x00000007c0000000)
  eden space 2674688K, 100% used [0x0000000719b00000,0x00000007bcf00000,0x00000007bcf00000)
  from space 2560K, 94% used [0x00000007bcf00000,0x00000007bd15dab8,0x00000007bd180000)
  to   space 26112K, 0% used [0x00000007be680000,0x00000007be680000,0x00000007c0000000)
 ParOldGen       total 4860416K, used 4350920K [0x00000005cd000000, 0x00000006f5a80000, 0x0000000719b00000)
  object space 4860416K, 89% used [0x00000005cd000000,0x00000006d68f20d8,0x00000006f5a80000)
 Metaspace       used 28311K, capacity 30294K, committed 32384K, reserved 1077248K
  class space    used 3028K, capacity 3535K, committed 3968K, reserved 1048576K
Event: 519.882 GC heap after
Heap after GC invocations=638 (full 8):
 PSYoungGen      total 2697728K, used 1984K [0x0000000719b00000, 0x00000007c0000000, 0x00000007c0000000)
  eden space 2671616K, 0% used [0x0000000719b00000,0x0000000719b00000,0x00000007bcc00000)
  from space 26112K, 7% used [0x00000007be680000,0x00000007be870278,0x00000007c0000000)
  to   space 26624K, 0% used [0x00000007bcc00000,0x00000007bcc00000,0x00000007be600000)
 ParOldGen       total 4860416K, used 4351878K [0x00000005cd000000, 0x00000006f5a80000, 0x0000000719b00000)
  object space 4860416K, 89% used [0x00000005cd000000,0x00000006d69e1938,0x00000006f5a80000)
 Metaspace       used 28311K, capacity 30294K, committed 32384K, reserved 1077248K
  class space    used 3028K, capacity 3535K, committed 3968K, reserved 1048576K
}
Event: 520.319 GC heap before
{Heap before GC invocations=639 (full 8):
 PSYoungGen      total 2697728K, used 2673600K [0x0000000719b00000, 0x00000007c0000000, 0x00000007c0000000)
  eden space 2671616K, 100% used [0x0000000719b00000,0x00000007bcc00000,0x00000007bcc00000)
  from space 26112K, 7% used [0x00000007be680000,0x00000007be870278,0x00000007c0000000)
  to   space 26624K, 0% used [0x00000007bcc00000,0x00000007bcc00000,0x00000007be600000)
 ParOldGen       total 4860416K, used 4351878K [0x00000005cd000000, 0x00000006f5a80000, 0x0000000719b00000)
  object space 4860416K, 89% used [0x00000005cd000000,0x00000006d69e1938,0x00000006f5a80000)
 Metaspace       used 28311K, capacity 30294K, committed 32384K, reserved 1077248K
  class space    used 3028K, capacity 3535K, committed 3968K, reserved 1048576K
Event: 520.329 GC heap after
Heap after GC invocations=639 (full 8):
 PSYoungGen      total 2698240K, used 4882K [0x0000000719b00000, 0x00000007c0000000, 0x00000007c0000000)
  eden space 2671616K, 0% used [0x0000000719b00000,0x0000000719b00000,0x00000007bcc00000)
  from space 26624K, 18% used [0x00000007bcc00000,0x00000007bd0c4938,0x00000007be600000)
  to   space 26624K, 0% used [0x00000007be600000,0x00000007be600000,0x00000007c0000000)
 ParOldGen       total 4860416K, used 4351950K [0x00000005cd000000, 0x00000006f5a80000, 0x0000000719b00000)
  object space 4860416K, 89% used [0x00000005cd000000,0x00000006d69f3938,0x00000006f5a80000)
 Metaspace       used 28311K, capacity 30294K, committed 32384K, reserved 1077248K
  class space    used 3028K, capacity 3535K, committed 3968K, reserved 1048576K
}
Event: 520.779 GC heap before
{Heap before GC invocations=640 (full 8):
 PSYoungGen      total 2698240K, used 2676498K [0x0000000719b00000, 0x00000007c0000000, 0x00000007c0000000)
  eden space 2671616K, 100% used [0x0000000719b00000,0x00000007bcc00000,0x00000007bcc00000)
  from space 26624K, 18% used [0x00000007bcc00000,0x00000007bd0c4938,0x00000007be600000)
  to   space 26624K, 0% used [0x00000007be600000,0x00000007be600000,0x00000007c0000000)
 ParOldGen       total 4860416K, used 4351950K [0x00000005cd000000, 0x00000006f5a80000, 0x0000000719b00000)
  object space 4860416K, 89% used [0x00000005cd000000,0x00000006d69f3938,0x00000006f5a80000)
 Metaspace       used 28311K, capacity 30294K, committed 32384K, reserved 1077248K
  class space    used 3028K, capacity 3535K, committed 3968K, reserved 1048576K
Event: 520.784 GC heap after
Heap after GC invocations=640 (full 8):
 PSYoungGen      total 2697216K, used 5018K [0x0000000719b00000, 0x00000007bff00000, 0x00000007c0000000)
  eden space 2671616K, 0% used [0x0000000719b00000,0x0000000719b00000,0x00000007bcc00000)
  from space 25600K, 19% used [0x00000007be600000,0x00000007beae6948,0x00000007bff00000)
  to   space 26112K, 0% used [0x00000007bcc00000,0x00000007bcc00000,0x00000007be580000)
 ParOldGen       total 4860416K, used 4352022K [0x00000005cd000000, 0x00000006f5a80000, 0x0000000719b00000)
  object space 4860416K, 89% used [0x00000005cd000000,0x00000006d6a05938,0x00000006f5a80000)
 Metaspace       used 28311K, capacity 30294K, committed 32384K, reserved 1077248K
  class space    used 3028K, capacity 3535K, committed 3968K, reserved 1048576K
}
Event: 521.343 GC heap before
{Heap before GC invocations=641 (full 8):
 PSYoungGen      total 2697216K, used 2676634K [0x0000000719b00000, 0x00000007bff00000, 0x00000007c0000000)
  eden space 2671616K, 100% used [0x0000000719b00000,0x00000007bcc00000,0x00000007bcc00000)
  from space 25600K, 19% used [0x00000007be600000,0x00000007beae6948,0x00000007bff00000)
  to   space 26112K, 0% used [0x00000007bcc00000,0x00000007bcc00000,0x00000007be580000)
 ParOldGen       total 4860416K, used 4352022K [0x00000005cd000000, 0x00000006f5a80000, 0x0000000719b00000)
  object space 4860416K, 89% used [0x00000005cd000000,0x00000006d6a05938,0x00000006f5a80000)
 Metaspace       used 28311K, capacity 30294K, committed 32384K, reserved 1077248K
  class space    used 3028K, capacity 3535K, committed 3968K, reserved 1048576K
Event: 521.349 GC heap after
Heap after GC invocations=641 (full 8):
 PSYoungGen      total 2697728K, used 1752K [0x0000000719b00000, 0x00000007c0000000, 0x00000007c0000000)
  eden space 2671616K, 0% used [0x0000000719b00000,0x0000000719b00000,0x00000007bcc00000)
  from space 26112K, 6% used [0x00000007bcc00000,0x00000007bcdb6268,0x00000007be580000)
  to   space 26112K, 0% used [0x00000007be680000,0x00000007be680000,0x00000007c0000000)
 ParOldGen       total 4860416K, used 4352078K [0x00000005cd000000, 0x00000006f5a80000, 0x0000000719b00000)
  object space 4860416K, 89% used [0x00000005cd000000,0x00000006d6a13938,0x00000006f5a80000)
 Metaspace       used 28311K, capacity 30294K, committed 32384K, reserved 1077248K
  class space    used 3028K, capacity 3535K, committed 3968K, reserved 1048576K
}
Event: 521.806 GC heap before
{Heap before GC invocations=642 (full 8):
 PSYoungGen      total 2697728K, used 2673368K [0x0000000719b00000, 0x00000007c0000000, 0x00000007c0000000)
  eden space 2671616K, 100% used [0x0000000719b00000,0x00000007bcc00000,0x00000007bcc00000)
  from space 26112K, 6% used [0x00000007bcc00000,0x00000007bcdb6268,0x00000007be580000)
  to   space 26112K, 0% used [0x00000007be680000,0x00000007be680000,0x00000007c0000000)
 ParOldGen       total 4860416K, used 4352078K [0x00000005cd000000, 0x00000006f5a80000, 0x0000000719b00000)
  object space 4860416K, 89% used [0x00000005cd000000,0x00000006d6a13938,0x00000006f5a80000)
 Metaspace       used 28311K, capacity 30294K, committed 32384K, reserved 1077248K
  class space    used 3028K, capacity 3535K, committed 3968K, reserved 1048576K
Event: 521.822 GC heap after
Heap after GC invocations=642 (full 8):
 PSYoungGen      total 2698752K, used 1552K [0x0000000719b00000, 0x00000007c0000000, 0x00000007c0000000)
  eden space 2672640K, 0% used [0x0000000719b00000,0x0000000719b00000,0x00000007bcd00000)
  from space 26112K, 5% used [0x00000007be680000,0x00000007be804258,0x00000007c0000000)
  to   space 26112K, 0% used [0x00000007bcd00000,0x00000007bcd00000,0x00000007be680000)
 ParOldGen       total 4860416K, used 4352110K [0x00000005cd000000, 0x00000006f5a80000, 0x0000000719b00000)
  object space 4860416K, 89% used [0x00000005cd000000,0x00000006d6a1b938,0x00000006f5a80000)
 Metaspace       used 28311K, capacity 30294K, committed 32384K, reserved 1077248K
  class space    used 3028K, capacity 3535K, committed 3968K, reserved 1048576K
}
Event: 522.230 GC heap before
{Heap before GC invocations=643 (full 8):
 PSYoungGen      total 2698752K, used 2674192K [0x0000000719b00000, 0x00000007c0000000, 0x00000007c0000000)
  eden space 2672640K, 100% used [0x0000000719b00000,0x00000007bcd00000,0x00000007bcd00000)
  from space 26112K, 5% used [0x00000007be680000,0x00000007be804258,0x00000007c0000000)
  to   space 26112K, 0% used [0x00000007bcd00000,0x00000007bcd00000,0x00000007be680000)
 ParOldGen       total 4860416K, used 4352110K [0x00000005cd000000, 0x00000006f5a80000, 0x0000000719b00000)
  object space 4860416K, 89% used [0x00000005cd000000,0x00000006d6a1b938,0x00000006f5a80000)
 Metaspace       used 28311K, capacity 30294K, committed 32384K, reserved 1077248K
  class space    used 3028K, capacity 3535K, committed 3968K, reserved 1048576K
Event: 522.239 GC heap after
Heap after GC invocations=643 (full 8):
 PSYoungGen      total 2674688K, used 1784K [0x0000000719b00000, 0x00000007bff00000, 0x00000007c0000000)
  eden space 2672640K, 0% used [0x0000000719b00000,0x0000000719b00000,0x00000007bcd00000)
  from space 2048K, 87% used [0x00000007bcd00000,0x00000007bcebe338,0x00000007bcf00000)
  to   space 25600K, 0% used [0x00000007be600000,0x00000007be600000,0x00000007bff00000)
 ParOldGen       total 4860416K, used 4352182K [0x00000005cd000000, 0x00000006f5a80000, 0x0000000719b00000)
  object space 4860416K, 89% used [0x00000005cd000000,0x00000006d6a2d938,0x00000006f5a80000)
 Metaspace       used 28311K, capacity 30294K, committed 32384K, reserved 1077248K
  class space    used 3028K, capacity 3535K, committed 3968K, reserved 1048576K
}
Event: 522.695 GC heap before
{Heap before GC invocations=644 (full 8):
 PSYoungGen      total 2674688K, used 2674424K [0x0000000719b00000, 0x00000007bff00000, 0x00000007c0000000)
  eden space 2672640K, 100% used [0x0000000719b00000,0x00000007bcd00000,0x00000007bcd00000)
  from space 2048K, 87% used [0x00000007bcd00000,0x00000007bcebe338,0x00000007bcf00000)
  to   space 25600K, 0% used [0x00000007be600000,0x00000007be600000,0x00000007bff00000)
 ParOldGen       total 4860416K, used 4352182K [0x00000005cd000000, 0x00000006f5a80000, 0x0000000719b00000)
  object space 4860416K, 89% used [0x00000005cd000000,0x00000006d6a2d938,0x00000006f5a80000)
 Metaspace       used 28311K, capacity 30294K, committed 32384K, reserved 1077248K
  class space    used 3028K, capacity 3535K, committed 3968K, reserved 1048576K
Event: 522.707 GC heap after
Heap after GC invocations=644 (full 8):
 PSYoungGen      total 2698752K, used 1552K [0x0000000719b00000, 0x00000007c0000000, 0x00000007c0000000)
  eden space 2673152K, 0% used [0x0000000719b00000,0x0000000719b00000,0x00000007bcd80000)
  from space 25600K, 6% used [0x00000007be600000,0x00000007be784258,0x00000007bff00000)
  to   space 25088K, 0% used [0x00000007bcd80000,0x00000007bcd80000,0x00000007be600000)
 ParOldGen       total 4860416K, used 4352246K [0x00000005cd000000, 0x00000006f5a80000, 0x0000000719b00000)
  object space 4860416K, 89% used [0x00000005cd000000,0x00000006d6a3d938,0x00000006f5a80000)
 Metaspace       used 28311K, capacity 30294K, committed 32384K, reserved 1077248K
  class space    used 3028K, capacity 3535K, committed 3968K, reserved 1048576K
}
Event: 523.132 GC heap before
{Heap before GC invocations=645 (full 8):
 PSYoungGen      total 2698752K, used 2674704K [0x0000000719b00000, 0x00000007c0000000, 0x00000007c0000000)
  eden space 2673152K, 100% used [0x0000000719b00000,0x00000007bcd80000,0x00000007bcd80000)
  from space 25600K, 6% used [0x00000007be600000,0x00000007be784258,0x00000007bff00000)
  to   space 25088K, 0% used [0x00000007bcd80000,0x00000007bcd80000,0x00000007be600000)
 ParOldGen       total 4860416K, used 4352246K [0x00000005cd000000, 0x00000006f5a80000, 0x0000000719b00000)
  object space 4860416K, 89% used [0x00000005cd000000,0x00000006d6a3d938,0x00000006f5a80000)
 Metaspace       used 28311K, capacity 30294K, committed 32384K, reserved 1077248K
  class space    used 3028K, capacity 3535K, committed 3968K, reserved 1048576K
Event: 523.151 GC heap after
Heap after GC invocations=645 (full 8):
 PSYoungGen      total 2698240K, used 4914K [0x0000000719b00000, 0x00000007bfd80000, 0x00000007c0000000)
  eden space 2673152K, 0% used [0x0000000719b00000,0x0000000719b00000,0x00000007bcd80000)
  from space 25088K, 19% used [0x00000007bcd80000,0x00000007bd24c938,0x00000007be600000)
  to   space 24064K, 0% used [0x00000007be600000,0x00000007be600000,0x00000007bfd80000)
 ParOldGen       total 4860416K, used 4352262K [0x00000005cd000000, 0x00000006f5a80000, 0x0000000719b00000)
  object space 4860416K, 89% used [0x00000005cd000000,0x00000006d6a41938,0x00000006f5a80000)
 Metaspace       used 28311K, capacity 30294K, committed 32384K, reserved 1077248K
  class space    used 3028K, capacity 3535K, committed 3968K, reserved 1048576K
}
Event: 523.590 GC heap before
{Heap before GC invocations=646 (full 8):
 PSYoungGen      total 2698240K, used 2678066K [0x0000000719b00000, 0x00000007bfd80000, 0x00000007c0000000)
  eden space 2673152K, 100% used [0x0000000719b00000,0x00000007bcd80000,0x00000007bcd80000)
  from space 25088K, 19% used [0x00000007bcd80000,0x00000007bd24c938,0x00000007be600000)
  to   space 24064K, 0% used [0x00000007be600000,0x00000007be600000,0x00000007bfd80000)
 ParOldGen       total 4860416K, used 4352262K [0x00000005cd000000, 0x00000006f5a80000, 0x0000000719b00000)
  object space 4860416K, 89% used [0x00000005cd000000,0x00000006d6a41938,0x00000006f5a80000)
 Metaspace       used 28311K, capacity 30294K, committed 32384K, reserved 1077248K
  class space    used 3028K, capacity 3535K, committed 3968K, reserved 1048576K
Event: 523.597 GC heap after
Heap after GC invocations=646 (full 8):
 PSYoungGen      total 2698752K, used 2184K [0x0000000719b00000, 0x00000007bfd00000, 0x00000007c0000000)
  eden space 2675200K, 0% used [0x0000000719b00000,0x0000000719b00000,0x00000007bcf80000)
  from space 23552K, 9% used [0x00000007be600000,0x00000007be822288,0x00000007bfd00000)
  to   space 23040K, 0% used [0x00000007bcf80000,0x00000007bcf80000,0x00000007be600000)
 ParOldGen       total 4860416K, used 4352350K [0x00000005cd000000, 0x00000006f5a80000, 0x0000000719b00000)
  object space 4860416K, 89% used [0x00000005cd000000,0x00000006d6a57938,0x00000006f5a80000)
 Metaspace       used 28311K, capacity 30294K, committed 32384K, reserved 1077248K
  class space    used 3028K, capacity 3535K, committed 3968K, reserved 1048576K
}
Event: 524.038 GC heap before
{Heap before GC invocations=647 (full 8):
 PSYoungGen      total 2698752K, used 2677384K [0x0000000719b00000, 0x00000007bfd00000, 0x00000007c0000000)
  eden space 2675200K, 100% used [0x0000000719b00000,0x00000007bcf80000,0x00000007bcf80000)
  from space 23552K, 9% used [0x00000007be600000,0x00000007be822288,0x00000007bfd00000)
  to   space 23040K, 0% used [0x00000007bcf80000,0x00000007bcf80000,0x00000007be600000)
 ParOldGen       total 4860416K, used 4352350K [0x00000005cd000000, 0x00000006f5a80000, 0x0000000719b00000)
  object space 4860416K, 89% used [0x00000005cd000000,0x00000006d6a57938,0x00000006f5a80000)
 Metaspace       used 28311K, capacity 30294K, committed 32384K, reserved 1077248K
  class space    used 3028K, capacity 3535K, committed 3968K, reserved 1048576K
Event: 524.047 GC heap after
Heap after GC invocations=647 (full 8):
 PSYoungGen      total 2698240K, used 4882K [0x0000000719b00000, 0x00000007bfd80000, 0x00000007c0000000)
  eden space 2675200K, 0% used [0x0000000719b00000,0x0000000719b00000,0x00000007bcf80000)
  from space 23040K, 21% used [0x00000007bcf80000,0x00000007bd444938,0x00000007be600000)
  to   space 22016K, 0% used [0x00000007be800000,0x00000007be800000,0x00000007bfd80000)
 ParOldGen       total 4860416K, used 4352398K [0x00000005cd000000, 0x00000006f5a80000, 0x0000000719b00000)
  object space 4860416K, 89% used [0x00000005cd000000,0x00000006d6a63938,0x00000006f5a80000)
 Metaspace       used 28311K, capacity 30294K, committed 32384K, reserved 1077248K
  class space    used 3028K, capacity 3535K, committed 3968K, reserved 1048576K
}
Event: 524.471 GC heap before
{Heap before GC invocations=648 (full 8):
 PSYoungGen      total 2698240K, used 2680082K [0x0000000719b00000, 0x00000007bfd80000, 0x00000007c0000000)
  eden space 2675200K, 100% used [0x0000000719b00000,0x00000007bcf80000,0x00000007bcf80000)
  from space 23040K, 21% used [0x00000007bcf80000,0x00000007bd444938,0x00000007be600000)
  to   space 22016K, 0% used [0x00000007be800000,0x00000007be800000,0x00000007bfd80000)
 ParOldGen       total 4860416K, used 4352398K [0x00000005cd000000, 0x00000006f5a80000, 0x0000000719b00000)
  object space 4860416K, 89% used [0x00000005cd000000,0x00000006d6a63938,0x00000006f5a80000)
 Metaspace       used 28311K, capacity 30294K, committed 32384K, reserved 1077248K
  class space    used 3028K, capacity 3535K, committed 3968K, reserved 1048576K
Event: 524.481 GC heap after
Heap after GC invocations=648 (full 8):
 PSYoungGen      total 2700800K, used 1952K [0x0000000719b00000, 0x00000007bfd00000, 0x00000007c0000000)
  eden space 2679296K, 0% used [0x0000000719b00000,0x0000000719b00000,0x00000007bd380000)
  from space 21504K, 9% used [0x00000007be800000,0x00000007be9e8278,0x00000007bfd00000)
  to   space 20992K, 0% used [0x00000007bd380000,0x00000007bd380000,0x00000007be800000)
 ParOldGen       total 4860416K, used 4352470K [0x00000005cd000000, 0x00000006f5a80000, 0x0000000719b00000)
  object space 4860416K, 89% used [0x00000005cd000000,0x00000006d6a75938,0x00000006f5a80000)
 Metaspace       used 28311K, capacity 30294K, committed 32384K, reserved 1077248K
  class space    used 3028K, capacity 3535K, committed 3968K, reserved 1048576K
}
Event: 524.914 GC heap before
{Heap before GC invocations=649 (full 8):
 PSYoungGen      total 2700800K, used 2681248K [0x0000000719b00000, 0x00000007bfd00000, 0x00000007c0000000)
  eden space 2679296K, 100% used [0x0000000719b00000,0x00000007bd380000,0x00000007bd380000)
  from space 21504K, 9% used [0x00000007be800000,0x00000007be9e8278,0x00000007bfd00000)
  to   space 20992K, 0% used [0x00000007bd380000,0x00000007bd380000,0x00000007be800000)
 ParOldGen       total 4860416K, used 4352470K [0x00000005cd000000, 0x00000006f5a80000, 0x0000000719b00000)
  object space 4860416K, 89% used [0x00000005cd000000,0x00000006d6a75938,0x00000006f5a80000)
 Metaspace       used 28311K, capacity 30294K, committed 32384K, reserved 1077248K
  class space    used 3028K, capacity 3535K, committed 3968K, reserved 1048576K
Event: 524.933 GC heap after
Heap after GC invocations=649 (full 8):
 PSYoungGen      total 2700288K, used 4914K [0x0000000719b00000, 0x00000007bfd80000, 0x00000007c0000000)
  eden space 2679296K, 0% used [0x0000000719b00000,0x0000000719b00000,0x00000007bd380000)
  from space 20992K, 23% used [0x00000007bd380000,0x00000007bd84c938,0x00000007be800000)
  to   space 19968K, 0% used [0x00000007bea00000,0x00000007bea00000,0x00000007bfd80000)
 ParOldGen       total 4860416K, used 4352510K [0x00000005cd000000, 0x00000006f5a80000, 0x0000000719b00000)
  object space 4860416K, 89% used [0x00000005cd000000,0x00000006d6a7f938,0x00000006f5a80000)
 Metaspace       used 28311K, capacity 30294K, committed 32384K, reserved 1077248K
  class space    used 3028K, capacity 3535K, committed 3968K, reserved 1048576K
}
Event: 525.346 GC heap before
{Heap before GC invocations=650 (full 8):
 PSYoungGen      total 2700288K, used 2684210K [0x0000000719b00000, 0x00000007bfd80000, 0x00000007c0000000)
  eden space 2679296K, 100% used [0x0000000719b00000,0x00000007bd380000,0x00000007bd380000)
  from space 20992K, 23% used [0x00000007bd380000,0x00000007bd84c938,0x00000007be800000)
  to   space 19968K, 0% used [0x00000007bea00000,0x00000007bea00000,0x00000007bfd80000)
 ParOldGen       total 4860416K, used 4352510K [0x00000005cd000000, 0x00000006f5a80000, 0x0000000719b00000)
  object space 4860416K, 89% used [0x00000005cd000000,0x00000006d6a7f938,0x00000006f5a80000)
 Metaspace       used 28311K, capacity 30294K, committed 32384K, reserved 1077248K
  class space    used 3028K, capacity 3535K, committed 3968K, reserved 1048576K
Event: 525.357 GC heap after
Heap after GC invocations=650 (full 8):
 PSYoungGen      total 2702848K, used 1648K [0x0000000719b00000, 0x00000007bfe00000, 0x00000007c0000000)
  eden space 2682880K, 0% used [0x0000000719b00000,0x0000000719b00000,0x00000007bd700000)
  from space 19968K, 8% used [0x00000007bea00000,0x00000007beb9c258,0x00000007bfd80000)
  to   space 19456K, 0% used [0x00000007bd700000,0x00000007bd700000,0x00000007bea00000)
 ParOldGen       total 4860416K, used 4352558K [0x00000005cd000000, 0x00000006f5a80000, 0x0000000719b00000)
  object space 4860416K, 89% used [0x00000005cd000000,0x00000006d6a8b938,0x00000006f5a80000)
 Metaspace       used 28311K, capacity 30294K, committed 32384K, reserved 1077248K
  class space    used 3028K, capacity 3535K, committed 3968K, reserved 1048576K
}
Event: 525.788 GC heap before
{Heap before GC invocations=651 (full 8):
 PSYoungGen      total 2702848K, used 2684528K [0x0000000719b00000, 0x00000007bfe00000, 0x00000007c0000000)
  eden space 2682880K, 100% used [0x0000000719b00000,0x00000007bd700000,0x00000007bd700000)
  from space 19968K, 8% used [0x00000007bea00000,0x00000007beb9c258,0x00000007bfd80000)
  to   space 19456K, 0% used [0x00000007bd700000,0x00000007bd700000,0x00000007bea00000)
 ParOldGen       total 4860416K, used 4352558K [0x00000005cd000000, 0x00000006f5a80000, 0x0000000719b00000)
  object space 4860416K, 89% used [0x00000005cd000000,0x00000006d6a8b938,0x00000006f5a80000)
 Metaspace       used 28311K, capacity 30294K, committed 32384K, reserved 1077248K
  class space    used 3028K, capacity 3535K, committed 3968K, reserved 1048576K
Event: 525.800 GC heap after
Heap after GC invocations=651 (full 8):
 PSYoungGen      total 2702336K, used 1752K [0x0000000719b00000, 0x00000007bfd80000, 0x00000007c0000000)
  eden space 2682880K, 0% used [0x0000000719b00000,0x0000000719b00000,0x00000007bd700000)
  from space 19456K, 9% used [0x00000007bd700000,0x00000007bd8b6268,0x00000007bea00000)
  to   space 18432K, 0% used [0x00000007beb80000,0x00000007beb80000,0x00000007bfd80000)
 ParOldGen       total 4860416K, used 4352614K [0x00000005cd000000, 0x00000006f5a80000, 0x0000000719b00000)
  object space 4860416K, 89% used [0x00000005cd000000,0x00000006d6a99938,0x00000006f5a80000)
 Metaspace       used 28311K, capacity 30294K, committed 32384K, reserved 1077248K
  class space    used 3028K, capacity 3535K, committed 3968K, reserved 1048576K
}
Event: 526.321 GC heap before
{Heap before GC invocations=652 (full 8):
 PSYoungGen      total 2702336K, used 2684632K [0x0000000719b00000, 0x00000007bfd80000, 0x00000007c0000000)
  eden space 2682880K, 100% used [0x0000000719b00000,0x00000007bd700000,0x00000007bd700000)
  from space 19456K, 9% used [0x00000007bd700000,0x00000007bd8b6268,0x00000007bea00000)
  to   space 18432K, 0% used [0x00000007beb80000,0x00000007beb80000,0x00000007bfd80000)
 ParOldGen       total 4860416K, used 4352614K [0x00000005cd000000, 0x00000006f5a80000, 0x0000000719b00000)
  object space 4860416K, 89% used [0x00000005cd000000,0x00000006d6a99938,0x00000006f5a80000)
 Metaspace       used 28311K, capacity 30294K, committed 32384K, reserved 1077248K
  class space    used 3028K, capacity 3535K, committed 3968K, reserved 1048576K
Event: 526.332 GC heap after
Heap after GC invocations=652 (full 8):
 PSYoungGen      total 2704384K, used 1584K [0x0000000719b00000, 0x00000007bfe00000, 0x00000007c0000000)
  eden space 2685952K, 0% used [0x0000000719b00000,0x0000000719b00000,0x00000007bda00000)
  from space 18432K, 8% used [0x00000007beb80000,0x00000007bed0c258,0x00000007bfd80000)
  to   space 17920K, 0% used [0x00000007bda00000,0x00000007bda00000,0x00000007beb80000)
 ParOldGen       total 4860416K, used 4352710K [0x00000005cd000000, 0x00000006f5a80000, 0x0000000719b00000)
  object space 4860416K, 89% used [0x00000005cd000000,0x00000006d6ab1938,0x00000006f5a80000)
 Metaspace       used 28311K, capacity 30294K, committed 32384K, reserved 1077248K
  class space    used 3028K, capacity 3535K, committed 3968K, reserved 1048576K
}
Event: 526.880 GC heap before
{Heap before GC invocations=653 (full 8):
 PSYoungGen      total 2704384K, used 2687536K [0x0000000719b00000, 0x00000007bfe00000, 0x00000007c0000000)
  eden space 2685952K, 100% used [0x0000000719b00000,0x00000007bda00000,0x00000007bda00000)
  from space 18432K, 8% used [0x00000007beb80000,0x00000007bed0c258,0x00000007bfd80000)
  to   space 17920K, 0% used [0x00000007bda00000,0x00000007bda00000,0x00000007beb80000)
 ParOldGen       total 4860416K, used 4352710K [0x00000005cd000000, 0x00000006f5a80000, 0x0000000719b00000)
  object space 4860416K, 89% used [0x00000005cd000000,0x00000006d6ab1938,0x00000006f5a80000)
 Metaspace       used 28311K, capacity 30294K, committed 32384K, reserved 1077248K
  class space    used 3028K, capacity 3535K, committed 3968K, reserved 1048576K
Event: 526.895 GC heap after
Heap after GC invocations=653 (full 8):
 PSYoungGen      total 2703872K, used 1784K [0x0000000719b00000, 0x00000007bfe80000, 0x00000007c0000000)
  eden space 2685952K, 0% used [0x0000000719b00000,0x0000000719b00000,0x00000007bda00000)
  from space 17920K, 9% used [0x00000007bda00000,0x00000007bdbbe268,0x00000007beb80000)
  to   space 17408K, 0% used [0x00000007bed80000,0x00000007bed80000,0x00000007bfe80000)
 ParOldGen       total 4860416K, used 4352782K [0x00000005cd000000, 0x00000006f5a80000, 0x0000000719b00000)
  object space 4860416K, 89% used [0x00000005cd000000,0x00000006d6ac3938,0x00000006f5a80000)
 Metaspace       used 28311K, capacity 30294K, committed 32384K, reserved 1077248K
  class space    used 3028K, capacity 3535K, committed 3968K, reserved 1048576K
}
Event: 527.312 GC heap before
{Heap before GC invocations=654 (full 8):
 PSYoungGen      total 2703872K, used 2687736K [0x0000000719b00000, 0x00000007bfe80000, 0x00000007c0000000)
  eden space 2685952K, 100% used [0x0000000719b00000,0x00000007bda00000,0x00000007bda00000)
  from space 17920K, 9% used [0x00000007bda00000,0x00000007bdbbe268,0x00000007beb80000)
  to   space 17408K, 0% used [0x00000007bed80000,0x00000007bed80000,0x00000007bfe80000)
 ParOldGen       total 4860416K, used 4352782K [0x00000005cd000000, 0x00000006f5a80000, 0x0000000719b00000)
  object space 4860416K, 89% used [0x00000005cd000000,0x00000006d6ac3938,0x00000006f5a80000)
 Metaspace       used 28311K, capacity 30294K, committed 32384K, reserved 1077248K
  class space    used 3028K, capacity 3535K, committed 3968K, reserved 1048576K
Event: 527.334 GC heap after
Heap after GC invocations=654 (full 8):
 PSYoungGen      total 2704896K, used 4140K [0x0000000719b00000, 0x00000007bfc80000, 0x00000007c0000000)
  eden space 2689536K, 0% used [0x0000000719b00000,0x0000000719b00000,0x00000007bdd80000)
  from space 15360K, 26% used [0x00000007bed80000,0x00000007bf18b078,0x00000007bfc80000)
  to   space 15872K, 0% used [0x00000007bdd80000,0x00000007bdd80000,0x00000007bed00000)
 ParOldGen       total 4860416K, used 4352862K [0x00000005cd000000, 0x00000006f5a80000, 0x0000000719b00000)
  object space 4860416K, 89% used [0x00000005cd000000,0x00000006d6ad7938,0x00000006f5a80000)
 Metaspace       used 28311K, capacity 30294K, committed 32384K, reserved 1077248K
  class space    used 3028K, capacity 3535K, committed 3968K, reserved 1048576K
}
Event: 527.766 GC heap before
{Heap before GC invocations=655 (full 8):
 PSYoungGen      total 2704896K, used 2693676K [0x0000000719b00000, 0x00000007bfc80000, 0x00000007c0000000)
  eden space 2689536K, 100% used [0x0000000719b00000,0x00000007bdd80000,0x00000007bdd80000)
  from space 15360K, 26% used [0x00000007bed80000,0x00000007bf18b078,0x00000007bfc80000)
  to   space 15872K, 0% used [0x00000007bdd80000,0x00000007bdd80000,0x00000007bed00000)
 ParOldGen       total 4860416K, used 4352862K [0x00000005cd000000, 0x00000006f5a80000, 0x0000000719b00000)
  object space 4860416K, 89% used [0x00000005cd000000,0x00000006d6ad7938,0x00000006f5a80000)
 Metaspace       used 28311K, capacity 30294K, committed 32384K, reserved 1077248K
  class space    used 3028K, capacity 3535K, committed 3968K, reserved 1048576K
Event: 527.784 GC heap after
Heap after GC invocations=655 (full 8):
 PSYoungGen      total 2705408K, used 1952K [0x0000000719b00000, 0x00000007bff80000, 0x00000007c0000000)
  eden space 2689536K, 0% used [0x0000000719b00000,0x0000000719b00000,0x00000007bdd80000)
  from space 15872K, 12% used [0x00000007bdd80000,0x00000007bdf68278,0x00000007bed00000)
  to   space 15360K, 0% used [0x00000007bf080000,0x00000007bf080000,0x00000007bff80000)
 ParOldGen       total 4860416K, used 4352902K [0x00000005cd000000, 0x00000006f5a80000, 0x0000000719b00000)
  object space 4860416K, 89% used [0x00000005cd000000,0x00000006d6ae1938,0x00000006f5a80000)
 Metaspace       used 28311K, capacity 30294K, committed 32384K, reserved 1077248K
  class space    used 3028K, capacity 3535K, committed 3968K, reserved 1048576K
}
Event: 528.232 GC heap before
{Heap before GC invocations=656 (full 8):
 PSYoungGen      total 2705408K, used 2691488K [0x0000000719b00000, 0x00000007bff80000, 0x00000007c0000000)
  eden space 2689536K, 100% used [0x0000000719b00000,0x00000007bdd80000,0x00000007bdd80000)
  from space 15872K, 12% used [0x00000007bdd80000,0x00000007bdf68278,0x00000007bed00000)
  to   space 15360K, 0% used [0x00000007bf080000,0x00000007bf080000,0x00000007bff80000)
 ParOldGen       total 4860416K, used 4352902K [0x00000005cd000000, 0x00000006f5a80000, 0x0000000719b00000)
  object space 4860416K, 89% used [0x00000005cd000000,0x00000006d6ae1938,0x00000006f5a80000)
 Metaspace       used 28311K, capacity 30294K, committed 32384K, reserved 1077248K
  class space    used 3028K, capacity 3535K, committed 3968K, reserved 1048576K
Event: 528.254 GC heap after
Heap after GC invocations=656 (full 8):
 PSYoungGen      total 2706944K, used 4682K [0x0000000719b00000, 0x00000007bfd80000, 0x00000007c0000000)
  eden space 2693632K, 0% used [0x0000000719b00000,0x0000000719b00000,0x00000007be180000)
  from space 13312K, 35% used [0x00000007bf080000,0x00000007bf512928,0x00000007bfd80000)
  to   space 14336K, 0% used [0x00000007be180000,0x00000007be180000,0x00000007bef80000)
 ParOldGen       total 4860416K, used 4352974K [0x00000005cd000000, 0x00000006f5a80000, 0x0000000719b00000)
  object space 4860416K, 89% used [0x00000005cd000000,0x00000006d6af3938,0x00000006f5a80000)
 Metaspace       used 28311K, capacity 30294K, committed 32384K, reserved 1077248K
  class space    used 3028K, capacity 3535K, committed 3968K, reserved 1048576K
}
Event: 528.675 GC heap before
{Heap before GC invocations=657 (full 8):
 PSYoungGen      total 2706944K, used 2698314K [0x0000000719b00000, 0x00000007bfd80000, 0x00000007c0000000)
  eden space 2693632K, 100% used [0x0000000719b00000,0x00000007be180000,0x00000007be180000)
  from space 13312K, 35% used [0x00000007bf080000,0x00000007bf512928,0x00000007bfd80000)
  to   space 14336K, 0% used [0x00000007be180000,0x00000007be180000,0x00000007bef80000)
 ParOldGen       total 4860416K, used 4352974K [0x00000005cd000000, 0x00000006f5a80000, 0x0000000719b00000)
  object space 4860416K, 89% used [0x00000005cd000000,0x00000006d6af3938,0x00000006f5a80000)
 Metaspace       used 28311K, capacity 30294K, committed 32384K, reserved 1077248K
  class space    used 3028K, capacity 3535K, committed 3968K, reserved 1048576K
Event: 528.690 GC heap after
Heap after GC invocations=657 (full 8):
 PSYoungGen      total 2707968K, used 4882K [0x0000000719b00000, 0x00000007c0000000, 0x00000007c0000000)
  eden space 2693632K, 0% used [0x0000000719b00000,0x0000000719b00000,0x00000007be180000)
  from space 14336K, 34% used [0x00000007be180000,0x00000007be644938,0x00000007bef80000)
  to   space 13824K, 0% used [0x00000007bf280000,0x00000007bf280000,0x00000007c0000000)
 ParOldGen       total 4860416K, used 4353014K [0x00000005cd000000, 0x00000006f5a80000, 0x0000000719b00000)
  object space 4860416K, 89% used [0x00000005cd000000,0x00000006d6afd938,0x00000006f5a80000)
 Metaspace       used 28311K, capacity 30294K, committed 32384K, reserved 1077248K
  class space    used 3028K, capacity 3535K, committed 3968K, reserved 1048576K
}
Event: 529.139 GC heap before
{Heap before GC invocations=658 (full 8):
 PSYoungGen      total 2707968K, used 2698514K [0x0000000719b00000, 0x00000007c0000000, 0x00000007c0000000)
  eden space 2693632K, 100% used [0x0000000719b00000,0x00000007be180000,0x00000007be180000)
  from space 14336K, 34% used [0x00000007be180000,0x00000007be644938,0x00000007bef80000)
  to   space 13824K, 0% used [0x00000007bf280000,0x00000007bf280000,0x00000007c0000000)
 ParOldGen       total 4860416K, used 4353014K [0x00000005cd000000, 0x00000006f5a80000, 0x0000000719b00000)
  object space 4860416K, 89% used [0x00000005cd000000,0x00000006d6afd938,0x00000006f5a80000)
 Metaspace       used 28311K, capacity 30294K, committed 32384K, reserved 1077248K
  class space    used 3028K, capacity 3535K, committed 3968K, reserved 1048576K
Event: 529.156 GC heap after
Heap after GC invocations=658 (full 8):
 PSYoungGen      total 2708992K, used 1752K [0x0000000719b00000, 0x00000007bfe80000, 0x00000007c0000000)
  eden space 2696704K, 0% used [0x0000000719b00000,0x0000000719b00000,0x00000007be480000)
  from space 12288K, 14% used [0x00000007bf280000,0x00000007bf436268,0x00000007bfe80000)
  to   space 13312K, 0% used [0x00000007be480000,0x00000007be480000,0x00000007bf180000)
 ParOldGen       total 4860416K, used 4353070K [0x00000005cd000000, 0x00000006f5a80000, 0x0000000719b00000)
  object space 4860416K, 89% used [0x00000005cd000000,0x00000006d6b0b938,0x00000006f5a80000)
 Metaspace       used 28311K, capacity 30294K, committed 32384K, reserved 1077248K
  class space    used 3028K, capacity 3535K, committed 3968K, reserved 1048576K
}
Event: 529.605 GC heap before
{Heap before GC invocations=659 (full 8):
 PSYoungGen      total 2708992K, used 2698456K [0x0000000719b00000, 0x00000007bfe80000, 0x00000007c0000000)
  eden space 2696704K, 100% used [0x0000000719b00000,0x00000007be480000,0x00000007be480000)
  from space 12288K, 14% used [0x00000007bf280000,0x00000007bf436268,0x00000007bfe80000)
  to   space 13312K, 0% used [0x00000007be480000,0x00000007be480000,0x00000007bf180000)
 ParOldGen       total 4860416K, used 4353070K [0x00000005cd000000, 0x00000006f5a80000, 0x0000000719b00000)
  object space 4860416K, 89% used [0x00000005cd000000,0x00000006d6b0b938,0x00000006f5a80000)
 Metaspace       used 28311K, capacity 30294K, committed 32384K, reserved 1077248K
  class space    used 3028K, capacity 3535K, committed 3968K, reserved 1048576K
Event: 529.611 GC heap after
Heap after GC invocations=659 (full 8):
 PSYoungGen      total 2710016K, used 4746K [0x0000000719b00000, 0x00000007c0000000, 0x00000007c0000000)
  eden space 2696704K, 0% used [0x0000000719b00000,0x0000000719b00000,0x00000007be480000)
  from space 13312K, 35% used [0x00000007be480000,0x00000007be922928,0x00000007bf180000)
  to   space 12800K, 0% used [0x00000007bf380000,0x00000007bf380000,0x00000007c0000000)
 ParOldGen       total 4860416K, used 4353134K [0x00000005cd000000, 0x00000006f5a80000, 0x0000000719b00000)
  object space 4860416K, 89% used [0x00000005cd000000,0x00000006d6b1b938,0x00000006f5a80000)
 Metaspace       used 28311K, capacity 30294K, committed 32384K, reserved 1077248K
  class space    used 3028K, capacity 3535K, committed 3968K, reserved 1048576K
}
Event: 530.035 GC heap before
{Heap before GC invocations=660 (full 8):
 PSYoungGen      total 2710016K, used 2701450K [0x0000000719b00000, 0x00000007c0000000, 0x00000007c0000000)
  eden space 2696704K, 100% used [0x0000000719b00000,0x00000007be480000,0x00000007be480000)
  from space 13312K, 35% used [0x00000007be480000,0x00000007be922928,0x00000007bf180000)
  to   space 12800K, 0% used [0x00000007bf380000,0x00000007bf380000,0x00000007c0000000)
 ParOldGen       total 4860416K, used 4353134K [0x00000005cd000000, 0x00000006f5a80000, 0x0000000719b00000)
  object space 4860416K, 89% used [0x00000005cd000000,0x00000006d6b1b938,0x00000006f5a80000)
 Metaspace       used 28311K, capacity 30294K, committed 32384K, reserved 1077248K
  class space    used 3028K, capacity 3535K, committed 3968K, reserved 1048576K
Event: 530.046 GC heap after
Heap after GC invocations=660 (full 8):
 PSYoungGen      total 2710016K, used 1552K [0x0000000719b00000, 0x00000007bfe80000, 0x00000007c0000000)
  eden space 2698752K, 0% used [0x0000000719b00000,0x0000000719b00000,0x00000007be680000)
  from space 11264K, 13% used [0x00000007bf380000,0x00000007bf504320,0x00000007bfe80000)
  to   space 12288K, 0% used [0x00000007be680000,0x00000007be680000,0x00000007bf280000)
 ParOldGen       total 4860416K, used 4353174K [0x00000005cd000000, 0x00000006f5a80000, 0x0000000719b00000)
  object space 4860416K, 89% used [0x00000005cd000000,0x00000006d6b25938,0x00000006f5a80000)
 Metaspace       used 28311K, capacity 30294K, committed 32384K, reserved 1077248K
  class space    used 3028K, capacity 3535K, committed 3968K, reserved 1048576K
}
Event: 530.615 GC heap before
{Heap before GC invocations=661 (full 8):
 PSYoungGen      total 2710016K, used 2700304K [0x0000000719b00000, 0x00000007bfe80000, 0x00000007c0000000)
  eden space 2698752K, 100% used [0x0000000719b00000,0x00000007be680000,0x00000007be680000)
  from space 11264K, 13% used [0x00000007bf380000,0x00000007bf504320,0x00000007bfe80000)
  to   space 12288K, 0% used [0x00000007be680000,0x00000007be680000,0x00000007bf280000)
 ParOldGen       total 4860416K, used 4353174K [0x00000005cd000000, 0x00000006f5a80000, 0x0000000719b00000)
  object space 4860416K, 89% used [0x00000005cd000000,0x00000006d6b25938,0x00000006f5a80000)
 Metaspace       used 28311K, capacity 30294K, committed 32384K, reserved 1077248K
  class space    used 3028K, capacity 3535K, committed 3968K, reserved 1048576K
Event: 530.637 GC heap after
Heap after GC invocations=661 (full 8):
 PSYoungGen      total 2711040K, used 4682K [0x0000000719b00000, 0x00000007c0000000, 0x00000007c0000000)
  eden space 2698752K, 0% used [0x0000000719b00000,0x0000000719b00000,0x00000007be680000)
  from space 12288K, 38% used [0x00000007be680000,0x00000007beb12928,0x00000007bf280000)
  to   space 11776K, 0% used [0x00000007bf480000,0x00000007bf480000,0x00000007c0000000)
 ParOldGen       total 4860416K, used 4353230K [0x00000005cd000000, 0x00000006f5a80000, 0x0000000719b00000)
  object space 4860416K, 89% used [0x00000005cd000000,0x00000006d6b33938,0x00000006f5a80000)
 Metaspace       used 28311K, capacity 30294K, committed 32384K, reserved 1077248K
  class space    used 3028K, capacity 3535K, committed 3968K, reserved 1048576K
}
Event: 531.153 GC heap before
{Heap before GC invocations=662 (full 8):
 PSYoungGen      total 2711040K, used 2703434K [0x0000000719b00000, 0x00000007c0000000, 0x00000007c0000000)
  eden space 2698752K, 100% used [0x0000000719b00000,0x00000007be680000,0x00000007be680000)
  from space 12288K, 38% used [0x00000007be680000,0x00000007beb12928,0x00000007bf280000)
  to   space 11776K, 0% used [0x00000007bf480000,0x00000007bf480000,0x00000007c0000000)
 ParOldGen       total 4860416K, used 4353230K [0x00000005cd000000, 0x00000006f5a80000, 0x0000000719b00000)
  object space 4860416K, 89% used [0x00000005cd000000,0x00000006d6b33938,0x00000006f5a80000)
 Metaspace       used 28311K, capacity 30294K, committed 32384K, reserved 1077248K
  class space    used 3028K, capacity 3535K, committed 3968K, reserved 1048576K
Event: 531.163 GC heap after
Heap after GC invocations=662 (full 8):
 PSYoungGen      total 2711040K, used 4514K [0x0000000719b00000, 0x00000007bfe80000, 0x00000007c0000000)
  eden space 2700800K, 0% used [0x0000000719b00000,0x0000000719b00000,0x00000007be880000)
  from space 10240K, 44% used [0x00000007bf480000,0x00000007bf8e8918,0x00000007bfe80000)
  to   space 11264K, 0% used [0x00000007be880000,0x00000007be880000,0x00000007bf380000)
 ParOldGen       total 4860416K, used 4353302K [0x00000005cd000000, 0x00000006f5a80000, 0x0000000719b00000)
  object space 4860416K, 89% used [0x00000005cd000000,0x00000006d6b45938,0x00000006f5a80000)
 Metaspace       used 28311K, capacity 30294K, committed 32384K, reserved 1077248K
  class space    used 3028K, capacity 3535K, committed 3968K, reserved 1048576K
}
Event: 531.596 GC heap before
{Heap before GC invocations=663 (full 8):
 PSYoungGen      total 2711040K, used 2705314K [0x0000000719b00000, 0x00000007bfe80000, 0x00000007c0000000)
  eden space 2700800K, 100% used [0x0000000719b00000,0x00000007be880000,0x00000007be880000)
  from space 10240K, 44% used [0x00000007bf480000,0x00000007bf8e8918,0x00000007bfe80000)
  to   space 11264K, 0% used [0x00000007be880000,0x00000007be880000,0x00000007bf380000)
 ParOldGen       total 4860416K, used 4353302K [0x00000005cd000000, 0x00000006f5a80000, 0x0000000719b00000)
  object space 4860416K, 89% used [0x00000005cd000000,0x00000006d6b45938,0x00000006f5a80000)
 Metaspace       used 28311K, capacity 30294K, committed 32384K, reserved 1077248K
  class space    used 3028K, capacity 3535K, committed 3968K, reserved 1048576K
Event: 531.609 GC heap after
Heap after GC invocations=663 (full 8):
 PSYoungGen      total 2712064K, used 5282K [0x0000000719b00000, 0x00000007c0000000, 0x00000007c0000000)
  eden space 2700800K, 0% used [0x0000000719b00000,0x0000000719b00000,0x00000007be880000)
  from space 11264K, 46% used [0x00000007be880000,0x00000007beda8958,0x00000007bf380000)
  to   space 10752K, 0% used [0x00000007bf580000,0x00000007bf580000,0x00000007c0000000)
 ParOldGen       total 4860416K, used 4353334K [0x00000005cd000000, 0x00000006f5a80000, 0x0000000719b00000)
  object space 4860416K, 89% used [0x00000005cd000000,0x00000006d6b4d938,0x00000006f5a80000)
 Metaspace       used 28311K, capacity 30294K, committed 32384K, reserved 1077248K
  class space    used 3028K, capacity 3535K, committed 3968K, reserved 1048576K
}
Event: 532.022 GC heap before
{Heap before GC invocations=664 (full 8):
 PSYoungGen      total 2712064K, used 2706082K [0x0000000719b00000, 0x00000007c0000000, 0x00000007c0000000)
  eden space 2700800K, 100% used [0x0000000719b00000,0x00000007be880000,0x00000007be880000)
  from space 11264K, 46% used [0x00000007be880000,0x00000007beda8958,0x00000007bf380000)
  to   space 10752K, 0% used [0x00000007bf580000,0x00000007bf580000,0x00000007c0000000)
 ParOldGen       total 4860416K, used 4353334K [0x00000005cd000000, 0x00000006f5a80000, 0x0000000719b00000)
  object space 4860416K, 89% used [0x00000005cd000000,0x00000006d6b4d938,0x00000006f5a80000)
 Metaspace       used 28311K, capacity 30294K, committed 32384K, reserved 1077248K
  class space    used 3028K, capacity 3535K, committed 3968K, reserved 1048576K
Event: 532.034 GC heap after
Heap after GC invocations=664 (full 8):
 PSYoungGen      total 2713088K, used 1752K [0x0000000719b00000, 0x00000007bff80000, 0x00000007c0000000)
  eden space 2702848K, 0% used [0x0000000719b00000,0x0000000719b00000,0x00000007bea80000)
  from space 10240K, 17% used [0x00000007bf580000,0x00000007bf736268,0x00000007bff80000)
  to   space 10752K, 0% used [0x00000007bea80000,0x00000007bea80000,0x00000007bf500000)
 ParOldGen       total 4860416K, used 4353398K [0x00000005cd000000, 0x00000006f5a80000, 0x0000000719b00000)
  object space 4860416K, 89% used [0x00000005cd000000,0x00000006d6b5d938,0x00000006f5a80000)
 Metaspace       used 28311K, capacity 30294K, committed 32384K, reserved 1077248K
  class space    used 3028K, capacity 3535K, committed 3968K, reserved 1048576K
}
Event: 532.471 GC heap before
{Heap before GC invocations=665 (full 8):
 PSYoungGen      total 2713088K, used 2704600K [0x0000000719b00000, 0x00000007bff80000, 0x00000007c0000000)
  eden space 2702848K, 100% used [0x0000000719b00000,0x00000007bea80000,0x00000007bea80000)
  from space 10240K, 17% used [0x00000007bf580000,0x00000007bf736268,0x00000007bff80000)
  to   space 10752K, 0% used [0x00000007bea80000,0x00000007bea80000,0x00000007bf500000)
 ParOldGen       total 4860416K, used 4353398K [0x00000005cd000000, 0x00000006f5a80000, 0x0000000719b00000)
  object space 4860416K, 89% used [0x00000005cd000000,0x00000006d6b5d938,0x00000006f5a80000)
 Metaspace       used 28311K, capacity 30294K, committed 32384K, reserved 1077248K
  class space    used 3028K, capacity 3535K, committed 3968K, reserved 1048576K
Event: 532.480 GC heap after
Heap after GC invocations=665 (full 8):
 PSYoungGen      total 2713600K, used 1552K [0x0000000719b00000, 0x00000007bff80000, 0x00000007c0000000)
  eden space 2702848K, 0% used [0x0000000719b00000,0x0000000719b00000,0x00000007bea80000)
  from space 10752K, 14% used [0x00000007bea80000,0x00000007bec04310,0x00000007bf500000)
  to   space 10240K, 0% used [0x00000007bf580000,0x00000007bf580000,0x00000007bff80000)
 ParOldGen       total 4860416K, used 4353446K [0x00000005cd000000, 0x00000006f5a80000, 0x0000000719b00000)
  object space 4860416K, 89% used [0x00000005cd000000,0x00000006d6b69938,0x00000006f5a80000)
 Metaspace       used 28311K, capacity 30294K, committed 32384K, reserved 1077248K
  class space    used 3028K, capacity 3535K, committed 3968K, reserved 1048576K
}
Event: 532.923 GC heap before
{Heap before GC invocations=666 (full 8):
 PSYoungGen      total 2713600K, used 2702712K [0x0000000719b00000, 0x00000007bff80000, 0x00000007c0000000)
  eden space 2702848K, 99% used [0x0000000719b00000,0x00000007be8d9ef8,0x00000007bea80000)
  from space 10752K, 14% used [0x00000007bea80000,0x00000007bec04310,0x00000007bf500000)
  to   space 10240K, 0% used [0x00000007bf580000,0x00000007bf580000,0x00000007bff80000)
 ParOldGen       total 4860416K, used 4353446K [0x00000005cd000000, 0x00000006f5a80000, 0x0000000719b00000)
  object space 4860416K, 89% used [0x00000005cd000000,0x00000006d6b69938,0x00000006f5a80000)
 Metaspace       used 28311K, capacity 30294K, committed 32384K, reserved 1077248K
  class space    used 3028K, capacity 3535K, committed 3968K, reserved 1048576K
Event: 532.938 GC heap after
Heap after GC invocations=666 (full 8):
 PSYoungGen      total 2714112K, used 808K [0x0000000719b00000, 0x00000007bff80000, 0x00000007c0000000)
  eden space 2703872K, 0% used [0x0000000719b00000,0x0000000719b00000,0x00000007beb80000)
  from space 10240K, 7% used [0x00000007bf580000,0x00000007bf64a010,0x00000007bff80000)
  to   space 10240K, 0% used [0x00000007beb80000,0x00000007beb80000,0x00000007bf580000)
 ParOldGen       total 4860416K, used 4353526K [0x00000005cd000000, 0x00000006f5a80000, 0x0000000719b00000)
  object space 4860416K, 89% used [0x00000005cd000000,0x00000006d6b7d938,0x00000006f5a80000)
 Metaspace       used 28311K, capacity 30294K, committed 32384K, reserved 1077248K
  class space    used 3028K, capacity 3535K, committed 3968K, reserved 1048576K
}
Event: 533.356 GC heap before
{Heap before GC invocations=667 (full 8):
 PSYoungGen      total 2714112K, used 2704680K [0x0000000719b00000, 0x00000007bff80000, 0x00000007c0000000)
  eden space 2703872K, 100% used [0x0000000719b00000,0x00000007beb80000,0x00000007beb80000)
  from space 10240K, 7% used [0x00000007bf580000,0x00000007bf64a010,0x00000007bff80000)
  to   space 10240K, 0% used [0x00000007beb80000,0x00000007beb80000,0x00000007bf580000)
 ParOldGen       total 4860416K, used 4353526K [0x00000005cd000000, 0x00000006f5a80000, 0x0000000719b00000)
  object space 4860416K, 89% used [0x00000005cd000000,0x00000006d6b7d938,0x00000006f5a80000)
 Metaspace       used 28311K, capacity 30294K, committed 32384K, reserved 1077248K
  class space    used 3028K, capacity 3535K, committed 3968K, reserved 1048576K
Event: 533.372 GC heap after
Heap after GC invocations=667 (full 8):
 PSYoungGen      total 2714112K, used 4914K [0x0000000719b00000, 0x00000007c0000000, 0x00000007c0000000)
  eden space 2703872K, 0% used [0x0000000719b00000,0x0000000719b00000,0x00000007beb80000)
  from space 10240K, 47% used [0x00000007beb80000,0x00000007bf04c938,0x00000007bf580000)
  to   space 10240K, 0% used [0x00000007bf600000,0x00000007bf600000,0x00000007c0000000)
 ParOldGen       total 4860416K, used 4353582K [0x00000005cd000000, 0x00000006f5a80000, 0x0000000719b00000)
  object space 4860416K, 89% used [0x00000005cd000000,0x00000006d6b8b938,0x00000006f5a80000)
 Metaspace       used 28311K, capacity 30294K, committed 32384K, reserved 1077248K
  class space    used 3028K, capacity 3535K, committed 3968K, reserved 1048576K
}
Event: 533.788 GC heap before
{Heap before GC invocations=668 (full 8):
 PSYoungGen      total 2714112K, used 2708786K [0x0000000719b00000, 0x00000007c0000000, 0x00000007c0000000)
  eden space 2703872K, 100% used [0x0000000719b00000,0x00000007beb80000,0x00000007beb80000)
  from space 10240K, 47% used [0x00000007beb80000,0x00000007bf04c938,0x00000007bf580000)
  to   space 10240K, 0% used [0x00000007bf600000,0x00000007bf600000,0x00000007c0000000)
 ParOldGen       total 4860416K, used 4353582K [0x00000005cd000000, 0x00000006f5a80000, 0x0000000719b00000)
  object space 4860416K, 89% used [0x00000005cd000000,0x00000006d6b8b938,0x00000006f5a80000)
 Metaspace       used 28311K, capacity 30294K, committed 32384K, reserved 1077248K
  class space    used 3028K, capacity 3535K, committed 3968K, reserved 1048576K
Event: 533.793 GC heap after
Heap after GC invocations=668 (full 8):
 PSYoungGen      total 2714624K, used 4946K [0x0000000719b00000, 0x00000007c0000000, 0x00000007c0000000)
  eden space 2704384K, 0% used [0x0000000719b00000,0x0000000719b00000,0x00000007bec00000)
  from space 10240K, 48% used [0x00000007bf600000,0x00000007bfad4938,0x00000007c0000000)
  to   space 10240K, 0% used [0x00000007bec00000,0x00000007bec00000,0x00000007bf600000)
 ParOldGen       total 4860416K, used 4353662K [0x00000005cd000000, 0x00000006f5a80000, 0x0000000719b00000)
  object space 4860416K, 89% used [0x00000005cd000000,0x00000006d6b9f938,0x00000006f5a80000)
 Metaspace       used 28311K, capacity 30294K, committed 32384K, reserved 1077248K
  class space    used 3028K, capacity 3535K, committed 3968K, reserved 1048576K
}
Event: 534.229 GC heap before
{Heap before GC invocations=669 (full 8):
 PSYoungGen      total 2714624K, used 2709330K [0x0000000719b00000, 0x00000007c0000000, 0x00000007c0000000)
  eden space 2704384K, 100% used [0x0000000719b00000,0x00000007bec00000,0x00000007bec00000)
  from space 10240K, 48% used [0x00000007bf600000,0x00000007bfad4938,0x00000007c0000000)
  to   space 10240K, 0% used [0x00000007bec00000,0x00000007bec00000,0x00000007bf600000)
 ParOldGen       total 4860416K, used 4353662K [0x00000005cd000000, 0x00000006f5a80000, 0x0000000719b00000)
  object space 4860416K, 89% used [0x00000005cd000000,0x00000006d6b9f938,0x00000006f5a80000)
 Metaspace       used 28311K, capacity 30294K, committed 32384K, reserved 1077248K
  class space    used 3028K, capacity 3535K, committed 3968K, reserved 1048576K
Event: 534.235 GC heap after
Heap after GC invocations=669 (full 8):
 PSYoungGen      total 2709504K, used 4914K [0x0000000719b00000, 0x00000007bff00000, 0x00000007c0000000)
  eden space 2704384K, 0% used [0x0000000719b00000,0x0000000719b00000,0x00000007bec00000)
  from space 5120K, 95% used [0x00000007bec00000,0x00000007bf0cc938,0x00000007bf100000)
  to   space 9728K, 0% used [0x00000007bf580000,0x00000007bf580000,0x00000007bff00000)
 ParOldGen       total 4860416K, used 4353686K [0x00000005cd000000, 0x00000006f5a80000, 0x0000000719b00000)
  object space 4860416K, 89% used [0x00000005cd000000,0x00000006d6ba5938,0x00000006f5a80000)
 Metaspace       used 28311K, capacity 30294K, committed 32384K, reserved 1077248K
  class space    used 3028K, capacity 3535K, committed 3968K, reserved 1048576K
}
Event: 534.653 GC heap before
{Heap before GC invocations=670 (full 8):
 PSYoungGen      total 2709504K, used 2709298K [0x0000000719b00000, 0x00000007bff00000, 0x00000007c0000000)
  eden space 2704384K, 100% used [0x0000000719b00000,0x00000007bec00000,0x00000007bec00000)
  from space 5120K, 95% used [0x00000007bec00000,0x00000007bf0cc938,0x00000007bf100000)
  to   space 9728K, 0% used [0x00000007bf580000,0x00000007bf580000,0x00000007bff00000)
 ParOldGen       total 4860416K, used 4353686K [0x00000005cd000000, 0x00000006f5a80000, 0x0000000719b00000)
  object space 4860416K, 89% used [0x00000005cd000000,0x00000006d6ba5938,0x00000006f5a80000)
 Metaspace       used 28311K, capacity 30294K, committed 32384K, reserved 1077248K
  class space    used 3028K, capacity 3535K, committed 3968K, reserved 1048576K
Event: 534.660 GC heap after
Heap after GC invocations=670 (full 8):
 PSYoungGen      total 2714112K, used 5114K [0x0000000719b00000, 0x00000007c0000000, 0x00000007c0000000)
  eden space 2704384K, 0% used [0x0000000719b00000,0x0000000719b00000,0x00000007bec00000)
  from space 9728K, 52% used [0x00000007bf580000,0x00000007bfa7e948,0x00000007bff00000)
  to   space 9728K, 0% used [0x00000007bec00000,0x00000007bec00000,0x00000007bf580000)
 ParOldGen       total 4860416K, used 4353726K [0x00000005cd000000, 0x00000006f5a80000, 0x0000000719b00000)
  object space 4860416K, 89% used [0x00000005cd000000,0x00000006d6baf938,0x00000006f5a80000)
 Metaspace       used 28311K, capacity 30294K, committed 32384K, reserved 1077248K
  class space    used 3028K, capacity 3535K, committed 3968K, reserved 1048576K
}
Event: 535.078 GC heap before
{Heap before GC invocations=671 (full 8):
 PSYoungGen      total 2714112K, used 2709498K [0x0000000719b00000, 0x00000007c0000000, 0x00000007c0000000)
  eden space 2704384K, 100% used [0x0000000719b00000,0x00000007bec00000,0x00000007bec00000)
  from space 9728K, 52% used [0x00000007bf580000,0x00000007bfa7e948,0x00000007bff00000)
  to   space 9728K, 0% used [0x00000007bec00000,0x00000007bec00000,0x00000007bf580000)
 ParOldGen       total 4860416K, used 4353726K [0x00000005cd000000, 0x00000006f5a80000, 0x0000000719b00000)
  object space 4860416K, 89% used [0x00000005cd000000,0x00000006d6baf938,0x00000006f5a80000)
 Metaspace       used 28311K, capacity 30294K, committed 32384K, reserved 1077248K
  class space    used 3028K, capacity 3535K, committed 3968K, reserved 1048576K
Event: 535.090 GC heap after
Heap after GC invocations=671 (full 8):
 PSYoungGen      total 2714112K, used 5082K [0x0000000719b00000, 0x00000007c0000000, 0x00000007c0000000)
  eden space 2704384K, 0% used [0x0000000719b00000,0x0000000719b00000,0x00000007bec00000)
  from space 9728K, 52% used [0x00000007bec00000,0x00000007bf0f6948,0x00000007bf580000)
  to   space 9728K, 0% used [0x00000007bf680000,0x00000007bf680000,0x00000007c0000000)
 ParOldGen       total 4860416K, used 4353798K [0x00000005cd000000, 0x00000006f5a80000, 0x0000000719b00000)
  object space 4860416K, 89% used [0x00000005cd000000,0x00000006d6bc1938,0x00000006f5a80000)
 Metaspace       used 28311K, capacity 30294K, committed 32384K, reserved 1077248K
  class space    used 3028K, capacity 3535K, committed 3968K, reserved 1048576K
}
Event: 535.522 GC heap before
{Heap before GC invocations=672 (full 8):
 PSYoungGen      total 2714112K, used 2709466K [0x0000000719b00000, 0x00000007c0000000, 0x00000007c0000000)
  eden space 2704384K, 100% used [0x0000000719b00000,0x00000007bec00000,0x00000007bec00000)
  from space 9728K, 52% used [0x00000007bec00000,0x00000007bf0f6948,0x00000007bf580000)
  to   space 9728K, 0% used [0x00000007bf680000,0x00000007bf680000,0x00000007c0000000)
 ParOldGen       total 4860416K, used 4353798K [0x00000005cd000000, 0x00000006f5a80000, 0x0000000719b00000)
  object space 4860416K, 89% used [0x00000005cd000000,0x00000006d6bc1938,0x00000006f5a80000)
 Metaspace       used 28311K, capacity 30294K, committed 32384K, reserved 1077248K
  class space    used 3028K, capacity 3535K, committed 3968K, reserved 1048576K
Event: 535.538 GC heap after
Heap after GC invocations=672 (full 8):
 PSYoungGen      total 2715136K, used 1552K [0x0000000719b00000, 0x00000007c0000000, 0x00000007c0000000)
  eden space 2705408K, 0% used [0x0000000719b00000,0x0000000719b00000,0x00000007bed00000)
  from space 9728K, 15% used [0x00000007bf680000,0x00000007bf804258,0x00000007c0000000)
  to   space 9728K, 0% used [0x00000007bed00000,0x00000007bed00000,0x00000007bf680000)
 ParOldGen       total 4860416K, used 4353854K [0x00000005cd000000, 0x00000006f5a80000, 0x0000000719b00000)
  object space 4860416K, 89% used [0x00000005cd000000,0x00000006d6bcf938,0x00000006f5a80000)
 Metaspace       used 28311K, capacity 30294K, committed 32384K, reserved 1077248K
  class space    used 3028K, capacity 3535K, committed 3968K, reserved 1048576K
}
Event: 535.981 GC heap before
{Heap before GC invocations=673 (full 8):
 PSYoungGen      total 2715136K, used 2706960K [0x0000000719b00000, 0x00000007c0000000, 0x00000007c0000000)
  eden space 2705408K, 100% used [0x0000000719b00000,0x00000007bed00000,0x00000007bed00000)
  from space 9728K, 15% used [0x00000007bf680000,0x00000007bf804258,0x00000007c0000000)
  to   space 9728K, 0% used [0x00000007bed00000,0x00000007bed00000,0x00000007bf680000)
 ParOldGen       total 4860416K, used 4353854K [0x00000005cd000000, 0x00000006f5a80000, 0x0000000719b00000)
  object space 4860416K, 89% used [0x00000005cd000000,0x00000006d6bcf938,0x00000006f5a80000)
 Metaspace       used 28311K, capacity 30294K, committed 32384K, reserved 1077248K
  class space    used 3028K, capacity 3535K, committed 3968K, reserved 1048576K
Event: 535.991 GC heap after
Heap after GC invocations=673 (full 8):
 PSYoungGen      total 2707968K, used 2416K [0x0000000719b00000, 0x00000007bff00000, 0x00000007c0000000)
  eden space 2705408K, 0% used [0x0000000719b00000,0x0000000719b00000,0x00000007bed00000)
  from space 2560K, 94% used [0x00000007bed00000,0x00000007bef5c298,0x00000007bef80000)
  to   space 9216K, 0% used [0x00000007bf600000,0x00000007bf600000,0x00000007bff00000)
 ParOldGen       total 4860416K, used 4353910K [0x00000005cd000000, 0x00000006f5a80000, 0x0000000719b00000)
  object space 4860416K, 89% used [0x00000005cd000000,0x00000006d6bdd938,0x00000006f5a80000)
 Metaspace       used 28311K, capacity 30294K, committed 32384K, reserved 1077248K
  class space    used 3028K, capacity 3535K, committed 3968K, reserved 1048576K
}
Event: 536.501 GC heap before
{Heap before GC invocations=674 (full 8):
 PSYoungGen      total 2707968K, used 2707824K [0x0000000719b00000, 0x00000007bff00000, 0x00000007c0000000)
  eden space 2705408K, 100% used [0x0000000719b00000,0x00000007bed00000,0x00000007bed00000)
  from space 2560K, 94% used [0x00000007bed00000,0x00000007bef5c298,0x00000007bef80000)
  to   space 9216K, 0% used [0x00000007bf600000,0x00000007bf600000,0x00000007bff00000)
 ParOldGen       total 4860416K, used 4353910K [0x00000005cd000000, 0x00000006f5a80000, 0x0000000719b00000)
  object space 4860416K, 89% used [0x00000005cd000000,0x00000006d6bdd938,0x00000006f5a80000)
 Metaspace       used 28311K, capacity 30294K, committed 32384K, reserved 1077248K
  class space    used 3028K, capacity 3535K, committed 3968K, reserved 1048576K
Event: 536.510 GC heap after
Heap after GC invocations=674 (full 8):
 PSYoungGen      total 2714624K, used 5082K [0x0000000719b00000, 0x00000007c0000000, 0x00000007c0000000)
  eden space 2705408K, 0% used [0x0000000719b00000,0x0000000719b00000,0x00000007bed00000)
  from space 9216K, 55% used [0x00000007bf600000,0x00000007bfaf6948,0x00000007bff00000)
  to   space 9216K, 0% used [0x00000007bed00000,0x00000007bed00000,0x00000007bf600000)
 ParOldGen       total 4860416K, used 4353942K [0x00000005cd000000, 0x00000006f5a80000, 0x0000000719b00000)
  object space 4860416K, 89% used [0x00000005cd000000,0x00000006d6be5938,0x00000006f5a80000)
 Metaspace       used 28311K, capacity 30294K, committed 32384K, reserved 1077248K
  class space    used 3028K, capacity 3535K, committed 3968K, reserved 1048576K
}
Event: 537.020 GC heap before
{Heap before GC invocations=675 (full 8):
 PSYoungGen      total 2714624K, used 2710403K [0x0000000719b00000, 0x00000007c0000000, 0x00000007c0000000)
  eden space 2705408K, 99% used [0x0000000719b00000,0x00000007becea418,0x00000007bed00000)
  from space 9216K, 55% used [0x00000007bf600000,0x00000007bfaf6948,0x00000007bff00000)
  to   space 9216K, 0% used [0x00000007bed00000,0x00000007bed00000,0x00000007bf600000)
 ParOldGen       total 4860416K, used 4353942K [0x00000005cd000000, 0x00000006f5a80000, 0x0000000719b00000)
  object space 4860416K, 89% used [0x00000005cd000000,0x00000006d6be5938,0x00000006f5a80000)
 Metaspace       used 28311K, capacity 30294K, committed 32384K, reserved 1077248K
  class space    used 3028K, capacity 3535K, committed 3968K, reserved 1048576K
Event: 537.032 GC heap after
Heap after GC invocations=675 (full 8):
 PSYoungGen      total 2714624K, used 2929K [0x0000000719b00000, 0x00000007bff00000, 0x00000007c0000000)
  eden space 2705408K, 0% used [0x0000000719b00000,0x0000000719b00000,0x00000007bed00000)
  from space 9216K, 31% used [0x00000007bed00000,0x00000007befdc580,0x00000007bf600000)
  to   space 8704K, 0% used [0x00000007bf680000,0x00000007bf680000,0x00000007bff00000)
 ParOldGen       total 4860416K, used 4354006K [0x00000005cd000000, 0x00000006f5a80000, 0x0000000719b00000)
  object space 4860416K, 89% used [0x00000005cd000000,0x00000006d6bf5938,0x00000006f5a80000)
 Metaspace       used 28311K, capacity 30294K, committed 32384K, reserved 1077248K
  class space    used 3028K, capacity 3535K, committed 3968K, reserved 1048576K
}
Event: 537.465 GC heap before
{Heap before GC invocations=676 (full 8):
 PSYoungGen      total 2714624K, used 2708337K [0x0000000719b00000, 0x00000007bff00000, 0x00000007c0000000)
  eden space 2705408K, 100% used [0x0000000719b00000,0x00000007bed00000,0x00000007bed00000)
  from space 9216K, 31% used [0x00000007bed00000,0x00000007befdc580,0x00000007bf600000)
  to   space 8704K, 0% used [0x00000007bf680000,0x00000007bf680000,0x00000007bff00000)
 ParOldGen       total 4860416K, used 4354006K [0x00000005cd000000, 0x00000006f5a80000, 0x0000000719b00000)
  object space 4860416K, 89% used [0x00000005cd000000,0x00000006d6bf5938,0x00000006f5a80000)
 Metaspace       used 28311K, capacity 30294K, committed 32384K, reserved 1077248K
  class space    used 3028K, capacity 3535K, committed 3968K, reserved 1048576K
Event: 537.480 GC heap after
Heap after GC invocations=676 (full 8):
 PSYoungGen      total 2715136K, used 2152K [0x0000000719b00000, 0x00000007bff80000, 0x00000007c0000000)
  eden space 2706432K, 0% used [0x0000000719b00000,0x0000000719b00000,0x00000007bee00000)
  from space 8704K, 24% used [0x00000007bf680000,0x00000007bf89a288,0x00000007bff00000)
  to   space 8704K, 0% used [0x00000007bee00000,0x00000007bee00000,0x00000007bf680000)
 ParOldGen       total 4860416K, used 4354054K [0x00000005cd000000, 0x00000006f5a80000, 0x0000000719b00000)
  object space 4860416K, 89% used [0x00000005cd000000,0x00000006d6c01938,0x00000006f5a80000)
 Metaspace       used 28311K, capacity 30294K, committed 32384K, reserved 1077248K
  class space    used 3028K, capacity 3535K, committed 3968K, reserved 1048576K
}
Event: 537.932 GC heap before
{Heap before GC invocations=677 (full 8):
 PSYoungGen      total 2715136K, used 2708584K [0x0000000719b00000, 0x00000007bff80000, 0x00000007c0000000)
  eden space 2706432K, 100% used [0x0000000719b00000,0x00000007bee00000,0x00000007bee00000)
  from space 8704K, 24% used [0x00000007bf680000,0x00000007bf89a288,0x00000007bff00000)
  to   space 8704K, 0% used [0x00000007bee00000,0x00000007bee00000,0x00000007bf680000)
 ParOldGen       total 4860416K, used 4354054K [0x00000005cd000000, 0x00000006f5a80000, 0x0000000719b00000)
  object space 4860416K, 89% used [0x00000005cd000000,0x00000006d6c01938,0x00000006f5a80000)
 Metaspace       used 28311K, capacity 30294K, committed 32384K, reserved 1077248K
  class space    used 3028K, capacity 3535K, committed 3968K, reserved 1048576K
Event: 537.938 GC heap after
Heap after GC invocations=677 (full 8):
 PSYoungGen      total 2715136K, used 4978K [0x0000000719b00000, 0x00000007c0000000, 0x00000007c0000000)
  eden space 2706432K, 0% used [0x0000000719b00000,0x0000000719b00000,0x00000007bee00000)
  from space 8704K, 57% used [0x00000007bee00000,0x00000007bf2dc938,0x00000007bf680000)
  to   space 8704K, 0% used [0x00000007bf780000,0x00000007bf780000,0x00000007c0000000)
 ParOldGen       total 4860416K, used 4354102K [0x00000005cd000000, 0x00000006f5a80000, 0x0000000719b00000)
  object space 4860416K, 89% used [0x00000005cd000000,0x00000006d6c0d938,0x00000006f5a80000)
 Metaspace       used 28311K, capacity 30294K, committed 32384K, reserved 1077248K
  class space    used 3028K, capacity 3535K, committed 3968K, reserved 1048576K
}
Event: 538.596 GC heap before
{Heap before GC invocations=678 (full 8):
 PSYoungGen      total 2715136K, used 2711410K [0x0000000719b00000, 0x00000007c0000000, 0x00000007c0000000)
  eden space 2706432K, 100% used [0x0000000719b00000,0x00000007bee00000,0x00000007bee00000)
  from space 8704K, 57% used [0x00000007bee00000,0x00000007bf2dc938,0x00000007bf680000)
  to   space 8704K, 0% used [0x00000007bf780000,0x00000007bf780000,0x00000007c0000000)
 ParOldGen       total 4860416K, used 4354102K [0x00000005cd000000, 0x00000006f5a80000, 0x0000000719b00000)
  object space 4860416K, 89% used [0x00000005cd000000,0x00000006d6c0d938,0x00000006f5a80000)
 Metaspace       used 28311K, capacity 30294K, committed 32384K, reserved 1077248K
  class space    used 3028K, capacity 3535K, committed 3968K, reserved 1048576K
Event: 538.602 GC heap after
Heap after GC invocations=678 (full 8):
 PSYoungGen      total 2715136K, used 5986K [0x0000000719b00000, 0x00000007c0000000, 0x00000007c0000000)
  eden space 2706432K, 0% used [0x0000000719b00000,0x0000000719b00000,0x00000007bee00000)
  from space 8704K, 68% used [0x00000007bf780000,0x00000007bfd58998,0x00000007c0000000)
  to   space 9216K, 0% used [0x00000007bee00000,0x00000007bee00000,0x00000007bf700000)
 ParOldGen       total 4860416K, used 4354150K [0x00000005cd000000, 0x00000006f5a80000, 0x0000000719b00000)
  object space 4860416K, 89% used [0x00000005cd000000,0x00000006d6c19938,0x00000006f5a80000)
 Metaspace       used 28311K, capacity 30294K, committed 32384K, reserved 1077248K
  class space    used 3028K, capacity 3535K, committed 3968K, reserved 1048576K
}
Event: 539.558 GC heap before
{Heap before GC invocations=679 (full 8):
 PSYoungGen      total 2715136K, used 2712418K [0x0000000719b00000, 0x00000007c0000000, 0x00000007c0000000)
  eden space 2706432K, 100% used [0x0000000719b00000,0x00000007bee00000,0x00000007bee00000)
  from space 8704K, 68% used [0x00000007bf780000,0x00000007bfd58998,0x00000007c0000000)
  to   space 9216K, 0% used [0x00000007bee00000,0x00000007bee00000,0x00000007bf700000)
 ParOldGen       total 4860416K, used 4354150K [0x00000005cd000000, 0x00000006f5a80000, 0x0000000719b00000)
  object space 4860416K, 89% used [0x00000005cd000000,0x00000006d6c19938,0x00000006f5a80000)
 Metaspace       used 28311K, capacity 30294K, committed 32384K, reserved 1077248K
  class space    used 3028K, capacity 3535K, committed 3968K, reserved 1048576K
Event: 539.564 GC heap after
Heap after GC invocations=679 (full 8):
 PSYoungGen      total 2715648K, used 2928K [0x0000000719b00000, 0x00000007bff80000, 0x00000007c0000000)
  eden space 2706432K, 0% used [0x0000000719b00000,0x0000000719b00000,0x00000007bee00000)
  from space 9216K, 31% used [0x00000007bee00000,0x00000007bf0dc2d8,0x00000007bf700000)
  to   space 8704K, 0% used [0x00000007bf700000,0x00000007bf700000,0x00000007bff80000)
 ParOldGen       total 4860416K, used 4354190K [0x00000005cd000000, 0x00000006f5a80000, 0x0000000719b00000)
  object space 4860416K, 89% used [0x00000005cd000000,0x00000006d6c23938,0x00000006f5a80000)
 Metaspace       used 28311K, capacity 30294K, committed 32384K, reserved 1077248K
  class space    used 3028K, capacity 3535K, committed 3968K, reserved 1048576K
}
Event: 540.537 GC heap before
{Heap before GC invocations=680 (full 8):
 PSYoungGen      total 2715648K, used 2709360K [0x0000000719b00000, 0x00000007bff80000, 0x00000007c0000000)
  eden space 2706432K, 100% used [0x0000000719b00000,0x00000007bee00000,0x00000007bee00000)
  from space 9216K, 31% used [0x00000007bee00000,0x00000007bf0dc2d8,0x00000007bf700000)
  to   space 8704K, 0% used [0x00000007bf700000,0x00000007bf700000,0x00000007bff80000)
 ParOldGen       total 4860416K, used 4354190K [0x00000005cd000000, 0x00000006f5a80000, 0x0000000719b00000)
  object space 4860416K, 89% used [0x00000005cd000000,0x00000006d6c23938,0x00000006f5a80000)
 Metaspace       used 28311K, capacity 30294K, committed 32384K, reserved 1077248K
  class space    used 3028K, capacity 3535K, committed 3968K, reserved 1048576K
Event: 540.547 GC heap after
Heap after GC invocations=680 (full 8):
 PSYoungGen      total 2715648K, used 1984K [0x0000000719b00000, 0x00000007bff80000, 0x00000007c0000000)
  eden space 2706944K, 0% used [0x0000000719b00000,0x0000000719b00000,0x00000007bee80000)
  from space 8704K, 22% used [0x00000007bf700000,0x00000007bf8f0080,0x00000007bff80000)
  to   space 8704K, 0% used [0x00000007bee80000,0x00000007bee80000,0x00000007bf700000)
 ParOldGen       total 4860416K, used 4354222K [0x00000005cd000000, 0x00000006f5a80000, 0x0000000719b00000)
  object space 4860416K, 89% used [0x00000005cd000000,0x00000006d6c2b938,0x00000006f5a80000)
 Metaspace       used 28311K, capacity 30294K, committed 32384K, reserved 1077248K
  class space    used 3028K, capacity 3535K, committed 3968K, reserved 1048576K
}
Event: 541.491 GC heap before
{Heap before GC invocations=681 (full 8):
 PSYoungGen      total 2715648K, used 2708928K [0x0000000719b00000, 0x00000007bff80000, 0x00000007c0000000)
  eden space 2706944K, 100% used [0x0000000719b00000,0x00000007bee80000,0x00000007bee80000)
  from space 8704K, 22% used [0x00000007bf700000,0x00000007bf8f0080,0x00000007bff80000)
  to   space 8704K, 0% used [0x00000007bee80000,0x00000007bee80000,0x00000007bf700000)
 ParOldGen       total 4860416K, used 4354222K [0x00000005cd000000, 0x00000006f5a80000, 0x0000000719b00000)
  object space 4860416K, 89% used [0x00000005cd000000,0x00000006d6c2b938,0x00000006f5a80000)
 Metaspace       used 28311K, capacity 30294K, committed 32384K, reserved 1077248K
  class space    used 3028K, capacity 3535K, committed 3968K, reserved 1048576K
Event: 541.500 GC heap after
Heap after GC invocations=681 (full 8):
 PSYoungGen      total 2715648K, used 2960K [0x0000000719b00000, 0x00000007bff00000, 0x00000007c0000000)
  eden space 2706944K, 0% used [0x0000000719b00000,0x0000000719b00000,0x00000007bee80000)
  from space 8704K, 34% used [0x00000007bee80000,0x00000007bf1642d8,0x00000007bf700000)
  to   space 8192K, 0% used [0x00000007bf700000,0x00000007bf700000,0x00000007bff00000)
 ParOldGen       total 4860416K, used 4354278K [0x00000005cd000000, 0x00000006f5a80000, 0x0000000719b00000)
  object space 4860416K, 89% used [0x00000005cd000000,0x00000006d6c39938,0x00000006f5a80000)
 Metaspace       used 28311K, capacity 30294K, committed 32384K, reserved 1077248K
  class space    used 3028K, capacity 3535K, committed 3968K, reserved 1048576K
}
Event: 544.837 GC heap before
{Heap before GC invocations=682 (full 8):
 PSYoungGen      total 2715648K, used 2709904K [0x0000000719b00000, 0x00000007bff00000, 0x00000007c0000000)
  eden space 2706944K, 100% used [0x0000000719b00000,0x00000007bee80000,0x00000007bee80000)
  from space 8704K, 34% used [0x00000007bee80000,0x00000007bf1642d8,0x00000007bf700000)
  to   space 8192K, 0% used [0x00000007bf700000,0x00000007bf700000,0x00000007bff00000)
 ParOldGen       total 4860416K, used 4354278K [0x00000005cd000000, 0x00000006f5a80000, 0x0000000719b00000)
  object space 4860416K, 89% used [0x00000005cd000000,0x00000006d6c39938,0x00000006f5a80000)
 Metaspace       used 28311K, capacity 30294K, committed 32384K, reserved 1077248K
  class space    used 3028K, capacity 3535K, committed 3968K, reserved 1048576K
Event: 544.853 GC heap after
Heap after GC invocations=682 (full 8):
 PSYoungGen      total 2715648K, used 808K [0x0000000719b00000, 0x00000007bff80000, 0x00000007c0000000)
  eden space 2707456K, 0% used [0x0000000719b00000,0x0000000719b00000,0x00000007bef00000)
  from space 8192K, 9% used [0x00000007bf700000,0x00000007bf7ca010,0x00000007bff00000)
  to   space 8192K, 0% used [0x00000007bef00000,0x00000007bef00000,0x00000007bf700000)
 ParOldGen       total 4860416K, used 4354318K [0x00000005cd000000, 0x00000006f5a80000, 0x0000000719b00000)
  object space 4860416K, 89% used [0x00000005cd000000,0x00000006d6c43938,0x00000006f5a80000)
 Metaspace       used 28311K, capacity 30294K, committed 32384K, reserved 1077248K
  class space    used 3028K, capacity 3535K, committed 3968K, reserved 1048576K
}
Event: 545.646 GC heap before
{Heap before GC invocations=683 (full 8):
 PSYoungGen      total 2715648K, used 2708264K [0x0000000719b00000, 0x00000007bff80000, 0x00000007c0000000)
  eden space 2707456K, 100% used [0x0000000719b00000,0x00000007bef00000,0x00000007bef00000)
  from space 8192K, 9% used [0x00000007bf700000,0x00000007bf7ca010,0x00000007bff00000)
  to   space 8192K, 0% used [0x00000007bef00000,0x00000007bef00000,0x00000007bf700000)
 ParOldGen       total 4860416K, used 4354318K [0x00000005cd000000, 0x00000006f5a80000, 0x0000000719b00000)
  object space 4860416K, 89% used [0x00000005cd000000,0x00000006d6c43938,0x00000006f5a80000)
 Metaspace       used 28311K, capacity 30294K, committed 32384K, reserved 1077248K
  class space    used 3028K, capacity 3535K, committed 3968K, reserved 1048576K
Event: 545.658 GC heap after
Heap after GC invocations=683 (full 8):
 PSYoungGen      total 2715648K, used 976K [0x0000000719b00000, 0x00000007c0000000, 0x00000007c0000000)
  eden space 2707456K, 0% used [0x0000000719b00000,0x0000000719b00000,0x00000007bef00000)
  from space 8192K, 11% used [0x00000007bef00000,0x00000007beff4020,0x00000007bf700000)
  to   space 8192K, 0% used [0x00000007bf800000,0x00000007bf800000,0x00000007c0000000)
 ParOldGen       total 4860416K, used 4354390K [0x00000005cd000000, 0x00000006f5a80000, 0x0000000719b00000)
  object space 4860416K, 89% used [0x00000005cd000000,0x00000006d6c55938,0x00000006f5a80000)
 Metaspace       used 28311K, capacity 30294K, committed 32384K, reserved 1077248K
  class space    used 3028K, capacity 3535K, committed 3968K, reserved 1048576K
}
Event: 546.459 GC heap before
{Heap before GC invocations=684 (full 8):
 PSYoungGen      total 2715648K, used 2708432K [0x0000000719b00000, 0x00000007c0000000, 0x00000007c0000000)
  eden space 2707456K, 100% used [0x0000000719b00000,0x00000007bef00000,0x00000007bef00000)
  from space 8192K, 11% used [0x00000007bef00000,0x00000007beff4020,0x00000007bf700000)
  to   space 8192K, 0% used [0x00000007bf800000,0x00000007bf800000,0x00000007c0000000)
 ParOldGen       total 4860416K, used 4354390K [0x00000005cd000000, 0x00000006f5a80000, 0x0000000719b00000)
  object space 4860416K, 89% used [0x00000005cd000000,0x00000006d6c55938,0x00000006f5a80000)
 Metaspace       used 28311K, capacity 30294K, committed 32384K, reserved 1077248K
  class space    used 3028K, capacity 3535K, committed 3968K, reserved 1048576K
Event: 546.477 GC heap after
Heap after GC invocations=684 (full 8):
 PSYoungGen      total 2716672K, used 776K [0x0000000719b00000, 0x00000007c0000000, 0x00000007c0000000)
  eden space 2708480K, 0% used [0x0000000719b00000,0x0000000719b00000,0x00000007bf000000)
  from space 8192K, 9% used [0x00000007bf800000,0x00000007bf8c2010,0x00000007c0000000)
  to   space 8192K, 0% used [0x00000007bf000000,0x00000007bf000000,0x00000007bf800000)
 ParOldGen       total 4860416K, used 4354446K [0x00000005cd000000, 0x00000006f5a80000, 0x0000000719b00000)
  object space 4860416K, 89% used [0x00000005cd000000,0x00000006d6c63938,0x00000006f5a80000)
 Metaspace       used 28311K, capacity 30294K, committed 32384K, reserved 1077248K
  class space    used 3028K, capacity 3535K, committed 3968K, reserved 1048576K
}
Event: 547.292 GC heap before
{Heap before GC invocations=685 (full 8):
 PSYoungGen      total 2716672K, used 2709256K [0x0000000719b00000, 0x00000007c0000000, 0x00000007c0000000)
  eden space 2708480K, 100% used [0x0000000719b00000,0x00000007bf000000,0x00000007bf000000)
  from space 8192K, 9% used [0x00000007bf800000,0x00000007bf8c2010,0x00000007c0000000)
  to   space 8192K, 0% used [0x00000007bf000000,0x00000007bf000000,0x00000007bf800000)
 ParOldGen       total 4860416K, used 4354446K [0x00000005cd000000, 0x00000006f5a80000, 0x0000000719b00000)
  object space 4860416K, 89% used [0x00000005cd000000,0x00000006d6c63938,0x00000006f5a80000)
 Metaspace       used 28311K, capacity 30294K, committed 32384K, reserved 1077248K
  class space    used 3028K, capacity 3535K, committed 3968K, reserved 1048576K
Event: 547.306 GC heap after
Heap after GC invocations=685 (full 8):
 PSYoungGen      total 2716672K, used 576K [0x0000000719b00000, 0x00000007c0000000, 0x00000007c0000000)
  eden space 2708480K, 0% used [0x0000000719b00000,0x0000000719b00000,0x00000007bf000000)
  from space 8192K, 7% used [0x00000007bf000000,0x00000007bf090000,0x00000007bf800000)
  to   space 8192K, 0% used [0x00000007bf800000,0x00000007bf800000,0x00000007c0000000)
 ParOldGen       total 4860416K, used 4354510K [0x00000005cd000000, 0x00000006f5a80000, 0x0000000719b00000)
  object space 4860416K, 89% used [0x00000005cd000000,0x00000006d6c73938,0x00000006f5a80000)
 Metaspace       used 28311K, capacity 30294K, committed 32384K, reserved 1077248K
  class space    used 3028K, capacity 3535K, committed 3968K, reserved 1048576K
}
Event: 548.032 GC heap before
{Heap before GC invocations=686 (full 8):
 PSYoungGen      total 2716672K, used 2709056K [0x0000000719b00000, 0x00000007c0000000, 0x00000007c0000000)
  eden space 2708480K, 100% used [0x0000000719b00000,0x00000007bf000000,0x00000007bf000000)
  from space 8192K, 7% used [0x00000007bf000000,0x00000007bf090000,0x00000007bf800000)
  to   space 8192K, 0% used [0x00000007bf800000,0x00000007bf800000,0x00000007c0000000)
 ParOldGen       total 4860416K, used 4354510K [0x00000005cd000000, 0x00000006f5a80000, 0x0000000719b00000)
  object space 4860416K, 89% used [0x00000005cd000000,0x00000006d6c73938,0x00000006f5a80000)
 Metaspace       used 28311K, capacity 30294K, committed 32384K, reserved 1077248K
  class space    used 3028K, capacity 3535K, committed 3968K, reserved 1048576K
Event: 548.042 GC heap after
Heap after GC invocations=686 (full 8):
 PSYoungGen      total 2715648K, used 808K [0x0000000719b00000, 0x00000007bff00000, 0x00000007c0000000)
  eden space 2708480K, 0% used [0x0000000719b00000,0x0000000719b00000,0x00000007bf000000)
  from space 7168K, 11% used [0x00000007bf800000,0x00000007bf8ca010,0x00000007bff00000)
  to   space 7680K, 0% used [0x00000007bf000000,0x00000007bf000000,0x00000007bf780000)
 ParOldGen       total 4860416K, used 4354550K [0x00000005cd000000, 0x00000006f5a80000, 0x0000000719b00000)
  object space 4860416K, 89% used [0x00000005cd000000,0x00000006d6c7d938,0x00000006f5a80000)
 Metaspace       used 28311K, capacity 30294K, committed 32384K, reserved 1077248K
  class space    used 3028K, capacity 3535K, committed 3968K, reserved 1048576K
}
Event: 548.776 GC heap before
{Heap before GC invocations=687 (full 8):
 PSYoungGen      total 2715648K, used 2709288K [0x0000000719b00000, 0x00000007bff00000, 0x00000007c0000000)
  eden space 2708480K, 100% used [0x0000000719b00000,0x00000007bf000000,0x00000007bf000000)
  from space 7168K, 11% used [0x00000007bf800000,0x00000007bf8ca010,0x00000007bff00000)
  to   space 7680K, 0% used [0x00000007bf000000,0x00000007bf000000,0x00000007bf780000)
 ParOldGen       total 4860416K, used 4354550K [0x00000005cd000000, 0x00000006f5a80000, 0x0000000719b00000)
  object space 4860416K, 89% used [0x00000005cd000000,0x00000006d6c7d938,0x00000006f5a80000)
 Metaspace       used 28311K, capacity 30294K, committed 32384K, reserved 1077248K
  class space    used 3028K, capacity 3535K, committed 3968K, reserved 1048576K
Event: 548.782 GC heap after
Heap after GC invocations=687 (full 8):
 PSYoungGen      total 2716160K, used 1040K [0x0000000719b00000, 0x00000007c0000000, 0x00000007c0000000)
  eden space 2708480K, 0% used [0x0000000719b00000,0x0000000719b00000,0x00000007bf000000)
  from space 7680K, 13% used [0x00000007bf000000,0x00000007bf104020,0x00000007bf780000)
  to   space 7680K, 0% used [0x00000007bf880000,0x00000007bf880000,0x00000007c0000000)
 ParOldGen       total 4860416K, used 4354574K [0x00000005cd000000, 0x00000006f5a80000, 0x0000000719b00000)
  object space 4860416K, 89% used [0x00000005cd000000,0x00000006d6c83938,0x00000006f5a80000)
 Metaspace       used 28311K, capacity 30294K, committed 32384K, reserved 1077248K
  class space    used 3028K, capacity 3535K, committed 3968K, reserved 1048576K
}
Event: 549.495 GC heap before
{Heap before GC invocations=688 (full 8):
 PSYoungGen      total 2716160K, used 2709520K [0x0000000719b00000, 0x00000007c0000000, 0x00000007c0000000)
  eden space 2708480K, 100% used [0x0000000719b00000,0x00000007bf000000,0x00000007bf000000)
  from space 7680K, 13% used [0x00000007bf000000,0x00000007bf104020,0x00000007bf780000)
  to   space 7680K, 0% used [0x00000007bf880000,0x00000007bf880000,0x00000007c0000000)
 ParOldGen       total 4860416K, used 4354574K [0x00000005cd000000, 0x00000006f5a80000, 0x0000000719b00000)
  object space 4860416K, 89% used [0x00000005cd000000,0x00000006d6c83938,0x00000006f5a80000)
 Metaspace       used 28311K, capacity 30294K, committed 32384K, reserved 1077248K
  class space    used 3028K, capacity 3535K, committed 3968K, reserved 1048576K
Event: 549.501 GC heap after
Heap after GC invocations=688 (full 8):
 PSYoungGen      total 2716160K, used 640K [0x0000000719b00000, 0x00000007bff00000, 0x00000007c0000000)
  eden space 2709504K, 0% used [0x0000000719b00000,0x0000000719b00000,0x00000007bf100000)
  from space 6656K, 9% used [0x00000007bf880000,0x00000007bf920000,0x00000007bff00000)
  to   space 7168K, 0% used [0x00000007bf100000,0x00000007bf100000,0x00000007bf800000)
 ParOldGen       total 4860416K, used 4354622K [0x00000005cd000000, 0x00000006f5a80000, 0x0000000719b00000)
  object space 4860416K, 89% used [0x00000005cd000000,0x00000006d6c8f938,0x00000006f5a80000)
 Metaspace       used 28311K, capacity 30294K, committed 32384K, reserved 1077248K
  class space    used 3028K, capacity 3535K, committed 3968K, reserved 1048576K
}
Event: 550.214 GC heap before
{Heap before GC invocations=689 (full 8):
 PSYoungGen      total 2716160K, used 2710144K [0x0000000719b00000, 0x00000007bff00000, 0x00000007c0000000)
  eden space 2709504K, 100% used [0x0000000719b00000,0x00000007bf100000,0x00000007bf100000)
  from space 6656K, 9% used [0x00000007bf880000,0x00000007bf920000,0x00000007bff00000)
  to   space 7168K, 0% used [0x00000007bf100000,0x00000007bf100000,0x00000007bf800000)
 ParOldGen       total 4860416K, used 4354622K [0x00000005cd000000, 0x00000006f5a80000, 0x0000000719b00000)
  object space 4860416K, 89% used [0x00000005cd000000,0x00000006d6c8f938,0x00000006f5a80000)
 Metaspace       used 28311K, capacity 30294K, committed 32384K, reserved 1077248K
  class space    used 3028K, capacity 3535K, committed 3968K, reserved 1048576K
Event: 550.222 GC heap after
Heap after GC invocations=689 (full 8):
 PSYoungGen      total 2716672K, used 1008K [0x0000000719b00000, 0x00000007c0000000, 0x00000007c0000000)
  eden space 2709504K, 0% used [0x0000000719b00000,0x0000000719b00000,0x00000007bf100000)
  from space 7168K, 14% used [0x00000007bf100000,0x00000007bf1fc020,0x00000007bf800000)
  to   space 7168K, 0% used [0x00000007bf900000,0x00000007bf900000,0x00000007c0000000)
 ParOldGen       total 4860416K, used 4354654K [0x00000005cd000000, 0x00000006f5a80000, 0x0000000719b00000)
  object space 4860416K, 89% used [0x00000005cd000000,0x00000006d6c97938,0x00000006f5a80000)
 Metaspace       used 28311K, capacity 30294K, committed 32384K, reserved 1077248K
  class space    used 3028K, capacity 3535K, committed 3968K, reserved 1048576K
}
Event: 550.936 GC heap before
{Heap before GC invocations=690 (full 8):
 PSYoungGen      total 2716672K, used 2710512K [0x0000000719b00000, 0x00000007c0000000, 0x00000007c0000000)
  eden space 2709504K, 100% used [0x0000000719b00000,0x00000007bf100000,0x00000007bf100000)
  from space 7168K, 14% used [0x00000007bf100000,0x00000007bf1fc020,0x00000007bf800000)
  to   space 7168K, 0% used [0x00000007bf900000,0x00000007bf900000,0x00000007c0000000)
 ParOldGen       total 4860416K, used 4354654K [0x00000005cd000000, 0x00000006f5a80000, 0x0000000719b00000)
  object space 4860416K, 89% used [0x00000005cd000000,0x00000006d6c97938,0x00000006f5a80000)
 Metaspace       used 28311K, capacity 30294K, committed 32384K, reserved 1077248K
  class space    used 3028K, capacity 3535K, committed 3968K, reserved 1048576K
Event: 550.942 GC heap after
Heap after GC invocations=690 (full 8):
 PSYoungGen      total 2716672K, used 1176K [0x0000000719b00000, 0x00000007bff00000, 0x00000007c0000000)
  eden space 2710528K, 0% used [0x0000000719b00000,0x0000000719b00000,0x00000007bf200000)
  from space 6144K, 19% used [0x00000007bf900000,0x00000007bfa26030,0x00000007bff00000)
  to   space 6656K, 0% used [0x00000007bf200000,0x00000007bf200000,0x00000007bf880000)
 ParOldGen       total 4860416K, used 4354702K [0x00000005cd000000, 0x00000006f5a80000, 0x0000000719b00000)
  object space 4860416K, 89% used [0x00000005cd000000,0x00000006d6ca3938,0x00000006f5a80000)
 Metaspace       used 28311K, capacity 30294K, committed 32384K, reserved 1077248K
  class space    used 3028K, capacity 3535K, committed 3968K, reserved 1048576K
}
Event: 551.837 GC heap before
{Heap before GC invocations=691 (full 8):
 PSYoungGen      total 2716672K, used 2711704K [0x0000000719b00000, 0x00000007bff00000, 0x00000007c0000000)
  eden space 2710528K, 100% used [0x0000000719b00000,0x00000007bf200000,0x00000007bf200000)
  from space 6144K, 19% used [0x00000007bf900000,0x00000007bfa26030,0x00000007bff00000)
  to   space 6656K, 0% used [0x00000007bf200000,0x00000007bf200000,0x00000007bf880000)
 ParOldGen       total 4860416K, used 4354702K [0x00000005cd000000, 0x00000006f5a80000, 0x0000000719b00000)
  object space 4860416K, 89% used [0x00000005cd000000,0x00000006d6ca3938,0x00000006f5a80000)
 Metaspace       used 28311K, capacity 30294K, committed 32384K, reserved 1077248K
  class space    used 3028K, capacity 3535K, committed 3968K, reserved 1048576K
Event: 551.853 GC heap after
Heap after GC invocations=691 (full 8):
 PSYoungGen      total 2717184K, used 976K [0x0000000719b00000, 0x00000007bff80000, 0x00000007c0000000)
  eden space 2710528K, 0% used [0x0000000719b00000,0x0000000719b00000,0x00000007bf200000)
  from space 6656K, 14% used [0x00000007bf200000,0x00000007bf2f4020,0x00000007bf880000)
  to   space 6144K, 0% used [0x00000007bf980000,0x00000007bf980000,0x00000007bff80000)
 ParOldGen       total 4860416K, used 4354758K [0x00000005cd000000, 0x00000006f5a80000, 0x0000000719b00000)
  object space 4860416K, 89% used [0x00000005cd000000,0x00000006d6cb1938,0x00000006f5a80000)
 Metaspace       used 28311K, capacity 30294K, committed 32384K, reserved 1077248K
  class space    used 3028K, capacity 3535K, committed 3968K, reserved 1048576K
}
Event: 552.564 GC heap before
{Heap before GC invocations=692 (full 8):
 PSYoungGen      total 2717184K, used 2711504K [0x0000000719b00000, 0x00000007bff80000, 0x00000007c0000000)
  eden space 2710528K, 100% used [0x0000000719b00000,0x00000007bf200000,0x00000007bf200000)
  from space 6656K, 14% used [0x00000007bf200000,0x00000007bf2f4020,0x00000007bf880000)
  to   space 6144K, 0% used [0x00000007bf980000,0x00000007bf980000,0x00000007bff80000)
 ParOldGen       total 4860416K, used 4354758K [0x00000005cd000000, 0x00000006f5a80000, 0x0000000719b00000)
  object space 4860416K, 89% used [0x00000005cd000000,0x00000006d6cb1938,0x00000006f5a80000)
 Metaspace       used 28311K, capacity 30294K, committed 32384K, reserved 1077248K
  class space    used 3028K, capacity 3535K, committed 3968K, reserved 1048576K
Event: 552.579 GC heap after
Heap after GC invocations=692 (full 8):
 PSYoungGen      total 2718208K, used 576K [0x0000000719b00000, 0x00000007bff80000, 0x00000007c0000000)
  eden space 2712064K, 0% used [0x0000000719b00000,0x0000000719b00000,0x00000007bf380000)
  from space 6144K, 9% used [0x00000007bf980000,0x00000007bfa10000,0x00000007bff80000)
  to   space 6144K, 0% used [0x00000007bf380000,0x00000007bf380000,0x00000007bf980000)
 ParOldGen       total 4860416K, used 4354774K [0x00000005cd000000, 0x00000006f5a80000, 0x0000000719b00000)
  object space 4860416K, 89% used [0x00000005cd000000,0x00000006d6cb5938,0x00000006f5a80000)
 Metaspace       used 28311K, capacity 30294K, committed 32384K, reserved 1077248K
  class space    used 3028K, capacity 3535K, committed 3968K, reserved 1048576K
}
Event: 553.296 GC heap before
{Heap before GC invocations=693 (full 8):
 PSYoungGen      total 2718208K, used 2712640K [0x0000000719b00000, 0x00000007bff80000, 0x00000007c0000000)
  eden space 2712064K, 100% used [0x0000000719b00000,0x00000007bf380000,0x00000007bf380000)
  from space 6144K, 9% used [0x00000007bf980000,0x00000007bfa10000,0x00000007bff80000)
  to   space 6144K, 0% used [0x00000007bf380000,0x00000007bf380000,0x00000007bf980000)
 ParOldGen       total 4860416K, used 4354774K [0x00000005cd000000, 0x00000006f5a80000, 0x0000000719b00000)
  object space 4860416K, 89% used [0x00000005cd000000,0x00000006d6cb5938,0x00000006f5a80000)
 Metaspace       used 28311K, capacity 30294K, committed 32384K, reserved 1077248K
  class space    used 3028K, capacity 3535K, committed 3968K, reserved 1048576K
Event: 553.301 GC heap after
Heap after GC invocations=693 (full 8):
 PSYoungGen      total 2718208K, used 1176K [0x0000000719b00000, 0x00000007bff00000, 0x00000007c0000000)
  eden space 2712064K, 0% used [0x0000000719b00000,0x0000000719b00000,0x00000007bf380000)
  from space 6144K, 19% used [0x00000007bf380000,0x00000007bf4a6030,0x00000007bf980000)
  to   space 5632K, 0% used [0x00000007bf980000,0x00000007bf980000,0x00000007bff00000)
 ParOldGen       total 4860416K, used 4354838K [0x00000005cd000000, 0x00000006f5a80000, 0x0000000719b00000)
  object space 4860416K, 89% used [0x00000005cd000000,0x00000006d6cc5938,0x00000006f5a80000)
 Metaspace       used 28311K, capacity 30294K, committed 32384K, reserved 1077248K
  class space    used 3028K, capacity 3535K, committed 3968K, reserved 1048576K
}
Event: 554.045 GC heap before
{Heap before GC invocations=694 (full 8):
 PSYoungGen      total 2718208K, used 2713240K [0x0000000719b00000, 0x00000007bff00000, 0x00000007c0000000)
  eden space 2712064K, 100% used [0x0000000719b00000,0x00000007bf380000,0x00000007bf380000)
  from space 6144K, 19% used [0x00000007bf380000,0x00000007bf4a6030,0x00000007bf980000)
  to   space 5632K, 0% used [0x00000007bf980000,0x00000007bf980000,0x00000007bff00000)
 ParOldGen       total 4860416K, used 4354838K [0x00000005cd000000, 0x00000006f5a80000, 0x0000000719b00000)
  object space 4860416K, 89% used [0x00000005cd000000,0x00000006d6cc5938,0x00000006f5a80000)
 Metaspace       used 28311K, capacity 30294K, committed 32384K, reserved 1077248K
  class space    used 3028K, capacity 3535K, committed 3968K, reserved 1048576K
Event: 554.058 GC heap after
Heap after GC invocations=694 (full 8):
 PSYoungGen      total 2718208K, used 976K [0x0000000719b00000, 0x00000007bff80000, 0x00000007c0000000)
  eden space 2712576K, 0% used [0x0000000719b00000,0x0000000719b00000,0x00000007bf400000)
  from space 5632K, 17% used [0x00000007bf980000,0x00000007bfa74020,0x00000007bff00000)
  to   space 5632K, 0% used [0x00000007bf400000,0x00000007bf400000,0x00000007bf980000)
 ParOldGen       total 4860416K, used 4354846K [0x00000005cd000000, 0x00000006f5a80000, 0x0000000719b00000)
  object space 4860416K, 89% used [0x00000005cd000000,0x00000006d6cc7938,0x00000006f5a80000)
 Metaspace       used 28311K, capacity 30294K, committed 32384K, reserved 1077248K
  class space    used 3028K, capacity 3535K, committed 3968K, reserved 1048576K
}
Event: 554.768 GC heap before
{Heap before GC invocations=695 (full 8):
 PSYoungGen      total 2718208K, used 2713552K [0x0000000719b00000, 0x00000007bff80000, 0x00000007c0000000)
  eden space 2712576K, 100% used [0x0000000719b00000,0x00000007bf400000,0x00000007bf400000)
  from space 5632K, 17% used [0x00000007bf980000,0x00000007bfa74020,0x00000007bff00000)
  to   space 5632K, 0% used [0x00000007bf400000,0x00000007bf400000,0x00000007bf980000)
 ParOldGen       total 4860416K, used 4354846K [0x00000005cd000000, 0x00000006f5a80000, 0x0000000719b00000)
  object space 4860416K, 89% used [0x00000005cd000000,0x00000006d6cc7938,0x00000006f5a80000)
 Metaspace       used 28311K, capacity 30294K, committed 32384K, reserved 1077248K
  class space    used 3028K, capacity 3535K, committed 3968K, reserved 1048576K
Event: 554.772 GC heap after
Heap after GC invocations=695 (full 8):
 PSYoungGen      total 2718208K, used 1080K [0x0000000719b00000, 0x00000007bff00000, 0x00000007c0000000)
  eden space 2712576K, 0% used [0x0000000719b00000,0x0000000719b00000,0x00000007bf400000)
  from space 5632K, 19% used [0x00000007bf400000,0x00000007bf50e030,0x00000007bf980000)
  to   space 5120K, 0% used [0x00000007bfa00000,0x00000007bfa00000,0x00000007bff00000)
 ParOldGen       total 4860416K, used 4354854K [0x00000005cd000000, 0x00000006f5a80000, 0x0000000719b00000)
  object space 4860416K, 89% used [0x00000005cd000000,0x00000006d6cc9938,0x00000006f5a80000)
 Metaspace       used 28311K, capacity 30294K, committed 32384K, reserved 1077248K
  class space    used 3028K, capacity 3535K, committed 3968K, reserved 1048576K
}
Event: 555.661 GC heap before
{Heap before GC invocations=696 (full 8):
 PSYoungGen      total 2718208K, used 2713656K [0x0000000719b00000, 0x00000007bff00000, 0x00000007c0000000)
  eden space 2712576K, 100% used [0x0000000719b00000,0x00000007bf400000,0x00000007bf400000)
  from space 5632K, 19% used [0x00000007bf400000,0x00000007bf50e030,0x00000007bf980000)
  to   space 5120K, 0% used [0x00000007bfa00000,0x00000007bfa00000,0x00000007bff00000)
 ParOldGen       total 4860416K, used 4354854K [0x00000005cd000000, 0x00000006f5a80000, 0x0000000719b00000)
  object space 4860416K, 89% used [0x00000005cd000000,0x00000006d6cc9938,0x00000006f5a80000)
 Metaspace       used 28311K, capacity 30294K, committed 32384K, reserved 1077248K
  class space    used 3028K, capacity 3535K, committed 3968K, reserved 1048576K
Event: 555.684 GC heap after
Heap after GC invocations=696 (full 8):
 PSYoungGen      total 2718720K, used 576K [0x0000000719b00000, 0x00000007bff80000, 0x00000007c0000000)
  eden space 2713600K, 0% used [0x0000000719b00000,0x0000000719b00000,0x00000007bf500000)
  from space 5120K, 11% used [0x00000007bfa00000,0x00000007bfa90000,0x00000007bff00000)
  to   space 5120K, 0% used [0x00000007bf500000,0x00000007bf500000,0x00000007bfa00000)
 ParOldGen       total 4860416K, used 4354878K [0x00000005cd000000, 0x00000006f5a80000, 0x0000000719b00000)
  object space 4860416K, 89% used [0x00000005cd000000,0x00000006d6ccf938,0x00000006f5a80000)
 Metaspace       used 28311K, capacity 30294K, committed 32384K, reserved 1077248K
  class space    used 3028K, capacity 3535K, committed 3968K, reserved 1048576K
}
Event: 556.401 GC heap before
{Heap before GC invocations=697 (full 8):
 PSYoungGen      total 2718720K, used 2714176K [0x0000000719b00000, 0x00000007bff80000, 0x00000007c0000000)
  eden space 2713600K, 100% used [0x0000000719b00000,0x00000007bf500000,0x00000007bf500000)
  from space 5120K, 11% used [0x00000007bfa00000,0x00000007bfa90000,0x00000007bff00000)
  to   space 5120K, 0% used [0x00000007bf500000,0x00000007bf500000,0x00000007bfa00000)
 ParOldGen       total 4860416K, used 4354878K [0x00000005cd000000, 0x00000006f5a80000, 0x0000000719b00000)
  object space 4860416K, 89% used [0x00000005cd000000,0x00000006d6ccf938,0x00000006f5a80000)
 Metaspace       used 28311K, capacity 30294K, committed 32384K, reserved 1077248K
  class space    used 3028K, capacity 3535K, committed 3968K, reserved 1048576K
Event: 556.411 GC heap after
Heap after GC invocations=697 (full 8):
 PSYoungGen      total 2718720K, used 1376K [0x0000000719b00000, 0x00000007bff00000, 0x00000007c0000000)
  eden space 2713600K, 0% used [0x0000000719b00000,0x0000000719b00000,0x00000007bf500000)
  from space 5120K, 26% used [0x00000007bf500000,0x00000007bf658040,0x00000007bfa00000)
  to   space 4608K, 0% used [0x00000007bfa80000,0x00000007bfa80000,0x00000007bff00000)
 ParOldGen       total 4860416K, used 4354918K [0x00000005cd000000, 0x00000006f5a80000, 0x0000000719b00000)
  object space 4860416K, 89% used [0x00000005cd000000,0x00000006d6cd9938,0x00000006f5a80000)
 Metaspace       used 28311K, capacity 30294K, committed 32384K, reserved 1077248K
  class space    used 3028K, capacity 3535K, committed 3968K, reserved 1048576K
}
Event: 557.164 GC heap before
{Heap before GC invocations=698 (full 8):
 PSYoungGen      total 2718720K, used 2714976K [0x0000000719b00000, 0x00000007bff00000, 0x00000007c0000000)
  eden space 2713600K, 100% used [0x0000000719b00000,0x00000007bf500000,0x00000007bf500000)
  from space 5120K, 26% used [0x00000007bf500000,0x00000007bf658040,0x00000007bfa00000)
  to   space 4608K, 0% used [0x00000007bfa80000,0x00000007bfa80000,0x00000007bff00000)
 ParOldGen       total 4860416K, used 4354918K [0x00000005cd000000, 0x00000006f5a80000, 0x0000000719b00000)
  object space 4860416K, 89% used [0x00000005cd000000,0x00000006d6cd9938,0x00000006f5a80000)
 Metaspace       used 28311K, capacity 30294K, committed 32384K, reserved 1077248K
  class space    used 3028K, capacity 3535K, committed 3968K, reserved 1048576K
Event: 557.175 GC heap after
Heap after GC invocations=698 (full 8):
 PSYoungGen      total 2719232K, used 1176K [0x0000000719b00000, 0x00000007bff80000, 0x00000007c0000000)
  eden space 2714624K, 0% used [0x0000000719b00000,0x0000000719b00000,0x00000007bf600000)
  from space 4608K, 25% used [0x00000007bfa80000,0x00000007bfba6030,0x00000007bff00000)
  to   space 4608K, 0% used [0x00000007bf600000,0x00000007bf600000,0x00000007bfa80000)
 ParOldGen       total 4860416K, used 4354990K [0x00000005cd000000, 0x00000006f5a80000, 0x0000000719b00000)
  object space 4860416K, 89% used [0x00000005cd000000,0x00000006d6ceb938,0x00000006f5a80000)
 Metaspace       used 28311K, capacity 30294K, committed 32384K, reserved 1077248K
  class space    used 3028K, capacity 3535K, committed 3968K, reserved 1048576K
}
Event: 557.912 GC heap before
{Heap before GC invocations=699 (full 8):
 PSYoungGen      total 2719232K, used 2715800K [0x0000000719b00000, 0x00000007bff80000, 0x00000007c0000000)
  eden space 2714624K, 100% used [0x0000000719b00000,0x00000007bf600000,0x00000007bf600000)
  from space 4608K, 25% used [0x00000007bfa80000,0x00000007bfba6030,0x00000007bff00000)
  to   space 4608K, 0% used [0x00000007bf600000,0x00000007bf600000,0x00000007bfa80000)
 ParOldGen       total 4860416K, used 4354990K [0x00000005cd000000, 0x00000006f5a80000, 0x0000000719b00000)
  object space 4860416K, 89% used [0x00000005cd000000,0x00000006d6ceb938,0x00000006f5a80000)
 Metaspace       used 28311K, capacity 30294K, committed 32384K, reserved 1077248K
  class space    used 3028K, capacity 3535K, committed 3968K, reserved 1048576K
Event: 557.936 GC heap after
Heap after GC invocations=699 (full 8):
 PSYoungGen      total 2719232K, used 576K [0x0000000719b00000, 0x00000007c0000000, 0x00000007c0000000)
  eden space 2714624K, 0% used [0x0000000719b00000,0x0000000719b00000,0x00000007bf600000)
  from space 4608K, 12% used [0x00000007bf600000,0x00000007bf690000,0x00000007bfa80000)
  to   space 4608K, 0% used [0x00000007bfb80000,0x00000007bfb80000,0x00000007c0000000)
 ParOldGen       total 4860416K, used 4355030K [0x00000005cd000000, 0x00000006f5a80000, 0x0000000719b00000)
  object space 4860416K, 89% used [0x00000005cd000000,0x00000006d6cf5938,0x00000006f5a80000)
 Metaspace       used 28311K, capacity 30294K, committed 32384K, reserved 1077248K
  class space    used 3028K, capacity 3535K, committed 3968K, reserved 1048576K
}
Event: 558.652 GC heap before
{Heap before GC invocations=700 (full 8):
 PSYoungGen      total 2719232K, used 2715200K [0x0000000719b00000, 0x00000007c0000000, 0x00000007c0000000)
  eden space 2714624K, 100% used [0x0000000719b00000,0x00000007bf600000,0x00000007bf600000)
  from space 4608K, 12% used [0x00000007bf600000,0x00000007bf690000,0x00000007bfa80000)
  to   space 4608K, 0% used [0x00000007bfb80000,0x00000007bfb80000,0x00000007c0000000)
 ParOldGen       total 4860416K, used 4355030K [0x00000005cd000000, 0x00000006f5a80000, 0x0000000719b00000)
  object space 4860416K, 89% used [0x00000005cd000000,0x00000006d6cf5938,0x00000006f5a80000)
 Metaspace       used 28311K, capacity 30294K, committed 32384K, reserved 1077248K
  class space    used 3028K, capacity 3535K, committed 3968K, reserved 1048576K
Event: 558.672 GC heap after
Heap after GC invocations=700 (full 8):
 PSYoungGen      total 2719232K, used 608K [0x0000000719b00000, 0x00000007bff00000, 0x00000007c0000000)
  eden space 2715648K, 0% used [0x0000000719b00000,0x0000000719b00000,0x00000007bf700000)
  from space 3584K, 16% used [0x00000007bfb80000,0x00000007bfc18000,0x00000007bff00000)
  to   space 4096K, 0% used [0x00000007bf700000,0x00000007bf700000,0x00000007bfb00000)
 ParOldGen       total 4860416K, used 4355094K [0x00000005cd000000, 0x00000006f5a80000, 0x0000000719b00000)
  object space 4860416K, 89% used [0x00000005cd000000,0x00000006d6d05938,0x00000006f5a80000)
 Metaspace       used 28311K, capacity 30294K, committed 32384K, reserved 1077248K
  class space    used 3028K, capacity 3535K, committed 3968K, reserved 1048576K
}
Event: 559.376 GC heap before
{Heap before GC invocations=701 (full 8):
 PSYoungGen      total 2719232K, used 2716256K [0x0000000719b00000, 0x00000007bff00000, 0x00000007c0000000)
  eden space 2715648K, 100% used [0x0000000719b00000,0x00000007bf700000,0x00000007bf700000)
  from space 3584K, 16% used [0x00000007bfb80000,0x00000007bfc18000,0x00000007bff00000)
  to   space 4096K, 0% used [0x00000007bf700000,0x00000007bf700000,0x00000007bfb00000)
 ParOldGen       total 4860416K, used 4355094K [0x00000005cd000000, 0x00000006f5a80000, 0x0000000719b00000)
  object space 4860416K, 89% used [0x00000005cd000000,0x00000006d6d05938,0x00000006f5a80000)
 Metaspace       used 28311K, capacity 30294K, committed 32384K, reserved 1077248K
  class space    used 3028K, capacity 3535K, committed 3968K, reserved 1048576K
Event: 559.390 GC heap after
Heap after GC invocations=701 (full 8):
 PSYoungGen      total 2719744K, used 576K [0x0000000719b00000, 0x00000007c0000000, 0x00000007c0000000)
  eden space 2715648K, 0% used [0x0000000719b00000,0x0000000719b00000,0x00000007bf700000)
  from space 4096K, 14% used [0x00000007bf700000,0x00000007bf790000,0x00000007bfb00000)
  to   space 4096K, 0% used [0x00000007bfc00000,0x00000007bfc00000,0x00000007c0000000)
 ParOldGen       total 4860416K, used 4355142K [0x00000005cd000000, 0x00000006f5a80000, 0x0000000719b00000)
  object space 4860416K, 89% used [0x00000005cd000000,0x00000006d6d11938,0x00000006f5a80000)
 Metaspace       used 28311K, capacity 30294K, committed 32384K, reserved 1077248K
  class space    used 3028K, capacity 3535K, committed 3968K, reserved 1048576K
}
Event: 560.249 GC heap before
{Heap before GC invocations=702 (full 8):
 PSYoungGen      total 2719744K, used 2716224K [0x0000000719b00000, 0x00000007c0000000, 0x00000007c0000000)
  eden space 2715648K, 100% used [0x0000000719b00000,0x00000007bf700000,0x00000007bf700000)
  from space 4096K, 14% used [0x00000007bf700000,0x00000007bf790000,0x00000007bfb00000)
  to   space 4096K, 0% used [0x00000007bfc00000,0x00000007bfc00000,0x00000007c0000000)
 ParOldGen       total 4860416K, used 4355142K [0x00000005cd000000, 0x00000006f5a80000, 0x0000000719b00000)
  object space 4860416K, 89% used [0x00000005cd000000,0x00000006d6d11938,0x00000006f5a80000)
 Metaspace       used 28311K, capacity 30294K, committed 32384K, reserved 1077248K
  class space    used 3028K, capacity 3535K, committed 3968K, reserved 1048576K
Event: 560.255 GC heap after
Heap after GC invocations=702 (full 8):
 PSYoungGen      total 2720768K, used 1376K [0x0000000719b00000, 0x00000007c0000000, 0x00000007c0000000)
  eden space 2716672K, 0% used [0x0000000719b00000,0x0000000719b00000,0x00000007bf800000)
  from space 4096K, 33% used [0x00000007bfc00000,0x00000007bfd58040,0x00000007c0000000)
  to   space 4096K, 0% used [0x00000007bf800000,0x00000007bf800000,0x00000007bfc00000)
 ParOldGen       total 4860416K, used 4355230K [0x00000005cd000000, 0x00000006f5a80000, 0x0000000719b00000)
  object space 4860416K, 89% used [0x00000005cd000000,0x00000006d6d27938,0x00000006f5a80000)
 Metaspace       used 28311K, capacity 30294K, committed 32384K, reserved 1077248K
  class space    used 3028K, capacity 3535K, committed 3968K, reserved 1048576K
}
Event: 561.005 GC heap before
{Heap before GC invocations=703 (full 8):
 PSYoungGen      total 2720768K, used 2718048K [0x0000000719b00000, 0x00000007c0000000, 0x00000007c0000000)
  eden space 2716672K, 100% used [0x0000000719b00000,0x00000007bf800000,0x00000007bf800000)
  from space 4096K, 33% used [0x00000007bfc00000,0x00000007bfd58040,0x00000007c0000000)
  to   space 4096K, 0% used [0x00000007bf800000,0x00000007bf800000,0x00000007bfc00000)
 ParOldGen       total 4860416K, used 4355230K [0x00000005cd000000, 0x00000006f5a80000, 0x0000000719b00000)
  object space 4860416K, 89% used [0x00000005cd000000,0x00000006d6d27938,0x00000006f5a80000)
 Metaspace       used 28311K, capacity 30294K, committed 32384K, reserved 1077248K
  class space    used 3028K, capacity 3535K, committed 3968K, reserved 1048576K
Event: 561.028 GC heap after
Heap after GC invocations=703 (full 8):
 PSYoungGen      total 2717696K, used 808K [0x0000000719b00000, 0x00000007bff00000, 0x00000007c0000000)
  eden space 2716672K, 0% used [0x0000000719b00000,0x0000000719b00000,0x00000007bf800000)
  from space 1024K, 78% used [0x00000007bf800000,0x00000007bf8ca010,0x00000007bf900000)
  to   space 3584K, 0% used [0x00000007bfb80000,0x00000007bfb80000,0x00000007bff00000)
 ParOldGen       total 4860416K, used 4355278K [0x00000005cd000000, 0x00000006f5a80000, 0x0000000719b00000)
  object space 4860416K, 89% used [0x00000005cd000000,0x00000006d6d33938,0x00000006f5a80000)
 Metaspace       used 28311K, capacity 30294K, committed 32384K, reserved 1077248K
  class space    used 3028K, capacity 3535K, committed 3968K, reserved 1048576K
}
Event: 561.747 GC heap before
{Heap before GC invocations=704 (full 8):
 PSYoungGen      total 2717696K, used 2717480K [0x0000000719b00000, 0x00000007bff00000, 0x00000007c0000000)
  eden space 2716672K, 100% used [0x0000000719b00000,0x00000007bf800000,0x00000007bf800000)
  from space 1024K, 78% used [0x00000007bf800000,0x00000007bf8ca010,0x00000007bf900000)
  to   space 3584K, 0% used [0x00000007bfb80000,0x00000007bfb80000,0x00000007bff00000)
 ParOldGen       total 4860416K, used 4355278K [0x00000005cd000000, 0x00000006f5a80000, 0x0000000719b00000)
  object space 4860416K, 89% used [0x00000005cd000000,0x00000006d6d33938,0x00000006f5a80000)
 Metaspace       used 28311K, capacity 30294K, committed 32384K, reserved 1077248K
  class space    used 3028K, capacity 3535K, committed 3968K, reserved 1048576K
Event: 561.752 GC heap after
Heap after GC invocations=704 (full 8):
 PSYoungGen      total 2720256K, used 1440K [0x0000000719b00000, 0x00000007c0000000, 0x00000007c0000000)
  eden space 2716672K, 0% used [0x0000000719b00000,0x0000000719b00000,0x00000007bf800000)
  from space 3584K, 40% used [0x00000007bfb80000,0x00000007bfce8040,0x00000007bff00000)
  to   space 3584K, 0% used [0x00000007bf800000,0x00000007bf800000,0x00000007bfb80000)
 ParOldGen       total 4860416K, used 4355318K [0x00000005cd000000, 0x00000006f5a80000, 0x0000000719b00000)
  object space 4860416K, 89% used [0x00000005cd000000,0x00000006d6d3d938,0x00000006f5a80000)
 Metaspace       used 28311K, capacity 30294K, committed 32384K, reserved 1077248K
  class space    used 3028K, capacity 3535K, committed 3968K, reserved 1048576K
}
Event: 562.480 GC heap before
{Heap before GC invocations=705 (full 8):
 PSYoungGen      total 2720256K, used 2718112K [0x0000000719b00000, 0x00000007c0000000, 0x00000007c0000000)
  eden space 2716672K, 100% used [0x0000000719b00000,0x00000007bf800000,0x00000007bf800000)
  from space 3584K, 40% used [0x00000007bfb80000,0x00000007bfce8040,0x00000007bff00000)
  to   space 3584K, 0% used [0x00000007bf800000,0x00000007bf800000,0x00000007bfb80000)
 ParOldGen       total 4860416K, used 4355318K [0x00000005cd000000, 0x00000006f5a80000, 0x0000000719b00000)
  object space 4860416K, 89% used [0x00000005cd000000,0x00000006d6d3d938,0x00000006f5a80000)
 Metaspace       used 28311K, capacity 30294K, committed 32384K, reserved 1077248K
  class space    used 3028K, capacity 3535K, committed 3968K, reserved 1048576K
Event: 562.486 GC heap after
Heap after GC invocations=705 (full 8):
 PSYoungGen      total 2720256K, used 808K [0x0000000719b00000, 0x00000007c0000000, 0x00000007c0000000)
  eden space 2716672K, 0% used [0x0000000719b00000,0x0000000719b00000,0x00000007bf800000)
  from space 3584K, 22% used [0x00000007bf800000,0x00000007bf8ca010,0x00000007bfb80000)
  to   space 3584K, 0% used [0x00000007bfc80000,0x00000007bfc80000,0x00000007c0000000)
 ParOldGen       total 4860416K, used 4355350K [0x00000005cd000000, 0x00000006f5a80000, 0x0000000719b00000)
  object space 4860416K, 89% used [0x00000005cd000000,0x00000006d6d45938,0x00000006f5a80000)
 Metaspace       used 28311K, capacity 30294K, committed 32384K, reserved 1077248K
  class space    used 3028K, capacity 3535K, committed 3968K, reserved 1048576K
}
Event: 563.222 GC heap before
{Heap before GC invocations=706 (full 8):
 PSYoungGen      total 2720256K, used 2717480K [0x0000000719b00000, 0x00000007c0000000, 0x00000007c0000000)
  eden space 2716672K, 100% used [0x0000000719b00000,0x00000007bf800000,0x00000007bf800000)
  from space 3584K, 22% used [0x00000007bf800000,0x00000007bf8ca010,0x00000007bfb80000)
  to   space 3584K, 0% used [0x00000007bfc80000,0x00000007bfc80000,0x00000007c0000000)
 ParOldGen       total 4860416K, used 4355350K [0x00000005cd000000, 0x00000006f5a80000, 0x0000000719b00000)
  object space 4860416K, 89% used [0x00000005cd000000,0x00000006d6d45938,0x00000006f5a80000)
 Metaspace       used 28311K, capacity 30294K, committed 32384K, reserved 1077248K
  class space    used 3028K, capacity 3535K, committed 3968K, reserved 1048576K
Event: 563.233 GC heap after
Heap after GC invocations=706 (full 8):
 PSYoungGen      total 2720256K, used 1176K [0x0000000719b00000, 0x00000007bff00000, 0x00000007c0000000)
  eden space 2717696K, 0% used [0x0000000719b00000,0x0000000719b00000,0x00000007bf900000)
  from space 2560K, 45% used [0x00000007bfc80000,0x00000007bfda6030,0x00000007bff00000)
  to   space 3072K, 0% used [0x00000007bf900000,0x00000007bf900000,0x00000007bfc00000)
 ParOldGen       total 4860416K, used 4355390K [0x00000005cd000000, 0x00000006f5a80000, 0x0000000719b00000)
  object space 4860416K, 89% used [0x00000005cd000000,0x00000006d6d4f938,0x00000006f5a80000)
 Metaspace       used 28311K, capacity 30294K, committed 32384K, reserved 1077248K
  class space    used 3028K, capacity 3535K, committed 3968K, reserved 1048576K
}
Event: 563.975 GC heap before
{Heap before GC invocations=707 (full 8):
 PSYoungGen      total 2720256K, used 2718872K [0x0000000719b00000, 0x00000007bff00000, 0x00000007c0000000)
  eden space 2717696K, 100% used [0x0000000719b00000,0x00000007bf900000,0x00000007bf900000)
  from space 2560K, 45% used [0x00000007bfc80000,0x00000007bfda6030,0x00000007bff00000)
  to   space 3072K, 0% used [0x00000007bf900000,0x00000007bf900000,0x00000007bfc00000)
 ParOldGen       total 4860416K, used 4355390K [0x00000005cd000000, 0x00000006f5a80000, 0x0000000719b00000)
  object space 4860416K, 89% used [0x00000005cd000000,0x00000006d6d4f938,0x00000006f5a80000)
 Metaspace       used 28311K, capacity 30294K, committed 32384K, reserved 1077248K
  class space    used 3028K, capacity 3535K, committed 3968K, reserved 1048576K
Event: 563.984 GC heap after
Heap after GC invocations=707 (full 8):
 PSYoungGen      total 2720768K, used 1176K [0x0000000719b00000, 0x00000007c0000000, 0x00000007c0000000)
  eden space 2717696K, 0% used [0x0000000719b00000,0x0000000719b00000,0x00000007bf900000)
  from space 3072K, 38% used [0x00000007bf900000,0x00000007bfa26030,0x00000007bfc00000)
  to   space 3072K, 0% used [0x00000007bfd00000,0x00000007bfd00000,0x00000007c0000000)
 ParOldGen       total 4860416K, used 4355438K [0x00000005cd000000, 0x00000006f5a80000, 0x0000000719b00000)
  object space 4860416K, 89% used [0x00000005cd000000,0x00000006d6d5b938,0x00000006f5a80000)
 Metaspace       used 28311K, capacity 30294K, committed 32384K, reserved 1077248K
  class space    used 3028K, capacity 3535K, committed 3968K, reserved 1048576K
}
Event: 564.837 GC heap before
{Heap before GC invocations=708 (full 8):
 PSYoungGen      total 2720768K, used 2718872K [0x0000000719b00000, 0x00000007c0000000, 0x00000007c0000000)
  eden space 2717696K, 100% used [0x0000000719b00000,0x00000007bf900000,0x00000007bf900000)
  from space 3072K, 38% used [0x00000007bf900000,0x00000007bfa26030,0x00000007bfc00000)
  to   space 3072K, 0% used [0x00000007bfd00000,0x00000007bfd00000,0x00000007c0000000)
 ParOldGen       total 4860416K, used 4355438K [0x00000005cd000000, 0x00000006f5a80000, 0x0000000719b00000)
  object space 4860416K, 89% used [0x00000005cd000000,0x00000006d6d5b938,0x00000006f5a80000)
 Metaspace       used 28311K, capacity 30294K, committed 32384K, reserved 1077248K
  class space    used 3028K, capacity 3535K, committed 3968K, reserved 1048576K
Event: 564.851 GC heap after
Heap after GC invocations=708 (full 8):
 PSYoungGen      total 2721792K, used 1008K [0x0000000719b00000, 0x00000007c0000000, 0x00000007c0000000)
  eden space 2718720K, 0% used [0x0000000719b00000,0x0000000719b00000,0x00000007bfa00000)
  from space 3072K, 32% used [0x00000007bfd00000,0x00000007bfdfc020,0x00000007c0000000)
  to   space 3072K, 0% used [0x00000007bfa00000,0x00000007bfa00000,0x00000007bfd00000)
 ParOldGen       total 4860416K, used 4355478K [0x00000005cd000000, 0x00000006f5a80000, 0x0000000719b00000)
  object space 4860416K, 89% used [0x00000005cd000000,0x00000006d6d65938,0x00000006f5a80000)
 Metaspace       used 28311K, capacity 30294K, committed 32384K, reserved 1077248K
  class space    used 3028K, capacity 3535K, committed 3968K, reserved 1048576K
}
Event: 565.572 GC heap before
{Heap before GC invocations=709 (full 8):
 PSYoungGen      total 2721792K, used 2719728K [0x0000000719b00000, 0x00000007c0000000, 0x00000007c0000000)
  eden space 2718720K, 100% used [0x0000000719b00000,0x00000007bfa00000,0x00000007bfa00000)
  from space 3072K, 32% used [0x00000007bfd00000,0x00000007bfdfc020,0x00000007c0000000)
  to   space 3072K, 0% used [0x00000007bfa00000,0x00000007bfa00000,0x00000007bfd00000)
 ParOldGen       total 4860416K, used 4355478K [0x00000005cd000000, 0x00000006f5a80000, 0x0000000719b00000)
  object space 4860416K, 89% used [0x00000005cd000000,0x00000006d6d65938,0x00000006f5a80000)
 Metaspace       used 28311K, capacity 30294K, committed 32384K, reserved 1077248K
  class space    used 3028K, capacity 3535K, committed 3968K, reserved 1048576K
Event: 565.589 GC heap after
Heap after GC invocations=709 (full 8):
 PSYoungGen      total 2720256K, used 1176K [0x0000000719b00000, 0x00000007bff00000, 0x00000007c0000000)
  eden space 2718720K, 0% used [0x0000000719b00000,0x0000000719b00000,0x00000007bfa00000)
  from space 1536K, 76% used [0x00000007bfa00000,0x00000007bfb26030,0x00000007bfb80000)
  to   space 2560K, 0% used [0x00000007bfc80000,0x00000007bfc80000,0x00000007bff00000)
 ParOldGen       total 4860416K, used 4355494K [0x00000005cd000000, 0x00000006f5a80000, 0x0000000719b00000)
  object space 4860416K, 89% used [0x00000005cd000000,0x00000006d6d69938,0x00000006f5a80000)
 Metaspace       used 28311K, capacity 30294K, committed 32384K, reserved 1077248K
  class space    used 3028K, capacity 3535K, committed 3968K, reserved 1048576K
}
Event: 566.312 GC heap before
{Heap before GC invocations=710 (full 8):
 PSYoungGen      total 2720256K, used 2719896K [0x0000000719b00000, 0x00000007bff00000, 0x00000007c0000000)
  eden space 2718720K, 100% used [0x0000000719b00000,0x00000007bfa00000,0x00000007bfa00000)
  from space 1536K, 76% used [0x00000007bfa00000,0x00000007bfb26030,0x00000007bfb80000)
  to   space 2560K, 0% used [0x00000007bfc80000,0x00000007bfc80000,0x00000007bff00000)
 ParOldGen       total 4860416K, used 4355494K [0x00000005cd000000, 0x00000006f5a80000, 0x0000000719b00000)
  object space 4860416K, 89% used [0x00000005cd000000,0x00000006d6d69938,0x00000006f5a80000)
 Metaspace       used 28311K, capacity 30294K, committed 32384K, reserved 1077248K
  class space    used 3028K, capacity 3535K, committed 3968K, reserved 1048576K
Event: 566.324 GC heap after
Heap after GC invocations=710 (full 8):
 PSYoungGen      total 2721280K, used 1408K [0x0000000719b00000, 0x00000007c0000000, 0x00000007c0000000)
  eden space 2718720K, 0% used [0x0000000719b00000,0x0000000719b00000,0x00000007bfa00000)
  from space 2560K, 55% used [0x00000007bfc80000,0x00000007bfde0040,0x00000007bff00000)
  to   space 2560K, 0% used [0x00000007bfa00000,0x00000007bfa00000,0x00000007bfc80000)
 ParOldGen       total 4860416K, used 4355510K [0x00000005cd000000, 0x00000006f5a80000, 0x0000000719b00000)
  object space 4860416K, 89% used [0x00000005cd000000,0x00000006d6d6d938,0x00000006f5a80000)
 Metaspace       used 28311K, capacity 30294K, committed 32384K, reserved 1077248K
  class space    used 3028K, capacity 3535K, committed 3968K, reserved 1048576K
}
Event: 567.088 GC heap before
{Heap before GC invocations=711 (full 8):
 PSYoungGen      total 2721280K, used 2720128K [0x0000000719b00000, 0x00000007c0000000, 0x00000007c0000000)
  eden space 2718720K, 100% used [0x0000000719b00000,0x00000007bfa00000,0x00000007bfa00000)
  from space 2560K, 55% used [0x00000007bfc80000,0x00000007bfde0040,0x00000007bff00000)
  to   space 2560K, 0% used [0x00000007bfa00000,0x00000007bfa00000,0x00000007bfc80000)
 ParOldGen       total 4860416K, used 4355510K [0x00000005cd000000, 0x00000006f5a80000, 0x0000000719b00000)
  object space 4860416K, 89% used [0x00000005cd000000,0x00000006d6d6d938,0x00000006f5a80000)
 Metaspace       used 28311K, capacity 30294K, committed 32384K, reserved 1077248K
  class space    used 3028K, capacity 3535K, committed 3968K, reserved 1048576K
Event: 567.094 GC heap after
Heap after GC invocations=711 (full 8):
 PSYoungGen      total 2721280K, used 1040K [0x0000000719b00000, 0x00000007c0000000, 0x00000007c0000000)
  eden space 2718720K, 0% used [0x0000000719b00000,0x0000000719b00000,0x00000007bfa00000)
  from space 2560K, 40% used [0x00000007bfa00000,0x00000007bfb04020,0x00000007bfc80000)
  to   space 2560K, 0% used [0x00000007bfd80000,0x00000007bfd80000,0x00000007c0000000)
 ParOldGen       total 4860416K, used 4355550K [0x00000005cd000000, 0x00000006f5a80000, 0x0000000719b00000)
  object space 4860416K, 89% used [0x00000005cd000000,0x00000006d6d77938,0x00000006f5a80000)
 Metaspace       used 28311K, capacity 30294K, committed 32384K, reserved 1077248K
  class space    used 3028K, capacity 3535K, committed 3968K, reserved 1048576K
}
Event: 567.823 GC heap before
{Heap before GC invocations=712 (full 8):
 PSYoungGen      total 2721280K, used 2719760K [0x0000000719b00000, 0x00000007c0000000, 0x00000007c0000000)
  eden space 2718720K, 100% used [0x0000000719b00000,0x00000007bfa00000,0x00000007bfa00000)
  from space 2560K, 40% used [0x00000007bfa00000,0x00000007bfb04020,0x00000007bfc80000)
  to   space 2560K, 0% used [0x00000007bfd80000,0x00000007bfd80000,0x00000007c0000000)
 ParOldGen       total 4860416K, used 4355550K [0x00000005cd000000, 0x00000006f5a80000, 0x0000000719b00000)
  object space 4860416K, 89% used [0x00000005cd000000,0x00000006d6d77938,0x00000006f5a80000)
 Metaspace       used 28311K, capacity 30294K, committed 32384K, reserved 1077248K
  class space    used 3028K, capacity 3535K, committed 3968K, reserved 1048576K
Event: 567.829 GC heap after
Heap after GC invocations=712 (full 8):
 PSYoungGen      total 2722304K, used 840K [0x0000000719b00000, 0x00000007c0000000, 0x00000007c0000000)
  eden space 2719744K, 0% used [0x0000000719b00000,0x0000000719b00000,0x00000007bfb00000)
  from space 2560K, 32% used [0x00000007bfd80000,0x00000007bfe52010,0x00000007c0000000)
  to   space 2560K, 0% used [0x00000007bfb00000,0x00000007bfb00000,0x00000007bfd80000)
 ParOldGen       total 4860416K, used 4355606K [0x00000005cd000000, 0x00000006f5a80000, 0x0000000719b00000)
  object space 4860416K, 89% used [0x00000005cd000000,0x00000006d6d85938,0x00000006f5a80000)
 Metaspace       used 28311K, capacity 30294K, committed 32384K, reserved 1077248K
  class space    used 3028K, capacity 3535K, committed 3968K, reserved 1048576K
}
Event: 568.546 GC heap before
{Heap before GC invocations=713 (full 8):
 PSYoungGen      total 2722304K, used 2720584K [0x0000000719b00000, 0x00000007c0000000, 0x00000007c0000000)
  eden space 2719744K, 100% used [0x0000000719b00000,0x00000007bfb00000,0x00000007bfb00000)
  from space 2560K, 32% used [0x00000007bfd80000,0x00000007bfe52010,0x00000007c0000000)
  to   space 2560K, 0% used [0x00000007bfb00000,0x00000007bfb00000,0x00000007bfd80000)
 ParOldGen       total 4860416K, used 4355606K [0x00000005cd000000, 0x00000006f5a80000, 0x0000000719b00000)
  object space 4860416K, 89% used [0x00000005cd000000,0x00000006d6d85938,0x00000006f5a80000)
 Metaspace       used 28311K, capacity 30294K, committed 32384K, reserved 1077248K
  class space    used 3028K, capacity 3535K, committed 3968K, reserved 1048576K
Event: 568.558 GC heap after
Heap after GC invocations=713 (full 8):
 PSYoungGen      total 2722304K, used 608K [0x0000000719b00000, 0x00000007c0000000, 0x00000007c0000000)
  eden space 2719744K, 0% used [0x0000000719b00000,0x0000000719b00000,0x00000007bfb00000)
  from space 2560K, 23% used [0x00000007bfb00000,0x00000007bfb98000,0x00000007bfd80000)
  to   space 2560K, 0% used [0x00000007bfd80000,0x00000007bfd80000,0x00000007c0000000)
 ParOldGen       total 4860416K, used 4355678K [0x00000005cd000000, 0x00000006f5a80000, 0x0000000719b00000)
  object space 4860416K, 89% used [0x00000005cd000000,0x00000006d6d97938,0x00000006f5a80000)
 Metaspace       used 28311K, capacity 30294K, committed 32384K, reserved 1077248K
  class space    used 3028K, capacity 3535K, committed 3968K, reserved 1048576K
}
Event: 569.305 GC heap before
{Heap before GC invocations=714 (full 8):
 PSYoungGen      total 2722304K, used 2720352K [0x0000000719b00000, 0x00000007c0000000, 0x00000007c0000000)
  eden space 2719744K, 100% used [0x0000000719b00000,0x00000007bfb00000,0x00000007bfb00000)
  from space 2560K, 23% used [0x00000007bfb00000,0x00000007bfb98000,0x00000007bfd80000)
  to   space 2560K, 0% used [0x00000007bfd80000,0x00000007bfd80000,0x00000007c0000000)
 ParOldGen       total 4860416K, used 4355678K [0x00000005cd000000, 0x00000006f5a80000, 0x0000000719b00000)
  object space 4860416K, 89% used [0x00000005cd000000,0x00000006d6d97938,0x00000006f5a80000)
 Metaspace       used 28311K, capacity 30294K, committed 32384K, reserved 1077248K
  class space    used 3028K, capacity 3535K, committed 3968K, reserved 1048576K
Event: 569.311 GC heap after
Heap after GC invocations=714 (full 8):
 PSYoungGen      total 2722304K, used 1240K [0x0000000719b00000, 0x00000007c0000000, 0x00000007c0000000)
  eden space 2719744K, 0% used [0x0000000719b00000,0x0000000719b00000,0x00000007bfb00000)
  from space 2560K, 48% used [0x00000007bfd80000,0x00000007bfeb6030,0x00000007c0000000)
  to   space 2560K, 0% used [0x00000007bfb00000,0x00000007bfb00000,0x00000007bfd80000)
 ParOldGen       total 4860416K, used 4355734K [0x00000005cd000000, 0x00000006f5a80000, 0x0000000719b00000)
  object space 4860416K, 89% used [0x00000005cd000000,0x00000006d6da5938,0x00000006f5a80000)
 Metaspace       used 28311K, capacity 30294K, committed 32384K, reserved 1077248K
  class space    used 3028K, capacity 3535K, committed 3968K, reserved 1048576K
}
Event: 570.227 GC heap before
{Heap before GC invocations=715 (full 8):
 PSYoungGen      total 2722304K, used 2720984K [0x0000000719b00000, 0x00000007c0000000, 0x00000007c0000000)
  eden space 2719744K, 100% used [0x0000000719b00000,0x00000007bfb00000,0x00000007bfb00000)
  from space 2560K, 48% used [0x00000007bfd80000,0x00000007bfeb6030,0x00000007c0000000)
  to   space 2560K, 0% used [0x00000007bfb00000,0x00000007bfb00000,0x00000007bfd80000)
 ParOldGen       total 4860416K, used 4355734K [0x00000005cd000000, 0x00000006f5a80000, 0x0000000719b00000)
  object space 4860416K, 89% used [0x00000005cd000000,0x00000006d6da5938,0x00000006f5a80000)
 Metaspace       used 28311K, capacity 30294K, committed 32384K, reserved 1077248K
  class space    used 3028K, capacity 3535K, committed 3968K, reserved 1048576K
Event: 570.233 GC heap after
Heap after GC invocations=715 (full 8):
 PSYoungGen      total 2722304K, used 1008K [0x0000000719b00000, 0x00000007c0000000, 0x00000007c0000000)
  eden space 2719744K, 0% used [0x0000000719b00000,0x0000000719b00000,0x00000007bfb00000)
  from space 2560K, 39% used [0x00000007bfb00000,0x00000007bfbfc020,0x00000007bfd80000)
  to   space 2560K, 0% used [0x00000007bfd80000,0x00000007bfd80000,0x00000007c0000000)
 ParOldGen       total 4860416K, used 4355766K [0x00000005cd000000, 0x00000006f5a80000, 0x0000000719b00000)
  object space 4860416K, 89% used [0x00000005cd000000,0x00000006d6dad938,0x00000006f5a80000)
 Metaspace       used 28311K, capacity 30294K, committed 32384K, reserved 1077248K
  class space    used 3028K, capacity 3535K, committed 3968K, reserved 1048576K
}
Event: 570.948 GC heap before
{Heap before GC invocations=716 (full 8):
 PSYoungGen      total 2722304K, used 2720752K [0x0000000719b00000, 0x00000007c0000000, 0x00000007c0000000)
  eden space 2719744K, 100% used [0x0000000719b00000,0x00000007bfb00000,0x00000007bfb00000)
  from space 2560K, 39% used [0x00000007bfb00000,0x00000007bfbfc020,0x00000007bfd80000)
  to   space 2560K, 0% used [0x00000007bfd80000,0x00000007bfd80000,0x00000007c0000000)
 ParOldGen       total 4860416K, used 4355766K [0x00000005cd000000, 0x00000006f5a80000, 0x0000000719b00000)
  object space 4860416K, 89% used [0x00000005cd000000,0x00000006d6dad938,0x00000006f5a80000)
 Metaspace       used 28311K, capacity 30294K, committed 32384K, reserved 1077248K
  class space    used 3028K, capacity 3535K, committed 3968K, reserved 1048576K
Event: 570.961 GC heap after
Heap after GC invocations=716 (full 8):
 PSYoungGen      total 2721280K, used 1176K [0x0000000719b00000, 0x00000007bff00000, 0x00000007c0000000)
  eden space 2719744K, 0% used [0x0000000719b00000,0x0000000719b00000,0x00000007bfb00000)
  from space 1536K, 76% used [0x00000007bfd80000,0x00000007bfea6030,0x00000007bff00000)
  to   space 2048K, 0% used [0x00000007bfb00000,0x00000007bfb00000,0x00000007bfd00000)
 ParOldGen       total 4860416K, used 4355806K [0x00000005cd000000, 0x00000006f5a80000, 0x0000000719b00000)
  object space 4860416K, 89% used [0x00000005cd000000,0x00000006d6db7938,0x00000006f5a80000)
 Metaspace       used 28311K, capacity 30294K, committed 32384K, reserved 1077248K
  class space    used 3028K, capacity 3535K, committed 3968K, reserved 1048576K
}
Event: 571.657 GC heap before
{Heap before GC invocations=717 (full 8):
 PSYoungGen      total 2721280K, used 2720920K [0x0000000719b00000, 0x00000007bff00000, 0x00000007c0000000)
  eden space 2719744K, 100% used [0x0000000719b00000,0x00000007bfb00000,0x00000007bfb00000)
  from space 1536K, 76% used [0x00000007bfd80000,0x00000007bfea6030,0x00000007bff00000)
  to   space 2048K, 0% used [0x00000007bfb00000,0x00000007bfb00000,0x00000007bfd00000)
 ParOldGen       total 4860416K, used 4355806K [0x00000005cd000000, 0x00000006f5a80000, 0x0000000719b00000)
  object space 4860416K, 89% used [0x00000005cd000000,0x00000006d6db7938,0x00000006f5a80000)
 Metaspace       used 28311K, capacity 30294K, committed 32384K, reserved 1077248K
  class space    used 3028K, capacity 3535K, committed 3968K, reserved 1048576K
Event: 571.666 GC heap after
Heap after GC invocations=717 (full 8):
 PSYoungGen      total 2721792K, used 808K [0x0000000719b00000, 0x00000007c0000000, 0x00000007c0000000)
  eden space 2719744K, 0% used [0x0000000719b00000,0x0000000719b00000,0x00000007bfb00000)
  from space 2048K, 39% used [0x00000007bfb00000,0x00000007bfbca010,0x00000007bfd00000)
  to   space 2048K, 0% used [0x00000007bfe00000,0x00000007bfe00000,0x00000007c0000000)
 ParOldGen       total 4860416K, used 4355846K [0x00000005cd000000, 0x00000006f5a80000, 0x0000000719b00000)
  object space 4860416K, 89% used [0x00000005cd000000,0x00000006d6dc1938,0x00000006f5a80000)
 Metaspace       used 28311K, capacity 30294K, committed 32384K, reserved 1077248K
  class space    used 3028K, capacity 3535K, committed 3968K, reserved 1048576K
}
Event: 572.367 GC heap before
{Heap before GC invocations=718 (full 8):
 PSYoungGen      total 2721792K, used 2720552K [0x0000000719b00000, 0x00000007c0000000, 0x00000007c0000000)
  eden space 2719744K, 100% used [0x0000000719b00000,0x00000007bfb00000,0x00000007bfb00000)
  from space 2048K, 39% used [0x00000007bfb00000,0x00000007bfbca010,0x00000007bfd00000)
  to   space 2048K, 0% used [0x00000007bfe00000,0x00000007bfe00000,0x00000007c0000000)
 ParOldGen       total 4860416K, used 4355846K [0x00000005cd000000, 0x00000006f5a80000, 0x0000000719b00000)
  object space 4860416K, 89% used [0x00000005cd000000,0x00000006d6dc1938,0x00000006f5a80000)
 Metaspace       used 28311K, capacity 30294K, committed 32384K, reserved 1077248K
  class space    used 3028K, capacity 3535K, committed 3968K, reserved 1048576K
Event: 572.377 GC heap after
Heap after GC invocations=718 (full 8):
 PSYoungGen      total 2722816K, used 840K [0x0000000719b00000, 0x00000007c0000000, 0x00000007c0000000)
  eden space 2720768K, 0% used [0x0000000719b00000,0x0000000719b00000,0x00000007bfc00000)
  from space 2048K, 41% used [0x00000007bfe00000,0x00000007bfed2010,0x00000007c0000000)
  to   space 2048K, 0% used [0x00000007bfc00000,0x00000007bfc00000,0x00000007bfe00000)
 ParOldGen       total 4860416K, used 4355886K [0x00000005cd000000, 0x00000006f5a80000, 0x0000000719b00000)
  object space 4860416K, 89% used [0x00000005cd000000,0x00000006d6dcb938,0x00000006f5a80000)
 Metaspace       used 28311K, capacity 30294K, committed 32384K, reserved 1077248K
  class space    used 3028K, capacity 3535K, committed 3968K, reserved 1048576K
}
Event: 572.890 GC heap before
{Heap before GC invocations=719 (full 8):
 PSYoungGen      total 2722816K, used 2721608K [0x0000000719b00000, 0x00000007c0000000, 0x00000007c0000000)
  eden space 2720768K, 100% used [0x0000000719b00000,0x00000007bfc00000,0x00000007bfc00000)
  from space 2048K, 41% used [0x00000007bfe00000,0x00000007bfed2010,0x00000007c0000000)
  to   space 2048K, 0% used [0x00000007bfc00000,0x00000007bfc00000,0x00000007bfe00000)
 ParOldGen       total 4860416K, used 4355886K [0x00000005cd000000, 0x00000006f5a80000, 0x0000000719b00000)
  object space 4860416K, 89% used [0x00000005cd000000,0x00000006d6dcb938,0x00000006f5a80000)
 Metaspace       used 28311K, capacity 30294K, committed 32384K, reserved 1077248K
  class space    used 3028K, capacity 3535K, committed 3968K, reserved 1048576K
Event: 572.903 GC heap after
Heap after GC invocations=719 (full 8):
 PSYoungGen      total 2722816K, used 2039K [0x0000000719b00000, 0x00000007c0000000, 0x00000007c0000000)
  eden space 2720768K, 0% used [0x0000000719b00000,0x0000000719b00000,0x00000007bfc00000)
  from space 2048K, 99% used [0x00000007bfc00000,0x00000007bfdfdc68,0x00000007bfe00000)
  to   space 2048K, 0% used [0x00000007bfe00000,0x00000007bfe00000,0x00000007c0000000)
 ParOldGen       total 4860416K, used 4386216K [0x00000005cd000000, 0x00000006f5a80000, 0x0000000719b00000)
  object space 4860416K, 90% used [0x00000005cd000000,0x00000006d8b6a278,0x00000006f5a80000)
 Metaspace       used 28311K, capacity 30294K, committed 32384K, reserved 1077248K
  class space    used 3028K, capacity 3535K, committed 3968K, reserved 1048576K
}
Event: 573.371 GC heap before
{Heap before GC invocations=720 (full 8):
 PSYoungGen      total 2722816K, used 2722807K [0x0000000719b00000, 0x00000007c0000000, 0x00000007c0000000)
  eden space 2720768K, 100% used [0x0000000719b00000,0x00000007bfc00000,0x00000007bfc00000)
  from space 2048K, 99% used [0x00000007bfc00000,0x00000007bfdfdc68,0x00000007bfe00000)
  to   space 2048K, 0% used [0x00000007bfe00000,0x00000007bfe00000,0x00000007c0000000)
 ParOldGen       total 4860416K, used 4386216K [0x00000005cd000000, 0x00000006f5a80000, 0x0000000719b00000)
  object space 4860416K, 90% used [0x00000005cd000000,0x00000006d8b6a278,0x00000006f5a80000)
 Metaspace       used 28314K, capacity 30294K, committed 32384K, reserved 1077248K
  class space    used 3028K, capacity 3535K, committed 3968K, reserved 1048576K
Event: 573.383 GC heap after
Heap after GC invocations=720 (full 8):
 PSYoungGen      total 2700288K, used 1622K [0x0000000719b00000, 0x00000007c0000000, 0x00000007c0000000)
  eden space 2698240K, 0% used [0x0000000719b00000,0x0000000719b00000,0x00000007be600000)
  from space 2048K, 79% used [0x00000007bfe00000,0x00000007bff95968,0x00000007c0000000)
  to   space 13312K, 0% used [0x00000007be600000,0x00000007be600000,0x00000007bf300000)
 ParOldGen       total 4860416K, used 4387273K [0x00000005cd000000, 0x00000006f5a80000, 0x0000000719b00000)
  object space 4860416K, 90% used [0x00000005cd000000,0x00000006d8c724d0,0x00000006f5a80000)
 Metaspace       used 28314K, capacity 30294K, committed 32384K, reserved 1077248K
  class space    used 3028K, capacity 3535K, committed 3968K, reserved 1048576K
}
Event: 573.982 GC heap before
{Heap before GC invocations=721 (full 8):
 PSYoungGen      total 2700288K, used 2699862K [0x0000000719b00000, 0x00000007c0000000, 0x00000007c0000000)
  eden space 2698240K, 100% used [0x0000000719b00000,0x00000007be600000,0x00000007be600000)
  from space 2048K, 79% used [0x00000007bfe00000,0x00000007bff95968,0x00000007c0000000)
  to   space 13312K, 0% used [0x00000007be600000,0x00000007be600000,0x00000007bf300000)
 ParOldGen       total 4860416K, used 4387273K [0x00000005cd000000, 0x00000006f5a80000, 0x0000000719b00000)
  object space 4860416K, 90% used [0x00000005cd000000,0x00000006d8c724d0,0x00000006f5a80000)
 Metaspace       used 28314K, capacity 30294K, committed 32384K, reserved 1077248K
  class space    used 3028K, capacity 3535K, committed 3968K, reserved 1048576K
Event: 573.991 GC heap after
Heap after GC invocations=721 (full 8):
 PSYoungGen      total 2711552K, used 2630K [0x0000000719b00000, 0x00000007c0000000, 0x00000007c0000000)
  eden space 2698240K, 0% used [0x0000000719b00000,0x0000000719b00000,0x00000007be600000)
  from space 13312K, 19% used [0x00000007be600000,0x00000007be891bc0,0x00000007bf300000)
  to   space 12288K, 0% used [0x00000007bf400000,0x00000007bf400000,0x00000007c0000000)
 ParOldGen       total 4860416K, used 4387273K [0x00000005cd000000, 0x00000006f5a80000, 0x0000000719b00000)
  object space 4860416K, 90% used [0x00000005cd000000,0x00000006d8c724d0,0x00000006f5a80000)
 Metaspace       used 28314K, capacity 30294K, committed 32384K, reserved 1077248K
  class space    used 3028K, capacity 3535K, committed 3968K, reserved 1048576K
}
Event: 574.629 GC heap before
{Heap before GC invocations=722 (full 8):
 PSYoungGen      total 2711552K, used 2700870K [0x0000000719b00000, 0x00000007c0000000, 0x00000007c0000000)
  eden space 2698240K, 100% used [0x0000000719b00000,0x00000007be600000,0x00000007be600000)
  from space 13312K, 19% used [0x00000007be600000,0x00000007be891bc0,0x00000007bf300000)
  to   space 12288K, 0% used [0x00000007bf400000,0x00000007bf400000,0x00000007c0000000)
 ParOldGen       total 4860416K, used 4387273K [0x00000005cd000000, 0x00000006f5a80000, 0x0000000719b00000)
  object space 4860416K, 90% used [0x00000005cd000000,0x00000006d8c724d0,0x00000006f5a80000)
 Metaspace       used 28314K, capacity 30294K, committed 32384K, reserved 1077248K
  class space    used 3028K, capacity 3535K, committed 3968K, reserved 1048576K
Event: 574.639 GC heap after
Heap after GC invocations=722 (full 8):
 PSYoungGen      total 2710528K, used 5224K [0x0000000719b00000, 0x00000007bff00000, 0x00000007c0000000)
  eden space 2699264K, 0% used [0x0000000719b00000,0x0000000719b00000,0x00000007be700000)
  from space 11264K, 46% used [0x00000007bf400000,0x00000007bf91a260,0x00000007bff00000)
  to   space 12288K, 0% used [0x00000007be700000,0x00000007be700000,0x00000007bf300000)
 ParOldGen       total 4860416K, used 4387305K [0x00000005cd000000, 0x00000006f5a80000, 0x0000000719b00000)
  object space 4860416K, 90% used [0x00000005cd000000,0x00000006d8c7a4d0,0x00000006f5a80000)
 Metaspace       used 28314K, capacity 30294K, committed 32384K, reserved 1077248K
  class space    used 3028K, capacity 3535K, committed 3968K, reserved 1048576K
}
Event: 575.375 GC heap before
{Heap before GC invocations=723 (full 8):
 PSYoungGen      total 2710528K, used 2704488K [0x0000000719b00000, 0x00000007bff00000, 0x00000007c0000000)
  eden space 2699264K, 100% used [0x0000000719b00000,0x00000007be700000,0x00000007be700000)
  from space 11264K, 46% used [0x00000007bf400000,0x00000007bf91a260,0x00000007bff00000)
  to   space 12288K, 0% used [0x00000007be700000,0x00000007be700000,0x00000007bf300000)
 ParOldGen       total 4860416K, used 4387305K [0x00000005cd000000, 0x00000006f5a80000, 0x0000000719b00000)
  object space 4860416K, 90% used [0x00000005cd000000,0x00000006d8c7a4d0,0x00000006f5a80000)
 Metaspace       used 28314K, capacity 30294K, committed 32384K, reserved 1077248K
  class space    used 3028K, capacity 3535K, committed 3968K, reserved 1048576K
Event: 575.382 GC heap after
Heap after GC invocations=723 (full 8):
 PSYoungGen      total 2711552K, used 2462K [0x0000000719b00000, 0x00000007c0000000, 0x00000007c0000000)
  eden space 2699264K, 0% used [0x0000000719b00000,0x0000000719b00000,0x00000007be700000)
  from space 12288K, 20% used [0x00000007be700000,0x00000007be967bb0,0x00000007bf300000)
  to   space 11776K, 0% used [0x00000007bf480000,0x00000007bf480000,0x00000007c0000000)
 ParOldGen       total 4860416K, used 4387377K [0x00000005cd000000, 0x00000006f5a80000, 0x0000000719b00000)
  object space 4860416K, 90% used [0x00000005cd000000,0x00000006d8c8c4d0,0x00000006f5a80000)
 Metaspace       used 28314K, capacity 30294K, committed 32384K, reserved 1077248K
  class space    used 3028K, capacity 3535K, committed 3968K, reserved 1048576K
}
Event: 576.209 GC heap before
{Heap before GC invocations=724 (full 8):
 PSYoungGen      total 2711552K, used 2701726K [0x0000000719b00000, 0x00000007c0000000, 0x00000007c0000000)
  eden space 2699264K, 100% used [0x0000000719b00000,0x00000007be700000,0x00000007be700000)
  from space 12288K, 20% used [0x00000007be700000,0x00000007be967bb0,0x00000007bf300000)
  to   space 11776K, 0% used [0x00000007bf480000,0x00000007bf480000,0x00000007c0000000)
 ParOldGen       total 4860416K, used 4387377K [0x00000005cd000000, 0x00000006f5a80000, 0x0000000719b00000)
  object space 4860416K, 90% used [0x00000005cd000000,0x00000006d8c8c4d0,0x00000006f5a80000)
 Metaspace       used 28314K, capacity 30294K, committed 32384K, reserved 1077248K
  class space    used 3028K, capacity 3535K, committed 3968K, reserved 1048576K
Event: 576.216 GC heap after
Heap after GC invocations=724 (full 8):
 PSYoungGen      total 2711040K, used 1422K [0x0000000719b00000, 0x00000007bfe80000, 0x00000007c0000000)
  eden space 2700800K, 0% used [0x0000000719b00000,0x0000000719b00000,0x00000007be880000)
  from space 10240K, 13% used [0x00000007bf480000,0x00000007bf5e3958,0x00000007bfe80000)
  to   space 11264K, 0% used [0x00000007be880000,0x00000007be880000,0x00000007bf380000)
 ParOldGen       total 4860416K, used 4387425K [0x00000005cd000000, 0x00000006f5a80000, 0x0000000719b00000)
  object space 4860416K, 90% used [0x00000005cd000000,0x00000006d8c984d0,0x00000006f5a80000)
 Metaspace       used 28314K, capacity 30294K, committed 32384K, reserved 1077248K
  class space    used 3028K, capacity 3535K, committed 3968K, reserved 1048576K
}
Event: 577.014 GC heap before
{Heap before GC invocations=725 (full 8):
 PSYoungGen      total 2711040K, used 2702222K [0x0000000719b00000, 0x00000007bfe80000, 0x00000007c0000000)
  eden space 2700800K, 100% used [0x0000000719b00000,0x00000007be880000,0x00000007be880000)
  from space 10240K, 13% used [0x00000007bf480000,0x00000007bf5e3958,0x00000007bfe80000)
  to   space 11264K, 0% used [0x00000007be880000,0x00000007be880000,0x00000007bf380000)
 ParOldGen       total 4860416K, used 4387425K [0x00000005cd000000, 0x00000006f5a80000, 0x0000000719b00000)
  object space 4860416K, 90% used [0x00000005cd000000,0x00000006d8c984d0,0x00000006f5a80000)
 Metaspace       used 28314K, capacity 30294K, committed 32384K, reserved 1077248K
  class space    used 3028K, capacity 3535K, committed 3968K, reserved 1048576K
Event: 577.019 GC heap after
Heap after GC invocations=725 (full 8):
 PSYoungGen      total 2712064K, used 5160K [0x0000000719b00000, 0x00000007c0000000, 0x00000007c0000000)
  eden space 2700800K, 0% used [0x0000000719b00000,0x0000000719b00000,0x00000007be880000)
  from space 11264K, 45% used [0x00000007be880000,0x00000007bed8a260,0x00000007bf380000)
  to   space 11264K, 0% used [0x00000007bf500000,0x00000007bf500000,0x00000007c0000000)
 ParOldGen       total 4860416K, used 4387473K [0x00000005cd000000, 0x00000006f5a80000, 0x0000000719b00000)
  object space 4860416K, 90% used [0x00000005cd000000,0x00000006d8ca44d0,0x00000006f5a80000)
 Metaspace       used 28314K, capacity 30294K, committed 32384K, reserved 1077248K
  class space    used 3028K, capacity 3535K, committed 3968K, reserved 1048576K
}

